<?xml version="1.0" encoding="utf-8"?><TestRun id="4161ee34-679b-40c1-93b8-26306de4fc93" name="Steve Knipmeyer@VECTOR 2018-07-28 06:37:08" runUser="VECTOR\Steve Knipmeyer" xmlns="http://microsoft.com/schemas/VisualStudio/TeamTest/2010"><Times creation="2018-07-28T06:37:08.3149854-04:00" queuing="2018-07-28T06:37:08.3149984-04:00" start="2018-07-28T06:37:03.8276357-04:00" finish="2018-07-28T06:37:24.3133602-04:00" /><TestSettings name="default" id="463a4285-34ba-4fb7-9926-742c982847c4"><Deployment runDeploymentRoot="Steve_Knipmeyer_VECTOR_2018-07-28_06_37_08" /></TestSettings><Results><UnitTestResult executionId="41fd6d41-7d27-4ee1-bfc6-677e05479b8c" testId="ed1dfdfe-b842-4e05-8330-4728c19e653d" testName="Patch_InvalidIdPropertyReturnsNotFound" computerName="VECTOR" duration="00:00:00.0200000" startTime="2018-07-28T06:37:14.4867624-04:00" endTime="2018-07-28T06:37:14.4867681-04:00" testType="13cdc9d9-ddb5-4fa4-a97d-d965ccfc6d4b" outcome="Passed" testListId="8c84fa94-04c1-424b-9868-57a2d4851a1d" relativeResultsDirectory="41fd6d41-7d27-4ee1-bfc6-677e05479b8c" /><UnitTestResult executionId="bd9a03b5-66fd-4796-85c8-92ad48378833" testId="1e95401b-bc1b-4c41-be80-5b16ad35d793" testName="GetSingle_ValidIdPropertyValueReturnsCorrectModel" computerName="VECTOR" duration="00:00:00.0130000" startTime="2018-07-28T06:37:10.0167601-04:00" endTime="2018-07-28T06:37:10.0167667-04:00" testType="13cdc9d9-ddb5-4fa4-a97d-d965ccfc6d4b" outcome="Passed" testListId="8c84fa94-04c1-424b-9868-57a2d4851a1d" relativeResultsDirectory="bd9a03b5-66fd-4796-85c8-92ad48378833" /><UnitTestResult executionId="7193dc40-2c14-45fe-a21a-73a867708e40" testId="3e4b9866-3769-4ae8-9f39-30fab9167be7" testName="Patch_InvalidIdPropertyReturnsNotFound" computerName="VECTOR" duration="00:00:00.0170000" startTime="2018-07-28T06:37:21.0464033-04:00" endTime="2018-07-28T06:37:21.0464090-04:00" testType="13cdc9d9-ddb5-4fa4-a97d-d965ccfc6d4b" outcome="Passed" testListId="8c84fa94-04c1-424b-9868-57a2d4851a1d" relativeResultsDirectory="7193dc40-2c14-45fe-a21a-73a867708e40" /><UnitTestResult executionId="a9f2b1de-7a39-4a85-9a0b-d399ca5ca701" testId="e4c89fb5-1c93-47c6-8960-3c1d72e5ada4" testName="Patch_MultipleInvalidReferencePropertiesReturnsMultipleValidationErrorsAndBadRequest" computerName="VECTOR" duration="00:00:00.0090000" startTime="2018-07-28T06:37:09.2853179-04:00" endTime="2018-07-28T06:37:09.2853296-04:00" testType="13cdc9d9-ddb5-4fa4-a97d-d965ccfc6d4b" outcome="Passed" testListId="8c84fa94-04c1-424b-9868-57a2d4851a1d" relativeResultsDirectory="a9f2b1de-7a39-4a85-9a0b-d399ca5ca701" /><UnitTestResult executionId="ed8104fd-7493-4868-9cc2-a5da461c837d" testId="a29492f4-39e0-48a7-8110-099af0859bcf" testName="Patch_MultipleInvalidReferencePropertiesReturnsMultipleValidationErrorsAndBadRequest" computerName="VECTOR" duration="00:00:00.0280000" startTime="2018-07-28T06:37:10.1822697-04:00" endTime="2018-07-28T06:37:10.1822777-04:00" testType="13cdc9d9-ddb5-4fa4-a97d-d965ccfc6d4b" outcome="Passed" testListId="8c84fa94-04c1-424b-9868-57a2d4851a1d" relativeResultsDirectory="ed8104fd-7493-4868-9cc2-a5da461c837d" /><UnitTestResult executionId="e91c2f22-462e-4b83-b3a0-4587c700edcd" testId="902c5b30-0d2a-4114-ad95-bc88422cb574" testName="GetList_ListReturnsCorrectCount" computerName="VECTOR" duration="00:00:01.0840000" startTime="2018-07-28T06:37:13.0068294-04:00" endTime="2018-07-28T06:37:13.0068362-04:00" testType="13cdc9d9-ddb5-4fa4-a97d-d965ccfc6d4b" outcome="Passed" testListId="8c84fa94-04c1-424b-9868-57a2d4851a1d" relativeResultsDirectory="e91c2f22-462e-4b83-b3a0-4587c700edcd" /><UnitTestResult executionId="79136aba-b84a-4ccb-abbd-25d26d7fdbfd" testId="0a780df5-11d4-4c63-a6ed-428f7fa5b299" testName="Patch_TargetPropertyIsUpdated" computerName="VECTOR" duration="00:00:00.0500000" startTime="2018-07-28T06:37:21.1219800-04:00" endTime="2018-07-28T06:37:21.1219883-04:00" testType="13cdc9d9-ddb5-4fa4-a97d-d965ccfc6d4b" outcome="Passed" testListId="8c84fa94-04c1-424b-9868-57a2d4851a1d" relativeResultsDirectory="79136aba-b84a-4ccb-abbd-25d26d7fdbfd" /><UnitTestResult executionId="29ea020c-ceb3-4a49-9e14-4e402af64c9b" testId="9dccc22f-7740-46b4-bba4-d6dae322a39b" testName="Put_InvalidReferencePropertyReturndBadRequest" computerName="VECTOR" duration="00:00:00.0380000" startTime="2018-07-28T06:37:20.9970038-04:00" endTime="2018-07-28T06:37:20.9970098-04:00" testType="13cdc9d9-ddb5-4fa4-a97d-d965ccfc6d4b" outcome="Passed" testListId="8c84fa94-04c1-424b-9868-57a2d4851a1d" relativeResultsDirectory="29ea020c-ceb3-4a49-9e14-4e402af64c9b" /><UnitTestResult executionId="635169c0-1d8e-4442-96b0-0aff47e29b96" testId="8ed9ea65-a8b4-46b0-97b4-f88e7ba0bc61" testName="FileRequest_MeshGenerateSetsFileIsSynchronized" computerName="VECTOR" duration="00:00:02.0970000" startTime="2018-07-28T06:37:20.6725493-04:00" endTime="2018-07-28T06:37:20.6725556-04:00" testType="13cdc9d9-ddb5-4fa4-a97d-d965ccfc6d4b" outcome="Passed" testListId="8c84fa94-04c1-424b-9868-57a2d4851a1d" relativeResultsDirectory="635169c0-1d8e-4442-96b0-0aff47e29b96" /><UnitTestResult executionId="f91f51cc-5a11-4edb-b350-ec5fad9613cb" testId="2029b73c-363d-4d47-b535-c9874f711db5" testName="Patch_InvalidEnumPropertyValueReturnsBadRequest" computerName="VECTOR" duration="00:00:00.0150000" startTime="2018-07-28T06:37:10.2183816-04:00" endTime="2018-07-28T06:37:10.2183898-04:00" testType="13cdc9d9-ddb5-4fa4-a97d-d965ccfc6d4b" outcome="Passed" testListId="8c84fa94-04c1-424b-9868-57a2d4851a1d" relativeResultsDirectory="f91f51cc-5a11-4edb-b350-ec5fad9613cb" /><UnitTestResult executionId="99370f9d-e32a-47c9-aa58-7fae80c6298c" testId="189cbb5d-bc18-4ae6-9ff1-50b679bc0c1b" testName="Patch_MultipleInvalidReferencePropertiesReturnsMultipleValidationErrorsAndBadRequest" computerName="VECTOR" duration="00:00:00.0320000" startTime="2018-07-28T06:37:11.5049756-04:00" endTime="2018-07-28T06:37:11.5049821-04:00" testType="13cdc9d9-ddb5-4fa4-a97d-d965ccfc6d4b" outcome="Passed" testListId="8c84fa94-04c1-424b-9868-57a2d4851a1d" relativeResultsDirectory="99370f9d-e32a-47c9-aa58-7fae80c6298c" /><UnitTestResult executionId="3f01d120-bb3e-48cc-a28b-2d75be12c4ab" testId="db39aff7-b669-48a7-b11a-89a195a5631a" testName="Post_InvalidPropertyValueReturnsBadRequest" computerName="VECTOR" duration="00:00:00.0160000" startTime="2018-07-28T06:37:09.3312410-04:00" endTime="2018-07-28T06:37:09.3312481-04:00" testType="13cdc9d9-ddb5-4fa4-a97d-d965ccfc6d4b" outcome="Passed" testListId="8c84fa94-04c1-424b-9868-57a2d4851a1d" relativeResultsDirectory="3f01d120-bb3e-48cc-a28b-2d75be12c4ab" /><UnitTestResult executionId="e1686756-f567-4c34-9946-191ed9adbfa9" testId="22451f2e-58e5-4933-8cf6-6fe653134817" testName="Post_ValidReferencePropertyCreatesModel" computerName="VECTOR" duration="00:00:00.0240000" startTime="2018-07-28T06:37:11.6882273-04:00" endTime="2018-07-28T06:37:11.6882327-04:00" testType="13cdc9d9-ddb5-4fa4-a97d-d965ccfc6d4b" outcome="Passed" testListId="8c84fa94-04c1-424b-9868-57a2d4851a1d" relativeResultsDirectory="e1686756-f567-4c34-9946-191ed9adbfa9" /><UnitTestResult executionId="3bc1fdaf-e025-4d7d-bad4-a4823fffb319" testId="ad9274fb-8357-448d-9752-8e4f0f2533d4" testName="PostFile_FileIsSynchronizedIsUpdatedAfterFileIsPosted" computerName="VECTOR" duration="00:00:00.0960000" startTime="2018-07-28T06:37:20.7686723-04:00" endTime="2018-07-28T06:37:20.7686757-04:00" testType="13cdc9d9-ddb5-4fa4-a97d-d965ccfc6d4b" outcome="Passed" testListId="8c84fa94-04c1-424b-9868-57a2d4851a1d" relativeResultsDirectory="3bc1fdaf-e025-4d7d-bad4-a4823fffb319" /><UnitTestResult executionId="900fc8c5-3748-4b21-9fdb-8a87ee69bb3f" testId="53516d6b-ad54-4550-b7d9-724b423de9c5" testName="FileRequest_FileCanBeReadAfterRename" computerName="VECTOR" duration="00:00:00.1370000" startTime="2018-07-28T06:37:10.9349190-04:00" endTime="2018-07-28T06:37:10.9349261-04:00" testType="13cdc9d9-ddb5-4fa4-a97d-d965ccfc6d4b" outcome="Passed" testListId="8c84fa94-04c1-424b-9868-57a2d4851a1d" relativeResultsDirectory="900fc8c5-3748-4b21-9fdb-8a87ee69bb3f" /><UnitTestResult executionId="26172658-9cea-4309-b385-870f37d6b5f5" testId="c508ff8c-e022-4de7-acee-6e49d408a8d8" testName="LucyCameraFindsAllDependents" computerName="VECTOR" duration="00:00:00.0090000" startTime="2018-07-28T06:37:08.1637307-04:00" endTime="2018-07-28T06:37:08.1637361-04:00" testType="13cdc9d9-ddb5-4fa4-a97d-d965ccfc6d4b" outcome="Passed" testListId="8c84fa94-04c1-424b-9868-57a2d4851a1d" relativeResultsDirectory="26172658-9cea-4309-b385-870f37d6b5f5" /><UnitTestResult executionId="67f367f4-eee3-479f-8e43-d70bdd3f25da" testId="bb5c9a88-0d05-40f0-bbcc-c28e61fbe231" testName="Post_InvalidReferencePropertyReturnsBadRequest" computerName="VECTOR" duration="00:00:00.0160000" startTime="2018-07-28T06:37:21.3560352-04:00" endTime="2018-07-28T06:37:21.3560401-04:00" testType="13cdc9d9-ddb5-4fa4-a97d-d965ccfc6d4b" outcome="Passed" testListId="8c84fa94-04c1-424b-9868-57a2d4851a1d" relativeResultsDirectory="67f367f4-eee3-479f-8e43-d70bdd3f25da" /><UnitTestResult executionId="2dcffcf4-d276-45a2-9f14-7697dbbed4fb" testId="1e3d22ec-91d7-479a-bc25-acafa8a04c0e" testName="Put_InvalidIdReturnsNotFound" computerName="VECTOR" duration="00:00:00.0180000" startTime="2018-07-28T06:37:23.7675008-04:00" endTime="2018-07-28T06:37:23.7675071-04:00" testType="13cdc9d9-ddb5-4fa4-a97d-d965ccfc6d4b" outcome="Passed" testListId="8c84fa94-04c1-424b-9868-57a2d4851a1d" relativeResultsDirectory="2dcffcf4-d276-45a2-9f14-7697dbbed4fb" /><UnitTestResult executionId="51e8f8ac-3027-4d3f-bcb0-575b5e00fa4f" testId="999c64b8-7ed5-4f59-a66c-7a97607bd5b0" testName="Put_InvalidReferencePropertyReturndBadRequest" computerName="VECTOR" duration="00:00:00.0140000" startTime="2018-07-28T06:37:09.2991894-04:00" endTime="2018-07-28T06:37:09.2991959-04:00" testType="13cdc9d9-ddb5-4fa4-a97d-d965ccfc6d4b" outcome="Passed" testListId="8c84fa94-04c1-424b-9868-57a2d4851a1d" relativeResultsDirectory="51e8f8ac-3027-4d3f-bcb0-575b5e00fa4f" /><UnitTestResult executionId="6a748a1e-e353-42cf-af85-f0bbe167c0e5" testId="3acd7071-b127-40f3-ac1c-31a7861476f3" testName="Post_InvalidPropertyValueReturnsBadRequest" computerName="VECTOR" duration="00:00:00.0160000" startTime="2018-07-28T06:37:21.4124991-04:00" endTime="2018-07-28T06:37:21.4125056-04:00" testType="13cdc9d9-ddb5-4fa4-a97d-d965ccfc6d4b" outcome="Passed" testListId="8c84fa94-04c1-424b-9868-57a2d4851a1d" relativeResultsDirectory="6a748a1e-e353-42cf-af85-f0bbe167c0e5" /><UnitTestResult executionId="7a52c681-5771-4049-9149-6f67fb5b77dc" testId="77c62404-720d-4a90-8c7b-70890f47ba5e" testName="Patch_TargetPropertyIsUpdated" computerName="VECTOR" duration="00:00:00.0530000" startTime="2018-07-28T06:37:11.8335573-04:00" endTime="2018-07-28T06:37:11.8335635-04:00" testType="13cdc9d9-ddb5-4fa4-a97d-d965ccfc6d4b" outcome="Passed" testListId="8c84fa94-04c1-424b-9868-57a2d4851a1d" relativeResultsDirectory="7a52c681-5771-4049-9149-6f67fb5b77dc" /><UnitTestResult executionId="cc8d5ff5-a98c-4624-ae6b-47c8077dbdf5" testId="57cf3bf3-97e6-4263-88b5-e6ce030082e0" testName="Patch_InvalidPropertyNameReturnsBadRequest" computerName="VECTOR" duration="00:00:00.0200000" startTime="2018-07-28T06:37:09.9922601-04:00" endTime="2018-07-28T06:37:09.9922666-04:00" testType="13cdc9d9-ddb5-4fa4-a97d-d965ccfc6d4b" outcome="Passed" testListId="8c84fa94-04c1-424b-9868-57a2d4851a1d" relativeResultsDirectory="cc8d5ff5-a98c-4624-ae6b-47c8077dbdf5" /><UnitTestResult executionId="18666531-6012-459b-a24a-d2e365486a40" testId="97696db3-c256-4fcb-a51d-fe9af7bf8a81" testName="GetFile_FileCanBeRoundTripped" computerName="VECTOR" duration="00:00:00.0960000" startTime="2018-07-28T06:37:17.0152469-04:00" endTime="2018-07-28T06:37:17.0152514-04:00" testType="13cdc9d9-ddb5-4fa4-a97d-d965ccfc6d4b" outcome="Passed" testListId="8c84fa94-04c1-424b-9868-57a2d4851a1d" relativeResultsDirectory="18666531-6012-459b-a24a-d2e365486a40" /><UnitTestResult executionId="dffbd5bf-09a5-45ac-9ce2-9f25ca13f686" testId="5238f7f9-f620-4856-a21c-d27c3813cdef" testName="GetSingle_InvalidIdPropertyValueReturnsNotFound" computerName="VECTOR" duration="00:00:00.0110000" startTime="2018-07-28T06:37:23.8276503-04:00" endTime="2018-07-28T06:37:23.8276534-04:00" testType="13cdc9d9-ddb5-4fa4-a97d-d965ccfc6d4b" outcome="Passed" testListId="8c84fa94-04c1-424b-9868-57a2d4851a1d" relativeResultsDirectory="dffbd5bf-09a5-45ac-9ce2-9f25ca13f686" /><UnitTestResult executionId="388b912e-0c51-4764-880a-b107d6f785d1" testId="90ed3175-9718-44d2-9b8d-4a5948b0e58e" testName="Patch_ValidReferencePropertyUpdatesModel" computerName="VECTOR" duration="00:00:00.0580000" startTime="2018-07-28T06:37:24.0642665-04:00" endTime="2018-07-28T06:37:24.0642737-04:00" testType="13cdc9d9-ddb5-4fa4-a97d-d965ccfc6d4b" outcome="Passed" testListId="8c84fa94-04c1-424b-9868-57a2d4851a1d" relativeResultsDirectory="388b912e-0c51-4764-880a-b107d6f785d1" /><UnitTestResult executionId="7b4bcaab-e2f3-4b92-a59d-acbdcaf9a2ec" testId="56fdd387-88a6-4c32-84b4-d2d21fc08c2d" testName="PostFile_FileIsSynchronizedIsUpdatedAfterFileIsPosted" computerName="VECTOR" duration="00:00:00.0620000" startTime="2018-07-28T06:37:23.5797336-04:00" endTime="2018-07-28T06:37:23.5797376-04:00" testType="13cdc9d9-ddb5-4fa4-a97d-d965ccfc6d4b" outcome="Passed" testListId="8c84fa94-04c1-424b-9868-57a2d4851a1d" relativeResultsDirectory="7b4bcaab-e2f3-4b92-a59d-acbdcaf9a2ec" /><UnitTestResult executionId="e98cd362-91dc-45bc-8175-70c026726023" testId="0b140142-959a-4869-bca4-05cf3dc1d6d7" testName="GetSingle_InvalidIdPropertyValueReturnsNotFound" computerName="VECTOR" duration="00:00:00.0170000" startTime="2018-07-28T06:37:21.4867979-04:00" endTime="2018-07-28T06:37:21.4868025-04:00" testType="13cdc9d9-ddb5-4fa4-a97d-d965ccfc6d4b" outcome="Passed" testListId="8c84fa94-04c1-424b-9868-57a2d4851a1d" relativeResultsDirectory="e98cd362-91dc-45bc-8175-70c026726023" /><UnitTestResult executionId="ca5ed946-7ca9-4401-961c-26b06af877b8" testId="6409be5b-89c8-47a1-8b52-7d74b4de4c0b" testName="PutFile_NewFileCanBePut" computerName="VECTOR" duration="00:00:00.0940000" startTime="2018-07-28T06:37:23.5171971-04:00" endTime="2018-07-28T06:37:23.5172013-04:00" testType="13cdc9d9-ddb5-4fa4-a97d-d965ccfc6d4b" outcome="Passed" testListId="8c84fa94-04c1-424b-9868-57a2d4851a1d" relativeResultsDirectory="ca5ed946-7ca9-4401-961c-26b06af877b8" /><UnitTestResult executionId="3d7a8d9d-8661-404e-b8fb-bebf4c4695f6" testId="672bc04f-192c-4b92-9a31-29f60e35139e" testName="Put_InvalidIdReturnsNotFound" computerName="VECTOR" duration="00:00:00.0320000" startTime="2018-07-28T06:37:09.9718417-04:00" endTime="2018-07-28T06:37:09.9718474-04:00" testType="13cdc9d9-ddb5-4fa4-a97d-d965ccfc6d4b" outcome="Passed" testListId="8c84fa94-04c1-424b-9868-57a2d4851a1d" relativeResultsDirectory="3d7a8d9d-8661-404e-b8fb-bebf4c4695f6" /><UnitTestResult executionId="88bf96fb-fc45-4058-bb98-d0c6ca787663" testId="aaaaf370-980e-48d5-becf-b631fd739c29" testName="Delete_TargetModelIsDeleted" computerName="VECTOR" duration="00:00:00.1130000" startTime="2018-07-28T06:37:11.4724017-04:00" endTime="2018-07-28T06:37:11.4724097-04:00" testType="13cdc9d9-ddb5-4fa4-a97d-d965ccfc6d4b" outcome="Passed" testListId="8c84fa94-04c1-424b-9868-57a2d4851a1d" relativeResultsDirectory="88bf96fb-fc45-4058-bb98-d0c6ca787663" /><UnitTestResult executionId="b258aead-1d41-478c-8a1e-9cf16e2250f2" testId="dc40d9d9-06d1-4a87-8abb-0b994f5cc53a" testName="GetList_ListReturnsCorrectCount" computerName="VECTOR" duration="00:00:00.0210000" startTime="2018-07-28T06:37:20.9436773-04:00" endTime="2018-07-28T06:37:20.9436833-04:00" testType="13cdc9d9-ddb5-4fa4-a97d-d965ccfc6d4b" outcome="Passed" testListId="8c84fa94-04c1-424b-9868-57a2d4851a1d" relativeResultsDirectory="b258aead-1d41-478c-8a1e-9cf16e2250f2" /><UnitTestResult executionId="25c2c26c-6c4f-4402-9927-0bfe56c07337" testId="9227b655-eaec-47e3-8db7-b9a682bb1dcc" testName="Put_InvalidReferencePropertyReturndBadRequest" computerName="VECTOR" duration="00:00:00.0340000" startTime="2018-07-28T06:37:14.6977919-04:00" endTime="2018-07-28T06:37:14.6977975-04:00" testType="13cdc9d9-ddb5-4fa4-a97d-d965ccfc6d4b" outcome="Passed" testListId="8c84fa94-04c1-424b-9868-57a2d4851a1d" relativeResultsDirectory="25c2c26c-6c4f-4402-9927-0bfe56c07337" /><UnitTestResult executionId="a379772b-1552-467e-a99b-e9738389cda9" testId="43ad1d8a-4dac-4b15-b0dc-34c979cced05" testName="Put_ValidReferencePropertyUpdatesModel" computerName="VECTOR" duration="00:00:00.0080000" startTime="2018-07-28T06:37:09.1168991-04:00" endTime="2018-07-28T06:37:09.1169074-04:00" testType="13cdc9d9-ddb5-4fa4-a97d-d965ccfc6d4b" outcome="Passed" testListId="8c84fa94-04c1-424b-9868-57a2d4851a1d" relativeResultsDirectory="a379772b-1552-467e-a99b-e9738389cda9" /><UnitTestResult executionId="5344ec3b-53f0-44e0-8220-e59e8b43bcf7" testId="0c21d718-06a3-41ee-98a6-f3797dbe7cfd" testName="Patch_InvalidPropertyNameReturnsBadRequest" computerName="VECTOR" duration="00:00:00.0290000" startTime="2018-07-28T06:37:11.3589159-04:00" endTime="2018-07-28T06:37:11.3589233-04:00" testType="13cdc9d9-ddb5-4fa4-a97d-d965ccfc6d4b" outcome="Passed" testListId="8c84fa94-04c1-424b-9868-57a2d4851a1d" relativeResultsDirectory="5344ec3b-53f0-44e0-8220-e59e8b43bcf7" /><UnitTestResult executionId="fc777752-c0d0-49ef-bf12-ebc75b297e2d" testId="fbf7b61f-4f00-421c-a62e-39c13291146f" testName="Patch_InvalidReferencePropertyReturnsBadRequest" computerName="VECTOR" duration="00:00:00.0230000" startTime="2018-07-28T06:37:21.3162234-04:00" endTime="2018-07-28T06:37:21.3162291-04:00" testType="13cdc9d9-ddb5-4fa4-a97d-d965ccfc6d4b" outcome="Passed" testListId="8c84fa94-04c1-424b-9868-57a2d4851a1d" relativeResultsDirectory="fc777752-c0d0-49ef-bf12-ebc75b297e2d" /><UnitTestResult executionId="dd4e1366-0e58-4c47-9601-cf503e8a7da1" testId="1a8330f3-bd44-4440-a569-acd265883dcc" testName="Post_InvalidPropertyValueReturnsBadRequest" computerName="VECTOR" duration="00:00:00.0100000" startTime="2018-07-28T06:37:10.0030013-04:00" endTime="2018-07-28T06:37:10.0030090-04:00" testType="13cdc9d9-ddb5-4fa4-a97d-d965ccfc6d4b" outcome="Passed" testListId="8c84fa94-04c1-424b-9868-57a2d4851a1d" relativeResultsDirectory="dd4e1366-0e58-4c47-9601-cf503e8a7da1" /><UnitTestResult executionId="67bb347e-343b-4208-be74-628d298fc28d" testId="6b2ee0c2-ab40-498c-9b03-ffd0db9624d9" testName="FileRequest_FileCanBeReadAfterRename" computerName="VECTOR" duration="00:00:00.1260000" startTime="2018-07-28T06:37:20.8952132-04:00" endTime="2018-07-28T06:37:20.8952192-04:00" testType="13cdc9d9-ddb5-4fa4-a97d-d965ccfc6d4b" outcome="Passed" testListId="8c84fa94-04c1-424b-9868-57a2d4851a1d" relativeResultsDirectory="67bb347e-343b-4208-be74-628d298fc28d" /><UnitTestResult executionId="446ae99c-b4bb-44cf-9f54-352bac9abfaa" testId="e1c008f1-27ed-4abc-9156-c80c489908ad" testName="Put_CanUpdateModel" computerName="VECTOR" duration="00:00:00.5240000" startTime="2018-07-28T06:37:14.2454368-04:00" endTime="2018-07-28T06:37:14.2454431-04:00" testType="13cdc9d9-ddb5-4fa4-a97d-d965ccfc6d4b" outcome="Passed" testListId="8c84fa94-04c1-424b-9868-57a2d4851a1d" relativeResultsDirectory="446ae99c-b4bb-44cf-9f54-352bac9abfaa" /><UnitTestResult executionId="03b854e7-81ba-4afe-9718-4f588cf4b95b" testId="223188a3-0b8e-41a8-a5a6-f7175231b387" testName="Delete_TargetModelIsDeleted" computerName="VECTOR" duration="00:00:00.0320000" startTime="2018-07-28T06:37:21.0293600-04:00" endTime="2018-07-28T06:37:21.0293662-04:00" testType="13cdc9d9-ddb5-4fa4-a97d-d965ccfc6d4b" outcome="Passed" testListId="8c84fa94-04c1-424b-9868-57a2d4851a1d" relativeResultsDirectory="03b854e7-81ba-4afe-9718-4f588cf4b95b" /><UnitTestResult executionId="36cc003b-c932-4cf0-9a77-d83b05f2193b" testId="f470fb33-1d5d-47c1-be84-e9a0eb0c2e93" testName="Patch_ValidReferencePropertyUpdatesModel" computerName="VECTOR" duration="00:00:00.5550000" startTime="2018-07-28T06:37:08.7290310-04:00" endTime="2018-07-28T06:37:08.7290395-04:00" testType="13cdc9d9-ddb5-4fa4-a97d-d965ccfc6d4b" outcome="Passed" testListId="8c84fa94-04c1-424b-9868-57a2d4851a1d" relativeResultsDirectory="36cc003b-c932-4cf0-9a77-d83b05f2193b" /><UnitTestResult executionId="3e59bdb1-be91-4536-85aa-a15fcfa116ad" testId="aa57ca25-3e35-4323-b977-c904aecb8c1c" testName="GetFile_ExistingFileReturnsSuccess" computerName="VECTOR" duration="00:00:00.0760000" startTime="2018-07-28T06:37:21.6710970-04:00" endTime="2018-07-28T06:37:21.6711058-04:00" testType="13cdc9d9-ddb5-4fa4-a97d-d965ccfc6d4b" outcome="Passed" testListId="8c84fa94-04c1-424b-9868-57a2d4851a1d" relativeResultsDirectory="3e59bdb1-be91-4536-85aa-a15fcfa116ad" /><UnitTestResult executionId="01f75ae3-9177-4448-b7ca-fa221a621e63" testId="7fd91495-ec7a-44ed-b536-c39a83a5921f" testName="Post_ValidReferencePropertyCreatesModel" computerName="VECTOR" duration="00:00:00.0260000" startTime="2018-07-28T06:37:10.1535770-04:00" endTime="2018-07-28T06:37:10.1535839-04:00" testType="13cdc9d9-ddb5-4fa4-a97d-d965ccfc6d4b" outcome="Passed" testListId="8c84fa94-04c1-424b-9868-57a2d4851a1d" relativeResultsDirectory="01f75ae3-9177-4448-b7ca-fa221a621e63" /><UnitTestResult executionId="896bbb4e-d4f6-41aa-bade-80ed83cc1d50" testId="b07f4fd4-3224-42b9-8a84-adda841c47d1" testName="PostFile_NewFileCanBePosted" computerName="VECTOR" duration="00:00:00.1070000" startTime="2018-07-28T06:37:18.5755920-04:00" endTime="2018-07-28T06:37:18.5755965-04:00" testType="13cdc9d9-ddb5-4fa4-a97d-d965ccfc6d4b" outcome="Passed" testListId="8c84fa94-04c1-424b-9868-57a2d4851a1d" relativeResultsDirectory="896bbb4e-d4f6-41aa-bade-80ed83cc1d50" /><UnitTestResult executionId="fa83d2df-346f-4c68-b3cc-77757af7090c" testId="e68b1264-7640-4dc6-b180-c5c764df61ce" testName="Put_CanUpdateModel" computerName="VECTOR" duration="00:00:00.0560000" startTime="2018-07-28T06:37:23.8977797-04:00" endTime="2018-07-28T06:37:23.8977862-04:00" testType="13cdc9d9-ddb5-4fa4-a97d-d965ccfc6d4b" outcome="Passed" testListId="8c84fa94-04c1-424b-9868-57a2d4851a1d" relativeResultsDirectory="fa83d2df-346f-4c68-b3cc-77757af7090c" /><UnitTestResult executionId="d9cd106f-adfd-42b5-b070-7a3532c49986" testId="b36b3b36-56e3-4808-a569-cbb31b35ba67" testName="GetList_ListReturnsCorrectCount" computerName="VECTOR" duration="00:00:00.0160000" startTime="2018-07-28T06:37:09.2764332-04:00" endTime="2018-07-28T06:37:09.2764406-04:00" testType="13cdc9d9-ddb5-4fa4-a97d-d965ccfc6d4b" outcome="Passed" testListId="8c84fa94-04c1-424b-9868-57a2d4851a1d" relativeResultsDirectory="d9cd106f-adfd-42b5-b070-7a3532c49986" /><UnitTestResult executionId="0e39ee85-9a69-4d57-92f7-34ae236f3679" testId="1690fed8-7099-473f-9778-01049e5f126a" testName="Delete_TargetModelIsDeleted" computerName="VECTOR" duration="00:00:00.0410000" startTime="2018-07-28T06:37:14.6332602-04:00" endTime="2018-07-28T06:37:14.6332664-04:00" testType="13cdc9d9-ddb5-4fa4-a97d-d965ccfc6d4b" outcome="Passed" testListId="8c84fa94-04c1-424b-9868-57a2d4851a1d" relativeResultsDirectory="0e39ee85-9a69-4d57-92f7-34ae236f3679" /><UnitTestResult executionId="bd5227ed-968e-4995-8547-0a15db735e21" testId="616e98a2-a7e9-487e-8d94-1f177b6d9cca" testName="GetSingle_InvalidIdPropertyValueReturnsNotFound" computerName="VECTOR" duration="00:00:00.0120000" startTime="2018-07-28T06:37:09.2226415-04:00" endTime="2018-07-28T06:37:09.2226475-04:00" testType="13cdc9d9-ddb5-4fa4-a97d-d965ccfc6d4b" outcome="Passed" testListId="8c84fa94-04c1-424b-9868-57a2d4851a1d" relativeResultsDirectory="bd5227ed-968e-4995-8547-0a15db735e21" /><UnitTestResult executionId="ab5870a3-e6f7-4e7a-a4b2-39aacb8bbc98" testId="788872db-0c1b-44cc-8002-aec42064c6c0" testName="MeshTransformHasExpectedDependentFiles" computerName="VECTOR" duration="00:00:00.0010000" startTime="2018-07-28T06:37:08.1643123-04:00" endTime="2018-07-28T06:37:08.1643134-04:00" testType="13cdc9d9-ddb5-4fa4-a97d-d965ccfc6d4b" outcome="Passed" testListId="8c84fa94-04c1-424b-9868-57a2d4851a1d" relativeResultsDirectory="ab5870a3-e6f7-4e7a-a4b2-39aacb8bbc98" /><UnitTestResult executionId="48bd201f-a73b-4968-b7f5-1a08bdb49797" testId="0dfbbd06-2b09-477f-ac7e-8f304326faec" testName="Post_InvalidPropertyValueReturnsBadRequest" computerName="VECTOR" duration="00:00:00.0100000" startTime="2018-07-28T06:37:11.6640863-04:00" endTime="2018-07-28T06:37:11.6640903-04:00" testType="13cdc9d9-ddb5-4fa4-a97d-d965ccfc6d4b" outcome="Passed" testListId="8c84fa94-04c1-424b-9868-57a2d4851a1d" relativeResultsDirectory="48bd201f-a73b-4968-b7f5-1a08bdb49797" /><UnitTestResult executionId="807d04fe-5005-44d8-8e3a-8c0436542eaf" testId="b49c3a93-d4f9-4662-ac6a-a385c15bc982" testName="Put_InvalidReferencePropertyReturndBadRequest" computerName="VECTOR" duration="00:00:00.0170000" startTime="2018-07-28T06:37:11.7058768-04:00" endTime="2018-07-28T06:37:11.7058847-04:00" testType="13cdc9d9-ddb5-4fa4-a97d-d965ccfc6d4b" outcome="Passed" testListId="8c84fa94-04c1-424b-9868-57a2d4851a1d" relativeResultsDirectory="807d04fe-5005-44d8-8e3a-8c0436542eaf" /><UnitTestResult executionId="861da1e1-8635-497f-9939-035cf2483b71" testId="a91a0083-e6e4-426d-8ddd-6bd2526906c2" testName="Post_InvalidReferencePropertyReturnsBadRequest" computerName="VECTOR" duration="00:00:00.0130000" startTime="2018-07-28T06:37:23.8409727-04:00" endTime="2018-07-28T06:37:23.8409767-04:00" testType="13cdc9d9-ddb5-4fa4-a97d-d965ccfc6d4b" outcome="Passed" testListId="8c84fa94-04c1-424b-9868-57a2d4851a1d" relativeResultsDirectory="861da1e1-8635-497f-9939-035cf2483b71" /><UnitTestResult executionId="feb7055d-1bb3-435a-baa3-78f82c4c6fb6" testId="09fc4a46-ae91-44be-8cb5-b3c3958ab989" testName="Put_ValidReferencePropertyUpdatesModel" computerName="VECTOR" duration="00:00:00.0610000" startTime="2018-07-28T06:37:14.3068211-04:00" endTime="2018-07-28T06:37:14.3068271-04:00" testType="13cdc9d9-ddb5-4fa4-a97d-d965ccfc6d4b" outcome="Passed" testListId="8c84fa94-04c1-424b-9868-57a2d4851a1d" relativeResultsDirectory="feb7055d-1bb3-435a-baa3-78f82c4c6fb6" /><UnitTestResult executionId="079b6882-9a1b-4f9b-878a-cd1b3592a24e" testId="0b06dbf9-9a8e-4309-8211-d5d11fda46e3" testName="Post_InvalidPropertyValueReturnsBadRequest" computerName="VECTOR" duration="00:00:00.0220000" startTime="2018-07-28T06:37:14.7201993-04:00" endTime="2018-07-28T06:37:14.7202047-04:00" testType="13cdc9d9-ddb5-4fa4-a97d-d965ccfc6d4b" outcome="Passed" testListId="8c84fa94-04c1-424b-9868-57a2d4851a1d" relativeResultsDirectory="079b6882-9a1b-4f9b-878a-cd1b3592a24e" /><UnitTestResult executionId="17dcd284-17af-4252-9735-8dc5a11635c0" testId="71788df6-de34-459a-aaab-9490951dfb5f" testName="GetFile_FileCanBeRoundTripped" computerName="VECTOR" duration="00:00:00.0730000" startTime="2018-07-28T06:37:23.7121710-04:00" endTime="2018-07-28T06:37:23.7121772-04:00" testType="13cdc9d9-ddb5-4fa4-a97d-d965ccfc6d4b" outcome="Passed" testListId="8c84fa94-04c1-424b-9868-57a2d4851a1d" relativeResultsDirectory="17dcd284-17af-4252-9735-8dc5a11635c0" /><UnitTestResult executionId="6745e534-9db0-4ae8-bcc4-8286cd00edfa" testId="483c00f5-1d1a-4ca9-86fd-b68fdda923a7" testName="Post_ValidReferencePropertyCreatesModel" computerName="VECTOR" duration="00:00:00.0210000" startTime="2018-07-28T06:37:23.9417875-04:00" endTime="2018-07-28T06:37:23.9417946-04:00" testType="13cdc9d9-ddb5-4fa4-a97d-d965ccfc6d4b" outcome="Passed" testListId="8c84fa94-04c1-424b-9868-57a2d4851a1d" relativeResultsDirectory="6745e534-9db0-4ae8-bcc4-8286cd00edfa" /><UnitTestResult executionId="1a9c1237-60c7-4078-8c23-c07217c1a000" testId="c5a7f826-c54e-4d43-9acb-87a7ef113bab" testName="Patch_InvalidReferencePropertyReturnsBadRequest" computerName="VECTOR" duration="00:00:00.0090000" startTime="2018-07-28T06:37:09.1259560-04:00" endTime="2018-07-28T06:37:09.1259614-04:00" testType="13cdc9d9-ddb5-4fa4-a97d-d965ccfc6d4b" outcome="Passed" testListId="8c84fa94-04c1-424b-9868-57a2d4851a1d" relativeResultsDirectory="1a9c1237-60c7-4078-8c23-c07217c1a000" /><UnitTestResult executionId="bf07e446-7ba8-419d-be66-933573416b29" testId="98c3d1f0-684c-4b5d-8482-958ffc95cf5e" testName="LucyModel3dHasTwoDependents" computerName="VECTOR" duration="00:00:01.3540000" startTime="2018-07-28T06:37:08.1544799-04:00" endTime="2018-07-28T06:37:08.1544876-04:00" testType="13cdc9d9-ddb5-4fa4-a97d-d965ccfc6d4b" outcome="Passed" testListId="8c84fa94-04c1-424b-9868-57a2d4851a1d" relativeResultsDirectory="bf07e446-7ba8-419d-be66-933573416b29" /><UnitTestResult executionId="2a3a9bfc-7c25-4b57-a862-7bea2b708d32" testId="4bef2a36-fd50-4735-922b-b01ce5ae18e8" testName="Delete_TargetModelIsDeleted" computerName="VECTOR" duration="00:00:00.0220000" startTime="2018-07-28T06:37:23.7898903-04:00" endTime="2018-07-28T06:37:23.7898966-04:00" testType="13cdc9d9-ddb5-4fa4-a97d-d965ccfc6d4b" outcome="Passed" testListId="8c84fa94-04c1-424b-9868-57a2d4851a1d" relativeResultsDirectory="2a3a9bfc-7c25-4b57-a862-7bea2b708d32" /><UnitTestResult executionId="b5f29bd7-f43d-4364-b5c6-a7e722ab6a60" testId="fc4e4a7a-343c-4ec1-8943-6d5ee2184859" testName="Post_InvalidReferencePropertyReturnsBadRequest" computerName="VECTOR" duration="00:00:00.0120000" startTime="2018-07-28T06:37:11.9216040-04:00" endTime="2018-07-28T06:37:11.9216080-04:00" testType="13cdc9d9-ddb5-4fa4-a97d-d965ccfc6d4b" outcome="Passed" testListId="8c84fa94-04c1-424b-9868-57a2d4851a1d" relativeResultsDirectory="b5f29bd7-f43d-4364-b5c6-a7e722ab6a60" /><UnitTestResult executionId="091e1a32-e1b2-44dd-ba68-d4821d29b392" testId="4702df20-1472-41f2-98df-c821eae69ce6" testName="Patch_MultipleInvalidReferencePropertiesReturnsMultipleValidationErrorsAndBadRequest" computerName="VECTOR" duration="00:00:00.0320000" startTime="2018-07-28T06:37:14.5591461-04:00" endTime="2018-07-28T06:37:14.5591535-04:00" testType="13cdc9d9-ddb5-4fa4-a97d-d965ccfc6d4b" outcome="Passed" testListId="8c84fa94-04c1-424b-9868-57a2d4851a1d" relativeResultsDirectory="091e1a32-e1b2-44dd-ba68-d4821d29b392" /><UnitTestResult executionId="eab69e0f-ec11-4e1a-b996-f9ad8a04ee33" testId="e825f3a6-492a-41b4-858d-6dbcd1236c25" testName="Put_InvalidIdReturnsNotFound" computerName="VECTOR" duration="00:00:00.0740000" startTime="2018-07-28T06:37:13.0810688-04:00" endTime="2018-07-28T06:37:13.0810759-04:00" testType="13cdc9d9-ddb5-4fa4-a97d-d965ccfc6d4b" outcome="Passed" testListId="8c84fa94-04c1-424b-9868-57a2d4851a1d" relativeResultsDirectory="eab69e0f-ec11-4e1a-b996-f9ad8a04ee33" /><UnitTestResult executionId="971727e8-5f7e-4ce5-80fd-afe3db3a425b" testId="c9517420-c042-44ba-bf44-4a63c74efe6a" testName="Post_InvalidPropertyValueReturnsBadRequest" computerName="VECTOR" duration="00:00:00.0100000" startTime="2018-07-28T06:37:24.0058208-04:00" endTime="2018-07-28T06:37:24.0058256-04:00" testType="13cdc9d9-ddb5-4fa4-a97d-d965ccfc6d4b" outcome="Passed" testListId="8c84fa94-04c1-424b-9868-57a2d4851a1d" relativeResultsDirectory="971727e8-5f7e-4ce5-80fd-afe3db3a425b" /><UnitTestResult executionId="6d9039c3-573f-43f1-accd-bdc364e0c3b1" testId="2e43d1c1-79f8-4441-aa7e-3d6807bcaf49" testName="GetSingle_InvalidIdPropertyValueReturnsNotFound" computerName="VECTOR" duration="00:00:00.0180000" startTime="2018-07-28T06:37:14.5047786-04:00" endTime="2018-07-28T06:37:14.5047848-04:00" testType="13cdc9d9-ddb5-4fa4-a97d-d965ccfc6d4b" outcome="Passed" testListId="8c84fa94-04c1-424b-9868-57a2d4851a1d" relativeResultsDirectory="6d9039c3-573f-43f1-accd-bdc364e0c3b1" /><UnitTestResult executionId="704fa0f3-ac56-414e-a87c-a18638bd55e6" testId="a8e02d95-626f-477a-9fbf-3b7a95707d33" testName="DepthBufferHasExpectedDependentFiles" computerName="VECTOR" duration="00:00:00.0010000" startTime="2018-07-28T06:37:08.1693051-04:00" endTime="2018-07-28T06:37:08.1693063-04:00" testType="13cdc9d9-ddb5-4fa4-a97d-d965ccfc6d4b" outcome="Passed" testListId="8c84fa94-04c1-424b-9868-57a2d4851a1d" relativeResultsDirectory="704fa0f3-ac56-414e-a87c-a18638bd55e6" /><UnitTestResult executionId="e172f39c-7b29-4a79-974f-e7b23160b9d2" testId="af595e51-e7f3-4399-affa-0590e60c09ae" testName="Patch_InvalidIdPropertyReturnsNotFound" computerName="VECTOR" duration="00:00:00.0150000" startTime="2018-07-28T06:37:09.3147499-04:00" endTime="2018-07-28T06:37:09.3147562-04:00" testType="13cdc9d9-ddb5-4fa4-a97d-d965ccfc6d4b" outcome="Passed" testListId="8c84fa94-04c1-424b-9868-57a2d4851a1d" relativeResultsDirectory="e172f39c-7b29-4a79-974f-e7b23160b9d2" /><UnitTestResult executionId="704b7377-d03e-47e3-9e3c-5434f3b7782b" testId="1eb79e2a-f47e-4d8a-a66e-b6ec70c4271d" testName="PostFile_NewFileCanBePosted" computerName="VECTOR" duration="00:00:00.0870000" startTime="2018-07-28T06:37:11.0219027-04:00" endTime="2018-07-28T06:37:11.0219093-04:00" testType="13cdc9d9-ddb5-4fa4-a97d-d965ccfc6d4b" outcome="Passed" testListId="8c84fa94-04c1-424b-9868-57a2d4851a1d" relativeResultsDirectory="704b7377-d03e-47e3-9e3c-5434f3b7782b" /><UnitTestResult executionId="9e88d10d-ee53-4131-930e-b4bbb99343e1" testId="ad3f9f7d-12f4-4e84-914c-0bfff228e51f" testName="Post_InvalidReferencePropertyReturnsBadRequest" computerName="VECTOR" duration="00:00:00.0210000" startTime="2018-07-28T06:37:14.5266726-04:00" endTime="2018-07-28T06:37:14.5266783-04:00" testType="13cdc9d9-ddb5-4fa4-a97d-d965ccfc6d4b" outcome="Passed" testListId="8c84fa94-04c1-424b-9868-57a2d4851a1d" relativeResultsDirectory="9e88d10d-ee53-4131-930e-b4bbb99343e1" /><UnitTestResult executionId="75b13d36-8503-4963-a05a-10688e2321db" testId="838116ef-f4eb-437d-8336-17f6e67ec8a5" testName="Put_ValidReferencePropertyUpdatesModel" computerName="VECTOR" duration="00:00:00.0560000" startTime="2018-07-28T06:37:24.1378351-04:00" endTime="2018-07-28T06:37:24.1378422-04:00" testType="13cdc9d9-ddb5-4fa4-a97d-d965ccfc6d4b" outcome="Passed" testListId="8c84fa94-04c1-424b-9868-57a2d4851a1d" relativeResultsDirectory="75b13d36-8503-4963-a05a-10688e2321db" /><UnitTestResult executionId="222a3e3e-d21e-41b4-9e64-4eec8c72f684" testId="5c074314-9312-4241-a5a9-2115cd8f0a3e" testName="Post_CanCreateNewModel" computerName="VECTOR" duration="00:00:00.0220000" startTime="2018-07-28T06:37:23.7487074-04:00" endTime="2018-07-28T06:37:23.7487134-04:00" testType="13cdc9d9-ddb5-4fa4-a97d-d965ccfc6d4b" outcome="Passed" testListId="8c84fa94-04c1-424b-9868-57a2d4851a1d" relativeResultsDirectory="222a3e3e-d21e-41b4-9e64-4eec8c72f684" /><UnitTestResult executionId="e6fd88f0-22b2-4fe1-a188-5a91f293e740" testId="e9721d9c-e8ce-4854-b848-2d6b3592d9f0" testName="Patch_ValidReferencePropertyUpdatesModel" computerName="VECTOR" duration="00:00:00.0520000" startTime="2018-07-28T06:37:10.0695032-04:00" endTime="2018-07-28T06:37:10.0695117-04:00" testType="13cdc9d9-ddb5-4fa4-a97d-d965ccfc6d4b" outcome="Passed" testListId="8c84fa94-04c1-424b-9868-57a2d4851a1d" relativeResultsDirectory="e6fd88f0-22b2-4fe1-a188-5a91f293e740" /><UnitTestResult executionId="d3123f92-3aff-4f3c-980a-f13f402039a3" testId="1c64c3fc-b413-4112-9031-5b888eae081d" testName="Patch_InvalidEnumPropertyValueReturnsBadRequest" computerName="VECTOR" duration="00:00:00.0080000" startTime="2018-07-28T06:37:23.8166603-04:00" endTime="2018-07-28T06:37:23.8166634-04:00" testType="13cdc9d9-ddb5-4fa4-a97d-d965ccfc6d4b" outcome="Passed" testListId="8c84fa94-04c1-424b-9868-57a2d4851a1d" relativeResultsDirectory="d3123f92-3aff-4f3c-980a-f13f402039a3" /><UnitTestResult executionId="60fbcb9d-ff02-4274-ae91-5f46f185a8ce" testId="8e97e4aa-3614-454c-ae21-7e9506ebe421" testName="PutFile_NewFileCanBePut" computerName="VECTOR" duration="00:00:00.1510000" startTime="2018-07-28T06:37:10.4840794-04:00" endTime="2018-07-28T06:37:10.4840865-04:00" testType="13cdc9d9-ddb5-4fa4-a97d-d965ccfc6d4b" outcome="Passed" testListId="8c84fa94-04c1-424b-9868-57a2d4851a1d" relativeResultsDirectory="60fbcb9d-ff02-4274-ae91-5f46f185a8ce" /><UnitTestResult executionId="048a7a34-f519-4c41-8b9c-afdca1225fa5" testId="dbff9461-5a8d-47de-9397-30abf3249a8b" testName="PutFile_FileCanBeUpdated" computerName="VECTOR" duration="00:00:00.1290000" startTime="2018-07-28T06:37:17.1442737-04:00" endTime="2018-07-28T06:37:17.1442783-04:00" testType="13cdc9d9-ddb5-4fa4-a97d-d965ccfc6d4b" outcome="Passed" testListId="8c84fa94-04c1-424b-9868-57a2d4851a1d" relativeResultsDirectory="048a7a34-f519-4c41-8b9c-afdca1225fa5" /><UnitTestResult executionId="0ce49ae5-e659-44dc-8ae1-8b4d2e00565d" testId="eee31e01-a955-4013-a411-d7765ea78a84" testName="Delete_TargetModelIsDeleted" computerName="VECTOR" duration="00:00:00.0250000" startTime="2018-07-28T06:37:10.2911136-04:00" endTime="2018-07-28T06:37:10.2911201-04:00" testType="13cdc9d9-ddb5-4fa4-a97d-d965ccfc6d4b" outcome="Passed" testListId="8c84fa94-04c1-424b-9868-57a2d4851a1d" relativeResultsDirectory="0ce49ae5-e659-44dc-8ae1-8b4d2e00565d" /><UnitTestResult executionId="1b76e8b8-acd4-488f-814a-82e79cfb1d55" testId="bb96dbfd-f458-47cc-880c-eae6715de631" testName="Patch_TargetPropertyIsUpdated" computerName="VECTOR" duration="00:00:00.0620000" startTime="2018-07-28T06:37:24.2000025-04:00" endTime="2018-07-28T06:37:24.2000084-04:00" testType="13cdc9d9-ddb5-4fa4-a97d-d965ccfc6d4b" outcome="Passed" testListId="8c84fa94-04c1-424b-9868-57a2d4851a1d" relativeResultsDirectory="1b76e8b8-acd4-488f-814a-82e79cfb1d55" /><UnitTestResult executionId="983ad0d0-193a-4620-b45e-03d671feb4ed" testId="d38afb81-1e16-4b97-be90-6af49382ef8a" testName="PutFile_NewFileCanBePut" computerName="VECTOR" duration="00:00:00.0940000" startTime="2018-07-28T06:37:14.8507513-04:00" endTime="2018-07-28T06:37:14.8507545-04:00" testType="13cdc9d9-ddb5-4fa4-a97d-d965ccfc6d4b" outcome="Passed" testListId="8c84fa94-04c1-424b-9868-57a2d4851a1d" relativeResultsDirectory="983ad0d0-193a-4620-b45e-03d671feb4ed" /><UnitTestResult executionId="8ad08d25-4c6e-407f-97b0-6df2484af4d2" testId="75af2588-8cbc-4628-ac47-68e2adea1f3c" testName="GetFile_FileCanBeRoundTripped" computerName="VECTOR" duration="00:00:00.0740000" startTime="2018-07-28T06:37:11.0961033-04:00" endTime="2018-07-28T06:37:11.0961101-04:00" testType="13cdc9d9-ddb5-4fa4-a97d-d965ccfc6d4b" outcome="Passed" testListId="8c84fa94-04c1-424b-9868-57a2d4851a1d" relativeResultsDirectory="8ad08d25-4c6e-407f-97b0-6df2484af4d2" /><UnitTestResult executionId="cff2d5fa-3dca-44b1-9cb0-ddd368cb9771" testId="33e93588-805e-4e73-a700-5ca484d116fc" testName="Patch_InvalidIdPropertyReturnsNotFound" computerName="VECTOR" duration="00:00:00.0110000" startTime="2018-07-28T06:37:11.7174293-04:00" endTime="2018-07-28T06:37:11.7174338-04:00" testType="13cdc9d9-ddb5-4fa4-a97d-d965ccfc6d4b" outcome="Passed" testListId="8c84fa94-04c1-424b-9868-57a2d4851a1d" relativeResultsDirectory="cff2d5fa-3dca-44b1-9cb0-ddd368cb9771" /><UnitTestResult executionId="26cf76c7-d546-4de0-bd95-2fe05571ba31" testId="0917fce1-5aa2-4f2d-b8f7-9c05abac7ee9" testName="FileRequest_MeshIsInvalidatedAfterDepthBufferFileBecomesUnsynchronized" computerName="VECTOR" duration="00:00:02.0680000" startTime="2018-07-28T06:37:16.9192242-04:00" endTime="2018-07-28T06:37:16.9192319-04:00" testType="13cdc9d9-ddb5-4fa4-a97d-d965ccfc6d4b" outcome="Passed" testListId="8c84fa94-04c1-424b-9868-57a2d4851a1d" relativeResultsDirectory="26cf76c7-d546-4de0-bd95-2fe05571ba31" /><UnitTestResult executionId="fb927572-939f-4618-8bc4-83304a33d4a6" testId="0b27fbda-a1a6-47e8-8f6c-e82d58bfbc2f" testName="Patch_InvalidReferencePropertyReturnsBadRequest" computerName="VECTOR" duration="00:00:00.0320000" startTime="2018-07-28T06:37:14.4466077-04:00" endTime="2018-07-28T06:37:14.4466148-04:00" testType="13cdc9d9-ddb5-4fa4-a97d-d965ccfc6d4b" outcome="Passed" testListId="8c84fa94-04c1-424b-9868-57a2d4851a1d" relativeResultsDirectory="fb927572-939f-4618-8bc4-83304a33d4a6" /><UnitTestResult executionId="d65f9a63-3425-484f-8203-b242b26f66f7" testId="6408ba9e-0b7f-41e9-af99-9b89d48fa648" testName="Post_CanCreateNewModel" computerName="VECTOR" duration="00:00:00.0250000" startTime="2018-07-28T06:37:21.0720746-04:00" endTime="2018-07-28T06:37:21.0720806-04:00" testType="13cdc9d9-ddb5-4fa4-a97d-d965ccfc6d4b" outcome="Passed" testListId="8c84fa94-04c1-424b-9868-57a2d4851a1d" relativeResultsDirectory="d65f9a63-3425-484f-8203-b242b26f66f7" /><UnitTestResult executionId="d61a7f04-72cf-4060-bb07-361062eb7218" testId="8aae5396-f7bb-4ab1-b5c5-a86b41c6be65" testName="Put_ValidReferencePropertyUpdatesModel" computerName="VECTOR" duration="00:00:00.0900000" startTime="2018-07-28T06:37:11.6536928-04:00" endTime="2018-07-28T06:37:11.6537002-04:00" testType="13cdc9d9-ddb5-4fa4-a97d-d965ccfc6d4b" outcome="Passed" testListId="8c84fa94-04c1-424b-9868-57a2d4851a1d" relativeResultsDirectory="d61a7f04-72cf-4060-bb07-361062eb7218" /><UnitTestResult executionId="a52f5117-05af-4193-a9e0-7f77d9ec2553" testId="e94d95cd-8a7a-4669-948f-78249002e997" testName="Patch_TargetPropertyIsUpdated" computerName="VECTOR" duration="00:00:00.0620000" startTime="2018-07-28T06:37:09.1083543-04:00" endTime="2018-07-28T06:37:09.1083605-04:00" testType="13cdc9d9-ddb5-4fa4-a97d-d965ccfc6d4b" outcome="Passed" testListId="8c84fa94-04c1-424b-9868-57a2d4851a1d" relativeResultsDirectory="a52f5117-05af-4193-a9e0-7f77d9ec2553" /><UnitTestResult executionId="4e7f3a42-56b4-475d-99d0-2b2d44fdcbf9" testId="2813af1f-5222-460e-9593-339cffc6748a" testName="Patch_InvalidReferencePropertyReturnsBadRequest" computerName="VECTOR" duration="00:00:00.0230000" startTime="2018-07-28T06:37:10.2654819-04:00" endTime="2018-07-28T06:37:10.2654873-04:00" testType="13cdc9d9-ddb5-4fa4-a97d-d965ccfc6d4b" outcome="Passed" testListId="8c84fa94-04c1-424b-9868-57a2d4851a1d" relativeResultsDirectory="4e7f3a42-56b4-475d-99d0-2b2d44fdcbf9" /><UnitTestResult executionId="22e6f3ff-034d-4ac3-9371-e46221eab7f9" testId="2f001bd1-818e-4a0f-a69d-0d676876ea6b" testName="GetList_ListReturnsCorrectCount" computerName="VECTOR" duration="00:00:00.0210000" startTime="2018-07-28T06:37:10.2033404-04:00" endTime="2018-07-28T06:37:10.2033498-04:00" testType="13cdc9d9-ddb5-4fa4-a97d-d965ccfc6d4b" outcome="Passed" testListId="8c84fa94-04c1-424b-9868-57a2d4851a1d" relativeResultsDirectory="22e6f3ff-034d-4ac3-9371-e46221eab7f9" /><UnitTestResult executionId="4afe820b-ce55-40ab-89b0-b1194897c1bc" testId="84231b4b-6a17-4352-9356-221cf853406e" testName="GetFile_NonExistentFileReturnsNotFound" computerName="VECTOR" duration="00:00:00.0170000" startTime="2018-07-28T06:37:11.1138278-04:00" endTime="2018-07-28T06:37:11.1138340-04:00" testType="13cdc9d9-ddb5-4fa4-a97d-d965ccfc6d4b" outcome="Passed" testListId="8c84fa94-04c1-424b-9868-57a2d4851a1d" relativeResultsDirectory="4afe820b-ce55-40ab-89b0-b1194897c1bc" /><UnitTestResult executionId="db1780f5-513d-4358-ad6f-e428353869cb" testId="7581060b-ea62-4d51-bd87-4a457101b553" testName="PutFile_FileCanBeUpdated" computerName="VECTOR" duration="00:00:00.1350000" startTime="2018-07-28T06:37:22.9702003-04:00" endTime="2018-07-28T06:37:22.9702049-04:00" testType="13cdc9d9-ddb5-4fa4-a97d-d965ccfc6d4b" outcome="Passed" testListId="8c84fa94-04c1-424b-9868-57a2d4851a1d" relativeResultsDirectory="db1780f5-513d-4358-ad6f-e428353869cb" /><UnitTestResult executionId="27d9b495-773e-46e9-bb1c-7098de0fd776" testId="3754fb1b-b58a-4d07-8a93-2bc6cd265da8" testName="Post_CanCreateNewModel" computerName="VECTOR" duration="00:00:00.0300000" startTime="2018-07-28T06:37:14.4145197-04:00" endTime="2018-07-28T06:37:14.4145259-04:00" testType="13cdc9d9-ddb5-4fa4-a97d-d965ccfc6d4b" outcome="Passed" testListId="8c84fa94-04c1-424b-9868-57a2d4851a1d" relativeResultsDirectory="27d9b495-773e-46e9-bb1c-7098de0fd776" /><UnitTestResult executionId="734db2fc-21df-4191-8f94-b1dfa835c987" testId="a421bb51-d7a7-4c23-8304-967cef0857ba" testName="Put_ValidReferencePropertyUpdatesModel" computerName="VECTOR" duration="00:00:00.0420000" startTime="2018-07-28T06:37:10.1115712-04:00" endTime="2018-07-28T06:37:10.1115777-04:00" testType="13cdc9d9-ddb5-4fa4-a97d-d965ccfc6d4b" outcome="Passed" testListId="8c84fa94-04c1-424b-9868-57a2d4851a1d" relativeResultsDirectory="734db2fc-21df-4191-8f94-b1dfa835c987" /><UnitTestResult executionId="e1f404a8-a809-4d85-8b66-02fc9287815e" testId="d7807604-8620-4976-9084-6df00c843abd" testName="FileRequest_FileCanBeReadAfterRename" computerName="VECTOR" duration="00:00:00.1270000" startTime="2018-07-28T06:37:23.0975818-04:00" endTime="2018-07-28T06:37:23.0975883-04:00" testType="13cdc9d9-ddb5-4fa4-a97d-d965ccfc6d4b" outcome="Passed" testListId="8c84fa94-04c1-424b-9868-57a2d4851a1d" relativeResultsDirectory="e1f404a8-a809-4d85-8b66-02fc9287815e" /><UnitTestResult executionId="2f5f9238-1d11-49ce-99aa-3e8eb350e4db" testId="fce64f8c-599f-45ea-809f-9fc148399b3a" testName="Patch_TargetPropertyIsUpdated" computerName="VECTOR" duration="00:00:00.0550000" startTime="2018-07-28T06:37:14.3841999-04:00" endTime="2018-07-28T06:37:14.3842073-04:00" testType="13cdc9d9-ddb5-4fa4-a97d-d965ccfc6d4b" outcome="Passed" testListId="8c84fa94-04c1-424b-9868-57a2d4851a1d" relativeResultsDirectory="2f5f9238-1d11-49ce-99aa-3e8eb350e4db" /><UnitTestResult executionId="2dee1298-c7fc-4b56-8384-16dadf733b93" testId="94f51dae-864e-4a1c-b619-f00dba7e79e5" testName="PostFile_FileTimeStampIsUpdatedAfterFileIsPosted" computerName="VECTOR" duration="00:00:01.1630000" startTime="2018-07-28T06:37:22.8345335-04:00" endTime="2018-07-28T06:37:22.8345372-04:00" testType="13cdc9d9-ddb5-4fa4-a97d-d965ccfc6d4b" outcome="Passed" testListId="8c84fa94-04c1-424b-9868-57a2d4851a1d" relativeResultsDirectory="2dee1298-c7fc-4b56-8384-16dadf733b93" /><UnitTestResult executionId="a3740fb5-a7cf-41fe-845b-8b29aedbb577" testId="23f8d99c-8fb9-42cf-b56f-70a5066189fb" testName="GetSingle_InvalidIdPropertyValueReturnsNotFound" computerName="VECTOR" duration="00:00:00.0120000" startTime="2018-07-28T06:37:11.8962016-04:00" endTime="2018-07-28T06:37:11.8962079-04:00" testType="13cdc9d9-ddb5-4fa4-a97d-d965ccfc6d4b" outcome="Passed" testListId="8c84fa94-04c1-424b-9868-57a2d4851a1d" relativeResultsDirectory="a3740fb5-a7cf-41fe-845b-8b29aedbb577" /><UnitTestResult executionId="c0bb0c59-68d4-47a5-84d2-efa3e118488e" testId="f52b5782-caea-4f4a-b9ee-a0abd93bc5a5" testName="Patch_InvalidPropertyNameReturnsBadRequest" computerName="VECTOR" duration="00:00:00.0120000" startTime="2018-07-28T06:37:23.9951267-04:00" endTime="2018-07-28T06:37:23.9951299-04:00" testType="13cdc9d9-ddb5-4fa4-a97d-d965ccfc6d4b" outcome="Passed" testListId="8c84fa94-04c1-424b-9868-57a2d4851a1d" relativeResultsDirectory="c0bb0c59-68d4-47a5-84d2-efa3e118488e" /><UnitTestResult executionId="2a22c517-a13d-42a4-b858-a136620d3ab3" testId="ed9154c8-006c-4800-8c07-8e7b6c35dd36" testName="PostFile_NewFileCanBePosted" computerName="VECTOR" duration="00:00:00.0590000" startTime="2018-07-28T06:37:23.6392494-04:00" endTime="2018-07-28T06:37:23.6392529-04:00" testType="13cdc9d9-ddb5-4fa4-a97d-d965ccfc6d4b" outcome="Passed" testListId="8c84fa94-04c1-424b-9868-57a2d4851a1d" relativeResultsDirectory="2a22c517-a13d-42a4-b858-a136620d3ab3" /><UnitTestResult executionId="191b851e-d8eb-4e5a-9bf2-48104cb42ac8" testId="e2d9dfcb-d20d-4c7a-952f-bd90dd0f5c25" testName="Put_InvalidIdReturnsNotFound" computerName="VECTOR" duration="00:00:00.0230000" startTime="2018-07-28T06:37:21.3962974-04:00" endTime="2018-07-28T06:37:21.3963028-04:00" testType="13cdc9d9-ddb5-4fa4-a97d-d965ccfc6d4b" outcome="Passed" testListId="8c84fa94-04c1-424b-9868-57a2d4851a1d" relativeResultsDirectory="191b851e-d8eb-4e5a-9bf2-48104cb42ac8" /><UnitTestResult executionId="ba3fb8b6-ecf1-498e-8474-d070f471156f" testId="abbafc6d-88bf-431b-ae32-37ccab127d67" testName="Patch_InvalidEnumPropertyValueReturnsBadRequest" computerName="VECTOR" duration="00:00:00.0100000" startTime="2018-07-28T06:37:09.2105091-04:00" endTime="2018-07-28T06:37:09.2105153-04:00" testType="13cdc9d9-ddb5-4fa4-a97d-d965ccfc6d4b" outcome="Passed" testListId="8c84fa94-04c1-424b-9868-57a2d4851a1d" relativeResultsDirectory="ba3fb8b6-ecf1-498e-8474-d070f471156f" /><UnitTestResult executionId="13a172a2-abbb-4001-9f5d-6d9d0c4306d6" testId="e08b3de1-3e4d-4a87-af2d-ce3c5e345401" testName="Patch_InvalidReferencePropertyReturnsBadRequest" computerName="VECTOR" duration="00:00:00.0210000" startTime="2018-07-28T06:37:11.5475091-04:00" endTime="2018-07-28T06:37:11.5475162-04:00" testType="13cdc9d9-ddb5-4fa4-a97d-d965ccfc6d4b" outcome="Passed" testListId="8c84fa94-04c1-424b-9868-57a2d4851a1d" relativeResultsDirectory="13a172a2-abbb-4001-9f5d-6d9d0c4306d6" /><UnitTestResult executionId="fcefb629-e319-47a3-9df4-19b2f3a8c260" testId="35d5ec0f-47b1-4aa8-9faa-d5630b4b5594" testName="Patch_InvalidPropertyNameReturnsBadRequest" computerName="VECTOR" duration="00:00:00.0930000" startTime="2018-07-28T06:37:08.8227297-04:00" endTime="2018-07-28T06:37:08.8227359-04:00" testType="13cdc9d9-ddb5-4fa4-a97d-d965ccfc6d4b" outcome="Passed" testListId="8c84fa94-04c1-424b-9868-57a2d4851a1d" relativeResultsDirectory="fcefb629-e319-47a3-9df4-19b2f3a8c260" /><UnitTestResult executionId="ba8980a6-3d22-46d3-afc4-1dcdd6b8e251" testId="a543883c-15c7-40e5-a600-01d85f3c20b7" testName="Model3dHasExpectedDependentFiles" computerName="VECTOR" duration="00:00:00.0300000" startTime="2018-07-28T06:37:06.8035113-04:00" endTime="2018-07-28T06:37:06.8035184-04:00" testType="13cdc9d9-ddb5-4fa4-a97d-d965ccfc6d4b" outcome="Passed" testListId="8c84fa94-04c1-424b-9868-57a2d4851a1d" relativeResultsDirectory="ba8980a6-3d22-46d3-afc4-1dcdd6b8e251" /><UnitTestResult executionId="3c9a55ad-cbcb-4108-9317-8caa738f9c7c" testId="e971a5df-56e1-4ec9-8739-18d8ef4e16ad" testName="Put_CanUpdateModel" computerName="VECTOR" duration="00:00:00.0720000" startTime="2018-07-28T06:37:21.5928088-04:00" endTime="2018-07-28T06:37:21.5928153-04:00" testType="13cdc9d9-ddb5-4fa4-a97d-d965ccfc6d4b" outcome="Passed" testListId="8c84fa94-04c1-424b-9868-57a2d4851a1d" relativeResultsDirectory="3c9a55ad-cbcb-4108-9317-8caa738f9c7c" /><UnitTestResult executionId="b8efcf87-25dc-443c-b316-7b5754c8c263" testId="c9008d4b-cbf9-4255-98e6-cd490b60a0e3" testName="GetSingle_ValidIdPropertyValueReturnsCorrectModel" computerName="VECTOR" duration="00:00:00.0130000" startTime="2018-07-28T06:37:23.7261220-04:00" endTime="2018-07-28T06:37:23.7261265-04:00" testType="13cdc9d9-ddb5-4fa4-a97d-d965ccfc6d4b" outcome="Passed" testListId="8c84fa94-04c1-424b-9868-57a2d4851a1d" relativeResultsDirectory="b8efcf87-25dc-443c-b316-7b5754c8c263" /><UnitTestResult executionId="b771a83b-d138-4e56-8b23-47eaa5383e58" testId="c7518f53-f80a-4f30-87bd-9cdab5f76abb" testName="PostFile_FileIsSynchronizedIsUpdatedAfterFileIsPosted" computerName="VECTOR" duration="00:00:00.0120000" startTime="2018-07-28T06:37:11.1261558-04:00" endTime="2018-07-28T06:37:11.1261612-04:00" testType="13cdc9d9-ddb5-4fa4-a97d-d965ccfc6d4b" outcome="Passed" testListId="8c84fa94-04c1-424b-9868-57a2d4851a1d" relativeResultsDirectory="b771a83b-d138-4e56-8b23-47eaa5383e58" /><UnitTestResult executionId="9d3f2bea-13a7-474e-bc1f-fa1d9c74be49" testId="2fd49bcb-5433-4e20-9b97-09650a100aa7" testName="Delete_TargetModelIsDeleted" computerName="VECTOR" duration="00:00:00.2060000" startTime="2018-07-28T06:37:09.0457270-04:00" endTime="2018-07-28T06:37:09.0457344-04:00" testType="13cdc9d9-ddb5-4fa4-a97d-d965ccfc6d4b" outcome="Passed" testListId="8c84fa94-04c1-424b-9868-57a2d4851a1d" relativeResultsDirectory="9d3f2bea-13a7-474e-bc1f-fa1d9c74be49" /><UnitTestResult executionId="bd5ac09f-3e7e-443c-bb64-ca7d459bc9a2" testId="fb80b085-93d6-4711-a4c0-9ff6f20e5fbc" testName="Patch_InvalidIdPropertyReturnsNotFound" computerName="VECTOR" duration="00:00:00.0150000" startTime="2018-07-28T06:37:10.1268424-04:00" endTime="2018-07-28T06:37:10.1268486-04:00" testType="13cdc9d9-ddb5-4fa4-a97d-d965ccfc6d4b" outcome="Passed" testListId="8c84fa94-04c1-424b-9868-57a2d4851a1d" relativeResultsDirectory="bd5ac09f-3e7e-443c-bb64-ca7d459bc9a2" /><UnitTestResult executionId="10bd33d7-350a-4563-9ea4-6e1a1439166d" testId="093b1b14-9f6c-477a-9bf5-3e2455a5f41f" testName="Patch_ValidReferencePropertyUpdatesModel" computerName="VECTOR" duration="00:00:00.0560000" startTime="2018-07-28T06:37:21.4693602-04:00" endTime="2018-07-28T06:37:21.4693665-04:00" testType="13cdc9d9-ddb5-4fa4-a97d-d965ccfc6d4b" outcome="Passed" testListId="8c84fa94-04c1-424b-9868-57a2d4851a1d" relativeResultsDirectory="10bd33d7-350a-4563-9ea4-6e1a1439166d" /><UnitTestResult executionId="2ce923f7-be6c-410f-a68e-8c16cf1b9a1a" testId="59226f57-72bf-4ccd-a251-7dac4c3ac3dc" testName="Put_InvalidIdReturnsNotFound" computerName="VECTOR" duration="00:00:00.2030000" startTime="2018-07-28T06:37:11.3297156-04:00" endTime="2018-07-28T06:37:11.3297218-04:00" testType="13cdc9d9-ddb5-4fa4-a97d-d965ccfc6d4b" outcome="Passed" testListId="8c84fa94-04c1-424b-9868-57a2d4851a1d" relativeResultsDirectory="2ce923f7-be6c-410f-a68e-8c16cf1b9a1a" /><UnitTestResult executionId="64469d38-b9b1-4db4-b383-e881707d59ee" testId="365bf0f5-4276-4e4e-a3c0-e36f4c699c22" testName="Post_CanCreateNewModel" computerName="VECTOR" duration="00:00:00.0240000" startTime="2018-07-28T06:37:10.2424303-04:00" endTime="2018-07-28T06:37:10.2424365-04:00" testType="13cdc9d9-ddb5-4fa4-a97d-d965ccfc6d4b" outcome="Passed" testListId="8c84fa94-04c1-424b-9868-57a2d4851a1d" relativeResultsDirectory="64469d38-b9b1-4db4-b383-e881707d59ee" /><UnitTestResult executionId="7bf111de-702e-46c0-9d1f-6723bb311d55" testId="e99afbe3-0f6e-4124-a662-81cebe4f1bf5" testName="Patch_InvalidPropertyNameReturnsBadRequest" computerName="VECTOR" duration="00:00:00.0190000" startTime="2018-07-28T06:37:14.4663958-04:00" endTime="2018-07-28T06:37:14.4664015-04:00" testType="13cdc9d9-ddb5-4fa4-a97d-d965ccfc6d4b" outcome="Passed" testListId="8c84fa94-04c1-424b-9868-57a2d4851a1d" relativeResultsDirectory="7bf111de-702e-46c0-9d1f-6723bb311d55" /><UnitTestResult executionId="06ec98ef-7caa-4366-ac04-a294b42267ab" testId="73110572-9fec-47b2-9ac1-9b92dbfa00ac" testName="Patch_InvalidEnumPropertyValueReturnsBadRequest" computerName="VECTOR" duration="00:00:00.0220000" startTime="2018-07-28T06:37:14.3290099-04:00" endTime="2018-07-28T06:37:14.3290156-04:00" testType="13cdc9d9-ddb5-4fa4-a97d-d965ccfc6d4b" outcome="Passed" testListId="8c84fa94-04c1-424b-9868-57a2d4851a1d" relativeResultsDirectory="06ec98ef-7caa-4366-ac04-a294b42267ab" /><UnitTestResult executionId="8dc604b6-601a-4a74-8c67-b47a0f57a64e" testId="fa635090-3ee6-4107-b5e9-c5ecccf3e594" testName="Patch_MultipleInvalidReferencePropertiesReturnsMultipleValidationErrorsAndBadRequest" computerName="VECTOR" duration="00:00:00.0230000" startTime="2018-07-28T06:37:21.3395562-04:00" endTime="2018-07-28T06:37:21.3395619-04:00" testType="13cdc9d9-ddb5-4fa4-a97d-d965ccfc6d4b" outcome="Passed" testListId="8c84fa94-04c1-424b-9868-57a2d4851a1d" relativeResultsDirectory="8dc604b6-601a-4a74-8c67-b47a0f57a64e" /><UnitTestResult executionId="cf0abc16-ac8f-4353-a23e-00a0854e7ce8" testId="4bdbfc6c-7ded-4398-a05c-46fc3aac9074" testName="Patch_ValidReferencePropertyUpdatesModel" computerName="VECTOR" duration="00:00:00.6390000" startTime="2018-07-28T06:37:13.7207940-04:00" endTime="2018-07-28T06:37:13.7208014-04:00" testType="13cdc9d9-ddb5-4fa4-a97d-d965ccfc6d4b" outcome="Passed" testListId="8c84fa94-04c1-424b-9868-57a2d4851a1d" relativeResultsDirectory="cf0abc16-ac8f-4353-a23e-00a0854e7ce8" /><UnitTestResult executionId="d759bb9a-6e99-40d7-ab35-69b3914b7e4a" testId="74930c70-94f6-493a-886c-d0e1bb0d2aff" testName="PostFile_FileTimeStampIsUpdatedAfterFileIsPosted" computerName="VECTOR" duration="00:00:01.2910000" startTime="2018-07-28T06:37:18.4682970-04:00" endTime="2018-07-28T06:37:18.4683021-04:00" testType="13cdc9d9-ddb5-4fa4-a97d-d965ccfc6d4b" outcome="Passed" testListId="8c84fa94-04c1-424b-9868-57a2d4851a1d" relativeResultsDirectory="d759bb9a-6e99-40d7-ab35-69b3914b7e4a" /><UnitTestResult executionId="621dd91f-fb4f-4622-868b-daa0682eb12f" testId="34a4b5b3-6e09-4328-9840-acc543349bac" testName="LucyDepthBufferFindsOneDependent" computerName="VECTOR" duration="00:00:00.0040000" startTime="2018-07-28T06:37:08.1689691-04:00" endTime="2018-07-28T06:37:08.1689725-04:00" testType="13cdc9d9-ddb5-4fa4-a97d-d965ccfc6d4b" outcome="Passed" testListId="8c84fa94-04c1-424b-9868-57a2d4851a1d" relativeResultsDirectory="621dd91f-fb4f-4622-868b-daa0682eb12f" /><UnitTestResult executionId="8100dc4b-3f9b-4d6b-9f19-7b4e6c3b33c8" testId="39350bb0-36da-4ea3-a3ed-63df6891ace2" testName="Put_CanUpdateModel" computerName="VECTOR" duration="00:00:00.0500000" startTime="2018-07-28T06:37:11.8841576-04:00" endTime="2018-07-28T06:37:11.8841636-04:00" testType="13cdc9d9-ddb5-4fa4-a97d-d965ccfc6d4b" outcome="Passed" testListId="8c84fa94-04c1-424b-9868-57a2d4851a1d" relativeResultsDirectory="8100dc4b-3f9b-4d6b-9f19-7b4e6c3b33c8" /><UnitTestResult executionId="3cb11c1f-a53f-4e6d-a259-efdb6e37316a" testId="441a5830-3a2e-4099-abb3-3c5400afabde" testName="Post_CanCreateNewModel" computerName="VECTOR" duration="00:00:00.0180000" startTime="2018-07-28T06:37:09.1446621-04:00" endTime="2018-07-28T06:37:09.1446700-04:00" testType="13cdc9d9-ddb5-4fa4-a97d-d965ccfc6d4b" outcome="Passed" testListId="8c84fa94-04c1-424b-9868-57a2d4851a1d" relativeResultsDirectory="3cb11c1f-a53f-4e6d-a259-efdb6e37316a" /><UnitTestResult executionId="22cc738c-83a0-4837-a57e-0ce2c004cf7f" testId="c5afa2cf-7398-44b8-b6fd-8e046ea284f3" testName="GetSingle_InvalidIdPropertyValueReturnsNotFound" computerName="VECTOR" duration="00:00:00.0160000" startTime="2018-07-28T06:37:09.9389563-04:00" endTime="2018-07-28T06:37:09.9389645-04:00" testType="13cdc9d9-ddb5-4fa4-a97d-d965ccfc6d4b" outcome="Passed" testListId="8c84fa94-04c1-424b-9868-57a2d4851a1d" relativeResultsDirectory="22cc738c-83a0-4837-a57e-0ce2c004cf7f" /><UnitTestResult executionId="21043562-0d84-48d3-a704-9c6715580111" testId="63c959a0-de52-4acb-a76b-9639e4c6af8f" testName="GetList_ListReturnsCorrectCount" computerName="VECTOR" duration="00:00:00.0160000" startTime="2018-07-28T06:37:11.5634416-04:00" endTime="2018-07-28T06:37:11.5634467-04:00" testType="13cdc9d9-ddb5-4fa4-a97d-d965ccfc6d4b" outcome="Passed" testListId="8c84fa94-04c1-424b-9868-57a2d4851a1d" relativeResultsDirectory="21043562-0d84-48d3-a704-9c6715580111" /><UnitTestResult executionId="41ca8faf-9c7a-4160-89f8-aff3e346cfcd" testId="06e418f2-b393-4aa2-a626-12cbf6b0a00c" testName="CameraHasExpectedDependentFiles" computerName="VECTOR" duration="00:00:00.0010000" startTime="2018-07-28T06:37:08.1640650-04:00" endTime="2018-07-28T06:37:08.1640664-04:00" testType="13cdc9d9-ddb5-4fa4-a97d-d965ccfc6d4b" outcome="Passed" testListId="8c84fa94-04c1-424b-9868-57a2d4851a1d" relativeResultsDirectory="41ca8faf-9c7a-4160-89f8-aff3e346cfcd" /><UnitTestResult executionId="db8398c1-5039-4ca0-8f26-6a2c6f9ff31a" testId="0d134316-9810-41a9-b63f-74f9b461763c" testName="Put_ValidReferencePropertyUpdatesModel" computerName="VECTOR" duration="00:00:00.1710000" startTime="2018-07-28T06:37:21.2930162-04:00" endTime="2018-07-28T06:37:21.2930222-04:00" testType="13cdc9d9-ddb5-4fa4-a97d-d965ccfc6d4b" outcome="Passed" testListId="8c84fa94-04c1-424b-9868-57a2d4851a1d" relativeResultsDirectory="db8398c1-5039-4ca0-8f26-6a2c6f9ff31a" /><UnitTestResult executionId="ce6fab24-172d-407b-b79f-4f6ec6e52c08" testId="4c5c84cc-8013-4c3d-b40e-6016b02f33e5" testName="Put_CanUpdateModel" computerName="VECTOR" duration="00:00:00.0940000" startTime="2018-07-28T06:37:09.9229937-04:00" endTime="2018-07-28T06:37:09.9229997-04:00" testType="13cdc9d9-ddb5-4fa4-a97d-d965ccfc6d4b" outcome="Passed" testListId="8c84fa94-04c1-424b-9868-57a2d4851a1d" relativeResultsDirectory="ce6fab24-172d-407b-b79f-4f6ec6e52c08" /><UnitTestResult executionId="ad969d6b-a108-4a12-b384-e9b2503ed5b5" testId="8664fce8-c403-45d9-a5ae-57d100fdd642" testName="Patch_TargetPropertyIsUpdated" computerName="VECTOR" duration="00:00:00.2000000" startTime="2018-07-28T06:37:09.8282746-04:00" endTime="2018-07-28T06:37:09.8282811-04:00" testType="13cdc9d9-ddb5-4fa4-a97d-d965ccfc6d4b" outcome="Passed" testListId="8c84fa94-04c1-424b-9868-57a2d4851a1d" relativeResultsDirectory="ad969d6b-a108-4a12-b384-e9b2503ed5b5" /><UnitTestResult executionId="edca6c8b-cc7e-488e-b47b-1de7d64f22d5" testId="97994f19-c540-4e28-b55a-f5052d97cbbf" testName="Patch_InvalidPropertyNameReturnsBadRequest" computerName="VECTOR" duration="00:00:00.0150000" startTime="2018-07-28T06:37:20.9586478-04:00" endTime="2018-07-28T06:37:20.9586526-04:00" testType="13cdc9d9-ddb5-4fa4-a97d-d965ccfc6d4b" outcome="Passed" testListId="8c84fa94-04c1-424b-9868-57a2d4851a1d" relativeResultsDirectory="edca6c8b-cc7e-488e-b47b-1de7d64f22d5" /><UnitTestResult executionId="d8fe7f24-500f-4d56-8f6d-ece7a9e2ed38" testId="09faaf0d-1f6f-4214-8e15-ec9cfb237902" testName="GetList_ListReturnsCorrectCount" computerName="VECTOR" duration="00:00:00.0190000" startTime="2018-07-28T06:37:23.8088884-04:00" endTime="2018-07-28T06:37:23.8088964-04:00" testType="13cdc9d9-ddb5-4fa4-a97d-d965ccfc6d4b" outcome="Passed" testListId="8c84fa94-04c1-424b-9868-57a2d4851a1d" relativeResultsDirectory="d8fe7f24-500f-4d56-8f6d-ece7a9e2ed38" /><UnitTestResult executionId="54162ec6-1fa4-43ef-b6ff-eecb0c9e4525" testId="28daeb1a-1e92-4501-b814-32478ad79e4c" testName="Post_ValidReferencePropertyCreatesModel" computerName="VECTOR" duration="00:00:00.0330000" startTime="2018-07-28T06:37:21.5206018-04:00" endTime="2018-07-28T06:37:21.5206075-04:00" testType="13cdc9d9-ddb5-4fa4-a97d-d965ccfc6d4b" outcome="Passed" testListId="8c84fa94-04c1-424b-9868-57a2d4851a1d" relativeResultsDirectory="54162ec6-1fa4-43ef-b6ff-eecb0c9e4525" /><UnitTestResult executionId="46df30a1-b5ab-412f-92d2-e59ee88815fc" testId="e7933e18-cfc2-42d1-8562-49d8f9e5ae25" testName="Patch_InvalidReferencePropertyReturnsBadRequest" computerName="VECTOR" duration="00:00:00.0170000" startTime="2018-07-28T06:37:24.0815965-04:00" endTime="2018-07-28T06:37:24.0816042-04:00" testType="13cdc9d9-ddb5-4fa4-a97d-d965ccfc6d4b" outcome="Passed" testListId="8c84fa94-04c1-424b-9868-57a2d4851a1d" relativeResultsDirectory="46df30a1-b5ab-412f-92d2-e59ee88815fc" /><UnitTestResult executionId="d12c3278-7c13-4a54-9ff1-fb498bedefea" testId="a421cc23-9238-4505-bfee-0aaca3c58230" testName="Put_CanUpdateModel" computerName="VECTOR" duration="00:00:00.0370000" startTime="2018-07-28T06:37:09.2597053-04:00" endTime="2018-07-28T06:37:09.2597116-04:00" testType="13cdc9d9-ddb5-4fa4-a97d-d965ccfc6d4b" outcome="Passed" testListId="8c84fa94-04c1-424b-9868-57a2d4851a1d" relativeResultsDirectory="d12c3278-7c13-4a54-9ff1-fb498bedefea" /><UnitTestResult executionId="3c73fedd-91f8-48d0-8a86-6dccaf36071a" testId="ef7ffe3b-1198-4436-b4a0-d496d0c05e91" testName="Post_ValidReferencePropertyCreatesModel" computerName="VECTOR" duration="00:00:00.0090000" startTime="2018-07-28T06:37:08.8318004-04:00" endTime="2018-07-28T06:37:08.8318070-04:00" testType="13cdc9d9-ddb5-4fa4-a97d-d965ccfc6d4b" outcome="Passed" testListId="8c84fa94-04c1-424b-9868-57a2d4851a1d" relativeResultsDirectory="3c73fedd-91f8-48d0-8a86-6dccaf36071a" /><UnitTestResult executionId="f1d7696c-3c05-4387-a84f-3adb660c89ad" testId="e4d17873-3552-455b-951b-166c8ffacda7" testName="Post_InvalidReferencePropertyReturnsBadRequest" computerName="VECTOR" duration="00:00:00.2960000" startTime="2018-07-28T06:37:09.6279644-04:00" endTime="2018-07-28T06:37:09.6279704-04:00" testType="13cdc9d9-ddb5-4fa4-a97d-d965ccfc6d4b" outcome="Passed" testListId="8c84fa94-04c1-424b-9868-57a2d4851a1d" relativeResultsDirectory="f1d7696c-3c05-4387-a84f-3adb660c89ad" /><UnitTestResult executionId="cd6fa715-363a-4200-a650-e9837df1bfb7" testId="14385768-10e4-497f-b3d1-1321782b4f1e" testName="GetSingle_ValidIdPropertyValueReturnsCorrectModel" computerName="VECTOR" duration="00:00:00.0170000" startTime="2018-07-28T06:37:21.3730184-04:00" endTime="2018-07-28T06:37:21.3730246-04:00" testType="13cdc9d9-ddb5-4fa4-a97d-d965ccfc6d4b" outcome="Passed" testListId="8c84fa94-04c1-424b-9868-57a2d4851a1d" relativeResultsDirectory="cd6fa715-363a-4200-a650-e9837df1bfb7" /><UnitTestResult executionId="97000354-d0c5-46fb-8f7b-4b5231af29b6" testId="f7dd7670-9b27-481e-b960-0d0ad91ba10e" testName="GetSingle_ValidIdPropertyValueReturnsCorrectModel" computerName="VECTOR" duration="00:00:00.0120000" startTime="2018-07-28T06:37:11.9090263-04:00" endTime="2018-07-28T06:37:11.9090311-04:00" testType="13cdc9d9-ddb5-4fa4-a97d-d965ccfc6d4b" outcome="Passed" testListId="8c84fa94-04c1-424b-9868-57a2d4851a1d" relativeResultsDirectory="97000354-d0c5-46fb-8f7b-4b5231af29b6" /><UnitTestResult executionId="204aa5f7-bbb1-47e7-9c60-f166fb1504a8" testId="b129563f-1d96-4ff5-9d21-c3d95139e6e5" testName="PostFile_FileTimeStampIsUpdatedAfterFileIsPosted" computerName="VECTOR" duration="00:00:00.0100000" startTime="2018-07-28T06:37:10.3325979-04:00" endTime="2018-07-28T06:37:10.3326022-04:00" testType="13cdc9d9-ddb5-4fa4-a97d-d965ccfc6d4b" outcome="Passed" testListId="8c84fa94-04c1-424b-9868-57a2d4851a1d" relativeResultsDirectory="204aa5f7-bbb1-47e7-9c60-f166fb1504a8" /><UnitTestResult executionId="65ba1175-f4f0-4f11-8e8a-f3e5a2285134" testId="859d94b6-2383-4a9d-a5cd-c20d85eef1dc" testName="Put_InvalidIdReturnsNotFound" computerName="VECTOR" duration="00:00:00.0440000" startTime="2018-07-28T06:37:09.1895327-04:00" endTime="2018-07-28T06:37:09.1895392-04:00" testType="13cdc9d9-ddb5-4fa4-a97d-d965ccfc6d4b" outcome="Passed" testListId="8c84fa94-04c1-424b-9868-57a2d4851a1d" relativeResultsDirectory="65ba1175-f4f0-4f11-8e8a-f3e5a2285134" /><UnitTestResult executionId="7f1524b9-c6fb-4954-9a82-f5f4fe5e4ee1" testId="ffbef15f-502b-471f-8a25-ff7c982da3e5" testName="Post_InvalidReferencePropertyReturnsBadRequest" computerName="VECTOR" duration="00:00:00.0070000" startTime="2018-07-28T06:37:08.8391891-04:00" endTime="2018-07-28T06:37:08.8391934-04:00" testType="13cdc9d9-ddb5-4fa4-a97d-d965ccfc6d4b" outcome="Passed" testListId="8c84fa94-04c1-424b-9868-57a2d4851a1d" relativeResultsDirectory="7f1524b9-c6fb-4954-9a82-f5f4fe5e4ee1" /><UnitTestResult executionId="647a23fd-6699-494f-97a7-e42eaf20c304" testId="756804cc-8366-48ea-9d7e-051b4292519b" testName="GetFile_ExistingFileReturnsSuccess" computerName="VECTOR" duration="00:00:00.1400000" startTime="2018-07-28T06:37:10.7978729-04:00" endTime="2018-07-28T06:37:10.7978803-04:00" testType="13cdc9d9-ddb5-4fa4-a97d-d965ccfc6d4b" outcome="Passed" testListId="8c84fa94-04c1-424b-9868-57a2d4851a1d" relativeResultsDirectory="647a23fd-6699-494f-97a7-e42eaf20c304" /><UnitTestResult executionId="fd20ce6e-a7d1-4da9-a841-c16dd058d8c5" testId="664986da-405e-4ff2-a7aa-652ed480d62a" testName="Put_InvalidReferencePropertyReturndBadRequest" computerName="VECTOR" duration="00:00:00.0310000" startTime="2018-07-28T06:37:10.3221623-04:00" endTime="2018-07-28T06:37:10.3221714-04:00" testType="13cdc9d9-ddb5-4fa4-a97d-d965ccfc6d4b" outcome="Passed" testListId="8c84fa94-04c1-424b-9868-57a2d4851a1d" relativeResultsDirectory="fd20ce6e-a7d1-4da9-a841-c16dd058d8c5" /><UnitTestResult executionId="e99d08f2-54b0-4bf0-b00e-6cd7d349a4a2" testId="be5bb244-0d72-4bd6-a855-173b112f99c6" testName="Post_CanCreateNewModel" computerName="VECTOR" duration="00:00:00.0210000" startTime="2018-07-28T06:37:11.5265061-04:00" endTime="2018-07-28T06:37:11.5265132-04:00" testType="13cdc9d9-ddb5-4fa4-a97d-d965ccfc6d4b" outcome="Passed" testListId="8c84fa94-04c1-424b-9868-57a2d4851a1d" relativeResultsDirectory="e99d08f2-54b0-4bf0-b00e-6cd7d349a4a2" /><UnitTestResult executionId="920807c1-fd49-4397-b4a8-f1eebe6608fa" testId="ff69485a-89f6-4929-9002-139fc19ff5bd" testName="GetFile_NonExistentFileReturnsNotFound" computerName="VECTOR" duration="00:00:00.0350000" startTime="2018-07-28T06:37:14.7562191-04:00" endTime="2018-07-28T06:37:14.7562246-04:00" testType="13cdc9d9-ddb5-4fa4-a97d-d965ccfc6d4b" outcome="Passed" testListId="8c84fa94-04c1-424b-9868-57a2d4851a1d" relativeResultsDirectory="920807c1-fd49-4397-b4a8-f1eebe6608fa" /><UnitTestResult executionId="0977c734-eecd-41b3-82cb-a42b789b6e52" testId="e17bfc6d-4b1f-480b-af00-359c268f496f" testName="Patch_InvalidEnumPropertyValueReturnsBadRequest" computerName="VECTOR" duration="00:00:00.0260000" startTime="2018-07-28T06:37:20.9222848-04:00" endTime="2018-07-28T06:37:20.9222908-04:00" testType="13cdc9d9-ddb5-4fa4-a97d-d965ccfc6d4b" outcome="Passed" testListId="8c84fa94-04c1-424b-9868-57a2d4851a1d" relativeResultsDirectory="0977c734-eecd-41b3-82cb-a42b789b6e52" /><UnitTestResult executionId="1609ff4f-e9b8-40b1-946e-23c499327ed7" testId="6e741531-c0bc-4476-8773-f0c6a95e784d" testName="PutFile_FileCanBeUpdated" computerName="VECTOR" duration="00:00:00.1730000" startTime="2018-07-28T06:37:10.6572864-04:00" endTime="2018-07-28T06:37:10.6572926-04:00" testType="13cdc9d9-ddb5-4fa4-a97d-d965ccfc6d4b" outcome="Passed" testListId="8c84fa94-04c1-424b-9868-57a2d4851a1d" relativeResultsDirectory="1609ff4f-e9b8-40b1-946e-23c499327ed7" /><UnitTestResult executionId="56f55fb7-84f8-4e88-9ba2-1beb06a88fbe" testId="b843069d-1251-4630-9dcf-7f3775c5496f" testName="Patch_InvalidEnumPropertyValueReturnsBadRequest" computerName="VECTOR" duration="00:00:00.0080000" startTime="2018-07-28T06:37:11.7250798-04:00" endTime="2018-07-28T06:37:11.7250847-04:00" testType="13cdc9d9-ddb5-4fa4-a97d-d965ccfc6d4b" outcome="Passed" testListId="8c84fa94-04c1-424b-9868-57a2d4851a1d" relativeResultsDirectory="56f55fb7-84f8-4e88-9ba2-1beb06a88fbe" /><UnitTestResult executionId="3cc8d293-a0d2-47ff-82d0-a70201028613" testId="5d80ff32-a5da-46fb-85ac-4d5f06255700" testName="Patch_MultipleInvalidReferencePropertiesReturnsMultipleValidationErrorsAndBadRequest" computerName="VECTOR" duration="00:00:00.0250000" startTime="2018-07-28T06:37:23.9673339-04:00" endTime="2018-07-28T06:37:23.9673396-04:00" testType="13cdc9d9-ddb5-4fa4-a97d-d965ccfc6d4b" outcome="Passed" testListId="8c84fa94-04c1-424b-9868-57a2d4851a1d" relativeResultsDirectory="3cc8d293-a0d2-47ff-82d0-a70201028613" /><UnitTestResult executionId="34925178-6467-4cd4-996c-5988c48abffb" testId="0bb205d4-7cb1-48c6-bf59-0218c2c4f8e5" testName="GetSingle_ValidIdPropertyValueReturnsCorrectModel" computerName="VECTOR" duration="00:00:00.0300000" startTime="2018-07-28T06:37:14.6636116-04:00" endTime="2018-07-28T06:37:14.6636170-04:00" testType="13cdc9d9-ddb5-4fa4-a97d-d965ccfc6d4b" outcome="Passed" testListId="8c84fa94-04c1-424b-9868-57a2d4851a1d" relativeResultsDirectory="34925178-6467-4cd4-996c-5988c48abffb" /><UnitTestResult executionId="c5142ca6-1228-4359-956b-9d0e4feba18b" testId="8bc37c73-3514-46d0-bfc4-25eeccf62c7e" testName="Patch_InvalidIdPropertyReturnsNotFound" computerName="VECTOR" duration="00:00:00.0150000" startTime="2018-07-28T06:37:23.9828615-04:00" endTime="2018-07-28T06:37:23.9828666-04:00" testType="13cdc9d9-ddb5-4fa4-a97d-d965ccfc6d4b" outcome="Passed" testListId="8c84fa94-04c1-424b-9868-57a2d4851a1d" relativeResultsDirectory="c5142ca6-1228-4359-956b-9d0e4feba18b" /><UnitTestResult executionId="6d160c7d-1ce5-4e09-b122-ded9572a0466" testId="4e0e2f3e-af28-481c-a3f5-c0f344a6ec31" testName="FileRequest_DepthBufferIsInvalidatedAfterCameraDependencyPropertyChange" computerName="VECTOR" duration="00:00:00.3070000" startTime="2018-07-28T06:37:23.4048824-04:00" endTime="2018-07-28T06:37:23.4048887-04:00" testType="13cdc9d9-ddb5-4fa4-a97d-d965ccfc6d4b" outcome="Passed" testListId="8c84fa94-04c1-424b-9868-57a2d4851a1d" relativeResultsDirectory="6d160c7d-1ce5-4e09-b122-ded9572a0466" /><UnitTestResult executionId="aa2c0f16-38b6-4db6-ad56-2bba56e760b9" testId="77c16c51-e0d5-43c8-bd5f-d781ef8300dc" testName="Put_InvalidReferencePropertyReturndBadRequest" computerName="VECTOR" duration="00:00:00.0220000" startTime="2018-07-28T06:37:23.9204683-04:00" endTime="2018-07-28T06:37:23.9204745-04:00" testType="13cdc9d9-ddb5-4fa4-a97d-d965ccfc6d4b" outcome="Passed" testListId="8c84fa94-04c1-424b-9868-57a2d4851a1d" relativeResultsDirectory="aa2c0f16-38b6-4db6-ad56-2bba56e760b9" /><UnitTestResult executionId="f0ca6913-f6c5-4fa3-b13f-6a8e02b72a59" testId="ea543e69-b77e-4f42-860a-0b230b0fee14" testName="GetFile_NonExistentFileReturnsNotFound" computerName="VECTOR" duration="00:00:00.0170000" startTime="2018-07-28T06:37:23.4225174-04:00" endTime="2018-07-28T06:37:23.4225239-04:00" testType="13cdc9d9-ddb5-4fa4-a97d-d965ccfc6d4b" outcome="Passed" testListId="8c84fa94-04c1-424b-9868-57a2d4851a1d" relativeResultsDirectory="f0ca6913-f6c5-4fa3-b13f-6a8e02b72a59" /><UnitTestResult executionId="ab4a253b-80d4-46cf-9e8b-9728ab302c37" testId="54b35955-5394-4c5c-ad0c-fd067fbafbd9" testName="GetFile_ExistingFileReturnsSuccess" computerName="VECTOR" duration="00:00:00.0320000" startTime="2018-07-28T06:37:17.1764909-04:00" endTime="2018-07-28T06:37:17.1764980-04:00" testType="13cdc9d9-ddb5-4fa4-a97d-d965ccfc6d4b" outcome="Passed" testListId="8c84fa94-04c1-424b-9868-57a2d4851a1d" relativeResultsDirectory="ab4a253b-80d4-46cf-9e8b-9728ab302c37" /><UnitTestResult executionId="9e8c0cfe-1b79-4198-a413-b47d5215beca" testId="c3251de6-65ed-41f8-ab46-6f07c16fcb5f" testName="GetSingle_ValidIdPropertyValueReturnsCorrectModel" computerName="VECTOR" duration="00:00:00.0110000" startTime="2018-07-28T06:37:09.2005377-04:00" endTime="2018-07-28T06:37:09.2005442-04:00" testType="13cdc9d9-ddb5-4fa4-a97d-d965ccfc6d4b" outcome="Passed" testListId="8c84fa94-04c1-424b-9868-57a2d4851a1d" relativeResultsDirectory="9e8c0cfe-1b79-4198-a413-b47d5215beca" /><UnitTestResult executionId="530f3496-5403-480a-96be-82601524a38c" testId="cbc6972d-de45-4d70-b3bc-cff2db320b58" testName="Patch_ValidReferencePropertyUpdatesModel" computerName="VECTOR" duration="00:00:00.0550000" startTime="2018-07-28T06:37:11.7801097-04:00" endTime="2018-07-28T06:37:11.7801159-04:00" testType="13cdc9d9-ddb5-4fa4-a97d-d965ccfc6d4b" outcome="Passed" testListId="8c84fa94-04c1-424b-9868-57a2d4851a1d" relativeResultsDirectory="530f3496-5403-480a-96be-82601524a38c" /><UnitTestResult executionId="bd3aca56-9925-4543-90b2-9a2f1f14cbba" testId="728409eb-2cb5-4f70-875f-812bd2de96dd" testName="Post_ValidReferencePropertyCreatesModel" computerName="VECTOR" duration="00:00:00.0330000" startTime="2018-07-28T06:37:14.5923311-04:00" endTime="2018-07-28T06:37:14.5923374-04:00" testType="13cdc9d9-ddb5-4fa4-a97d-d965ccfc6d4b" outcome="Passed" testListId="8c84fa94-04c1-424b-9868-57a2d4851a1d" relativeResultsDirectory="bd3aca56-9925-4543-90b2-9a2f1f14cbba" /></Results><TestDefinitions><UnitTest name="Patch_TargetPropertyIsUpdated" storage="d:\users\steve knipmeyer\documents\github\modelrelief\modelrelief.test\bin\debug\netcoreapp2.0\modelrelief.test.dll" id="0a780df5-11d4-4c63-a6ed-428f7fa5b299"><Execution id="79136aba-b84a-4ccb-abbd-25d26d7fdbfd" /><TestMethod codeBase="D:\Users\Steve Knipmeyer\Documents\GitHub\ModelRelief\ModelRelief.test\bin\Debug\netcoreapp2.0\ModelRelief.Test.dll" adapterTypeName="executor://xunit/VsTestRunner2/netcoreapp" className="ModelRelief.Test.Integration.DepthBuffers.DepthBuffersBaseIntegrationTests" name="Patch_TargetPropertyIsUpdated" /></UnitTest><UnitTest name="GetFile_ExistingFileReturnsSuccess" storage="d:\users\steve knipmeyer\documents\github\modelrelief\modelrelief.test\bin\debug\netcoreapp2.0\modelrelief.test.dll" id="54b35955-5394-4c5c-ad0c-fd067fbafbd9"><Execution id="ab4a253b-80d4-46cf-9e8b-9728ab302c37" /><TestMethod codeBase="D:\Users\Steve Knipmeyer\Documents\GitHub\ModelRelief\ModelRelief.test\bin\Debug\netcoreapp2.0\ModelRelief.Test.dll" adapterTypeName="executor://xunit/VsTestRunner2/netcoreapp" className="ModelRelief.Test.Integration.Meshes.MeshesFileIntegrationTests" name="GetFile_ExistingFileReturnsSuccess" /></UnitTest><UnitTest name="PostFile_FileIsSynchronizedIsUpdatedAfterFileIsPosted" storage="d:\users\steve knipmeyer\documents\github\modelrelief\modelrelief.test\bin\debug\netcoreapp2.0\modelrelief.test.dll" id="ad9274fb-8357-448d-9752-8e4f0f2533d4"><Execution id="3bc1fdaf-e025-4d7d-bad4-a4823fffb319" /><TestMethod codeBase="D:\Users\Steve Knipmeyer\Documents\GitHub\ModelRelief\ModelRelief.test\bin\Debug\netcoreapp2.0\ModelRelief.Test.dll" adapterTypeName="executor://xunit/VsTestRunner2/netcoreapp" className="ModelRelief.Test.Integration.Meshes.MeshesFileIntegrationTests" name="PostFile_FileIsSynchronizedIsUpdatedAfterFileIsPosted" /></UnitTest><UnitTest name="GetFile_NonExistentFileReturnsNotFound" storage="d:\users\steve knipmeyer\documents\github\modelrelief\modelrelief.test\bin\debug\netcoreapp2.0\modelrelief.test.dll" id="ea543e69-b77e-4f42-860a-0b230b0fee14"><Execution id="f0ca6913-f6c5-4fa3-b13f-6a8e02b72a59" /><TestMethod codeBase="D:\Users\Steve Knipmeyer\Documents\GitHub\ModelRelief\ModelRelief.test\bin\Debug\netcoreapp2.0\ModelRelief.Test.dll" adapterTypeName="executor://xunit/VsTestRunner2/netcoreapp" className="ModelRelief.Test.Integration.DepthBuffers.DepthBuffersFileIntegrationTests" name="GetFile_NonExistentFileReturnsNotFound" /></UnitTest><UnitTest name="GetSingle_ValidIdPropertyValueReturnsCorrectModel" storage="d:\users\steve knipmeyer\documents\github\modelrelief\modelrelief.test\bin\debug\netcoreapp2.0\modelrelief.test.dll" id="0bb205d4-7cb1-48c6-bf59-0218c2c4f8e5"><Execution id="34925178-6467-4cd4-996c-5988c48abffb" /><TestMethod codeBase="D:\Users\Steve Knipmeyer\Documents\GitHub\ModelRelief\ModelRelief.test\bin\Debug\netcoreapp2.0\ModelRelief.Test.dll" adapterTypeName="executor://xunit/VsTestRunner2/netcoreapp" className="ModelRelief.Test.Integration.Meshes.MeshesBaseIntegrationTests" name="GetSingle_ValidIdPropertyValueReturnsCorrectModel" /></UnitTest><UnitTest name="PostFile_NewFileCanBePosted" storage="d:\users\steve knipmeyer\documents\github\modelrelief\modelrelief.test\bin\debug\netcoreapp2.0\modelrelief.test.dll" id="1eb79e2a-f47e-4d8a-a66e-b6ec70c4271d"><Execution id="704b7377-d03e-47e3-9e3c-5434f3b7782b" /><TestMethod codeBase="D:\Users\Steve Knipmeyer\Documents\GitHub\ModelRelief\ModelRelief.test\bin\Debug\netcoreapp2.0\ModelRelief.Test.dll" adapterTypeName="executor://xunit/VsTestRunner2/netcoreapp" className="ModelRelief.Test.Integration.Models.ModelsFileIntegrationTests" name="PostFile_NewFileCanBePosted" /></UnitTest><UnitTest name="Patch_TargetPropertyIsUpdated" storage="d:\users\steve knipmeyer\documents\github\modelrelief\modelrelief.test\bin\debug\netcoreapp2.0\modelrelief.test.dll" id="8664fce8-c403-45d9-a5ae-57d100fdd642"><Execution id="ad969d6b-a108-4a12-b384-e9b2503ed5b5" /><TestMethod codeBase="D:\Users\Steve Knipmeyer\Documents\GitHub\ModelRelief\ModelRelief.test\bin\Debug\netcoreapp2.0\ModelRelief.Test.dll" adapterTypeName="executor://xunit/VsTestRunner2/netcoreapp" className="ModelRelief.Test.Integration.Models.ModelsBaseIntegrationTests" name="Patch_TargetPropertyIsUpdated" /></UnitTest><UnitTest name="Patch_InvalidIdPropertyReturnsNotFound" storage="d:\users\steve knipmeyer\documents\github\modelrelief\modelrelief.test\bin\debug\netcoreapp2.0\modelrelief.test.dll" id="ed1dfdfe-b842-4e05-8330-4728c19e653d"><Execution id="41fd6d41-7d27-4ee1-bfc6-677e05479b8c" /><TestMethod codeBase="D:\Users\Steve Knipmeyer\Documents\GitHub\ModelRelief\ModelRelief.test\bin\Debug\netcoreapp2.0\ModelRelief.Test.dll" adapterTypeName="executor://xunit/VsTestRunner2/netcoreapp" className="ModelRelief.Test.Integration.Meshes.MeshesBaseIntegrationTests" name="Patch_InvalidIdPropertyReturnsNotFound" /></UnitTest><UnitTest name="Post_InvalidReferencePropertyReturnsBadRequest" storage="d:\users\steve knipmeyer\documents\github\modelrelief\modelrelief.test\bin\debug\netcoreapp2.0\modelrelief.test.dll" id="fc4e4a7a-343c-4ec1-8943-6d5ee2184859"><Execution id="b5f29bd7-f43d-4364-b5c6-a7e722ab6a60" /><TestMethod codeBase="D:\Users\Steve Knipmeyer\Documents\GitHub\ModelRelief\ModelRelief.test\bin\Debug\netcoreapp2.0\ModelRelief.Test.dll" adapterTypeName="executor://xunit/VsTestRunner2/netcoreapp" className="ModelRelief.Test.Integration.MeshTransforms.MeshTransformsBaseIntegrationTests" name="Post_InvalidReferencePropertyReturnsBadRequest" /></UnitTest><UnitTest name="Post_InvalidReferencePropertyReturnsBadRequest" storage="d:\users\steve knipmeyer\documents\github\modelrelief\modelrelief.test\bin\debug\netcoreapp2.0\modelrelief.test.dll" id="ffbef15f-502b-471f-8a25-ff7c982da3e5"><Execution id="7f1524b9-c6fb-4954-9a82-f5f4fe5e4ee1" /><TestMethod codeBase="D:\Users\Steve Knipmeyer\Documents\GitHub\ModelRelief\ModelRelief.test\bin\Debug\netcoreapp2.0\ModelRelief.Test.dll" adapterTypeName="executor://xunit/VsTestRunner2/netcoreapp" className="ModelRelief.Test.Integration.Projects.ProjectsBaseIntegrationTests" name="Post_InvalidReferencePropertyReturnsBadRequest" /></UnitTest><UnitTest name="Post_ValidReferencePropertyCreatesModel" storage="d:\users\steve knipmeyer\documents\github\modelrelief\modelrelief.test\bin\debug\netcoreapp2.0\modelrelief.test.dll" id="483c00f5-1d1a-4ca9-86fd-b68fdda923a7"><Execution id="6745e534-9db0-4ae8-bcc4-8286cd00edfa" /><TestMethod codeBase="D:\Users\Steve Knipmeyer\Documents\GitHub\ModelRelief\ModelRelief.test\bin\Debug\netcoreapp2.0\ModelRelief.Test.dll" adapterTypeName="executor://xunit/VsTestRunner2/netcoreapp" className="ModelRelief.Test.Integration.Cameras.CamerasBaseIntegrationTests" name="Post_ValidReferencePropertyCreatesModel" /></UnitTest><UnitTest name="Put_InvalidIdReturnsNotFound" storage="d:\users\steve knipmeyer\documents\github\modelrelief\modelrelief.test\bin\debug\netcoreapp2.0\modelrelief.test.dll" id="859d94b6-2383-4a9d-a5cd-c20d85eef1dc"><Execution id="65ba1175-f4f0-4f11-8e8a-f3e5a2285134" /><TestMethod codeBase="D:\Users\Steve Knipmeyer\Documents\GitHub\ModelRelief\ModelRelief.test\bin\Debug\netcoreapp2.0\ModelRelief.Test.dll" adapterTypeName="executor://xunit/VsTestRunner2/netcoreapp" className="ModelRelief.Test.Integration.Projects.ProjectsBaseIntegrationTests" name="Put_InvalidIdReturnsNotFound" /></UnitTest><UnitTest name="Put_InvalidReferencePropertyReturndBadRequest" storage="d:\users\steve knipmeyer\documents\github\modelrelief\modelrelief.test\bin\debug\netcoreapp2.0\modelrelief.test.dll" id="b49c3a93-d4f9-4662-ac6a-a385c15bc982"><Execution id="807d04fe-5005-44d8-8e3a-8c0436542eaf" /><TestMethod codeBase="D:\Users\Steve Knipmeyer\Documents\GitHub\ModelRelief\ModelRelief.test\bin\Debug\netcoreapp2.0\ModelRelief.Test.dll" adapterTypeName="executor://xunit/VsTestRunner2/netcoreapp" className="ModelRelief.Test.Integration.MeshTransforms.MeshTransformsBaseIntegrationTests" name="Put_InvalidReferencePropertyReturndBadRequest" /></UnitTest><UnitTest name="Post_InvalidPropertyValueReturnsBadRequest" storage="d:\users\steve knipmeyer\documents\github\modelrelief\modelrelief.test\bin\debug\netcoreapp2.0\modelrelief.test.dll" id="1a8330f3-bd44-4440-a569-acd265883dcc"><Execution id="dd4e1366-0e58-4c47-9601-cf503e8a7da1" /><TestMethod codeBase="D:\Users\Steve Knipmeyer\Documents\GitHub\ModelRelief\ModelRelief.test\bin\Debug\netcoreapp2.0\ModelRelief.Test.dll" adapterTypeName="executor://xunit/VsTestRunner2/netcoreapp" className="ModelRelief.Test.Integration.Models.ModelsBaseIntegrationTests" name="Post_InvalidPropertyValueReturnsBadRequest" /></UnitTest><UnitTest name="Patch_TargetPropertyIsUpdated" storage="d:\users\steve knipmeyer\documents\github\modelrelief\modelrelief.test\bin\debug\netcoreapp2.0\modelrelief.test.dll" id="bb96dbfd-f458-47cc-880c-eae6715de631"><Execution id="1b76e8b8-acd4-488f-814a-82e79cfb1d55" /><TestMethod codeBase="D:\Users\Steve Knipmeyer\Documents\GitHub\ModelRelief\ModelRelief.test\bin\Debug\netcoreapp2.0\ModelRelief.Test.dll" adapterTypeName="executor://xunit/VsTestRunner2/netcoreapp" className="ModelRelief.Test.Integration.Cameras.CamerasBaseIntegrationTests" name="Patch_TargetPropertyIsUpdated" /></UnitTest><UnitTest name="Patch_InvalidPropertyNameReturnsBadRequest" storage="d:\users\steve knipmeyer\documents\github\modelrelief\modelrelief.test\bin\debug\netcoreapp2.0\modelrelief.test.dll" id="97994f19-c540-4e28-b55a-f5052d97cbbf"><Execution id="edca6c8b-cc7e-488e-b47b-1de7d64f22d5" /><TestMethod codeBase="D:\Users\Steve Knipmeyer\Documents\GitHub\ModelRelief\ModelRelief.test\bin\Debug\netcoreapp2.0\ModelRelief.Test.dll" adapterTypeName="executor://xunit/VsTestRunner2/netcoreapp" className="ModelRelief.Test.Integration.DepthBuffers.DepthBuffersBaseIntegrationTests" name="Patch_InvalidPropertyNameReturnsBadRequest" /></UnitTest><UnitTest name="Patch_InvalidIdPropertyReturnsNotFound" storage="d:\users\steve knipmeyer\documents\github\modelrelief\modelrelief.test\bin\debug\netcoreapp2.0\modelrelief.test.dll" id="af595e51-e7f3-4399-affa-0590e60c09ae"><Execution id="e172f39c-7b29-4a79-974f-e7b23160b9d2" /><TestMethod codeBase="D:\Users\Steve Knipmeyer\Documents\GitHub\ModelRelief\ModelRelief.test\bin\Debug\netcoreapp2.0\ModelRelief.Test.dll" adapterTypeName="executor://xunit/VsTestRunner2/netcoreapp" className="ModelRelief.Test.Integration.Projects.ProjectsBaseIntegrationTests" name="Patch_InvalidIdPropertyReturnsNotFound" /></UnitTest><UnitTest name="FileRequest_DepthBufferIsInvalidatedAfterCameraDependencyPropertyChange" storage="d:\users\steve knipmeyer\documents\github\modelrelief\modelrelief.test\bin\debug\netcoreapp2.0\modelrelief.test.dll" id="4e0e2f3e-af28-481c-a3f5-c0f344a6ec31"><Execution id="6d160c7d-1ce5-4e09-b122-ded9572a0466" /><TestMethod codeBase="D:\Users\Steve Knipmeyer\Documents\GitHub\ModelRelief\ModelRelief.test\bin\Debug\netcoreapp2.0\ModelRelief.Test.dll" adapterTypeName="executor://xunit/VsTestRunner2/netcoreapp" className="ModelRelief.Test.Integration.DepthBuffers.DepthBuffersFileIntegrationTests" name="FileRequest_DepthBufferIsInvalidatedAfterCameraDependencyPropertyChange" /></UnitTest><UnitTest name="Delete_TargetModelIsDeleted" storage="d:\users\steve knipmeyer\documents\github\modelrelief\modelrelief.test\bin\debug\netcoreapp2.0\modelrelief.test.dll" id="eee31e01-a955-4013-a411-d7765ea78a84"><Execution id="0ce49ae5-e659-44dc-8ae1-8b4d2e00565d" /><TestMethod codeBase="D:\Users\Steve Knipmeyer\Documents\GitHub\ModelRelief\ModelRelief.test\bin\Debug\netcoreapp2.0\ModelRelief.Test.dll" adapterTypeName="executor://xunit/VsTestRunner2/netcoreapp" className="ModelRelief.Test.Integration.Models.ModelsBaseIntegrationTests" name="Delete_TargetModelIsDeleted" /></UnitTest><UnitTest name="Put_InvalidIdReturnsNotFound" storage="d:\users\steve knipmeyer\documents\github\modelrelief\modelrelief.test\bin\debug\netcoreapp2.0\modelrelief.test.dll" id="1e3d22ec-91d7-479a-bc25-acafa8a04c0e"><Execution id="2dcffcf4-d276-45a2-9f14-7697dbbed4fb" /><TestMethod codeBase="D:\Users\Steve Knipmeyer\Documents\GitHub\ModelRelief\ModelRelief.test\bin\Debug\netcoreapp2.0\ModelRelief.Test.dll" adapterTypeName="executor://xunit/VsTestRunner2/netcoreapp" className="ModelRelief.Test.Integration.Cameras.CamerasBaseIntegrationTests" name="Put_InvalidIdReturnsNotFound" /></UnitTest><UnitTest name="Put_InvalidReferencePropertyReturndBadRequest" storage="d:\users\steve knipmeyer\documents\github\modelrelief\modelrelief.test\bin\debug\netcoreapp2.0\modelrelief.test.dll" id="9227b655-eaec-47e3-8db7-b9a682bb1dcc"><Execution id="25c2c26c-6c4f-4402-9927-0bfe56c07337" /><TestMethod codeBase="D:\Users\Steve Knipmeyer\Documents\GitHub\ModelRelief\ModelRelief.test\bin\Debug\netcoreapp2.0\ModelRelief.Test.dll" adapterTypeName="executor://xunit/VsTestRunner2/netcoreapp" className="ModelRelief.Test.Integration.Meshes.MeshesBaseIntegrationTests" name="Put_InvalidReferencePropertyReturndBadRequest" /></UnitTest><UnitTest name="Post_CanCreateNewModel" storage="d:\users\steve knipmeyer\documents\github\modelrelief\modelrelief.test\bin\debug\netcoreapp2.0\modelrelief.test.dll" id="365bf0f5-4276-4e4e-a3c0-e36f4c699c22"><Execution id="64469d38-b9b1-4db4-b383-e881707d59ee" /><TestMethod codeBase="D:\Users\Steve Knipmeyer\Documents\GitHub\ModelRelief\ModelRelief.test\bin\Debug\netcoreapp2.0\ModelRelief.Test.dll" adapterTypeName="executor://xunit/VsTestRunner2/netcoreapp" className="ModelRelief.Test.Integration.Models.ModelsBaseIntegrationTests" name="Post_CanCreateNewModel" /></UnitTest><UnitTest name="Patch_InvalidPropertyNameReturnsBadRequest" storage="d:\users\steve knipmeyer\documents\github\modelrelief\modelrelief.test\bin\debug\netcoreapp2.0\modelrelief.test.dll" id="e99afbe3-0f6e-4124-a662-81cebe4f1bf5"><Execution id="7bf111de-702e-46c0-9d1f-6723bb311d55" /><TestMethod codeBase="D:\Users\Steve Knipmeyer\Documents\GitHub\ModelRelief\ModelRelief.test\bin\Debug\netcoreapp2.0\ModelRelief.Test.dll" adapterTypeName="executor://xunit/VsTestRunner2/netcoreapp" className="ModelRelief.Test.Integration.Meshes.MeshesBaseIntegrationTests" name="Patch_InvalidPropertyNameReturnsBadRequest" /></UnitTest><UnitTest name="PutFile_NewFileCanBePut" storage="d:\users\steve knipmeyer\documents\github\modelrelief\modelrelief.test\bin\debug\netcoreapp2.0\modelrelief.test.dll" id="6409be5b-89c8-47a1-8b52-7d74b4de4c0b"><Execution id="ca5ed946-7ca9-4401-961c-26b06af877b8" /><TestMethod codeBase="D:\Users\Steve Knipmeyer\Documents\GitHub\ModelRelief\ModelRelief.test\bin\Debug\netcoreapp2.0\ModelRelief.Test.dll" adapterTypeName="executor://xunit/VsTestRunner2/netcoreapp" className="ModelRelief.Test.Integration.DepthBuffers.DepthBuffersFileIntegrationTests" name="PutFile_NewFileCanBePut" /></UnitTest><UnitTest name="GetSingle_InvalidIdPropertyValueReturnsNotFound" storage="d:\users\steve knipmeyer\documents\github\modelrelief\modelrelief.test\bin\debug\netcoreapp2.0\modelrelief.test.dll" id="5238f7f9-f620-4856-a21c-d27c3813cdef"><Execution id="dffbd5bf-09a5-45ac-9ce2-9f25ca13f686" /><TestMethod codeBase="D:\Users\Steve Knipmeyer\Documents\GitHub\ModelRelief\ModelRelief.test\bin\Debug\netcoreapp2.0\ModelRelief.Test.dll" adapterTypeName="executor://xunit/VsTestRunner2/netcoreapp" className="ModelRelief.Test.Integration.Cameras.CamerasBaseIntegrationTests" name="GetSingle_InvalidIdPropertyValueReturnsNotFound" /></UnitTest><UnitTest name="PostFile_NewFileCanBePosted" storage="d:\users\steve knipmeyer\documents\github\modelrelief\modelrelief.test\bin\debug\netcoreapp2.0\modelrelief.test.dll" id="b07f4fd4-3224-42b9-8a84-adda841c47d1"><Execution id="896bbb4e-d4f6-41aa-bade-80ed83cc1d50" /><TestMethod codeBase="D:\Users\Steve Knipmeyer\Documents\GitHub\ModelRelief\ModelRelief.test\bin\Debug\netcoreapp2.0\ModelRelief.Test.dll" adapterTypeName="executor://xunit/VsTestRunner2/netcoreapp" className="ModelRelief.Test.Integration.Meshes.MeshesFileIntegrationTests" name="PostFile_NewFileCanBePosted" /></UnitTest><UnitTest name="PostFile_FileTimeStampIsUpdatedAfterFileIsPosted" storage="d:\users\steve knipmeyer\documents\github\modelrelief\modelrelief.test\bin\debug\netcoreapp2.0\modelrelief.test.dll" id="94f51dae-864e-4a1c-b619-f00dba7e79e5"><Execution id="2dee1298-c7fc-4b56-8384-16dadf733b93" /><TestMethod codeBase="D:\Users\Steve Knipmeyer\Documents\GitHub\ModelRelief\ModelRelief.test\bin\Debug\netcoreapp2.0\ModelRelief.Test.dll" adapterTypeName="executor://xunit/VsTestRunner2/netcoreapp" className="ModelRelief.Test.Integration.DepthBuffers.DepthBuffersFileIntegrationTests" name="PostFile_FileTimeStampIsUpdatedAfterFileIsPosted" /></UnitTest><UnitTest name="Patch_ValidReferencePropertyUpdatesModel" storage="d:\users\steve knipmeyer\documents\github\modelrelief\modelrelief.test\bin\debug\netcoreapp2.0\modelrelief.test.dll" id="093b1b14-9f6c-477a-9bf5-3e2455a5f41f"><Execution id="10bd33d7-350a-4563-9ea4-6e1a1439166d" /><TestMethod codeBase="D:\Users\Steve Knipmeyer\Documents\GitHub\ModelRelief\ModelRelief.test\bin\Debug\netcoreapp2.0\ModelRelief.Test.dll" adapterTypeName="executor://xunit/VsTestRunner2/netcoreapp" className="ModelRelief.Test.Integration.DepthBuffers.DepthBuffersBaseIntegrationTests" name="Patch_ValidReferencePropertyUpdatesModel" /></UnitTest><UnitTest name="PutFile_FileCanBeUpdated" storage="d:\users\steve knipmeyer\documents\github\modelrelief\modelrelief.test\bin\debug\netcoreapp2.0\modelrelief.test.dll" id="6e741531-c0bc-4476-8773-f0c6a95e784d"><Execution id="1609ff4f-e9b8-40b1-946e-23c499327ed7" /><TestMethod codeBase="D:\Users\Steve Knipmeyer\Documents\GitHub\ModelRelief\ModelRelief.test\bin\Debug\netcoreapp2.0\ModelRelief.Test.dll" adapterTypeName="executor://xunit/VsTestRunner2/netcoreapp" className="ModelRelief.Test.Integration.Models.ModelsFileIntegrationTests" name="PutFile_FileCanBeUpdated" /></UnitTest><UnitTest name="Post_InvalidPropertyValueReturnsBadRequest" storage="d:\users\steve knipmeyer\documents\github\modelrelief\modelrelief.test\bin\debug\netcoreapp2.0\modelrelief.test.dll" id="c9517420-c042-44ba-bf44-4a63c74efe6a"><Execution id="971727e8-5f7e-4ce5-80fd-afe3db3a425b" /><TestMethod codeBase="D:\Users\Steve Knipmeyer\Documents\GitHub\ModelRelief\ModelRelief.test\bin\Debug\netcoreapp2.0\ModelRelief.Test.dll" adapterTypeName="executor://xunit/VsTestRunner2/netcoreapp" className="ModelRelief.Test.Integration.Cameras.CamerasBaseIntegrationTests" name="Post_InvalidPropertyValueReturnsBadRequest" /></UnitTest><UnitTest name="PostFile_FileIsSynchronizedIsUpdatedAfterFileIsPosted" storage="d:\users\steve knipmeyer\documents\github\modelrelief\modelrelief.test\bin\debug\netcoreapp2.0\modelrelief.test.dll" id="56fdd387-88a6-4c32-84b4-d2d21fc08c2d"><Execution id="7b4bcaab-e2f3-4b92-a59d-acbdcaf9a2ec" /><TestMethod codeBase="D:\Users\Steve Knipmeyer\Documents\GitHub\ModelRelief\ModelRelief.test\bin\Debug\netcoreapp2.0\ModelRelief.Test.dll" adapterTypeName="executor://xunit/VsTestRunner2/netcoreapp" className="ModelRelief.Test.Integration.DepthBuffers.DepthBuffersFileIntegrationTests" name="PostFile_FileIsSynchronizedIsUpdatedAfterFileIsPosted" /></UnitTest><UnitTest name="Post_InvalidReferencePropertyReturnsBadRequest" storage="d:\users\steve knipmeyer\documents\github\modelrelief\modelrelief.test\bin\debug\netcoreapp2.0\modelrelief.test.dll" id="ad3f9f7d-12f4-4e84-914c-0bfff228e51f"><Execution id="9e88d10d-ee53-4131-930e-b4bbb99343e1" /><TestMethod codeBase="D:\Users\Steve Knipmeyer\Documents\GitHub\ModelRelief\ModelRelief.test\bin\Debug\netcoreapp2.0\ModelRelief.Test.dll" adapterTypeName="executor://xunit/VsTestRunner2/netcoreapp" className="ModelRelief.Test.Integration.Meshes.MeshesBaseIntegrationTests" name="Post_InvalidReferencePropertyReturnsBadRequest" /></UnitTest><UnitTest name="Patch_InvalidReferencePropertyReturnsBadRequest" storage="d:\users\steve knipmeyer\documents\github\modelrelief\modelrelief.test\bin\debug\netcoreapp2.0\modelrelief.test.dll" id="0b27fbda-a1a6-47e8-8f6c-e82d58bfbc2f"><Execution id="fb927572-939f-4618-8bc4-83304a33d4a6" /><TestMethod codeBase="D:\Users\Steve Knipmeyer\Documents\GitHub\ModelRelief\ModelRelief.test\bin\Debug\netcoreapp2.0\ModelRelief.Test.dll" adapterTypeName="executor://xunit/VsTestRunner2/netcoreapp" className="ModelRelief.Test.Integration.Meshes.MeshesBaseIntegrationTests" name="Patch_InvalidReferencePropertyReturnsBadRequest" /></UnitTest><UnitTest name="Patch_InvalidReferencePropertyReturnsBadRequest" storage="d:\users\steve knipmeyer\documents\github\modelrelief\modelrelief.test\bin\debug\netcoreapp2.0\modelrelief.test.dll" id="e08b3de1-3e4d-4a87-af2d-ce3c5e345401"><Execution id="13a172a2-abbb-4001-9f5d-6d9d0c4306d6" /><TestMethod codeBase="D:\Users\Steve Knipmeyer\Documents\GitHub\ModelRelief\ModelRelief.test\bin\Debug\netcoreapp2.0\ModelRelief.Test.dll" adapterTypeName="executor://xunit/VsTestRunner2/netcoreapp" className="ModelRelief.Test.Integration.MeshTransforms.MeshTransformsBaseIntegrationTests" name="Patch_InvalidReferencePropertyReturnsBadRequest" /></UnitTest><UnitTest name="Post_InvalidReferencePropertyReturnsBadRequest" storage="d:\users\steve knipmeyer\documents\github\modelrelief\modelrelief.test\bin\debug\netcoreapp2.0\modelrelief.test.dll" id="e4d17873-3552-455b-951b-166c8ffacda7"><Execution id="f1d7696c-3c05-4387-a84f-3adb660c89ad" /><TestMethod codeBase="D:\Users\Steve Knipmeyer\Documents\GitHub\ModelRelief\ModelRelief.test\bin\Debug\netcoreapp2.0\ModelRelief.Test.dll" adapterTypeName="executor://xunit/VsTestRunner2/netcoreapp" className="ModelRelief.Test.Integration.Models.ModelsBaseIntegrationTests" name="Post_InvalidReferencePropertyReturnsBadRequest" /></UnitTest><UnitTest name="Patch_MultipleInvalidReferencePropertiesReturnsMultipleValidationErrorsAndBadRequest" storage="d:\users\steve knipmeyer\documents\github\modelrelief\modelrelief.test\bin\debug\netcoreapp2.0\modelrelief.test.dll" id="e4c89fb5-1c93-47c6-8960-3c1d72e5ada4"><Execution id="a9f2b1de-7a39-4a85-9a0b-d399ca5ca701" /><TestMethod codeBase="D:\Users\Steve Knipmeyer\Documents\GitHub\ModelRelief\ModelRelief.test\bin\Debug\netcoreapp2.0\ModelRelief.Test.dll" adapterTypeName="executor://xunit/VsTestRunner2/netcoreapp" className="ModelRelief.Test.Integration.Projects.ProjectsBaseIntegrationTests" name="Patch_MultipleInvalidReferencePropertiesReturnsMultipleValidationErrorsAndBadRequest" /></UnitTest><UnitTest name="Patch_InvalidReferencePropertyReturnsBadRequest" storage="d:\users\steve knipmeyer\documents\github\modelrelief\modelrelief.test\bin\debug\netcoreapp2.0\modelrelief.test.dll" id="e7933e18-cfc2-42d1-8562-49d8f9e5ae25"><Execution id="46df30a1-b5ab-412f-92d2-e59ee88815fc" /><TestMethod codeBase="D:\Users\Steve Knipmeyer\Documents\GitHub\ModelRelief\ModelRelief.test\bin\Debug\netcoreapp2.0\ModelRelief.Test.dll" adapterTypeName="executor://xunit/VsTestRunner2/netcoreapp" className="ModelRelief.Test.Integration.Cameras.CamerasBaseIntegrationTests" name="Patch_InvalidReferencePropertyReturnsBadRequest" /></UnitTest><UnitTest name="Put_InvalidIdReturnsNotFound" storage="d:\users\steve knipmeyer\documents\github\modelrelief\modelrelief.test\bin\debug\netcoreapp2.0\modelrelief.test.dll" id="672bc04f-192c-4b92-9a31-29f60e35139e"><Execution id="3d7a8d9d-8661-404e-b8fb-bebf4c4695f6" /><TestMethod codeBase="D:\Users\Steve Knipmeyer\Documents\GitHub\ModelRelief\ModelRelief.test\bin\Debug\netcoreapp2.0\ModelRelief.Test.dll" adapterTypeName="executor://xunit/VsTestRunner2/netcoreapp" className="ModelRelief.Test.Integration.Models.ModelsBaseIntegrationTests" name="Put_InvalidIdReturnsNotFound" /></UnitTest><UnitTest name="Put_InvalidReferencePropertyReturndBadRequest" storage="d:\users\steve knipmeyer\documents\github\modelrelief\modelrelief.test\bin\debug\netcoreapp2.0\modelrelief.test.dll" id="664986da-405e-4ff2-a7aa-652ed480d62a"><Execution id="fd20ce6e-a7d1-4da9-a841-c16dd058d8c5" /><TestMethod codeBase="D:\Users\Steve Knipmeyer\Documents\GitHub\ModelRelief\ModelRelief.test\bin\Debug\netcoreapp2.0\ModelRelief.Test.dll" adapterTypeName="executor://xunit/VsTestRunner2/netcoreapp" className="ModelRelief.Test.Integration.Models.ModelsBaseIntegrationTests" name="Put_InvalidReferencePropertyReturndBadRequest" /></UnitTest><UnitTest name="Patch_InvalidEnumPropertyValueReturnsBadRequest" storage="d:\users\steve knipmeyer\documents\github\modelrelief\modelrelief.test\bin\debug\netcoreapp2.0\modelrelief.test.dll" id="b843069d-1251-4630-9dcf-7f3775c5496f"><Execution id="56f55fb7-84f8-4e88-9ba2-1beb06a88fbe" /><TestMethod codeBase="D:\Users\Steve Knipmeyer\Documents\GitHub\ModelRelief\ModelRelief.test\bin\Debug\netcoreapp2.0\ModelRelief.Test.dll" adapterTypeName="executor://xunit/VsTestRunner2/netcoreapp" className="ModelRelief.Test.Integration.MeshTransforms.MeshTransformsBaseIntegrationTests" name="Patch_InvalidEnumPropertyValueReturnsBadRequest" /></UnitTest><UnitTest name="CameraHasExpectedDependentFiles" storage="d:\users\steve knipmeyer\documents\github\modelrelief\modelrelief.test\bin\debug\netcoreapp2.0\modelrelief.test.dll" id="06e418f2-b393-4aa2-a626-12cbf6b0a00c"><Execution id="41ca8faf-9c7a-4160-89f8-aff3e346cfcd" /><TestMethod codeBase="D:\Users\Steve Knipmeyer\Documents\GitHub\ModelRelief\ModelRelief.test\bin\Debug\netcoreapp2.0\ModelRelief.Test.dll" adapterTypeName="executor://xunit/VsTestRunner2/netcoreapp" className="ModelRelief.Test.Unit.DependencyManager.DependencyManagerTests" name="CameraHasExpectedDependentFiles" /></UnitTest><UnitTest name="GetSingle_InvalidIdPropertyValueReturnsNotFound" storage="d:\users\steve knipmeyer\documents\github\modelrelief\modelrelief.test\bin\debug\netcoreapp2.0\modelrelief.test.dll" id="2e43d1c1-79f8-4441-aa7e-3d6807bcaf49"><Execution id="6d9039c3-573f-43f1-accd-bdc364e0c3b1" /><TestMethod codeBase="D:\Users\Steve Knipmeyer\Documents\GitHub\ModelRelief\ModelRelief.test\bin\Debug\netcoreapp2.0\ModelRelief.Test.dll" adapterTypeName="executor://xunit/VsTestRunner2/netcoreapp" className="ModelRelief.Test.Integration.Meshes.MeshesBaseIntegrationTests" name="GetSingle_InvalidIdPropertyValueReturnsNotFound" /></UnitTest><UnitTest name="Post_ValidReferencePropertyCreatesModel" storage="d:\users\steve knipmeyer\documents\github\modelrelief\modelrelief.test\bin\debug\netcoreapp2.0\modelrelief.test.dll" id="ef7ffe3b-1198-4436-b4a0-d496d0c05e91"><Execution id="3c73fedd-91f8-48d0-8a86-6dccaf36071a" /><TestMethod codeBase="D:\Users\Steve Knipmeyer\Documents\GitHub\ModelRelief\ModelRelief.test\bin\Debug\netcoreapp2.0\ModelRelief.Test.dll" adapterTypeName="executor://xunit/VsTestRunner2/netcoreapp" className="ModelRelief.Test.Integration.Projects.ProjectsBaseIntegrationTests" name="Post_ValidReferencePropertyCreatesModel" /></UnitTest><UnitTest name="Put_InvalidIdReturnsNotFound" storage="d:\users\steve knipmeyer\documents\github\modelrelief\modelrelief.test\bin\debug\netcoreapp2.0\modelrelief.test.dll" id="59226f57-72bf-4ccd-a251-7dac4c3ac3dc"><Execution id="2ce923f7-be6c-410f-a68e-8c16cf1b9a1a" /><TestMethod codeBase="D:\Users\Steve Knipmeyer\Documents\GitHub\ModelRelief\ModelRelief.test\bin\Debug\netcoreapp2.0\ModelRelief.Test.dll" adapterTypeName="executor://xunit/VsTestRunner2/netcoreapp" className="ModelRelief.Test.Integration.MeshTransforms.MeshTransformsBaseIntegrationTests" name="Put_InvalidIdReturnsNotFound" /></UnitTest><UnitTest name="GetList_ListReturnsCorrectCount" storage="d:\users\steve knipmeyer\documents\github\modelrelief\modelrelief.test\bin\debug\netcoreapp2.0\modelrelief.test.dll" id="902c5b30-0d2a-4114-ad95-bc88422cb574"><Execution id="e91c2f22-462e-4b83-b3a0-4587c700edcd" /><TestMethod codeBase="D:\Users\Steve Knipmeyer\Documents\GitHub\ModelRelief\ModelRelief.test\bin\Debug\netcoreapp2.0\ModelRelief.Test.dll" adapterTypeName="executor://xunit/VsTestRunner2/netcoreapp" className="ModelRelief.Test.Integration.Meshes.MeshesBaseIntegrationTests" name="GetList_ListReturnsCorrectCount" /></UnitTest><UnitTest name="Put_CanUpdateModel" storage="d:\users\steve knipmeyer\documents\github\modelrelief\modelrelief.test\bin\debug\netcoreapp2.0\modelrelief.test.dll" id="39350bb0-36da-4ea3-a3ed-63df6891ace2"><Execution id="8100dc4b-3f9b-4d6b-9f19-7b4e6c3b33c8" /><TestMethod codeBase="D:\Users\Steve Knipmeyer\Documents\GitHub\ModelRelief\ModelRelief.test\bin\Debug\netcoreapp2.0\ModelRelief.Test.dll" adapterTypeName="executor://xunit/VsTestRunner2/netcoreapp" className="ModelRelief.Test.Integration.MeshTransforms.MeshTransformsBaseIntegrationTests" name="Put_CanUpdateModel" /></UnitTest><UnitTest name="Delete_TargetModelIsDeleted" storage="d:\users\steve knipmeyer\documents\github\modelrelief\modelrelief.test\bin\debug\netcoreapp2.0\modelrelief.test.dll" id="223188a3-0b8e-41a8-a5a6-f7175231b387"><Execution id="03b854e7-81ba-4afe-9718-4f588cf4b95b" /><TestMethod codeBase="D:\Users\Steve Knipmeyer\Documents\GitHub\ModelRelief\ModelRelief.test\bin\Debug\netcoreapp2.0\ModelRelief.Test.dll" adapterTypeName="executor://xunit/VsTestRunner2/netcoreapp" className="ModelRelief.Test.Integration.DepthBuffers.DepthBuffersBaseIntegrationTests" name="Delete_TargetModelIsDeleted" /></UnitTest><UnitTest name="Patch_InvalidIdPropertyReturnsNotFound" storage="d:\users\steve knipmeyer\documents\github\modelrelief\modelrelief.test\bin\debug\netcoreapp2.0\modelrelief.test.dll" id="3e4b9866-3769-4ae8-9f39-30fab9167be7"><Execution id="7193dc40-2c14-45fe-a21a-73a867708e40" /><TestMethod codeBase="D:\Users\Steve Knipmeyer\Documents\GitHub\ModelRelief\ModelRelief.test\bin\Debug\netcoreapp2.0\ModelRelief.Test.dll" adapterTypeName="executor://xunit/VsTestRunner2/netcoreapp" className="ModelRelief.Test.Integration.DepthBuffers.DepthBuffersBaseIntegrationTests" name="Patch_InvalidIdPropertyReturnsNotFound" /></UnitTest><UnitTest name="PostFile_NewFileCanBePosted" storage="d:\users\steve knipmeyer\documents\github\modelrelief\modelrelief.test\bin\debug\netcoreapp2.0\modelrelief.test.dll" id="ed9154c8-006c-4800-8c07-8e7b6c35dd36"><Execution id="2a22c517-a13d-42a4-b858-a136620d3ab3" /><TestMethod codeBase="D:\Users\Steve Knipmeyer\Documents\GitHub\ModelRelief\ModelRelief.test\bin\Debug\netcoreapp2.0\ModelRelief.Test.dll" adapterTypeName="executor://xunit/VsTestRunner2/netcoreapp" className="ModelRelief.Test.Integration.DepthBuffers.DepthBuffersFileIntegrationTests" name="PostFile_NewFileCanBePosted" /></UnitTest><UnitTest name="MeshTransformHasExpectedDependentFiles" storage="d:\users\steve knipmeyer\documents\github\modelrelief\modelrelief.test\bin\debug\netcoreapp2.0\modelrelief.test.dll" id="788872db-0c1b-44cc-8002-aec42064c6c0"><Execution id="ab5870a3-e6f7-4e7a-a4b2-39aacb8bbc98" /><TestMethod codeBase="D:\Users\Steve Knipmeyer\Documents\GitHub\ModelRelief\ModelRelief.test\bin\Debug\netcoreapp2.0\ModelRelief.Test.dll" adapterTypeName="executor://xunit/VsTestRunner2/netcoreapp" className="ModelRelief.Test.Unit.DependencyManager.DependencyManagerTests" name="MeshTransformHasExpectedDependentFiles" /></UnitTest><UnitTest name="Post_CanCreateNewModel" storage="d:\users\steve knipmeyer\documents\github\modelrelief\modelrelief.test\bin\debug\netcoreapp2.0\modelrelief.test.dll" id="5c074314-9312-4241-a5a9-2115cd8f0a3e"><Execution id="222a3e3e-d21e-41b4-9e64-4eec8c72f684" /><TestMethod codeBase="D:\Users\Steve Knipmeyer\Documents\GitHub\ModelRelief\ModelRelief.test\bin\Debug\netcoreapp2.0\ModelRelief.Test.dll" adapterTypeName="executor://xunit/VsTestRunner2/netcoreapp" className="ModelRelief.Test.Integration.Cameras.CamerasBaseIntegrationTests" name="Post_CanCreateNewModel" /></UnitTest><UnitTest name="PutFile_FileCanBeUpdated" storage="d:\users\steve knipmeyer\documents\github\modelrelief\modelrelief.test\bin\debug\netcoreapp2.0\modelrelief.test.dll" id="dbff9461-5a8d-47de-9397-30abf3249a8b"><Execution id="048a7a34-f519-4c41-8b9c-afdca1225fa5" /><TestMethod codeBase="D:\Users\Steve Knipmeyer\Documents\GitHub\ModelRelief\ModelRelief.test\bin\Debug\netcoreapp2.0\ModelRelief.Test.dll" adapterTypeName="executor://xunit/VsTestRunner2/netcoreapp" className="ModelRelief.Test.Integration.Meshes.MeshesFileIntegrationTests" name="PutFile_FileCanBeUpdated" /></UnitTest><UnitTest name="LucyCameraFindsAllDependents" storage="d:\users\steve knipmeyer\documents\github\modelrelief\modelrelief.test\bin\debug\netcoreapp2.0\modelrelief.test.dll" id="c508ff8c-e022-4de7-acee-6e49d408a8d8"><Execution id="26172658-9cea-4309-b385-870f37d6b5f5" /><TestMethod codeBase="D:\Users\Steve Knipmeyer\Documents\GitHub\ModelRelief\ModelRelief.test\bin\Debug\netcoreapp2.0\ModelRelief.Test.dll" adapterTypeName="executor://xunit/VsTestRunner2/netcoreapp" className="ModelRelief.Test.Unit.DependencyManager.DependencyManagerTests" name="LucyCameraFindsAllDependents" /></UnitTest><UnitTest name="Patch_ValidReferencePropertyUpdatesModel" storage="d:\users\steve knipmeyer\documents\github\modelrelief\modelrelief.test\bin\debug\netcoreapp2.0\modelrelief.test.dll" id="cbc6972d-de45-4d70-b3bc-cff2db320b58"><Execution id="530f3496-5403-480a-96be-82601524a38c" /><TestMethod codeBase="D:\Users\Steve Knipmeyer\Documents\GitHub\ModelRelief\ModelRelief.test\bin\Debug\netcoreapp2.0\ModelRelief.Test.dll" adapterTypeName="executor://xunit/VsTestRunner2/netcoreapp" className="ModelRelief.Test.Integration.MeshTransforms.MeshTransformsBaseIntegrationTests" name="Patch_ValidReferencePropertyUpdatesModel" /></UnitTest><UnitTest name="Post_InvalidPropertyValueReturnsBadRequest" storage="d:\users\steve knipmeyer\documents\github\modelrelief\modelrelief.test\bin\debug\netcoreapp2.0\modelrelief.test.dll" id="0dfbbd06-2b09-477f-ac7e-8f304326faec"><Execution id="48bd201f-a73b-4968-b7f5-1a08bdb49797" /><TestMethod codeBase="D:\Users\Steve Knipmeyer\Documents\GitHub\ModelRelief\ModelRelief.test\bin\Debug\netcoreapp2.0\ModelRelief.Test.dll" adapterTypeName="executor://xunit/VsTestRunner2/netcoreapp" className="ModelRelief.Test.Integration.MeshTransforms.MeshTransformsBaseIntegrationTests" name="Post_InvalidPropertyValueReturnsBadRequest" /></UnitTest><UnitTest name="GetFile_FileCanBeRoundTripped" storage="d:\users\steve knipmeyer\documents\github\modelrelief\modelrelief.test\bin\debug\netcoreapp2.0\modelrelief.test.dll" id="97696db3-c256-4fcb-a51d-fe9af7bf8a81"><Execution id="18666531-6012-459b-a24a-d2e365486a40" /><TestMethod codeBase="D:\Users\Steve Knipmeyer\Documents\GitHub\ModelRelief\ModelRelief.test\bin\Debug\netcoreapp2.0\ModelRelief.Test.dll" adapterTypeName="executor://xunit/VsTestRunner2/netcoreapp" className="ModelRelief.Test.Integration.Meshes.MeshesFileIntegrationTests" name="GetFile_FileCanBeRoundTripped" /></UnitTest><UnitTest name="Delete_TargetModelIsDeleted" storage="d:\users\steve knipmeyer\documents\github\modelrelief\modelrelief.test\bin\debug\netcoreapp2.0\modelrelief.test.dll" id="4bef2a36-fd50-4735-922b-b01ce5ae18e8"><Execution id="2a3a9bfc-7c25-4b57-a862-7bea2b708d32" /><TestMethod codeBase="D:\Users\Steve Knipmeyer\Documents\GitHub\ModelRelief\ModelRelief.test\bin\Debug\netcoreapp2.0\ModelRelief.Test.dll" adapterTypeName="executor://xunit/VsTestRunner2/netcoreapp" className="ModelRelief.Test.Integration.Cameras.CamerasBaseIntegrationTests" name="Delete_TargetModelIsDeleted" /></UnitTest><UnitTest name="Patch_MultipleInvalidReferencePropertiesReturnsMultipleValidationErrorsAndBadRequest" storage="d:\users\steve knipmeyer\documents\github\modelrelief\modelrelief.test\bin\debug\netcoreapp2.0\modelrelief.test.dll" id="5d80ff32-a5da-46fb-85ac-4d5f06255700"><Execution id="3cc8d293-a0d2-47ff-82d0-a70201028613" /><TestMethod codeBase="D:\Users\Steve Knipmeyer\Documents\GitHub\ModelRelief\ModelRelief.test\bin\Debug\netcoreapp2.0\ModelRelief.Test.dll" adapterTypeName="executor://xunit/VsTestRunner2/netcoreapp" className="ModelRelief.Test.Integration.Cameras.CamerasBaseIntegrationTests" name="Patch_MultipleInvalidReferencePropertiesReturnsMultipleValidationErrorsAndBadRequest" /></UnitTest><UnitTest name="Patch_InvalidPropertyNameReturnsBadRequest" storage="d:\users\steve knipmeyer\documents\github\modelrelief\modelrelief.test\bin\debug\netcoreapp2.0\modelrelief.test.dll" id="0c21d718-06a3-41ee-98a6-f3797dbe7cfd"><Execution id="5344ec3b-53f0-44e0-8220-e59e8b43bcf7" /><TestMethod codeBase="D:\Users\Steve Knipmeyer\Documents\GitHub\ModelRelief\ModelRelief.test\bin\Debug\netcoreapp2.0\ModelRelief.Test.dll" adapterTypeName="executor://xunit/VsTestRunner2/netcoreapp" className="ModelRelief.Test.Integration.MeshTransforms.MeshTransformsBaseIntegrationTests" name="Patch_InvalidPropertyNameReturnsBadRequest" /></UnitTest><UnitTest name="Delete_TargetModelIsDeleted" storage="d:\users\steve knipmeyer\documents\github\modelrelief\modelrelief.test\bin\debug\netcoreapp2.0\modelrelief.test.dll" id="aaaaf370-980e-48d5-becf-b631fd739c29"><Execution id="88bf96fb-fc45-4058-bb98-d0c6ca787663" /><TestMethod codeBase="D:\Users\Steve Knipmeyer\Documents\GitHub\ModelRelief\ModelRelief.test\bin\Debug\netcoreapp2.0\ModelRelief.Test.dll" adapterTypeName="executor://xunit/VsTestRunner2/netcoreapp" className="ModelRelief.Test.Integration.MeshTransforms.MeshTransformsBaseIntegrationTests" name="Delete_TargetModelIsDeleted" /></UnitTest><UnitTest name="Model3dHasExpectedDependentFiles" storage="d:\users\steve knipmeyer\documents\github\modelrelief\modelrelief.test\bin\debug\netcoreapp2.0\modelrelief.test.dll" id="a543883c-15c7-40e5-a600-01d85f3c20b7"><Execution id="ba8980a6-3d22-46d3-afc4-1dcdd6b8e251" /><TestMethod codeBase="D:\Users\Steve Knipmeyer\Documents\GitHub\ModelRelief\ModelRelief.test\bin\Debug\netcoreapp2.0\ModelRelief.Test.dll" adapterTypeName="executor://xunit/VsTestRunner2/netcoreapp" className="ModelRelief.Test.Unit.DependencyManager.DependencyManagerTests" name="Model3dHasExpectedDependentFiles" /></UnitTest><UnitTest name="Patch_InvalidPropertyNameReturnsBadRequest" storage="d:\users\steve knipmeyer\documents\github\modelrelief\modelrelief.test\bin\debug\netcoreapp2.0\modelrelief.test.dll" id="f52b5782-caea-4f4a-b9ee-a0abd93bc5a5"><Execution id="c0bb0c59-68d4-47a5-84d2-efa3e118488e" /><TestMethod codeBase="D:\Users\Steve Knipmeyer\Documents\GitHub\ModelRelief\ModelRelief.test\bin\Debug\netcoreapp2.0\ModelRelief.Test.dll" adapterTypeName="executor://xunit/VsTestRunner2/netcoreapp" className="ModelRelief.Test.Integration.Cameras.CamerasBaseIntegrationTests" name="Patch_InvalidPropertyNameReturnsBadRequest" /></UnitTest><UnitTest name="GetSingle_ValidIdPropertyValueReturnsCorrectModel" storage="d:\users\steve knipmeyer\documents\github\modelrelief\modelrelief.test\bin\debug\netcoreapp2.0\modelrelief.test.dll" id="c9008d4b-cbf9-4255-98e6-cd490b60a0e3"><Execution id="b8efcf87-25dc-443c-b316-7b5754c8c263" /><TestMethod codeBase="D:\Users\Steve Knipmeyer\Documents\GitHub\ModelRelief\ModelRelief.test\bin\Debug\netcoreapp2.0\ModelRelief.Test.dll" adapterTypeName="executor://xunit/VsTestRunner2/netcoreapp" className="ModelRelief.Test.Integration.Cameras.CamerasBaseIntegrationTests" name="GetSingle_ValidIdPropertyValueReturnsCorrectModel" /></UnitTest><UnitTest name="Patch_InvalidEnumPropertyValueReturnsBadRequest" storage="d:\users\steve knipmeyer\documents\github\modelrelief\modelrelief.test\bin\debug\netcoreapp2.0\modelrelief.test.dll" id="73110572-9fec-47b2-9ac1-9b92dbfa00ac"><Execution id="06ec98ef-7caa-4366-ac04-a294b42267ab" /><TestMethod codeBase="D:\Users\Steve Knipmeyer\Documents\GitHub\ModelRelief\ModelRelief.test\bin\Debug\netcoreapp2.0\ModelRelief.Test.dll" adapterTypeName="executor://xunit/VsTestRunner2/netcoreapp" className="ModelRelief.Test.Integration.Meshes.MeshesBaseIntegrationTests" name="Patch_InvalidEnumPropertyValueReturnsBadRequest" /></UnitTest><UnitTest name="Patch_InvalidIdPropertyReturnsNotFound" storage="d:\users\steve knipmeyer\documents\github\modelrelief\modelrelief.test\bin\debug\netcoreapp2.0\modelrelief.test.dll" id="33e93588-805e-4e73-a700-5ca484d116fc"><Execution id="cff2d5fa-3dca-44b1-9cb0-ddd368cb9771" /><TestMethod codeBase="D:\Users\Steve Knipmeyer\Documents\GitHub\ModelRelief\ModelRelief.test\bin\Debug\netcoreapp2.0\ModelRelief.Test.dll" adapterTypeName="executor://xunit/VsTestRunner2/netcoreapp" className="ModelRelief.Test.Integration.MeshTransforms.MeshTransformsBaseIntegrationTests" name="Patch_InvalidIdPropertyReturnsNotFound" /></UnitTest><UnitTest name="Put_InvalidReferencePropertyReturndBadRequest" storage="d:\users\steve knipmeyer\documents\github\modelrelief\modelrelief.test\bin\debug\netcoreapp2.0\modelrelief.test.dll" id="999c64b8-7ed5-4f59-a66c-7a97607bd5b0"><Execution id="51e8f8ac-3027-4d3f-bcb0-575b5e00fa4f" /><TestMethod codeBase="D:\Users\Steve Knipmeyer\Documents\GitHub\ModelRelief\ModelRelief.test\bin\Debug\netcoreapp2.0\ModelRelief.Test.dll" adapterTypeName="executor://xunit/VsTestRunner2/netcoreapp" className="ModelRelief.Test.Integration.Projects.ProjectsBaseIntegrationTests" name="Put_InvalidReferencePropertyReturndBadRequest" /></UnitTest><UnitTest name="Post_InvalidPropertyValueReturnsBadRequest" storage="d:\users\steve knipmeyer\documents\github\modelrelief\modelrelief.test\bin\debug\netcoreapp2.0\modelrelief.test.dll" id="db39aff7-b669-48a7-b11a-89a195a5631a"><Execution id="3f01d120-bb3e-48cc-a28b-2d75be12c4ab" /><TestMethod codeBase="D:\Users\Steve Knipmeyer\Documents\GitHub\ModelRelief\ModelRelief.test\bin\Debug\netcoreapp2.0\ModelRelief.Test.dll" adapterTypeName="executor://xunit/VsTestRunner2/netcoreapp" className="ModelRelief.Test.Integration.Projects.ProjectsBaseIntegrationTests" name="Post_InvalidPropertyValueReturnsBadRequest" /></UnitTest><UnitTest name="FileRequest_MeshGenerateSetsFileIsSynchronized" storage="d:\users\steve knipmeyer\documents\github\modelrelief\modelrelief.test\bin\debug\netcoreapp2.0\modelrelief.test.dll" id="8ed9ea65-a8b4-46b0-97b4-f88e7ba0bc61"><Execution id="635169c0-1d8e-4442-96b0-0aff47e29b96" /><TestMethod codeBase="D:\Users\Steve Knipmeyer\Documents\GitHub\ModelRelief\ModelRelief.test\bin\Debug\netcoreapp2.0\ModelRelief.Test.dll" adapterTypeName="executor://xunit/VsTestRunner2/netcoreapp" className="ModelRelief.Test.Integration.Meshes.MeshesFileIntegrationTests" name="FileRequest_MeshGenerateSetsFileIsSynchronized" /></UnitTest><UnitTest name="Patch_ValidReferencePropertyUpdatesModel" storage="d:\users\steve knipmeyer\documents\github\modelrelief\modelrelief.test\bin\debug\netcoreapp2.0\modelrelief.test.dll" id="e9721d9c-e8ce-4854-b848-2d6b3592d9f0"><Execution id="e6fd88f0-22b2-4fe1-a188-5a91f293e740" /><TestMethod codeBase="D:\Users\Steve Knipmeyer\Documents\GitHub\ModelRelief\ModelRelief.test\bin\Debug\netcoreapp2.0\ModelRelief.Test.dll" adapterTypeName="executor://xunit/VsTestRunner2/netcoreapp" className="ModelRelief.Test.Integration.Models.ModelsBaseIntegrationTests" name="Patch_ValidReferencePropertyUpdatesModel" /></UnitTest><UnitTest name="GetSingle_InvalidIdPropertyValueReturnsNotFound" storage="d:\users\steve knipmeyer\documents\github\modelrelief\modelrelief.test\bin\debug\netcoreapp2.0\modelrelief.test.dll" id="616e98a2-a7e9-487e-8d94-1f177b6d9cca"><Execution id="bd5227ed-968e-4995-8547-0a15db735e21" /><TestMethod codeBase="D:\Users\Steve Knipmeyer\Documents\GitHub\ModelRelief\ModelRelief.test\bin\Debug\netcoreapp2.0\ModelRelief.Test.dll" adapterTypeName="executor://xunit/VsTestRunner2/netcoreapp" className="ModelRelief.Test.Integration.Projects.ProjectsBaseIntegrationTests" name="GetSingle_InvalidIdPropertyValueReturnsNotFound" /></UnitTest><UnitTest name="PutFile_FileCanBeUpdated" storage="d:\users\steve knipmeyer\documents\github\modelrelief\modelrelief.test\bin\debug\netcoreapp2.0\modelrelief.test.dll" id="7581060b-ea62-4d51-bd87-4a457101b553"><Execution id="db1780f5-513d-4358-ad6f-e428353869cb" /><TestMethod codeBase="D:\Users\Steve Knipmeyer\Documents\GitHub\ModelRelief\ModelRelief.test\bin\Debug\netcoreapp2.0\ModelRelief.Test.dll" adapterTypeName="executor://xunit/VsTestRunner2/netcoreapp" className="ModelRelief.Test.Integration.DepthBuffers.DepthBuffersFileIntegrationTests" name="PutFile_FileCanBeUpdated" /></UnitTest><UnitTest name="GetSingle_ValidIdPropertyValueReturnsCorrectModel" storage="d:\users\steve knipmeyer\documents\github\modelrelief\modelrelief.test\bin\debug\netcoreapp2.0\modelrelief.test.dll" id="14385768-10e4-497f-b3d1-1321782b4f1e"><Execution id="cd6fa715-363a-4200-a650-e9837df1bfb7" /><TestMethod codeBase="D:\Users\Steve Knipmeyer\Documents\GitHub\ModelRelief\ModelRelief.test\bin\Debug\netcoreapp2.0\ModelRelief.Test.dll" adapterTypeName="executor://xunit/VsTestRunner2/netcoreapp" className="ModelRelief.Test.Integration.DepthBuffers.DepthBuffersBaseIntegrationTests" name="GetSingle_ValidIdPropertyValueReturnsCorrectModel" /></UnitTest><UnitTest name="Patch_InvalidReferencePropertyReturnsBadRequest" storage="d:\users\steve knipmeyer\documents\github\modelrelief\modelrelief.test\bin\debug\netcoreapp2.0\modelrelief.test.dll" id="fbf7b61f-4f00-421c-a62e-39c13291146f"><Execution id="fc777752-c0d0-49ef-bf12-ebc75b297e2d" /><TestMethod codeBase="D:\Users\Steve Knipmeyer\Documents\GitHub\ModelRelief\ModelRelief.test\bin\Debug\netcoreapp2.0\ModelRelief.Test.dll" adapterTypeName="executor://xunit/VsTestRunner2/netcoreapp" className="ModelRelief.Test.Integration.DepthBuffers.DepthBuffersBaseIntegrationTests" name="Patch_InvalidReferencePropertyReturnsBadRequest" /></UnitTest><UnitTest name="Patch_MultipleInvalidReferencePropertiesReturnsMultipleValidationErrorsAndBadRequest" storage="d:\users\steve knipmeyer\documents\github\modelrelief\modelrelief.test\bin\debug\netcoreapp2.0\modelrelief.test.dll" id="189cbb5d-bc18-4ae6-9ff1-50b679bc0c1b"><Execution id="99370f9d-e32a-47c9-aa58-7fae80c6298c" /><TestMethod codeBase="D:\Users\Steve Knipmeyer\Documents\GitHub\ModelRelief\ModelRelief.test\bin\Debug\netcoreapp2.0\ModelRelief.Test.dll" adapterTypeName="executor://xunit/VsTestRunner2/netcoreapp" className="ModelRelief.Test.Integration.MeshTransforms.MeshTransformsBaseIntegrationTests" name="Patch_MultipleInvalidReferencePropertiesReturnsMultipleValidationErrorsAndBadRequest" /></UnitTest><UnitTest name="Delete_TargetModelIsDeleted" storage="d:\users\steve knipmeyer\documents\github\modelrelief\modelrelief.test\bin\debug\netcoreapp2.0\modelrelief.test.dll" id="1690fed8-7099-473f-9778-01049e5f126a"><Execution id="0e39ee85-9a69-4d57-92f7-34ae236f3679" /><TestMethod codeBase="D:\Users\Steve Knipmeyer\Documents\GitHub\ModelRelief\ModelRelief.test\bin\Debug\netcoreapp2.0\ModelRelief.Test.dll" adapterTypeName="executor://xunit/VsTestRunner2/netcoreapp" className="ModelRelief.Test.Integration.Meshes.MeshesBaseIntegrationTests" name="Delete_TargetModelIsDeleted" /></UnitTest><UnitTest name="Put_InvalidIdReturnsNotFound" storage="d:\users\steve knipmeyer\documents\github\modelrelief\modelrelief.test\bin\debug\netcoreapp2.0\modelrelief.test.dll" id="e2d9dfcb-d20d-4c7a-952f-bd90dd0f5c25"><Execution id="191b851e-d8eb-4e5a-9bf2-48104cb42ac8" /><TestMethod codeBase="D:\Users\Steve Knipmeyer\Documents\GitHub\ModelRelief\ModelRelief.test\bin\Debug\netcoreapp2.0\ModelRelief.Test.dll" adapterTypeName="executor://xunit/VsTestRunner2/netcoreapp" className="ModelRelief.Test.Integration.DepthBuffers.DepthBuffersBaseIntegrationTests" name="Put_InvalidIdReturnsNotFound" /></UnitTest><UnitTest name="Post_ValidReferencePropertyCreatesModel" storage="d:\users\steve knipmeyer\documents\github\modelrelief\modelrelief.test\bin\debug\netcoreapp2.0\modelrelief.test.dll" id="22451f2e-58e5-4933-8cf6-6fe653134817"><Execution id="e1686756-f567-4c34-9946-191ed9adbfa9" /><TestMethod codeBase="D:\Users\Steve Knipmeyer\Documents\GitHub\ModelRelief\ModelRelief.test\bin\Debug\netcoreapp2.0\ModelRelief.Test.dll" adapterTypeName="executor://xunit/VsTestRunner2/netcoreapp" className="ModelRelief.Test.Integration.MeshTransforms.MeshTransformsBaseIntegrationTests" name="Post_ValidReferencePropertyCreatesModel" /></UnitTest><UnitTest name="Patch_MultipleInvalidReferencePropertiesReturnsMultipleValidationErrorsAndBadRequest" storage="d:\users\steve knipmeyer\documents\github\modelrelief\modelrelief.test\bin\debug\netcoreapp2.0\modelrelief.test.dll" id="fa635090-3ee6-4107-b5e9-c5ecccf3e594"><Execution id="8dc604b6-601a-4a74-8c67-b47a0f57a64e" /><TestMethod codeBase="D:\Users\Steve Knipmeyer\Documents\GitHub\ModelRelief\ModelRelief.test\bin\Debug\netcoreapp2.0\ModelRelief.Test.dll" adapterTypeName="executor://xunit/VsTestRunner2/netcoreapp" className="ModelRelief.Test.Integration.DepthBuffers.DepthBuffersBaseIntegrationTests" name="Patch_MultipleInvalidReferencePropertiesReturnsMultipleValidationErrorsAndBadRequest" /></UnitTest><UnitTest name="Post_ValidReferencePropertyCreatesModel" storage="d:\users\steve knipmeyer\documents\github\modelrelief\modelrelief.test\bin\debug\netcoreapp2.0\modelrelief.test.dll" id="728409eb-2cb5-4f70-875f-812bd2de96dd"><Execution id="bd3aca56-9925-4543-90b2-9a2f1f14cbba" /><TestMethod codeBase="D:\Users\Steve Knipmeyer\Documents\GitHub\ModelRelief\ModelRelief.test\bin\Debug\netcoreapp2.0\ModelRelief.Test.dll" adapterTypeName="executor://xunit/VsTestRunner2/netcoreapp" className="ModelRelief.Test.Integration.Meshes.MeshesBaseIntegrationTests" name="Post_ValidReferencePropertyCreatesModel" /></UnitTest><UnitTest name="Patch_InvalidEnumPropertyValueReturnsBadRequest" storage="d:\users\steve knipmeyer\documents\github\modelrelief\modelrelief.test\bin\debug\netcoreapp2.0\modelrelief.test.dll" id="abbafc6d-88bf-431b-ae32-37ccab127d67"><Execution id="ba3fb8b6-ecf1-498e-8474-d070f471156f" /><TestMethod codeBase="D:\Users\Steve Knipmeyer\Documents\GitHub\ModelRelief\ModelRelief.test\bin\Debug\netcoreapp2.0\ModelRelief.Test.dll" adapterTypeName="executor://xunit/VsTestRunner2/netcoreapp" className="ModelRelief.Test.Integration.Projects.ProjectsBaseIntegrationTests" name="Patch_InvalidEnumPropertyValueReturnsBadRequest" /></UnitTest><UnitTest name="Patch_InvalidPropertyNameReturnsBadRequest" storage="d:\users\steve knipmeyer\documents\github\modelrelief\modelrelief.test\bin\debug\netcoreapp2.0\modelrelief.test.dll" id="57cf3bf3-97e6-4263-88b5-e6ce030082e0"><Execution id="cc8d5ff5-a98c-4624-ae6b-47c8077dbdf5" /><TestMethod codeBase="D:\Users\Steve Knipmeyer\Documents\GitHub\ModelRelief\ModelRelief.test\bin\Debug\netcoreapp2.0\ModelRelief.Test.dll" adapterTypeName="executor://xunit/VsTestRunner2/netcoreapp" className="ModelRelief.Test.Integration.Models.ModelsBaseIntegrationTests" name="Patch_InvalidPropertyNameReturnsBadRequest" /></UnitTest><UnitTest name="Put_CanUpdateModel" storage="d:\users\steve knipmeyer\documents\github\modelrelief\modelrelief.test\bin\debug\netcoreapp2.0\modelrelief.test.dll" id="e971a5df-56e1-4ec9-8739-18d8ef4e16ad"><Execution id="3c9a55ad-cbcb-4108-9317-8caa738f9c7c" /><TestMethod codeBase="D:\Users\Steve Knipmeyer\Documents\GitHub\ModelRelief\ModelRelief.test\bin\Debug\netcoreapp2.0\ModelRelief.Test.dll" adapterTypeName="executor://xunit/VsTestRunner2/netcoreapp" className="ModelRelief.Test.Integration.DepthBuffers.DepthBuffersBaseIntegrationTests" name="Put_CanUpdateModel" /></UnitTest><UnitTest name="GetSingle_InvalidIdPropertyValueReturnsNotFound" storage="d:\users\steve knipmeyer\documents\github\modelrelief\modelrelief.test\bin\debug\netcoreapp2.0\modelrelief.test.dll" id="23f8d99c-8fb9-42cf-b56f-70a5066189fb"><Execution id="a3740fb5-a7cf-41fe-845b-8b29aedbb577" /><TestMethod codeBase="D:\Users\Steve Knipmeyer\Documents\GitHub\ModelRelief\ModelRelief.test\bin\Debug\netcoreapp2.0\ModelRelief.Test.dll" adapterTypeName="executor://xunit/VsTestRunner2/netcoreapp" className="ModelRelief.Test.Integration.MeshTransforms.MeshTransformsBaseIntegrationTests" name="GetSingle_InvalidIdPropertyValueReturnsNotFound" /></UnitTest><UnitTest name="Post_InvalidReferencePropertyReturnsBadRequest" storage="d:\users\steve knipmeyer\documents\github\modelrelief\modelrelief.test\bin\debug\netcoreapp2.0\modelrelief.test.dll" id="a91a0083-e6e4-426d-8ddd-6bd2526906c2"><Execution id="861da1e1-8635-497f-9939-035cf2483b71" /><TestMethod codeBase="D:\Users\Steve Knipmeyer\Documents\GitHub\ModelRelief\ModelRelief.test\bin\Debug\netcoreapp2.0\ModelRelief.Test.dll" adapterTypeName="executor://xunit/VsTestRunner2/netcoreapp" className="ModelRelief.Test.Integration.Cameras.CamerasBaseIntegrationTests" name="Post_InvalidReferencePropertyReturnsBadRequest" /></UnitTest><UnitTest name="GetFile_NonExistentFileReturnsNotFound" storage="d:\users\steve knipmeyer\documents\github\modelrelief\modelrelief.test\bin\debug\netcoreapp2.0\modelrelief.test.dll" id="ff69485a-89f6-4929-9002-139fc19ff5bd"><Execution id="920807c1-fd49-4397-b4a8-f1eebe6608fa" /><TestMethod codeBase="D:\Users\Steve Knipmeyer\Documents\GitHub\ModelRelief\ModelRelief.test\bin\Debug\netcoreapp2.0\ModelRelief.Test.dll" adapterTypeName="executor://xunit/VsTestRunner2/netcoreapp" className="ModelRelief.Test.Integration.Meshes.MeshesFileIntegrationTests" name="GetFile_NonExistentFileReturnsNotFound" /></UnitTest><UnitTest name="GetFile_ExistingFileReturnsSuccess" storage="d:\users\steve knipmeyer\documents\github\modelrelief\modelrelief.test\bin\debug\netcoreapp2.0\modelrelief.test.dll" id="756804cc-8366-48ea-9d7e-051b4292519b"><Execution id="647a23fd-6699-494f-97a7-e42eaf20c304" /><TestMethod codeBase="D:\Users\Steve Knipmeyer\Documents\GitHub\ModelRelief\ModelRelief.test\bin\Debug\netcoreapp2.0\ModelRelief.Test.dll" adapterTypeName="executor://xunit/VsTestRunner2/netcoreapp" className="ModelRelief.Test.Integration.Models.ModelsFileIntegrationTests" name="GetFile_ExistingFileReturnsSuccess" /></UnitTest><UnitTest name="Patch_TargetPropertyIsUpdated" storage="d:\users\steve knipmeyer\documents\github\modelrelief\modelrelief.test\bin\debug\netcoreapp2.0\modelrelief.test.dll" id="fce64f8c-599f-45ea-809f-9fc148399b3a"><Execution id="2f5f9238-1d11-49ce-99aa-3e8eb350e4db" /><TestMethod codeBase="D:\Users\Steve Knipmeyer\Documents\GitHub\ModelRelief\ModelRelief.test\bin\Debug\netcoreapp2.0\ModelRelief.Test.dll" adapterTypeName="executor://xunit/VsTestRunner2/netcoreapp" className="ModelRelief.Test.Integration.Meshes.MeshesBaseIntegrationTests" name="Patch_TargetPropertyIsUpdated" /></UnitTest><UnitTest name="Patch_TargetPropertyIsUpdated" storage="d:\users\steve knipmeyer\documents\github\modelrelief\modelrelief.test\bin\debug\netcoreapp2.0\modelrelief.test.dll" id="e94d95cd-8a7a-4669-948f-78249002e997"><Execution id="a52f5117-05af-4193-a9e0-7f77d9ec2553" /><TestMethod codeBase="D:\Users\Steve Knipmeyer\Documents\GitHub\ModelRelief\ModelRelief.test\bin\Debug\netcoreapp2.0\ModelRelief.Test.dll" adapterTypeName="executor://xunit/VsTestRunner2/netcoreapp" className="ModelRelief.Test.Integration.Projects.ProjectsBaseIntegrationTests" name="Patch_TargetPropertyIsUpdated" /></UnitTest><UnitTest name="Post_ValidReferencePropertyCreatesModel" storage="d:\users\steve knipmeyer\documents\github\modelrelief\modelrelief.test\bin\debug\netcoreapp2.0\modelrelief.test.dll" id="7fd91495-ec7a-44ed-b536-c39a83a5921f"><Execution id="01f75ae3-9177-4448-b7ca-fa221a621e63" /><TestMethod codeBase="D:\Users\Steve Knipmeyer\Documents\GitHub\ModelRelief\ModelRelief.test\bin\Debug\netcoreapp2.0\ModelRelief.Test.dll" adapterTypeName="executor://xunit/VsTestRunner2/netcoreapp" className="ModelRelief.Test.Integration.Models.ModelsBaseIntegrationTests" name="Post_ValidReferencePropertyCreatesModel" /></UnitTest><UnitTest name="Post_InvalidReferencePropertyReturnsBadRequest" storage="d:\users\steve knipmeyer\documents\github\modelrelief\modelrelief.test\bin\debug\netcoreapp2.0\modelrelief.test.dll" id="bb5c9a88-0d05-40f0-bbcc-c28e61fbe231"><Execution id="67f367f4-eee3-479f-8e43-d70bdd3f25da" /><TestMethod codeBase="D:\Users\Steve Knipmeyer\Documents\GitHub\ModelRelief\ModelRelief.test\bin\Debug\netcoreapp2.0\ModelRelief.Test.dll" adapterTypeName="executor://xunit/VsTestRunner2/netcoreapp" className="ModelRelief.Test.Integration.DepthBuffers.DepthBuffersBaseIntegrationTests" name="Post_InvalidReferencePropertyReturnsBadRequest" /></UnitTest><UnitTest name="Put_CanUpdateModel" storage="d:\users\steve knipmeyer\documents\github\modelrelief\modelrelief.test\bin\debug\netcoreapp2.0\modelrelief.test.dll" id="e68b1264-7640-4dc6-b180-c5c764df61ce"><Execution id="fa83d2df-346f-4c68-b3cc-77757af7090c" /><TestMethod codeBase="D:\Users\Steve Knipmeyer\Documents\GitHub\ModelRelief\ModelRelief.test\bin\Debug\netcoreapp2.0\ModelRelief.Test.dll" adapterTypeName="executor://xunit/VsTestRunner2/netcoreapp" className="ModelRelief.Test.Integration.Cameras.CamerasBaseIntegrationTests" name="Put_CanUpdateModel" /></UnitTest><UnitTest name="GetFile_ExistingFileReturnsSuccess" storage="d:\users\steve knipmeyer\documents\github\modelrelief\modelrelief.test\bin\debug\netcoreapp2.0\modelrelief.test.dll" id="aa57ca25-3e35-4323-b977-c904aecb8c1c"><Execution id="3e59bdb1-be91-4536-85aa-a15fcfa116ad" /><TestMethod codeBase="D:\Users\Steve Knipmeyer\Documents\GitHub\ModelRelief\ModelRelief.test\bin\Debug\netcoreapp2.0\ModelRelief.Test.dll" adapterTypeName="executor://xunit/VsTestRunner2/netcoreapp" className="ModelRelief.Test.Integration.DepthBuffers.DepthBuffersFileIntegrationTests" name="GetFile_ExistingFileReturnsSuccess" /></UnitTest><UnitTest name="GetSingle_InvalidIdPropertyValueReturnsNotFound" storage="d:\users\steve knipmeyer\documents\github\modelrelief\modelrelief.test\bin\debug\netcoreapp2.0\modelrelief.test.dll" id="0b140142-959a-4869-bca4-05cf3dc1d6d7"><Execution id="e98cd362-91dc-45bc-8175-70c026726023" /><TestMethod codeBase="D:\Users\Steve Knipmeyer\Documents\GitHub\ModelRelief\ModelRelief.test\bin\Debug\netcoreapp2.0\ModelRelief.Test.dll" adapterTypeName="executor://xunit/VsTestRunner2/netcoreapp" className="ModelRelief.Test.Integration.DepthBuffers.DepthBuffersBaseIntegrationTests" name="GetSingle_InvalidIdPropertyValueReturnsNotFound" /></UnitTest><UnitTest name="Put_InvalidReferencePropertyReturndBadRequest" storage="d:\users\steve knipmeyer\documents\github\modelrelief\modelrelief.test\bin\debug\netcoreapp2.0\modelrelief.test.dll" id="77c16c51-e0d5-43c8-bd5f-d781ef8300dc"><Execution id="aa2c0f16-38b6-4db6-ad56-2bba56e760b9" /><TestMethod codeBase="D:\Users\Steve Knipmeyer\Documents\GitHub\ModelRelief\ModelRelief.test\bin\Debug\netcoreapp2.0\ModelRelief.Test.dll" adapterTypeName="executor://xunit/VsTestRunner2/netcoreapp" className="ModelRelief.Test.Integration.Cameras.CamerasBaseIntegrationTests" name="Put_InvalidReferencePropertyReturndBadRequest" /></UnitTest><UnitTest name="Put_ValidReferencePropertyUpdatesModel" storage="d:\users\steve knipmeyer\documents\github\modelrelief\modelrelief.test\bin\debug\netcoreapp2.0\modelrelief.test.dll" id="8aae5396-f7bb-4ab1-b5c5-a86b41c6be65"><Execution id="d61a7f04-72cf-4060-bb07-361062eb7218" /><TestMethod codeBase="D:\Users\Steve Knipmeyer\Documents\GitHub\ModelRelief\ModelRelief.test\bin\Debug\netcoreapp2.0\ModelRelief.Test.dll" adapterTypeName="executor://xunit/VsTestRunner2/netcoreapp" className="ModelRelief.Test.Integration.MeshTransforms.MeshTransformsBaseIntegrationTests" name="Put_ValidReferencePropertyUpdatesModel" /></UnitTest><UnitTest name="PostFile_FileIsSynchronizedIsUpdatedAfterFileIsPosted" storage="d:\users\steve knipmeyer\documents\github\modelrelief\modelrelief.test\bin\debug\netcoreapp2.0\modelrelief.test.dll" id="c7518f53-f80a-4f30-87bd-9cdab5f76abb"><Execution id="b771a83b-d138-4e56-8b23-47eaa5383e58" /><TestMethod codeBase="D:\Users\Steve Knipmeyer\Documents\GitHub\ModelRelief\ModelRelief.test\bin\Debug\netcoreapp2.0\ModelRelief.Test.dll" adapterTypeName="executor://xunit/VsTestRunner2/netcoreapp" className="ModelRelief.Test.Integration.Models.ModelsFileIntegrationTests" name="PostFile_FileIsSynchronizedIsUpdatedAfterFileIsPosted" /></UnitTest><UnitTest name="GetFile_NonExistentFileReturnsNotFound" storage="d:\users\steve knipmeyer\documents\github\modelrelief\modelrelief.test\bin\debug\netcoreapp2.0\modelrelief.test.dll" id="84231b4b-6a17-4352-9356-221cf853406e"><Execution id="4afe820b-ce55-40ab-89b0-b1194897c1bc" /><TestMethod codeBase="D:\Users\Steve Knipmeyer\Documents\GitHub\ModelRelief\ModelRelief.test\bin\Debug\netcoreapp2.0\ModelRelief.Test.dll" adapterTypeName="executor://xunit/VsTestRunner2/netcoreapp" className="ModelRelief.Test.Integration.Models.ModelsFileIntegrationTests" name="GetFile_NonExistentFileReturnsNotFound" /></UnitTest><UnitTest name="LucyModel3dHasTwoDependents" storage="d:\users\steve knipmeyer\documents\github\modelrelief\modelrelief.test\bin\debug\netcoreapp2.0\modelrelief.test.dll" id="98c3d1f0-684c-4b5d-8482-958ffc95cf5e"><Execution id="bf07e446-7ba8-419d-be66-933573416b29" /><TestMethod codeBase="D:\Users\Steve Knipmeyer\Documents\GitHub\ModelRelief\ModelRelief.test\bin\Debug\netcoreapp2.0\ModelRelief.Test.dll" adapterTypeName="executor://xunit/VsTestRunner2/netcoreapp" className="ModelRelief.Test.Unit.DependencyManager.DependencyManagerTests" name="LucyModel3dHasTwoDependents" /></UnitTest><UnitTest name="Patch_MultipleInvalidReferencePropertiesReturnsMultipleValidationErrorsAndBadRequest" storage="d:\users\steve knipmeyer\documents\github\modelrelief\modelrelief.test\bin\debug\netcoreapp2.0\modelrelief.test.dll" id="a29492f4-39e0-48a7-8110-099af0859bcf"><Execution id="ed8104fd-7493-4868-9cc2-a5da461c837d" /><TestMethod codeBase="D:\Users\Steve Knipmeyer\Documents\GitHub\ModelRelief\ModelRelief.test\bin\Debug\netcoreapp2.0\ModelRelief.Test.dll" adapterTypeName="executor://xunit/VsTestRunner2/netcoreapp" className="ModelRelief.Test.Integration.Models.ModelsBaseIntegrationTests" name="Patch_MultipleInvalidReferencePropertiesReturnsMultipleValidationErrorsAndBadRequest" /></UnitTest><UnitTest name="Put_CanUpdateModel" storage="d:\users\steve knipmeyer\documents\github\modelrelief\modelrelief.test\bin\debug\netcoreapp2.0\modelrelief.test.dll" id="e1c008f1-27ed-4abc-9156-c80c489908ad"><Execution id="446ae99c-b4bb-44cf-9f54-352bac9abfaa" /><TestMethod codeBase="D:\Users\Steve Knipmeyer\Documents\GitHub\ModelRelief\ModelRelief.test\bin\Debug\netcoreapp2.0\ModelRelief.Test.dll" adapterTypeName="executor://xunit/VsTestRunner2/netcoreapp" className="ModelRelief.Test.Integration.Meshes.MeshesBaseIntegrationTests" name="Put_CanUpdateModel" /></UnitTest><UnitTest name="Patch_MultipleInvalidReferencePropertiesReturnsMultipleValidationErrorsAndBadRequest" storage="d:\users\steve knipmeyer\documents\github\modelrelief\modelrelief.test\bin\debug\netcoreapp2.0\modelrelief.test.dll" id="4702df20-1472-41f2-98df-c821eae69ce6"><Execution id="091e1a32-e1b2-44dd-ba68-d4821d29b392" /><TestMethod codeBase="D:\Users\Steve Knipmeyer\Documents\GitHub\ModelRelief\ModelRelief.test\bin\Debug\netcoreapp2.0\ModelRelief.Test.dll" adapterTypeName="executor://xunit/VsTestRunner2/netcoreapp" className="ModelRelief.Test.Integration.Meshes.MeshesBaseIntegrationTests" name="Patch_MultipleInvalidReferencePropertiesReturnsMultipleValidationErrorsAndBadRequest" /></UnitTest><UnitTest name="Put_InvalidIdReturnsNotFound" storage="d:\users\steve knipmeyer\documents\github\modelrelief\modelrelief.test\bin\debug\netcoreapp2.0\modelrelief.test.dll" id="e825f3a6-492a-41b4-858d-6dbcd1236c25"><Execution id="eab69e0f-ec11-4e1a-b996-f9ad8a04ee33" /><TestMethod codeBase="D:\Users\Steve Knipmeyer\Documents\GitHub\ModelRelief\ModelRelief.test\bin\Debug\netcoreapp2.0\ModelRelief.Test.dll" adapterTypeName="executor://xunit/VsTestRunner2/netcoreapp" className="ModelRelief.Test.Integration.Meshes.MeshesBaseIntegrationTests" name="Put_InvalidIdReturnsNotFound" /></UnitTest><UnitTest name="PutFile_NewFileCanBePut" storage="d:\users\steve knipmeyer\documents\github\modelrelief\modelrelief.test\bin\debug\netcoreapp2.0\modelrelief.test.dll" id="8e97e4aa-3614-454c-ae21-7e9506ebe421"><Execution id="60fbcb9d-ff02-4274-ae91-5f46f185a8ce" /><TestMethod codeBase="D:\Users\Steve Knipmeyer\Documents\GitHub\ModelRelief\ModelRelief.test\bin\Debug\netcoreapp2.0\ModelRelief.Test.dll" adapterTypeName="executor://xunit/VsTestRunner2/netcoreapp" className="ModelRelief.Test.Integration.Models.ModelsFileIntegrationTests" name="PutFile_NewFileCanBePut" /></UnitTest><UnitTest name="Put_ValidReferencePropertyUpdatesModel" storage="d:\users\steve knipmeyer\documents\github\modelrelief\modelrelief.test\bin\debug\netcoreapp2.0\modelrelief.test.dll" id="09fc4a46-ae91-44be-8cb5-b3c3958ab989"><Execution id="feb7055d-1bb3-435a-baa3-78f82c4c6fb6" /><TestMethod codeBase="D:\Users\Steve Knipmeyer\Documents\GitHub\ModelRelief\ModelRelief.test\bin\Debug\netcoreapp2.0\ModelRelief.Test.dll" adapterTypeName="executor://xunit/VsTestRunner2/netcoreapp" className="ModelRelief.Test.Integration.Meshes.MeshesBaseIntegrationTests" name="Put_ValidReferencePropertyUpdatesModel" /></UnitTest><UnitTest name="Patch_ValidReferencePropertyUpdatesModel" storage="d:\users\steve knipmeyer\documents\github\modelrelief\modelrelief.test\bin\debug\netcoreapp2.0\modelrelief.test.dll" id="f470fb33-1d5d-47c1-be84-e9a0eb0c2e93"><Execution id="36cc003b-c932-4cf0-9a77-d83b05f2193b" /><TestMethod codeBase="D:\Users\Steve Knipmeyer\Documents\GitHub\ModelRelief\ModelRelief.test\bin\Debug\netcoreapp2.0\ModelRelief.Test.dll" adapterTypeName="executor://xunit/VsTestRunner2/netcoreapp" className="ModelRelief.Test.Integration.Projects.ProjectsBaseIntegrationTests" name="Patch_ValidReferencePropertyUpdatesModel" /></UnitTest><UnitTest name="GetFile_FileCanBeRoundTripped" storage="d:\users\steve knipmeyer\documents\github\modelrelief\modelrelief.test\bin\debug\netcoreapp2.0\modelrelief.test.dll" id="71788df6-de34-459a-aaab-9490951dfb5f"><Execution id="17dcd284-17af-4252-9735-8dc5a11635c0" /><TestMethod codeBase="D:\Users\Steve Knipmeyer\Documents\GitHub\ModelRelief\ModelRelief.test\bin\Debug\netcoreapp2.0\ModelRelief.Test.dll" adapterTypeName="executor://xunit/VsTestRunner2/netcoreapp" className="ModelRelief.Test.Integration.DepthBuffers.DepthBuffersFileIntegrationTests" name="GetFile_FileCanBeRoundTripped" /></UnitTest><UnitTest name="Patch_ValidReferencePropertyUpdatesModel" storage="d:\users\steve knipmeyer\documents\github\modelrelief\modelrelief.test\bin\debug\netcoreapp2.0\modelrelief.test.dll" id="4bdbfc6c-7ded-4398-a05c-46fc3aac9074"><Execution id="cf0abc16-ac8f-4353-a23e-00a0854e7ce8" /><TestMethod codeBase="D:\Users\Steve Knipmeyer\Documents\GitHub\ModelRelief\ModelRelief.test\bin\Debug\netcoreapp2.0\ModelRelief.Test.dll" adapterTypeName="executor://xunit/VsTestRunner2/netcoreapp" className="ModelRelief.Test.Integration.Meshes.MeshesBaseIntegrationTests" name="Patch_ValidReferencePropertyUpdatesModel" /></UnitTest><UnitTest name="PutFile_NewFileCanBePut" storage="d:\users\steve knipmeyer\documents\github\modelrelief\modelrelief.test\bin\debug\netcoreapp2.0\modelrelief.test.dll" id="d38afb81-1e16-4b97-be90-6af49382ef8a"><Execution id="983ad0d0-193a-4620-b45e-03d671feb4ed" /><TestMethod codeBase="D:\Users\Steve Knipmeyer\Documents\GitHub\ModelRelief\ModelRelief.test\bin\Debug\netcoreapp2.0\ModelRelief.Test.dll" adapterTypeName="executor://xunit/VsTestRunner2/netcoreapp" className="ModelRelief.Test.Integration.Meshes.MeshesFileIntegrationTests" name="PutFile_NewFileCanBePut" /></UnitTest><UnitTest name="PostFile_FileTimeStampIsUpdatedAfterFileIsPosted" storage="d:\users\steve knipmeyer\documents\github\modelrelief\modelrelief.test\bin\debug\netcoreapp2.0\modelrelief.test.dll" id="74930c70-94f6-493a-886c-d0e1bb0d2aff"><Execution id="d759bb9a-6e99-40d7-ab35-69b3914b7e4a" /><TestMethod codeBase="D:\Users\Steve Knipmeyer\Documents\GitHub\ModelRelief\ModelRelief.test\bin\Debug\netcoreapp2.0\ModelRelief.Test.dll" adapterTypeName="executor://xunit/VsTestRunner2/netcoreapp" className="ModelRelief.Test.Integration.Meshes.MeshesFileIntegrationTests" name="PostFile_FileTimeStampIsUpdatedAfterFileIsPosted" /></UnitTest><UnitTest name="GetFile_FileCanBeRoundTripped" storage="d:\users\steve knipmeyer\documents\github\modelrelief\modelrelief.test\bin\debug\netcoreapp2.0\modelrelief.test.dll" id="75af2588-8cbc-4628-ac47-68e2adea1f3c"><Execution id="8ad08d25-4c6e-407f-97b0-6df2484af4d2" /><TestMethod codeBase="D:\Users\Steve Knipmeyer\Documents\GitHub\ModelRelief\ModelRelief.test\bin\Debug\netcoreapp2.0\ModelRelief.Test.dll" adapterTypeName="executor://xunit/VsTestRunner2/netcoreapp" className="ModelRelief.Test.Integration.Models.ModelsFileIntegrationTests" name="GetFile_FileCanBeRoundTripped" /></UnitTest><UnitTest name="Put_InvalidReferencePropertyReturndBadRequest" storage="d:\users\steve knipmeyer\documents\github\modelrelief\modelrelief.test\bin\debug\netcoreapp2.0\modelrelief.test.dll" id="9dccc22f-7740-46b4-bba4-d6dae322a39b"><Execution id="29ea020c-ceb3-4a49-9e14-4e402af64c9b" /><TestMethod codeBase="D:\Users\Steve Knipmeyer\Documents\GitHub\ModelRelief\ModelRelief.test\bin\Debug\netcoreapp2.0\ModelRelief.Test.dll" adapterTypeName="executor://xunit/VsTestRunner2/netcoreapp" className="ModelRelief.Test.Integration.DepthBuffers.DepthBuffersBaseIntegrationTests" name="Put_InvalidReferencePropertyReturndBadRequest" /></UnitTest><UnitTest name="Put_CanUpdateModel" storage="d:\users\steve knipmeyer\documents\github\modelrelief\modelrelief.test\bin\debug\netcoreapp2.0\modelrelief.test.dll" id="4c5c84cc-8013-4c3d-b40e-6016b02f33e5"><Execution id="ce6fab24-172d-407b-b79f-4f6ec6e52c08" /><TestMethod codeBase="D:\Users\Steve Knipmeyer\Documents\GitHub\ModelRelief\ModelRelief.test\bin\Debug\netcoreapp2.0\ModelRelief.Test.dll" adapterTypeName="executor://xunit/VsTestRunner2/netcoreapp" className="ModelRelief.Test.Integration.Models.ModelsBaseIntegrationTests" name="Put_CanUpdateModel" /></UnitTest><UnitTest name="Patch_InvalidEnumPropertyValueReturnsBadRequest" storage="d:\users\steve knipmeyer\documents\github\modelrelief\modelrelief.test\bin\debug\netcoreapp2.0\modelrelief.test.dll" id="e17bfc6d-4b1f-480b-af00-359c268f496f"><Execution id="0977c734-eecd-41b3-82cb-a42b789b6e52" /><TestMethod codeBase="D:\Users\Steve Knipmeyer\Documents\GitHub\ModelRelief\ModelRelief.test\bin\Debug\netcoreapp2.0\ModelRelief.Test.dll" adapterTypeName="executor://xunit/VsTestRunner2/netcoreapp" className="ModelRelief.Test.Integration.DepthBuffers.DepthBuffersBaseIntegrationTests" name="Patch_InvalidEnumPropertyValueReturnsBadRequest" /></UnitTest><UnitTest name="FileRequest_FileCanBeReadAfterRename" storage="d:\users\steve knipmeyer\documents\github\modelrelief\modelrelief.test\bin\debug\netcoreapp2.0\modelrelief.test.dll" id="53516d6b-ad54-4550-b7d9-724b423de9c5"><Execution id="900fc8c5-3748-4b21-9fdb-8a87ee69bb3f" /><TestMethod codeBase="D:\Users\Steve Knipmeyer\Documents\GitHub\ModelRelief\ModelRelief.test\bin\Debug\netcoreapp2.0\ModelRelief.Test.dll" adapterTypeName="executor://xunit/VsTestRunner2/netcoreapp" className="ModelRelief.Test.Integration.Models.ModelsFileIntegrationTests" name="FileRequest_FileCanBeReadAfterRename" /></UnitTest><UnitTest name="FileRequest_MeshIsInvalidatedAfterDepthBufferFileBecomesUnsynchronized" storage="d:\users\steve knipmeyer\documents\github\modelrelief\modelrelief.test\bin\debug\netcoreapp2.0\modelrelief.test.dll" id="0917fce1-5aa2-4f2d-b8f7-9c05abac7ee9"><Execution id="26cf76c7-d546-4de0-bd95-2fe05571ba31" /><TestMethod codeBase="D:\Users\Steve Knipmeyer\Documents\GitHub\ModelRelief\ModelRelief.test\bin\Debug\netcoreapp2.0\ModelRelief.Test.dll" adapterTypeName="executor://xunit/VsTestRunner2/netcoreapp" className="ModelRelief.Test.Integration.Meshes.MeshesFileIntegrationTests" name="FileRequest_MeshIsInvalidatedAfterDepthBufferFileBecomesUnsynchronized" /></UnitTest><UnitTest name="LucyDepthBufferFindsOneDependent" storage="d:\users\steve knipmeyer\documents\github\modelrelief\modelrelief.test\bin\debug\netcoreapp2.0\modelrelief.test.dll" id="34a4b5b3-6e09-4328-9840-acc543349bac"><Execution id="621dd91f-fb4f-4622-868b-daa0682eb12f" /><TestMethod codeBase="D:\Users\Steve Knipmeyer\Documents\GitHub\ModelRelief\ModelRelief.test\bin\Debug\netcoreapp2.0\ModelRelief.Test.dll" adapterTypeName="executor://xunit/VsTestRunner2/netcoreapp" className="ModelRelief.Test.Unit.DependencyManager.DependencyManagerTests" name="LucyDepthBufferFindsOneDependent" /></UnitTest><UnitTest name="GetSingle_InvalidIdPropertyValueReturnsNotFound" storage="d:\users\steve knipmeyer\documents\github\modelrelief\modelrelief.test\bin\debug\netcoreapp2.0\modelrelief.test.dll" id="c5afa2cf-7398-44b8-b6fd-8e046ea284f3"><Execution id="22cc738c-83a0-4837-a57e-0ce2c004cf7f" /><TestMethod codeBase="D:\Users\Steve Knipmeyer\Documents\GitHub\ModelRelief\ModelRelief.test\bin\Debug\netcoreapp2.0\ModelRelief.Test.dll" adapterTypeName="executor://xunit/VsTestRunner2/netcoreapp" className="ModelRelief.Test.Integration.Models.ModelsBaseIntegrationTests" name="GetSingle_InvalidIdPropertyValueReturnsNotFound" /></UnitTest><UnitTest name="Put_ValidReferencePropertyUpdatesModel" storage="d:\users\steve knipmeyer\documents\github\modelrelief\modelrelief.test\bin\debug\netcoreapp2.0\modelrelief.test.dll" id="a421bb51-d7a7-4c23-8304-967cef0857ba"><Execution id="734db2fc-21df-4191-8f94-b1dfa835c987" /><TestMethod codeBase="D:\Users\Steve Knipmeyer\Documents\GitHub\ModelRelief\ModelRelief.test\bin\Debug\netcoreapp2.0\ModelRelief.Test.dll" adapterTypeName="executor://xunit/VsTestRunner2/netcoreapp" className="ModelRelief.Test.Integration.Models.ModelsBaseIntegrationTests" name="Put_ValidReferencePropertyUpdatesModel" /></UnitTest><UnitTest name="Post_CanCreateNewModel" storage="d:\users\steve knipmeyer\documents\github\modelrelief\modelrelief.test\bin\debug\netcoreapp2.0\modelrelief.test.dll" id="6408ba9e-0b7f-41e9-af99-9b89d48fa648"><Execution id="d65f9a63-3425-484f-8203-b242b26f66f7" /><TestMethod codeBase="D:\Users\Steve Knipmeyer\Documents\GitHub\ModelRelief\ModelRelief.test\bin\Debug\netcoreapp2.0\ModelRelief.Test.dll" adapterTypeName="executor://xunit/VsTestRunner2/netcoreapp" className="ModelRelief.Test.Integration.DepthBuffers.DepthBuffersBaseIntegrationTests" name="Post_CanCreateNewModel" /></UnitTest><UnitTest name="GetList_ListReturnsCorrectCount" storage="d:\users\steve knipmeyer\documents\github\modelrelief\modelrelief.test\bin\debug\netcoreapp2.0\modelrelief.test.dll" id="2f001bd1-818e-4a0f-a69d-0d676876ea6b"><Execution id="22e6f3ff-034d-4ac3-9371-e46221eab7f9" /><TestMethod codeBase="D:\Users\Steve Knipmeyer\Documents\GitHub\ModelRelief\ModelRelief.test\bin\Debug\netcoreapp2.0\ModelRelief.Test.dll" adapterTypeName="executor://xunit/VsTestRunner2/netcoreapp" className="ModelRelief.Test.Integration.Models.ModelsBaseIntegrationTests" name="GetList_ListReturnsCorrectCount" /></UnitTest><UnitTest name="FileRequest_FileCanBeReadAfterRename" storage="d:\users\steve knipmeyer\documents\github\modelrelief\modelrelief.test\bin\debug\netcoreapp2.0\modelrelief.test.dll" id="d7807604-8620-4976-9084-6df00c843abd"><Execution id="e1f404a8-a809-4d85-8b66-02fc9287815e" /><TestMethod codeBase="D:\Users\Steve Knipmeyer\Documents\GitHub\ModelRelief\ModelRelief.test\bin\Debug\netcoreapp2.0\ModelRelief.Test.dll" adapterTypeName="executor://xunit/VsTestRunner2/netcoreapp" className="ModelRelief.Test.Integration.DepthBuffers.DepthBuffersFileIntegrationTests" name="FileRequest_FileCanBeReadAfterRename" /></UnitTest><UnitTest name="Put_CanUpdateModel" storage="d:\users\steve knipmeyer\documents\github\modelrelief\modelrelief.test\bin\debug\netcoreapp2.0\modelrelief.test.dll" id="a421cc23-9238-4505-bfee-0aaca3c58230"><Execution id="d12c3278-7c13-4a54-9ff1-fb498bedefea" /><TestMethod codeBase="D:\Users\Steve Knipmeyer\Documents\GitHub\ModelRelief\ModelRelief.test\bin\Debug\netcoreapp2.0\ModelRelief.Test.dll" adapterTypeName="executor://xunit/VsTestRunner2/netcoreapp" className="ModelRelief.Test.Integration.Projects.ProjectsBaseIntegrationTests" name="Put_CanUpdateModel" /></UnitTest><UnitTest name="Post_ValidReferencePropertyCreatesModel" storage="d:\users\steve knipmeyer\documents\github\modelrelief\modelrelief.test\bin\debug\netcoreapp2.0\modelrelief.test.dll" id="28daeb1a-1e92-4501-b814-32478ad79e4c"><Execution id="54162ec6-1fa4-43ef-b6ff-eecb0c9e4525" /><TestMethod codeBase="D:\Users\Steve Knipmeyer\Documents\GitHub\ModelRelief\ModelRelief.test\bin\Debug\netcoreapp2.0\ModelRelief.Test.dll" adapterTypeName="executor://xunit/VsTestRunner2/netcoreapp" className="ModelRelief.Test.Integration.DepthBuffers.DepthBuffersBaseIntegrationTests" name="Post_ValidReferencePropertyCreatesModel" /></UnitTest><UnitTest name="Patch_InvalidIdPropertyReturnsNotFound" storage="d:\users\steve knipmeyer\documents\github\modelrelief\modelrelief.test\bin\debug\netcoreapp2.0\modelrelief.test.dll" id="8bc37c73-3514-46d0-bfc4-25eeccf62c7e"><Execution id="c5142ca6-1228-4359-956b-9d0e4feba18b" /><TestMethod codeBase="D:\Users\Steve Knipmeyer\Documents\GitHub\ModelRelief\ModelRelief.test\bin\Debug\netcoreapp2.0\ModelRelief.Test.dll" adapterTypeName="executor://xunit/VsTestRunner2/netcoreapp" className="ModelRelief.Test.Integration.Cameras.CamerasBaseIntegrationTests" name="Patch_InvalidIdPropertyReturnsNotFound" /></UnitTest><UnitTest name="GetSingle_ValidIdPropertyValueReturnsCorrectModel" storage="d:\users\steve knipmeyer\documents\github\modelrelief\modelrelief.test\bin\debug\netcoreapp2.0\modelrelief.test.dll" id="c3251de6-65ed-41f8-ab46-6f07c16fcb5f"><Execution id="9e8c0cfe-1b79-4198-a413-b47d5215beca" /><TestMethod codeBase="D:\Users\Steve Knipmeyer\Documents\GitHub\ModelRelief\ModelRelief.test\bin\Debug\netcoreapp2.0\ModelRelief.Test.dll" adapterTypeName="executor://xunit/VsTestRunner2/netcoreapp" className="ModelRelief.Test.Integration.Projects.ProjectsBaseIntegrationTests" name="GetSingle_ValidIdPropertyValueReturnsCorrectModel" /></UnitTest><UnitTest name="GetList_ListReturnsCorrectCount" storage="d:\users\steve knipmeyer\documents\github\modelrelief\modelrelief.test\bin\debug\netcoreapp2.0\modelrelief.test.dll" id="dc40d9d9-06d1-4a87-8abb-0b994f5cc53a"><Execution id="b258aead-1d41-478c-8a1e-9cf16e2250f2" /><TestMethod codeBase="D:\Users\Steve Knipmeyer\Documents\GitHub\ModelRelief\ModelRelief.test\bin\Debug\netcoreapp2.0\ModelRelief.Test.dll" adapterTypeName="executor://xunit/VsTestRunner2/netcoreapp" className="ModelRelief.Test.Integration.DepthBuffers.DepthBuffersBaseIntegrationTests" name="GetList_ListReturnsCorrectCount" /></UnitTest><UnitTest name="Patch_InvalidPropertyNameReturnsBadRequest" storage="d:\users\steve knipmeyer\documents\github\modelrelief\modelrelief.test\bin\debug\netcoreapp2.0\modelrelief.test.dll" id="35d5ec0f-47b1-4aa8-9faa-d5630b4b5594"><Execution id="fcefb629-e319-47a3-9df4-19b2f3a8c260" /><TestMethod codeBase="D:\Users\Steve Knipmeyer\Documents\GitHub\ModelRelief\ModelRelief.test\bin\Debug\netcoreapp2.0\ModelRelief.Test.dll" adapterTypeName="executor://xunit/VsTestRunner2/netcoreapp" className="ModelRelief.Test.Integration.Projects.ProjectsBaseIntegrationTests" name="Patch_InvalidPropertyNameReturnsBadRequest" /></UnitTest><UnitTest name="Post_CanCreateNewModel" storage="d:\users\steve knipmeyer\documents\github\modelrelief\modelrelief.test\bin\debug\netcoreapp2.0\modelrelief.test.dll" id="441a5830-3a2e-4099-abb3-3c5400afabde"><Execution id="3cb11c1f-a53f-4e6d-a259-efdb6e37316a" /><TestMethod codeBase="D:\Users\Steve Knipmeyer\Documents\GitHub\ModelRelief\ModelRelief.test\bin\Debug\netcoreapp2.0\ModelRelief.Test.dll" adapterTypeName="executor://xunit/VsTestRunner2/netcoreapp" className="ModelRelief.Test.Integration.Projects.ProjectsBaseIntegrationTests" name="Post_CanCreateNewModel" /></UnitTest><UnitTest name="Patch_InvalidReferencePropertyReturnsBadRequest" storage="d:\users\steve knipmeyer\documents\github\modelrelief\modelrelief.test\bin\debug\netcoreapp2.0\modelrelief.test.dll" id="2813af1f-5222-460e-9593-339cffc6748a"><Execution id="4e7f3a42-56b4-475d-99d0-2b2d44fdcbf9" /><TestMethod codeBase="D:\Users\Steve Knipmeyer\Documents\GitHub\ModelRelief\ModelRelief.test\bin\Debug\netcoreapp2.0\ModelRelief.Test.dll" adapterTypeName="executor://xunit/VsTestRunner2/netcoreapp" className="ModelRelief.Test.Integration.Models.ModelsBaseIntegrationTests" name="Patch_InvalidReferencePropertyReturnsBadRequest" /></UnitTest><UnitTest name="FileRequest_FileCanBeReadAfterRename" storage="d:\users\steve knipmeyer\documents\github\modelrelief\modelrelief.test\bin\debug\netcoreapp2.0\modelrelief.test.dll" id="6b2ee0c2-ab40-498c-9b03-ffd0db9624d9"><Execution id="67bb347e-343b-4208-be74-628d298fc28d" /><TestMethod codeBase="D:\Users\Steve Knipmeyer\Documents\GitHub\ModelRelief\ModelRelief.test\bin\Debug\netcoreapp2.0\ModelRelief.Test.dll" adapterTypeName="executor://xunit/VsTestRunner2/netcoreapp" className="ModelRelief.Test.Integration.Meshes.MeshesFileIntegrationTests" name="FileRequest_FileCanBeReadAfterRename" /></UnitTest><UnitTest name="Patch_InvalidIdPropertyReturnsNotFound" storage="d:\users\steve knipmeyer\documents\github\modelrelief\modelrelief.test\bin\debug\netcoreapp2.0\modelrelief.test.dll" id="fb80b085-93d6-4711-a4c0-9ff6f20e5fbc"><Execution id="bd5ac09f-3e7e-443c-bb64-ca7d459bc9a2" /><TestMethod codeBase="D:\Users\Steve Knipmeyer\Documents\GitHub\ModelRelief\ModelRelief.test\bin\Debug\netcoreapp2.0\ModelRelief.Test.dll" adapterTypeName="executor://xunit/VsTestRunner2/netcoreapp" className="ModelRelief.Test.Integration.Models.ModelsBaseIntegrationTests" name="Patch_InvalidIdPropertyReturnsNotFound" /></UnitTest><UnitTest name="Patch_ValidReferencePropertyUpdatesModel" storage="d:\users\steve knipmeyer\documents\github\modelrelief\modelrelief.test\bin\debug\netcoreapp2.0\modelrelief.test.dll" id="90ed3175-9718-44d2-9b8d-4a5948b0e58e"><Execution id="388b912e-0c51-4764-880a-b107d6f785d1" /><TestMethod codeBase="D:\Users\Steve Knipmeyer\Documents\GitHub\ModelRelief\ModelRelief.test\bin\Debug\netcoreapp2.0\ModelRelief.Test.dll" adapterTypeName="executor://xunit/VsTestRunner2/netcoreapp" className="ModelRelief.Test.Integration.Cameras.CamerasBaseIntegrationTests" name="Patch_ValidReferencePropertyUpdatesModel" /></UnitTest><UnitTest name="Post_InvalidPropertyValueReturnsBadRequest" storage="d:\users\steve knipmeyer\documents\github\modelrelief\modelrelief.test\bin\debug\netcoreapp2.0\modelrelief.test.dll" id="0b06dbf9-9a8e-4309-8211-d5d11fda46e3"><Execution id="079b6882-9a1b-4f9b-878a-cd1b3592a24e" /><TestMethod codeBase="D:\Users\Steve Knipmeyer\Documents\GitHub\ModelRelief\ModelRelief.test\bin\Debug\netcoreapp2.0\ModelRelief.Test.dll" adapterTypeName="executor://xunit/VsTestRunner2/netcoreapp" className="ModelRelief.Test.Integration.Meshes.MeshesBaseIntegrationTests" name="Post_InvalidPropertyValueReturnsBadRequest" /></UnitTest><UnitTest name="Post_CanCreateNewModel" storage="d:\users\steve knipmeyer\documents\github\modelrelief\modelrelief.test\bin\debug\netcoreapp2.0\modelrelief.test.dll" id="be5bb244-0d72-4bd6-a855-173b112f99c6"><Execution id="e99d08f2-54b0-4bf0-b00e-6cd7d349a4a2" /><TestMethod codeBase="D:\Users\Steve Knipmeyer\Documents\GitHub\ModelRelief\ModelRelief.test\bin\Debug\netcoreapp2.0\ModelRelief.Test.dll" adapterTypeName="executor://xunit/VsTestRunner2/netcoreapp" className="ModelRelief.Test.Integration.MeshTransforms.MeshTransformsBaseIntegrationTests" name="Post_CanCreateNewModel" /></UnitTest><UnitTest name="Patch_TargetPropertyIsUpdated" storage="d:\users\steve knipmeyer\documents\github\modelrelief\modelrelief.test\bin\debug\netcoreapp2.0\modelrelief.test.dll" id="77c62404-720d-4a90-8c7b-70890f47ba5e"><Execution id="7a52c681-5771-4049-9149-6f67fb5b77dc" /><TestMethod codeBase="D:\Users\Steve Knipmeyer\Documents\GitHub\ModelRelief\ModelRelief.test\bin\Debug\netcoreapp2.0\ModelRelief.Test.dll" adapterTypeName="executor://xunit/VsTestRunner2/netcoreapp" className="ModelRelief.Test.Integration.MeshTransforms.MeshTransformsBaseIntegrationTests" name="Patch_TargetPropertyIsUpdated" /></UnitTest><UnitTest name="PostFile_FileTimeStampIsUpdatedAfterFileIsPosted" storage="d:\users\steve knipmeyer\documents\github\modelrelief\modelrelief.test\bin\debug\netcoreapp2.0\modelrelief.test.dll" id="b129563f-1d96-4ff5-9d21-c3d95139e6e5"><Execution id="204aa5f7-bbb1-47e7-9c60-f166fb1504a8" /><TestMethod codeBase="D:\Users\Steve Knipmeyer\Documents\GitHub\ModelRelief\ModelRelief.test\bin\Debug\netcoreapp2.0\ModelRelief.Test.dll" adapterTypeName="executor://xunit/VsTestRunner2/netcoreapp" className="ModelRelief.Test.Integration.Models.ModelsFileIntegrationTests" name="PostFile_FileTimeStampIsUpdatedAfterFileIsPosted" /></UnitTest><UnitTest name="Post_InvalidPropertyValueReturnsBadRequest" storage="d:\users\steve knipmeyer\documents\github\modelrelief\modelrelief.test\bin\debug\netcoreapp2.0\modelrelief.test.dll" id="3acd7071-b127-40f3-ac1c-31a7861476f3"><Execution id="6a748a1e-e353-42cf-af85-f0bbe167c0e5" /><TestMethod codeBase="D:\Users\Steve Knipmeyer\Documents\GitHub\ModelRelief\ModelRelief.test\bin\Debug\netcoreapp2.0\ModelRelief.Test.dll" adapterTypeName="executor://xunit/VsTestRunner2/netcoreapp" className="ModelRelief.Test.Integration.DepthBuffers.DepthBuffersBaseIntegrationTests" name="Post_InvalidPropertyValueReturnsBadRequest" /></UnitTest><UnitTest name="GetList_ListReturnsCorrectCount" storage="d:\users\steve knipmeyer\documents\github\modelrelief\modelrelief.test\bin\debug\netcoreapp2.0\modelrelief.test.dll" id="09faaf0d-1f6f-4214-8e15-ec9cfb237902"><Execution id="d8fe7f24-500f-4d56-8f6d-ece7a9e2ed38" /><TestMethod codeBase="D:\Users\Steve Knipmeyer\Documents\GitHub\ModelRelief\ModelRelief.test\bin\Debug\netcoreapp2.0\ModelRelief.Test.dll" adapterTypeName="executor://xunit/VsTestRunner2/netcoreapp" className="ModelRelief.Test.Integration.Cameras.CamerasBaseIntegrationTests" name="GetList_ListReturnsCorrectCount" /></UnitTest><UnitTest name="Patch_InvalidEnumPropertyValueReturnsBadRequest" storage="d:\users\steve knipmeyer\documents\github\modelrelief\modelrelief.test\bin\debug\netcoreapp2.0\modelrelief.test.dll" id="2029b73c-363d-4d47-b535-c9874f711db5"><Execution id="f91f51cc-5a11-4edb-b350-ec5fad9613cb" /><TestMethod codeBase="D:\Users\Steve Knipmeyer\Documents\GitHub\ModelRelief\ModelRelief.test\bin\Debug\netcoreapp2.0\ModelRelief.Test.dll" adapterTypeName="executor://xunit/VsTestRunner2/netcoreapp" className="ModelRelief.Test.Integration.Models.ModelsBaseIntegrationTests" name="Patch_InvalidEnumPropertyValueReturnsBadRequest" /></UnitTest><UnitTest name="GetSingle_ValidIdPropertyValueReturnsCorrectModel" storage="d:\users\steve knipmeyer\documents\github\modelrelief\modelrelief.test\bin\debug\netcoreapp2.0\modelrelief.test.dll" id="1e95401b-bc1b-4c41-be80-5b16ad35d793"><Execution id="bd9a03b5-66fd-4796-85c8-92ad48378833" /><TestMethod codeBase="D:\Users\Steve Knipmeyer\Documents\GitHub\ModelRelief\ModelRelief.test\bin\Debug\netcoreapp2.0\ModelRelief.Test.dll" adapterTypeName="executor://xunit/VsTestRunner2/netcoreapp" className="ModelRelief.Test.Integration.Models.ModelsBaseIntegrationTests" name="GetSingle_ValidIdPropertyValueReturnsCorrectModel" /></UnitTest><UnitTest name="Put_ValidReferencePropertyUpdatesModel" storage="d:\users\steve knipmeyer\documents\github\modelrelief\modelrelief.test\bin\debug\netcoreapp2.0\modelrelief.test.dll" id="838116ef-f4eb-437d-8336-17f6e67ec8a5"><Execution id="75b13d36-8503-4963-a05a-10688e2321db" /><TestMethod codeBase="D:\Users\Steve Knipmeyer\Documents\GitHub\ModelRelief\ModelRelief.test\bin\Debug\netcoreapp2.0\ModelRelief.Test.dll" adapterTypeName="executor://xunit/VsTestRunner2/netcoreapp" className="ModelRelief.Test.Integration.Cameras.CamerasBaseIntegrationTests" name="Put_ValidReferencePropertyUpdatesModel" /></UnitTest><UnitTest name="DepthBufferHasExpectedDependentFiles" storage="d:\users\steve knipmeyer\documents\github\modelrelief\modelrelief.test\bin\debug\netcoreapp2.0\modelrelief.test.dll" id="a8e02d95-626f-477a-9fbf-3b7a95707d33"><Execution id="704fa0f3-ac56-414e-a87c-a18638bd55e6" /><TestMethod codeBase="D:\Users\Steve Knipmeyer\Documents\GitHub\ModelRelief\ModelRelief.test\bin\Debug\netcoreapp2.0\ModelRelief.Test.dll" adapterTypeName="executor://xunit/VsTestRunner2/netcoreapp" className="ModelRelief.Test.Unit.DependencyManager.DependencyManagerTests" name="DepthBufferHasExpectedDependentFiles" /></UnitTest><UnitTest name="GetList_ListReturnsCorrectCount" storage="d:\users\steve knipmeyer\documents\github\modelrelief\modelrelief.test\bin\debug\netcoreapp2.0\modelrelief.test.dll" id="63c959a0-de52-4acb-a76b-9639e4c6af8f"><Execution id="21043562-0d84-48d3-a704-9c6715580111" /><TestMethod codeBase="D:\Users\Steve Knipmeyer\Documents\GitHub\ModelRelief\ModelRelief.test\bin\Debug\netcoreapp2.0\ModelRelief.Test.dll" adapterTypeName="executor://xunit/VsTestRunner2/netcoreapp" className="ModelRelief.Test.Integration.MeshTransforms.MeshTransformsBaseIntegrationTests" name="GetList_ListReturnsCorrectCount" /></UnitTest><UnitTest name="Patch_InvalidReferencePropertyReturnsBadRequest" storage="d:\users\steve knipmeyer\documents\github\modelrelief\modelrelief.test\bin\debug\netcoreapp2.0\modelrelief.test.dll" id="c5a7f826-c54e-4d43-9acb-87a7ef113bab"><Execution id="1a9c1237-60c7-4078-8c23-c07217c1a000" /><TestMethod codeBase="D:\Users\Steve Knipmeyer\Documents\GitHub\ModelRelief\ModelRelief.test\bin\Debug\netcoreapp2.0\ModelRelief.Test.dll" adapterTypeName="executor://xunit/VsTestRunner2/netcoreapp" className="ModelRelief.Test.Integration.Projects.ProjectsBaseIntegrationTests" name="Patch_InvalidReferencePropertyReturnsBadRequest" /></UnitTest><UnitTest name="GetList_ListReturnsCorrectCount" storage="d:\users\steve knipmeyer\documents\github\modelrelief\modelrelief.test\bin\debug\netcoreapp2.0\modelrelief.test.dll" id="b36b3b36-56e3-4808-a569-cbb31b35ba67"><Execution id="d9cd106f-adfd-42b5-b070-7a3532c49986" /><TestMethod codeBase="D:\Users\Steve Knipmeyer\Documents\GitHub\ModelRelief\ModelRelief.test\bin\Debug\netcoreapp2.0\ModelRelief.Test.dll" adapterTypeName="executor://xunit/VsTestRunner2/netcoreapp" className="ModelRelief.Test.Integration.Projects.ProjectsBaseIntegrationTests" name="GetList_ListReturnsCorrectCount" /></UnitTest><UnitTest name="Put_ValidReferencePropertyUpdatesModel" storage="d:\users\steve knipmeyer\documents\github\modelrelief\modelrelief.test\bin\debug\netcoreapp2.0\modelrelief.test.dll" id="0d134316-9810-41a9-b63f-74f9b461763c"><Execution id="db8398c1-5039-4ca0-8f26-6a2c6f9ff31a" /><TestMethod codeBase="D:\Users\Steve Knipmeyer\Documents\GitHub\ModelRelief\ModelRelief.test\bin\Debug\netcoreapp2.0\ModelRelief.Test.dll" adapterTypeName="executor://xunit/VsTestRunner2/netcoreapp" className="ModelRelief.Test.Integration.DepthBuffers.DepthBuffersBaseIntegrationTests" name="Put_ValidReferencePropertyUpdatesModel" /></UnitTest><UnitTest name="Put_ValidReferencePropertyUpdatesModel" storage="d:\users\steve knipmeyer\documents\github\modelrelief\modelrelief.test\bin\debug\netcoreapp2.0\modelrelief.test.dll" id="43ad1d8a-4dac-4b15-b0dc-34c979cced05"><Execution id="a379772b-1552-467e-a99b-e9738389cda9" /><TestMethod codeBase="D:\Users\Steve Knipmeyer\Documents\GitHub\ModelRelief\ModelRelief.test\bin\Debug\netcoreapp2.0\ModelRelief.Test.dll" adapterTypeName="executor://xunit/VsTestRunner2/netcoreapp" className="ModelRelief.Test.Integration.Projects.ProjectsBaseIntegrationTests" name="Put_ValidReferencePropertyUpdatesModel" /></UnitTest><UnitTest name="Post_CanCreateNewModel" storage="d:\users\steve knipmeyer\documents\github\modelrelief\modelrelief.test\bin\debug\netcoreapp2.0\modelrelief.test.dll" id="3754fb1b-b58a-4d07-8a93-2bc6cd265da8"><Execution id="27d9b495-773e-46e9-bb1c-7098de0fd776" /><TestMethod codeBase="D:\Users\Steve Knipmeyer\Documents\GitHub\ModelRelief\ModelRelief.test\bin\Debug\netcoreapp2.0\ModelRelief.Test.dll" adapterTypeName="executor://xunit/VsTestRunner2/netcoreapp" className="ModelRelief.Test.Integration.Meshes.MeshesBaseIntegrationTests" name="Post_CanCreateNewModel" /></UnitTest><UnitTest name="GetSingle_ValidIdPropertyValueReturnsCorrectModel" storage="d:\users\steve knipmeyer\documents\github\modelrelief\modelrelief.test\bin\debug\netcoreapp2.0\modelrelief.test.dll" id="f7dd7670-9b27-481e-b960-0d0ad91ba10e"><Execution id="97000354-d0c5-46fb-8f7b-4b5231af29b6" /><TestMethod codeBase="D:\Users\Steve Knipmeyer\Documents\GitHub\ModelRelief\ModelRelief.test\bin\Debug\netcoreapp2.0\ModelRelief.Test.dll" adapterTypeName="executor://xunit/VsTestRunner2/netcoreapp" className="ModelRelief.Test.Integration.MeshTransforms.MeshTransformsBaseIntegrationTests" name="GetSingle_ValidIdPropertyValueReturnsCorrectModel" /></UnitTest><UnitTest name="Patch_InvalidEnumPropertyValueReturnsBadRequest" storage="d:\users\steve knipmeyer\documents\github\modelrelief\modelrelief.test\bin\debug\netcoreapp2.0\modelrelief.test.dll" id="1c64c3fc-b413-4112-9031-5b888eae081d"><Execution id="d3123f92-3aff-4f3c-980a-f13f402039a3" /><TestMethod codeBase="D:\Users\Steve Knipmeyer\Documents\GitHub\ModelRelief\ModelRelief.test\bin\Debug\netcoreapp2.0\ModelRelief.Test.dll" adapterTypeName="executor://xunit/VsTestRunner2/netcoreapp" className="ModelRelief.Test.Integration.Cameras.CamerasBaseIntegrationTests" name="Patch_InvalidEnumPropertyValueReturnsBadRequest" /></UnitTest><UnitTest name="Delete_TargetModelIsDeleted" storage="d:\users\steve knipmeyer\documents\github\modelrelief\modelrelief.test\bin\debug\netcoreapp2.0\modelrelief.test.dll" id="2fd49bcb-5433-4e20-9b97-09650a100aa7"><Execution id="9d3f2bea-13a7-474e-bc1f-fa1d9c74be49" /><TestMethod codeBase="D:\Users\Steve Knipmeyer\Documents\GitHub\ModelRelief\ModelRelief.test\bin\Debug\netcoreapp2.0\ModelRelief.Test.dll" adapterTypeName="executor://xunit/VsTestRunner2/netcoreapp" className="ModelRelief.Test.Integration.Projects.ProjectsBaseIntegrationTests" name="Delete_TargetModelIsDeleted" /></UnitTest></TestDefinitions><TestEntries><TestEntry testId="ed1dfdfe-b842-4e05-8330-4728c19e653d" executionId="41fd6d41-7d27-4ee1-bfc6-677e05479b8c" testListId="8c84fa94-04c1-424b-9868-57a2d4851a1d" /><TestEntry testId="1e95401b-bc1b-4c41-be80-5b16ad35d793" executionId="bd9a03b5-66fd-4796-85c8-92ad48378833" testListId="8c84fa94-04c1-424b-9868-57a2d4851a1d" /><TestEntry testId="3e4b9866-3769-4ae8-9f39-30fab9167be7" executionId="7193dc40-2c14-45fe-a21a-73a867708e40" testListId="8c84fa94-04c1-424b-9868-57a2d4851a1d" /><TestEntry testId="e4c89fb5-1c93-47c6-8960-3c1d72e5ada4" executionId="a9f2b1de-7a39-4a85-9a0b-d399ca5ca701" testListId="8c84fa94-04c1-424b-9868-57a2d4851a1d" /><TestEntry testId="a29492f4-39e0-48a7-8110-099af0859bcf" executionId="ed8104fd-7493-4868-9cc2-a5da461c837d" testListId="8c84fa94-04c1-424b-9868-57a2d4851a1d" /><TestEntry testId="902c5b30-0d2a-4114-ad95-bc88422cb574" executionId="e91c2f22-462e-4b83-b3a0-4587c700edcd" testListId="8c84fa94-04c1-424b-9868-57a2d4851a1d" /><TestEntry testId="0a780df5-11d4-4c63-a6ed-428f7fa5b299" executionId="79136aba-b84a-4ccb-abbd-25d26d7fdbfd" testListId="8c84fa94-04c1-424b-9868-57a2d4851a1d" /><TestEntry testId="9dccc22f-7740-46b4-bba4-d6dae322a39b" executionId="29ea020c-ceb3-4a49-9e14-4e402af64c9b" testListId="8c84fa94-04c1-424b-9868-57a2d4851a1d" /><TestEntry testId="8ed9ea65-a8b4-46b0-97b4-f88e7ba0bc61" executionId="635169c0-1d8e-4442-96b0-0aff47e29b96" testListId="8c84fa94-04c1-424b-9868-57a2d4851a1d" /><TestEntry testId="2029b73c-363d-4d47-b535-c9874f711db5" executionId="f91f51cc-5a11-4edb-b350-ec5fad9613cb" testListId="8c84fa94-04c1-424b-9868-57a2d4851a1d" /><TestEntry testId="189cbb5d-bc18-4ae6-9ff1-50b679bc0c1b" executionId="99370f9d-e32a-47c9-aa58-7fae80c6298c" testListId="8c84fa94-04c1-424b-9868-57a2d4851a1d" /><TestEntry testId="db39aff7-b669-48a7-b11a-89a195a5631a" executionId="3f01d120-bb3e-48cc-a28b-2d75be12c4ab" testListId="8c84fa94-04c1-424b-9868-57a2d4851a1d" /><TestEntry testId="22451f2e-58e5-4933-8cf6-6fe653134817" executionId="e1686756-f567-4c34-9946-191ed9adbfa9" testListId="8c84fa94-04c1-424b-9868-57a2d4851a1d" /><TestEntry testId="ad9274fb-8357-448d-9752-8e4f0f2533d4" executionId="3bc1fdaf-e025-4d7d-bad4-a4823fffb319" testListId="8c84fa94-04c1-424b-9868-57a2d4851a1d" /><TestEntry testId="53516d6b-ad54-4550-b7d9-724b423de9c5" executionId="900fc8c5-3748-4b21-9fdb-8a87ee69bb3f" testListId="8c84fa94-04c1-424b-9868-57a2d4851a1d" /><TestEntry testId="c508ff8c-e022-4de7-acee-6e49d408a8d8" executionId="26172658-9cea-4309-b385-870f37d6b5f5" testListId="8c84fa94-04c1-424b-9868-57a2d4851a1d" /><TestEntry testId="bb5c9a88-0d05-40f0-bbcc-c28e61fbe231" executionId="67f367f4-eee3-479f-8e43-d70bdd3f25da" testListId="8c84fa94-04c1-424b-9868-57a2d4851a1d" /><TestEntry testId="1e3d22ec-91d7-479a-bc25-acafa8a04c0e" executionId="2dcffcf4-d276-45a2-9f14-7697dbbed4fb" testListId="8c84fa94-04c1-424b-9868-57a2d4851a1d" /><TestEntry testId="999c64b8-7ed5-4f59-a66c-7a97607bd5b0" executionId="51e8f8ac-3027-4d3f-bcb0-575b5e00fa4f" testListId="8c84fa94-04c1-424b-9868-57a2d4851a1d" /><TestEntry testId="3acd7071-b127-40f3-ac1c-31a7861476f3" executionId="6a748a1e-e353-42cf-af85-f0bbe167c0e5" testListId="8c84fa94-04c1-424b-9868-57a2d4851a1d" /><TestEntry testId="77c62404-720d-4a90-8c7b-70890f47ba5e" executionId="7a52c681-5771-4049-9149-6f67fb5b77dc" testListId="8c84fa94-04c1-424b-9868-57a2d4851a1d" /><TestEntry testId="57cf3bf3-97e6-4263-88b5-e6ce030082e0" executionId="cc8d5ff5-a98c-4624-ae6b-47c8077dbdf5" testListId="8c84fa94-04c1-424b-9868-57a2d4851a1d" /><TestEntry testId="97696db3-c256-4fcb-a51d-fe9af7bf8a81" executionId="18666531-6012-459b-a24a-d2e365486a40" testListId="8c84fa94-04c1-424b-9868-57a2d4851a1d" /><TestEntry testId="5238f7f9-f620-4856-a21c-d27c3813cdef" executionId="dffbd5bf-09a5-45ac-9ce2-9f25ca13f686" testListId="8c84fa94-04c1-424b-9868-57a2d4851a1d" /><TestEntry testId="90ed3175-9718-44d2-9b8d-4a5948b0e58e" executionId="388b912e-0c51-4764-880a-b107d6f785d1" testListId="8c84fa94-04c1-424b-9868-57a2d4851a1d" /><TestEntry testId="56fdd387-88a6-4c32-84b4-d2d21fc08c2d" executionId="7b4bcaab-e2f3-4b92-a59d-acbdcaf9a2ec" testListId="8c84fa94-04c1-424b-9868-57a2d4851a1d" /><TestEntry testId="0b140142-959a-4869-bca4-05cf3dc1d6d7" executionId="e98cd362-91dc-45bc-8175-70c026726023" testListId="8c84fa94-04c1-424b-9868-57a2d4851a1d" /><TestEntry testId="6409be5b-89c8-47a1-8b52-7d74b4de4c0b" executionId="ca5ed946-7ca9-4401-961c-26b06af877b8" testListId="8c84fa94-04c1-424b-9868-57a2d4851a1d" /><TestEntry testId="672bc04f-192c-4b92-9a31-29f60e35139e" executionId="3d7a8d9d-8661-404e-b8fb-bebf4c4695f6" testListId="8c84fa94-04c1-424b-9868-57a2d4851a1d" /><TestEntry testId="aaaaf370-980e-48d5-becf-b631fd739c29" executionId="88bf96fb-fc45-4058-bb98-d0c6ca787663" testListId="8c84fa94-04c1-424b-9868-57a2d4851a1d" /><TestEntry testId="dc40d9d9-06d1-4a87-8abb-0b994f5cc53a" executionId="b258aead-1d41-478c-8a1e-9cf16e2250f2" testListId="8c84fa94-04c1-424b-9868-57a2d4851a1d" /><TestEntry testId="9227b655-eaec-47e3-8db7-b9a682bb1dcc" executionId="25c2c26c-6c4f-4402-9927-0bfe56c07337" testListId="8c84fa94-04c1-424b-9868-57a2d4851a1d" /><TestEntry testId="43ad1d8a-4dac-4b15-b0dc-34c979cced05" executionId="a379772b-1552-467e-a99b-e9738389cda9" testListId="8c84fa94-04c1-424b-9868-57a2d4851a1d" /><TestEntry testId="0c21d718-06a3-41ee-98a6-f3797dbe7cfd" executionId="5344ec3b-53f0-44e0-8220-e59e8b43bcf7" testListId="8c84fa94-04c1-424b-9868-57a2d4851a1d" /><TestEntry testId="fbf7b61f-4f00-421c-a62e-39c13291146f" executionId="fc777752-c0d0-49ef-bf12-ebc75b297e2d" testListId="8c84fa94-04c1-424b-9868-57a2d4851a1d" /><TestEntry testId="1a8330f3-bd44-4440-a569-acd265883dcc" executionId="dd4e1366-0e58-4c47-9601-cf503e8a7da1" testListId="8c84fa94-04c1-424b-9868-57a2d4851a1d" /><TestEntry testId="6b2ee0c2-ab40-498c-9b03-ffd0db9624d9" executionId="67bb347e-343b-4208-be74-628d298fc28d" testListId="8c84fa94-04c1-424b-9868-57a2d4851a1d" /><TestEntry testId="e1c008f1-27ed-4abc-9156-c80c489908ad" executionId="446ae99c-b4bb-44cf-9f54-352bac9abfaa" testListId="8c84fa94-04c1-424b-9868-57a2d4851a1d" /><TestEntry testId="223188a3-0b8e-41a8-a5a6-f7175231b387" executionId="03b854e7-81ba-4afe-9718-4f588cf4b95b" testListId="8c84fa94-04c1-424b-9868-57a2d4851a1d" /><TestEntry testId="f470fb33-1d5d-47c1-be84-e9a0eb0c2e93" executionId="36cc003b-c932-4cf0-9a77-d83b05f2193b" testListId="8c84fa94-04c1-424b-9868-57a2d4851a1d" /><TestEntry testId="aa57ca25-3e35-4323-b977-c904aecb8c1c" executionId="3e59bdb1-be91-4536-85aa-a15fcfa116ad" testListId="8c84fa94-04c1-424b-9868-57a2d4851a1d" /><TestEntry testId="7fd91495-ec7a-44ed-b536-c39a83a5921f" executionId="01f75ae3-9177-4448-b7ca-fa221a621e63" testListId="8c84fa94-04c1-424b-9868-57a2d4851a1d" /><TestEntry testId="b07f4fd4-3224-42b9-8a84-adda841c47d1" executionId="896bbb4e-d4f6-41aa-bade-80ed83cc1d50" testListId="8c84fa94-04c1-424b-9868-57a2d4851a1d" /><TestEntry testId="e68b1264-7640-4dc6-b180-c5c764df61ce" executionId="fa83d2df-346f-4c68-b3cc-77757af7090c" testListId="8c84fa94-04c1-424b-9868-57a2d4851a1d" /><TestEntry testId="b36b3b36-56e3-4808-a569-cbb31b35ba67" executionId="d9cd106f-adfd-42b5-b070-7a3532c49986" testListId="8c84fa94-04c1-424b-9868-57a2d4851a1d" /><TestEntry testId="1690fed8-7099-473f-9778-01049e5f126a" executionId="0e39ee85-9a69-4d57-92f7-34ae236f3679" testListId="8c84fa94-04c1-424b-9868-57a2d4851a1d" /><TestEntry testId="616e98a2-a7e9-487e-8d94-1f177b6d9cca" executionId="bd5227ed-968e-4995-8547-0a15db735e21" testListId="8c84fa94-04c1-424b-9868-57a2d4851a1d" /><TestEntry testId="788872db-0c1b-44cc-8002-aec42064c6c0" executionId="ab5870a3-e6f7-4e7a-a4b2-39aacb8bbc98" testListId="8c84fa94-04c1-424b-9868-57a2d4851a1d" /><TestEntry testId="0dfbbd06-2b09-477f-ac7e-8f304326faec" executionId="48bd201f-a73b-4968-b7f5-1a08bdb49797" testListId="8c84fa94-04c1-424b-9868-57a2d4851a1d" /><TestEntry testId="b49c3a93-d4f9-4662-ac6a-a385c15bc982" executionId="807d04fe-5005-44d8-8e3a-8c0436542eaf" testListId="8c84fa94-04c1-424b-9868-57a2d4851a1d" /><TestEntry testId="a91a0083-e6e4-426d-8ddd-6bd2526906c2" executionId="861da1e1-8635-497f-9939-035cf2483b71" testListId="8c84fa94-04c1-424b-9868-57a2d4851a1d" /><TestEntry testId="09fc4a46-ae91-44be-8cb5-b3c3958ab989" executionId="feb7055d-1bb3-435a-baa3-78f82c4c6fb6" testListId="8c84fa94-04c1-424b-9868-57a2d4851a1d" /><TestEntry testId="0b06dbf9-9a8e-4309-8211-d5d11fda46e3" executionId="079b6882-9a1b-4f9b-878a-cd1b3592a24e" testListId="8c84fa94-04c1-424b-9868-57a2d4851a1d" /><TestEntry testId="71788df6-de34-459a-aaab-9490951dfb5f" executionId="17dcd284-17af-4252-9735-8dc5a11635c0" testListId="8c84fa94-04c1-424b-9868-57a2d4851a1d" /><TestEntry testId="483c00f5-1d1a-4ca9-86fd-b68fdda923a7" executionId="6745e534-9db0-4ae8-bcc4-8286cd00edfa" testListId="8c84fa94-04c1-424b-9868-57a2d4851a1d" /><TestEntry testId="c5a7f826-c54e-4d43-9acb-87a7ef113bab" executionId="1a9c1237-60c7-4078-8c23-c07217c1a000" testListId="8c84fa94-04c1-424b-9868-57a2d4851a1d" /><TestEntry testId="98c3d1f0-684c-4b5d-8482-958ffc95cf5e" executionId="bf07e446-7ba8-419d-be66-933573416b29" testListId="8c84fa94-04c1-424b-9868-57a2d4851a1d" /><TestEntry testId="4bef2a36-fd50-4735-922b-b01ce5ae18e8" executionId="2a3a9bfc-7c25-4b57-a862-7bea2b708d32" testListId="8c84fa94-04c1-424b-9868-57a2d4851a1d" /><TestEntry testId="fc4e4a7a-343c-4ec1-8943-6d5ee2184859" executionId="b5f29bd7-f43d-4364-b5c6-a7e722ab6a60" testListId="8c84fa94-04c1-424b-9868-57a2d4851a1d" /><TestEntry testId="4702df20-1472-41f2-98df-c821eae69ce6" executionId="091e1a32-e1b2-44dd-ba68-d4821d29b392" testListId="8c84fa94-04c1-424b-9868-57a2d4851a1d" /><TestEntry testId="e825f3a6-492a-41b4-858d-6dbcd1236c25" executionId="eab69e0f-ec11-4e1a-b996-f9ad8a04ee33" testListId="8c84fa94-04c1-424b-9868-57a2d4851a1d" /><TestEntry testId="c9517420-c042-44ba-bf44-4a63c74efe6a" executionId="971727e8-5f7e-4ce5-80fd-afe3db3a425b" testListId="8c84fa94-04c1-424b-9868-57a2d4851a1d" /><TestEntry testId="2e43d1c1-79f8-4441-aa7e-3d6807bcaf49" executionId="6d9039c3-573f-43f1-accd-bdc364e0c3b1" testListId="8c84fa94-04c1-424b-9868-57a2d4851a1d" /><TestEntry testId="a8e02d95-626f-477a-9fbf-3b7a95707d33" executionId="704fa0f3-ac56-414e-a87c-a18638bd55e6" testListId="8c84fa94-04c1-424b-9868-57a2d4851a1d" /><TestEntry testId="af595e51-e7f3-4399-affa-0590e60c09ae" executionId="e172f39c-7b29-4a79-974f-e7b23160b9d2" testListId="8c84fa94-04c1-424b-9868-57a2d4851a1d" /><TestEntry testId="1eb79e2a-f47e-4d8a-a66e-b6ec70c4271d" executionId="704b7377-d03e-47e3-9e3c-5434f3b7782b" testListId="8c84fa94-04c1-424b-9868-57a2d4851a1d" /><TestEntry testId="ad3f9f7d-12f4-4e84-914c-0bfff228e51f" executionId="9e88d10d-ee53-4131-930e-b4bbb99343e1" testListId="8c84fa94-04c1-424b-9868-57a2d4851a1d" /><TestEntry testId="838116ef-f4eb-437d-8336-17f6e67ec8a5" executionId="75b13d36-8503-4963-a05a-10688e2321db" testListId="8c84fa94-04c1-424b-9868-57a2d4851a1d" /><TestEntry testId="5c074314-9312-4241-a5a9-2115cd8f0a3e" executionId="222a3e3e-d21e-41b4-9e64-4eec8c72f684" testListId="8c84fa94-04c1-424b-9868-57a2d4851a1d" /><TestEntry testId="e9721d9c-e8ce-4854-b848-2d6b3592d9f0" executionId="e6fd88f0-22b2-4fe1-a188-5a91f293e740" testListId="8c84fa94-04c1-424b-9868-57a2d4851a1d" /><TestEntry testId="1c64c3fc-b413-4112-9031-5b888eae081d" executionId="d3123f92-3aff-4f3c-980a-f13f402039a3" testListId="8c84fa94-04c1-424b-9868-57a2d4851a1d" /><TestEntry testId="8e97e4aa-3614-454c-ae21-7e9506ebe421" executionId="60fbcb9d-ff02-4274-ae91-5f46f185a8ce" testListId="8c84fa94-04c1-424b-9868-57a2d4851a1d" /><TestEntry testId="dbff9461-5a8d-47de-9397-30abf3249a8b" executionId="048a7a34-f519-4c41-8b9c-afdca1225fa5" testListId="8c84fa94-04c1-424b-9868-57a2d4851a1d" /><TestEntry testId="eee31e01-a955-4013-a411-d7765ea78a84" executionId="0ce49ae5-e659-44dc-8ae1-8b4d2e00565d" testListId="8c84fa94-04c1-424b-9868-57a2d4851a1d" /><TestEntry testId="bb96dbfd-f458-47cc-880c-eae6715de631" executionId="1b76e8b8-acd4-488f-814a-82e79cfb1d55" testListId="8c84fa94-04c1-424b-9868-57a2d4851a1d" /><TestEntry testId="d38afb81-1e16-4b97-be90-6af49382ef8a" executionId="983ad0d0-193a-4620-b45e-03d671feb4ed" testListId="8c84fa94-04c1-424b-9868-57a2d4851a1d" /><TestEntry testId="75af2588-8cbc-4628-ac47-68e2adea1f3c" executionId="8ad08d25-4c6e-407f-97b0-6df2484af4d2" testListId="8c84fa94-04c1-424b-9868-57a2d4851a1d" /><TestEntry testId="33e93588-805e-4e73-a700-5ca484d116fc" executionId="cff2d5fa-3dca-44b1-9cb0-ddd368cb9771" testListId="8c84fa94-04c1-424b-9868-57a2d4851a1d" /><TestEntry testId="0917fce1-5aa2-4f2d-b8f7-9c05abac7ee9" executionId="26cf76c7-d546-4de0-bd95-2fe05571ba31" testListId="8c84fa94-04c1-424b-9868-57a2d4851a1d" /><TestEntry testId="0b27fbda-a1a6-47e8-8f6c-e82d58bfbc2f" executionId="fb927572-939f-4618-8bc4-83304a33d4a6" testListId="8c84fa94-04c1-424b-9868-57a2d4851a1d" /><TestEntry testId="6408ba9e-0b7f-41e9-af99-9b89d48fa648" executionId="d65f9a63-3425-484f-8203-b242b26f66f7" testListId="8c84fa94-04c1-424b-9868-57a2d4851a1d" /><TestEntry testId="8aae5396-f7bb-4ab1-b5c5-a86b41c6be65" executionId="d61a7f04-72cf-4060-bb07-361062eb7218" testListId="8c84fa94-04c1-424b-9868-57a2d4851a1d" /><TestEntry testId="e94d95cd-8a7a-4669-948f-78249002e997" executionId="a52f5117-05af-4193-a9e0-7f77d9ec2553" testListId="8c84fa94-04c1-424b-9868-57a2d4851a1d" /><TestEntry testId="2813af1f-5222-460e-9593-339cffc6748a" executionId="4e7f3a42-56b4-475d-99d0-2b2d44fdcbf9" testListId="8c84fa94-04c1-424b-9868-57a2d4851a1d" /><TestEntry testId="2f001bd1-818e-4a0f-a69d-0d676876ea6b" executionId="22e6f3ff-034d-4ac3-9371-e46221eab7f9" testListId="8c84fa94-04c1-424b-9868-57a2d4851a1d" /><TestEntry testId="84231b4b-6a17-4352-9356-221cf853406e" executionId="4afe820b-ce55-40ab-89b0-b1194897c1bc" testListId="8c84fa94-04c1-424b-9868-57a2d4851a1d" /><TestEntry testId="7581060b-ea62-4d51-bd87-4a457101b553" executionId="db1780f5-513d-4358-ad6f-e428353869cb" testListId="8c84fa94-04c1-424b-9868-57a2d4851a1d" /><TestEntry testId="3754fb1b-b58a-4d07-8a93-2bc6cd265da8" executionId="27d9b495-773e-46e9-bb1c-7098de0fd776" testListId="8c84fa94-04c1-424b-9868-57a2d4851a1d" /><TestEntry testId="a421bb51-d7a7-4c23-8304-967cef0857ba" executionId="734db2fc-21df-4191-8f94-b1dfa835c987" testListId="8c84fa94-04c1-424b-9868-57a2d4851a1d" /><TestEntry testId="d7807604-8620-4976-9084-6df00c843abd" executionId="e1f404a8-a809-4d85-8b66-02fc9287815e" testListId="8c84fa94-04c1-424b-9868-57a2d4851a1d" /><TestEntry testId="fce64f8c-599f-45ea-809f-9fc148399b3a" executionId="2f5f9238-1d11-49ce-99aa-3e8eb350e4db" testListId="8c84fa94-04c1-424b-9868-57a2d4851a1d" /><TestEntry testId="94f51dae-864e-4a1c-b619-f00dba7e79e5" executionId="2dee1298-c7fc-4b56-8384-16dadf733b93" testListId="8c84fa94-04c1-424b-9868-57a2d4851a1d" /><TestEntry testId="23f8d99c-8fb9-42cf-b56f-70a5066189fb" executionId="a3740fb5-a7cf-41fe-845b-8b29aedbb577" testListId="8c84fa94-04c1-424b-9868-57a2d4851a1d" /><TestEntry testId="f52b5782-caea-4f4a-b9ee-a0abd93bc5a5" executionId="c0bb0c59-68d4-47a5-84d2-efa3e118488e" testListId="8c84fa94-04c1-424b-9868-57a2d4851a1d" /><TestEntry testId="ed9154c8-006c-4800-8c07-8e7b6c35dd36" executionId="2a22c517-a13d-42a4-b858-a136620d3ab3" testListId="8c84fa94-04c1-424b-9868-57a2d4851a1d" /><TestEntry testId="e2d9dfcb-d20d-4c7a-952f-bd90dd0f5c25" executionId="191b851e-d8eb-4e5a-9bf2-48104cb42ac8" testListId="8c84fa94-04c1-424b-9868-57a2d4851a1d" /><TestEntry testId="abbafc6d-88bf-431b-ae32-37ccab127d67" executionId="ba3fb8b6-ecf1-498e-8474-d070f471156f" testListId="8c84fa94-04c1-424b-9868-57a2d4851a1d" /><TestEntry testId="e08b3de1-3e4d-4a87-af2d-ce3c5e345401" executionId="13a172a2-abbb-4001-9f5d-6d9d0c4306d6" testListId="8c84fa94-04c1-424b-9868-57a2d4851a1d" /><TestEntry testId="35d5ec0f-47b1-4aa8-9faa-d5630b4b5594" executionId="fcefb629-e319-47a3-9df4-19b2f3a8c260" testListId="8c84fa94-04c1-424b-9868-57a2d4851a1d" /><TestEntry testId="a543883c-15c7-40e5-a600-01d85f3c20b7" executionId="ba8980a6-3d22-46d3-afc4-1dcdd6b8e251" testListId="8c84fa94-04c1-424b-9868-57a2d4851a1d" /><TestEntry testId="e971a5df-56e1-4ec9-8739-18d8ef4e16ad" executionId="3c9a55ad-cbcb-4108-9317-8caa738f9c7c" testListId="8c84fa94-04c1-424b-9868-57a2d4851a1d" /><TestEntry testId="c9008d4b-cbf9-4255-98e6-cd490b60a0e3" executionId="b8efcf87-25dc-443c-b316-7b5754c8c263" testListId="8c84fa94-04c1-424b-9868-57a2d4851a1d" /><TestEntry testId="c7518f53-f80a-4f30-87bd-9cdab5f76abb" executionId="b771a83b-d138-4e56-8b23-47eaa5383e58" testListId="8c84fa94-04c1-424b-9868-57a2d4851a1d" /><TestEntry testId="2fd49bcb-5433-4e20-9b97-09650a100aa7" executionId="9d3f2bea-13a7-474e-bc1f-fa1d9c74be49" testListId="8c84fa94-04c1-424b-9868-57a2d4851a1d" /><TestEntry testId="fb80b085-93d6-4711-a4c0-9ff6f20e5fbc" executionId="bd5ac09f-3e7e-443c-bb64-ca7d459bc9a2" testListId="8c84fa94-04c1-424b-9868-57a2d4851a1d" /><TestEntry testId="093b1b14-9f6c-477a-9bf5-3e2455a5f41f" executionId="10bd33d7-350a-4563-9ea4-6e1a1439166d" testListId="8c84fa94-04c1-424b-9868-57a2d4851a1d" /><TestEntry testId="59226f57-72bf-4ccd-a251-7dac4c3ac3dc" executionId="2ce923f7-be6c-410f-a68e-8c16cf1b9a1a" testListId="8c84fa94-04c1-424b-9868-57a2d4851a1d" /><TestEntry testId="365bf0f5-4276-4e4e-a3c0-e36f4c699c22" executionId="64469d38-b9b1-4db4-b383-e881707d59ee" testListId="8c84fa94-04c1-424b-9868-57a2d4851a1d" /><TestEntry testId="e99afbe3-0f6e-4124-a662-81cebe4f1bf5" executionId="7bf111de-702e-46c0-9d1f-6723bb311d55" testListId="8c84fa94-04c1-424b-9868-57a2d4851a1d" /><TestEntry testId="73110572-9fec-47b2-9ac1-9b92dbfa00ac" executionId="06ec98ef-7caa-4366-ac04-a294b42267ab" testListId="8c84fa94-04c1-424b-9868-57a2d4851a1d" /><TestEntry testId="fa635090-3ee6-4107-b5e9-c5ecccf3e594" executionId="8dc604b6-601a-4a74-8c67-b47a0f57a64e" testListId="8c84fa94-04c1-424b-9868-57a2d4851a1d" /><TestEntry testId="4bdbfc6c-7ded-4398-a05c-46fc3aac9074" executionId="cf0abc16-ac8f-4353-a23e-00a0854e7ce8" testListId="8c84fa94-04c1-424b-9868-57a2d4851a1d" /><TestEntry testId="74930c70-94f6-493a-886c-d0e1bb0d2aff" executionId="d759bb9a-6e99-40d7-ab35-69b3914b7e4a" testListId="8c84fa94-04c1-424b-9868-57a2d4851a1d" /><TestEntry testId="34a4b5b3-6e09-4328-9840-acc543349bac" executionId="621dd91f-fb4f-4622-868b-daa0682eb12f" testListId="8c84fa94-04c1-424b-9868-57a2d4851a1d" /><TestEntry testId="39350bb0-36da-4ea3-a3ed-63df6891ace2" executionId="8100dc4b-3f9b-4d6b-9f19-7b4e6c3b33c8" testListId="8c84fa94-04c1-424b-9868-57a2d4851a1d" /><TestEntry testId="441a5830-3a2e-4099-abb3-3c5400afabde" executionId="3cb11c1f-a53f-4e6d-a259-efdb6e37316a" testListId="8c84fa94-04c1-424b-9868-57a2d4851a1d" /><TestEntry testId="c5afa2cf-7398-44b8-b6fd-8e046ea284f3" executionId="22cc738c-83a0-4837-a57e-0ce2c004cf7f" testListId="8c84fa94-04c1-424b-9868-57a2d4851a1d" /><TestEntry testId="63c959a0-de52-4acb-a76b-9639e4c6af8f" executionId="21043562-0d84-48d3-a704-9c6715580111" testListId="8c84fa94-04c1-424b-9868-57a2d4851a1d" /><TestEntry testId="06e418f2-b393-4aa2-a626-12cbf6b0a00c" executionId="41ca8faf-9c7a-4160-89f8-aff3e346cfcd" testListId="8c84fa94-04c1-424b-9868-57a2d4851a1d" /><TestEntry testId="0d134316-9810-41a9-b63f-74f9b461763c" executionId="db8398c1-5039-4ca0-8f26-6a2c6f9ff31a" testListId="8c84fa94-04c1-424b-9868-57a2d4851a1d" /><TestEntry testId="4c5c84cc-8013-4c3d-b40e-6016b02f33e5" executionId="ce6fab24-172d-407b-b79f-4f6ec6e52c08" testListId="8c84fa94-04c1-424b-9868-57a2d4851a1d" /><TestEntry testId="8664fce8-c403-45d9-a5ae-57d100fdd642" executionId="ad969d6b-a108-4a12-b384-e9b2503ed5b5" testListId="8c84fa94-04c1-424b-9868-57a2d4851a1d" /><TestEntry testId="97994f19-c540-4e28-b55a-f5052d97cbbf" executionId="edca6c8b-cc7e-488e-b47b-1de7d64f22d5" testListId="8c84fa94-04c1-424b-9868-57a2d4851a1d" /><TestEntry testId="09faaf0d-1f6f-4214-8e15-ec9cfb237902" executionId="d8fe7f24-500f-4d56-8f6d-ece7a9e2ed38" testListId="8c84fa94-04c1-424b-9868-57a2d4851a1d" /><TestEntry testId="28daeb1a-1e92-4501-b814-32478ad79e4c" executionId="54162ec6-1fa4-43ef-b6ff-eecb0c9e4525" testListId="8c84fa94-04c1-424b-9868-57a2d4851a1d" /><TestEntry testId="e7933e18-cfc2-42d1-8562-49d8f9e5ae25" executionId="46df30a1-b5ab-412f-92d2-e59ee88815fc" testListId="8c84fa94-04c1-424b-9868-57a2d4851a1d" /><TestEntry testId="a421cc23-9238-4505-bfee-0aaca3c58230" executionId="d12c3278-7c13-4a54-9ff1-fb498bedefea" testListId="8c84fa94-04c1-424b-9868-57a2d4851a1d" /><TestEntry testId="ef7ffe3b-1198-4436-b4a0-d496d0c05e91" executionId="3c73fedd-91f8-48d0-8a86-6dccaf36071a" testListId="8c84fa94-04c1-424b-9868-57a2d4851a1d" /><TestEntry testId="e4d17873-3552-455b-951b-166c8ffacda7" executionId="f1d7696c-3c05-4387-a84f-3adb660c89ad" testListId="8c84fa94-04c1-424b-9868-57a2d4851a1d" /><TestEntry testId="14385768-10e4-497f-b3d1-1321782b4f1e" executionId="cd6fa715-363a-4200-a650-e9837df1bfb7" testListId="8c84fa94-04c1-424b-9868-57a2d4851a1d" /><TestEntry testId="f7dd7670-9b27-481e-b960-0d0ad91ba10e" executionId="97000354-d0c5-46fb-8f7b-4b5231af29b6" testListId="8c84fa94-04c1-424b-9868-57a2d4851a1d" /><TestEntry testId="b129563f-1d96-4ff5-9d21-c3d95139e6e5" executionId="204aa5f7-bbb1-47e7-9c60-f166fb1504a8" testListId="8c84fa94-04c1-424b-9868-57a2d4851a1d" /><TestEntry testId="859d94b6-2383-4a9d-a5cd-c20d85eef1dc" executionId="65ba1175-f4f0-4f11-8e8a-f3e5a2285134" testListId="8c84fa94-04c1-424b-9868-57a2d4851a1d" /><TestEntry testId="ffbef15f-502b-471f-8a25-ff7c982da3e5" executionId="7f1524b9-c6fb-4954-9a82-f5f4fe5e4ee1" testListId="8c84fa94-04c1-424b-9868-57a2d4851a1d" /><TestEntry testId="756804cc-8366-48ea-9d7e-051b4292519b" executionId="647a23fd-6699-494f-97a7-e42eaf20c304" testListId="8c84fa94-04c1-424b-9868-57a2d4851a1d" /><TestEntry testId="664986da-405e-4ff2-a7aa-652ed480d62a" executionId="fd20ce6e-a7d1-4da9-a841-c16dd058d8c5" testListId="8c84fa94-04c1-424b-9868-57a2d4851a1d" /><TestEntry testId="be5bb244-0d72-4bd6-a855-173b112f99c6" executionId="e99d08f2-54b0-4bf0-b00e-6cd7d349a4a2" testListId="8c84fa94-04c1-424b-9868-57a2d4851a1d" /><TestEntry testId="ff69485a-89f6-4929-9002-139fc19ff5bd" executionId="920807c1-fd49-4397-b4a8-f1eebe6608fa" testListId="8c84fa94-04c1-424b-9868-57a2d4851a1d" /><TestEntry testId="e17bfc6d-4b1f-480b-af00-359c268f496f" executionId="0977c734-eecd-41b3-82cb-a42b789b6e52" testListId="8c84fa94-04c1-424b-9868-57a2d4851a1d" /><TestEntry testId="6e741531-c0bc-4476-8773-f0c6a95e784d" executionId="1609ff4f-e9b8-40b1-946e-23c499327ed7" testListId="8c84fa94-04c1-424b-9868-57a2d4851a1d" /><TestEntry testId="b843069d-1251-4630-9dcf-7f3775c5496f" executionId="56f55fb7-84f8-4e88-9ba2-1beb06a88fbe" testListId="8c84fa94-04c1-424b-9868-57a2d4851a1d" /><TestEntry testId="5d80ff32-a5da-46fb-85ac-4d5f06255700" executionId="3cc8d293-a0d2-47ff-82d0-a70201028613" testListId="8c84fa94-04c1-424b-9868-57a2d4851a1d" /><TestEntry testId="0bb205d4-7cb1-48c6-bf59-0218c2c4f8e5" executionId="34925178-6467-4cd4-996c-5988c48abffb" testListId="8c84fa94-04c1-424b-9868-57a2d4851a1d" /><TestEntry testId="8bc37c73-3514-46d0-bfc4-25eeccf62c7e" executionId="c5142ca6-1228-4359-956b-9d0e4feba18b" testListId="8c84fa94-04c1-424b-9868-57a2d4851a1d" /><TestEntry testId="4e0e2f3e-af28-481c-a3f5-c0f344a6ec31" executionId="6d160c7d-1ce5-4e09-b122-ded9572a0466" testListId="8c84fa94-04c1-424b-9868-57a2d4851a1d" /><TestEntry testId="77c16c51-e0d5-43c8-bd5f-d781ef8300dc" executionId="aa2c0f16-38b6-4db6-ad56-2bba56e760b9" testListId="8c84fa94-04c1-424b-9868-57a2d4851a1d" /><TestEntry testId="ea543e69-b77e-4f42-860a-0b230b0fee14" executionId="f0ca6913-f6c5-4fa3-b13f-6a8e02b72a59" testListId="8c84fa94-04c1-424b-9868-57a2d4851a1d" /><TestEntry testId="54b35955-5394-4c5c-ad0c-fd067fbafbd9" executionId="ab4a253b-80d4-46cf-9e8b-9728ab302c37" testListId="8c84fa94-04c1-424b-9868-57a2d4851a1d" /><TestEntry testId="c3251de6-65ed-41f8-ab46-6f07c16fcb5f" executionId="9e8c0cfe-1b79-4198-a413-b47d5215beca" testListId="8c84fa94-04c1-424b-9868-57a2d4851a1d" /><TestEntry testId="cbc6972d-de45-4d70-b3bc-cff2db320b58" executionId="530f3496-5403-480a-96be-82601524a38c" testListId="8c84fa94-04c1-424b-9868-57a2d4851a1d" /><TestEntry testId="728409eb-2cb5-4f70-875f-812bd2de96dd" executionId="bd3aca56-9925-4543-90b2-9a2f1f14cbba" testListId="8c84fa94-04c1-424b-9868-57a2d4851a1d" /></TestEntries><TestLists><TestList name="Results Not in a List" id="8c84fa94-04c1-424b-9868-57a2d4851a1d" /><TestList name="All Loaded Results" id="19431567-8539-422a-85d7-44ee4e166bda" /></TestLists><ResultSummary outcome="Completed"><Counters total="151" executed="151" passed="151" failed="0" error="0" timeout="0" aborted="0" inconclusive="0" passedButRunAborted="0" notRunnable="0" notExecuted="0" disconnected="0" warning="0" completed="0" inProgress="0" pending="0" /><Output><StdOut>[xUnit.net 00:00:01.1678994]   Discovering: ModelRelief.Test[xUnit.net 00:00:01.2903777]   Discovered:  ModelRelief.Test[xUnit.net 00:00:01.2956766]   Starting:    ModelRelief.Test[xUnit.net 00:00:19.7083993]   Finished:    ModelRelief.Test</StdOut></Output></ResultSummary></TestRun>