<?xml version="1.0" encoding="utf-8"?><TestRun id="a0fb7af2-f958-4f7d-8d1e-343297595321" name="steve@LAMBDA 2018-08-15 10:07:01" runUser="LAMBDA\steve" xmlns="http://microsoft.com/schemas/VisualStudio/TeamTest/2010"><Times creation="2018-08-15T10:07:01.7551558-04:00" queuing="2018-08-15T10:07:01.7551750-04:00" start="2018-08-15T10:06:44.6845316-04:00" finish="2018-08-15T10:07:29.7705919-04:00" /><TestSettings name="default" id="b9a41a8b-6126-4959-ac6b-8c56a5ef6d49"><Deployment runDeploymentRoot="steve_LAMBDA_2018-08-15_10_07_01" /></TestSettings><Results><UnitTestResult executionId="0648af37-4ef1-498b-a3f8-2faaf403f7dd" testId="37c15ca7-f2b9-4484-89e2-7e04de734b3a" testName="Put_InvalidReferencePropertyReturndBadRequest" computerName="LAMBDA" duration="00:00:00.0490000" startTime="2018-08-15T10:07:05.1017292-04:00" endTime="2018-08-15T10:07:05.1017360-04:00" testType="13cdc9d9-ddb5-4fa4-a97d-d965ccfc6d4b" outcome="Passed" testListId="8c84fa94-04c1-424b-9868-57a2d4851a1d" relativeResultsDirectory="0648af37-4ef1-498b-a3f8-2faaf403f7dd" /><UnitTestResult executionId="5ab64635-5122-47a7-a4ee-68f0e499b937" testId="e4dda1b0-517c-490c-b20f-8c4ccc525c85" testName="Patch_MultipleInvalidReferencePropertiesReturnsMultipleValidationErrorsAndBadRequest" computerName="LAMBDA" duration="00:00:00.0480000" startTime="2018-08-15T10:07:07.4601704-04:00" endTime="2018-08-15T10:07:07.4601775-04:00" testType="13cdc9d9-ddb5-4fa4-a97d-d965ccfc6d4b" outcome="Passed" testListId="8c84fa94-04c1-424b-9868-57a2d4851a1d" relativeResultsDirectory="5ab64635-5122-47a7-a4ee-68f0e499b937" /><UnitTestResult executionId="28905ffc-c0ab-4fa3-b4bb-8006bce86ece" testId="0d7cbad7-6b27-4413-a3b2-52b3fc23e491" testName="GetFile_FileCanBeRoundTripped" computerName="LAMBDA" duration="00:00:00.1350000" startTime="2018-08-15T10:07:06.9068462-04:00" endTime="2018-08-15T10:07:06.9068543-04:00" testType="13cdc9d9-ddb5-4fa4-a97d-d965ccfc6d4b" outcome="Passed" testListId="8c84fa94-04c1-424b-9868-57a2d4851a1d" relativeResultsDirectory="28905ffc-c0ab-4fa3-b4bb-8006bce86ece" /><UnitTestResult executionId="88f6dcd8-ee48-4c07-9849-3a2c39aca9fb" testId="06ef9573-6711-468f-8b43-9d360973d6ab" testName="PutFile_NewFileCanBePut" computerName="LAMBDA" duration="00:00:00.1450000" startTime="2018-08-15T10:07:28.2948751-04:00" endTime="2018-08-15T10:07:28.2948796-04:00" testType="13cdc9d9-ddb5-4fa4-a97d-d965ccfc6d4b" outcome="Passed" testListId="8c84fa94-04c1-424b-9868-57a2d4851a1d" relativeResultsDirectory="88f6dcd8-ee48-4c07-9849-3a2c39aca9fb" /><UnitTestResult executionId="bb0dcd09-594e-4b59-acc5-f4c33a94919c" testId="3c26f24b-fa39-41e9-b1ce-4363ec97624b" testName="Patch_InvalidReferencePropertyReturnsBadRequest" computerName="LAMBDA" duration="00:00:00.0310000" startTime="2018-08-15T10:07:07.5282032-04:00" endTime="2018-08-15T10:07:07.5282097-04:00" testType="13cdc9d9-ddb5-4fa4-a97d-d965ccfc6d4b" outcome="Passed" testListId="8c84fa94-04c1-424b-9868-57a2d4851a1d" relativeResultsDirectory="bb0dcd09-594e-4b59-acc5-f4c33a94919c" /><UnitTestResult executionId="9da39c40-5b5c-4d0d-bc71-f9964766ba38" testId="83d93d4b-2b74-49e1-a8d2-299a13b907b6" testName="GetFile_NonExistentFileReturnsNotFound" computerName="LAMBDA" duration="00:00:00.0280000" startTime="2018-08-15T10:07:06.9350430-04:00" endTime="2018-08-15T10:07:06.9350496-04:00" testType="13cdc9d9-ddb5-4fa4-a97d-d965ccfc6d4b" outcome="Passed" testListId="8c84fa94-04c1-424b-9868-57a2d4851a1d" relativeResultsDirectory="9da39c40-5b5c-4d0d-bc71-f9964766ba38" /><UnitTestResult executionId="254c3a14-0fa3-4691-b812-46ca5b943409" testId="0badb48d-9942-4e9e-a951-6435f87422b4" testName="Post_InvalidReferencePropertyReturnsBadRequest" computerName="LAMBDA" duration="00:00:00.0390000" startTime="2018-08-15T10:07:13.1558078-04:00" endTime="2018-08-15T10:07:13.1558145-04:00" testType="13cdc9d9-ddb5-4fa4-a97d-d965ccfc6d4b" outcome="Passed" testListId="8c84fa94-04c1-424b-9868-57a2d4851a1d" relativeResultsDirectory="254c3a14-0fa3-4691-b812-46ca5b943409" /><UnitTestResult executionId="d9c8e902-ad36-4f49-ba89-3e2da9950e8d" testId="1340cb3e-99ca-4ec7-b984-ea20aee10ebe" testName="Post_CanCreateNewModel" computerName="LAMBDA" duration="00:00:00.0350000" startTime="2018-08-15T10:07:07.4962660-04:00" endTime="2018-08-15T10:07:07.4962729-04:00" testType="13cdc9d9-ddb5-4fa4-a97d-d965ccfc6d4b" outcome="Passed" testListId="8c84fa94-04c1-424b-9868-57a2d4851a1d" relativeResultsDirectory="d9c8e902-ad36-4f49-ba89-3e2da9950e8d" /><UnitTestResult executionId="6fc62399-0eba-4661-b796-994f9768992a" testId="49e46ec1-d18f-436d-943f-db29fbd93f23" testName="FileRequest_FileCanBeReadAfterRename" computerName="LAMBDA" duration="00:00:00.1630000" startTime="2018-08-15T10:07:24.5707244-04:00" endTime="2018-08-15T10:07:24.5707307-04:00" testType="13cdc9d9-ddb5-4fa4-a97d-d965ccfc6d4b" outcome="Passed" testListId="8c84fa94-04c1-424b-9868-57a2d4851a1d" relativeResultsDirectory="6fc62399-0eba-4661-b796-994f9768992a" /><UnitTestResult executionId="d86a2414-5614-4e6b-9104-6a4ebd76bea6" testId="3f0b7f23-e603-4576-abc0-df959db57616" testName="GetSingle_ValidIdPropertyValueReturnsCorrectModel" computerName="LAMBDA" duration="00:00:00.0490000" startTime="2018-08-15T10:07:13.3822146-04:00" endTime="2018-08-15T10:07:13.3822239-04:00" testType="13cdc9d9-ddb5-4fa4-a97d-d965ccfc6d4b" outcome="Passed" testListId="8c84fa94-04c1-424b-9868-57a2d4851a1d" relativeResultsDirectory="d86a2414-5614-4e6b-9104-6a4ebd76bea6" /><UnitTestResult executionId="b470026d-5a55-4bf3-a352-387582f33db5" testId="ea11a4be-0b67-41c5-b390-66593cbed0f7" testName="PutFile_FileCanBeUpdated" computerName="LAMBDA" duration="00:00:00.3310000" startTime="2018-08-15T10:07:05.7480142-04:00" endTime="2018-08-15T10:07:05.7480209-04:00" testType="13cdc9d9-ddb5-4fa4-a97d-d965ccfc6d4b" outcome="Passed" testListId="8c84fa94-04c1-424b-9868-57a2d4851a1d" relativeResultsDirectory="b470026d-5a55-4bf3-a352-387582f33db5" /><UnitTestResult executionId="bf735b31-2ccb-4e5c-8faa-8803b32f07ba" testId="1a860e79-036b-49b2-a99e-b95bf53fedd5" testName="Post_InvalidReferencePropertyReturnsBadRequest" computerName="LAMBDA" duration="00:00:00.0310000" startTime="2018-08-15T10:07:25.4160826-04:00" endTime="2018-08-15T10:07:25.4160876-04:00" testType="13cdc9d9-ddb5-4fa4-a97d-d965ccfc6d4b" outcome="Passed" testListId="8c84fa94-04c1-424b-9868-57a2d4851a1d" relativeResultsDirectory="bf735b31-2ccb-4e5c-8faa-8803b32f07ba" /><UnitTestResult executionId="8287ff57-f625-48a3-b8a9-94626b1b7978" testId="f4f19572-9561-4a11-8eb7-7f9bce339fb5" testName="Post_InvalidReferencePropertyReturnsBadRequest" computerName="LAMBDA" duration="00:00:00.0330000" startTime="2018-08-15T10:07:29.0148583-04:00" endTime="2018-08-15T10:07:29.0148684-04:00" testType="13cdc9d9-ddb5-4fa4-a97d-d965ccfc6d4b" outcome="Passed" testListId="8c84fa94-04c1-424b-9868-57a2d4851a1d" relativeResultsDirectory="8287ff57-f625-48a3-b8a9-94626b1b7978" /><UnitTestResult executionId="4fa9487f-1306-4da2-8b95-425a6100cbea" testId="fcb1a8d2-f25c-494b-b364-03a3f119aef1" testName="Patch_InvalidPropertyNameReturnsBadRequest" computerName="LAMBDA" duration="00:00:00.0370000" startTime="2018-08-15T10:07:13.0457961-04:00" endTime="2018-08-15T10:07:13.0458028-04:00" testType="13cdc9d9-ddb5-4fa4-a97d-d965ccfc6d4b" outcome="Passed" testListId="8c84fa94-04c1-424b-9868-57a2d4851a1d" relativeResultsDirectory="4fa9487f-1306-4da2-8b95-425a6100cbea" /><UnitTestResult executionId="881a3a85-3e69-4e24-9b11-7cfcdc663faf" testId="ccfbd77e-09c8-415c-8f03-53c2ae2b14ca" testName="GetSingle_ValidIdPropertyValueReturnsCorrectModel" computerName="LAMBDA" duration="00:00:00.0240000" startTime="2018-08-15T10:07:28.7601553-04:00" endTime="2018-08-15T10:07:28.7601621-04:00" testType="13cdc9d9-ddb5-4fa4-a97d-d965ccfc6d4b" outcome="Passed" testListId="8c84fa94-04c1-424b-9868-57a2d4851a1d" relativeResultsDirectory="881a3a85-3e69-4e24-9b11-7cfcdc663faf" /><UnitTestResult executionId="80ce1da9-fc6c-4105-8e2f-6b0e70b91a06" testId="bc7f7538-4671-4e1a-85f2-c68836eb88c7" testName="GetList_ListReturnsCorrectCount" computerName="LAMBDA" duration="00:00:00.0590000" startTime="2018-08-15T10:07:02.8067126-04:00" endTime="2018-08-15T10:07:02.8067194-04:00" testType="13cdc9d9-ddb5-4fa4-a97d-d965ccfc6d4b" outcome="Passed" testListId="8c84fa94-04c1-424b-9868-57a2d4851a1d" relativeResultsDirectory="80ce1da9-fc6c-4105-8e2f-6b0e70b91a06" /><UnitTestResult executionId="3e1c5dbe-0a90-4406-836b-6102f02bcdb4" testId="1451232b-71bf-4ddc-a959-09255752911a" testName="Put_CanUpdateModel" computerName="LAMBDA" duration="00:00:00.0540000" startTime="2018-08-15T10:07:02.7296004-04:00" endTime="2018-08-15T10:07:02.7296080-04:00" testType="13cdc9d9-ddb5-4fa4-a97d-d965ccfc6d4b" outcome="Passed" testListId="8c84fa94-04c1-424b-9868-57a2d4851a1d" relativeResultsDirectory="3e1c5dbe-0a90-4406-836b-6102f02bcdb4" /><UnitTestResult executionId="da7c6217-5bfb-417d-ae4c-eda15c9a72e2" testId="878cffbe-f930-43d8-a7d1-985fecef470c" testName="Patch_MultipleInvalidReferencePropertiesReturnsMultipleValidationErrorsAndBadRequest" computerName="LAMBDA" duration="00:00:00.0440000" startTime="2018-08-15T10:07:25.3845369-04:00" endTime="2018-08-15T10:07:25.3845431-04:00" testType="13cdc9d9-ddb5-4fa4-a97d-d965ccfc6d4b" outcome="Passed" testListId="8c84fa94-04c1-424b-9868-57a2d4851a1d" relativeResultsDirectory="da7c6217-5bfb-417d-ae4c-eda15c9a72e2" /><UnitTestResult executionId="5202edd0-9543-4238-8ec8-aaf91569989c" testId="d5e2bc54-9e29-4735-a0a7-bfcd79b68977" testName="GetSingle_ValidIdPropertyValueReturnsCorrectModel" computerName="LAMBDA" duration="00:00:00.0550000" startTime="2018-08-15T10:07:08.3032353-04:00" endTime="2018-08-15T10:07:08.3032423-04:00" testType="13cdc9d9-ddb5-4fa4-a97d-d965ccfc6d4b" outcome="Passed" testListId="8c84fa94-04c1-424b-9868-57a2d4851a1d" relativeResultsDirectory="5202edd0-9543-4238-8ec8-aaf91569989c" /><UnitTestResult executionId="12306a4a-4c53-4f45-93ea-2e5540ee7b0b" testId="5d49fca5-d0a9-457d-8449-cfd6c9a6ca33" testName="CameraHasExpectedDependentFiles" computerName="LAMBDA" duration="00:00:00.0010000" startTime="2018-08-15T10:07:00.8472232-04:00" endTime="2018-08-15T10:07:00.8472274-04:00" testType="13cdc9d9-ddb5-4fa4-a97d-d965ccfc6d4b" outcome="Passed" testListId="8c84fa94-04c1-424b-9868-57a2d4851a1d" relativeResultsDirectory="12306a4a-4c53-4f45-93ea-2e5540ee7b0b" /><UnitTestResult executionId="a0772b54-f815-4568-9ad1-9d15b714c1cf" testId="63f489ce-0a42-4780-af70-f26443efa31b" testName="Put_ValidReferencePropertyUpdatesModel" computerName="LAMBDA" duration="00:00:00.0790000" startTime="2018-08-15T10:07:04.7100292-04:00" endTime="2018-08-15T10:07:04.7100349-04:00" testType="13cdc9d9-ddb5-4fa4-a97d-d965ccfc6d4b" outcome="Passed" testListId="8c84fa94-04c1-424b-9868-57a2d4851a1d" relativeResultsDirectory="a0772b54-f815-4568-9ad1-9d15b714c1cf" /><UnitTestResult executionId="f4b6a416-4920-448d-8eca-dcb6426d8fdf" testId="e8fbe026-f296-4799-b77b-189efdb8753e" testName="Put_InvalidIdReturnsNotFound" computerName="LAMBDA" duration="00:00:00.0510000" startTime="2018-08-15T10:07:04.4383556-04:00" endTime="2018-08-15T10:07:04.4383616-04:00" testType="13cdc9d9-ddb5-4fa4-a97d-d965ccfc6d4b" outcome="Passed" testListId="8c84fa94-04c1-424b-9868-57a2d4851a1d" relativeResultsDirectory="f4b6a416-4920-448d-8eca-dcb6426d8fdf" /><UnitTestResult executionId="f535d614-3c2c-4eb7-b043-9ce711edff6f" testId="e6973edf-536c-4544-a261-ca5dc38e16b2" testName="Patch_TargetPropertyIsUpdated" computerName="LAMBDA" duration="00:00:00.0970000" startTime="2018-08-15T10:07:25.0511973-04:00" endTime="2018-08-15T10:07:25.0512037-04:00" testType="13cdc9d9-ddb5-4fa4-a97d-d965ccfc6d4b" outcome="Passed" testListId="8c84fa94-04c1-424b-9868-57a2d4851a1d" relativeResultsDirectory="f535d614-3c2c-4eb7-b043-9ce711edff6f" /><UnitTestResult executionId="2882cff7-604b-418e-a58b-5859bfe69fb7" testId="e0119dd9-3a51-4757-b39d-a7f9339ad5c4" testName="GetFile_FileCanBeRoundTripped" computerName="LAMBDA" duration="00:00:00.1560000" startTime="2018-08-15T10:07:17.0024591-04:00" endTime="2018-08-15T10:07:17.0024654-04:00" testType="13cdc9d9-ddb5-4fa4-a97d-d965ccfc6d4b" outcome="Passed" testListId="8c84fa94-04c1-424b-9868-57a2d4851a1d" relativeResultsDirectory="2882cff7-604b-418e-a58b-5859bfe69fb7" /><UnitTestResult executionId="c6dba7a6-36d4-435e-bb9c-995b64e15647" testId="3ae7ed85-8168-4e85-8f89-8e0bbc23d35e" testName="Patch_ValidReferencePropertyUpdatesModel" computerName="LAMBDA" duration="00:00:00.8730000" startTime="2018-08-15T10:07:01.7369085-04:00" endTime="2018-08-15T10:07:01.7369148-04:00" testType="13cdc9d9-ddb5-4fa4-a97d-d965ccfc6d4b" outcome="Passed" testListId="8c84fa94-04c1-424b-9868-57a2d4851a1d" relativeResultsDirectory="c6dba7a6-36d4-435e-bb9c-995b64e15647" /><UnitTestResult executionId="8bb9ebb1-0dd0-4971-89ba-f76295fc2141" testId="8e644054-4e41-4812-96d4-fef7cb608e03" testName="Patch_InvalidEnumPropertyValueReturnsBadRequest" computerName="LAMBDA" duration="00:00:00.0140000" startTime="2018-08-15T10:07:02.6535731-04:00" endTime="2018-08-15T10:07:02.6535778-04:00" testType="13cdc9d9-ddb5-4fa4-a97d-d965ccfc6d4b" outcome="Passed" testListId="8c84fa94-04c1-424b-9868-57a2d4851a1d" relativeResultsDirectory="8bb9ebb1-0dd0-4971-89ba-f76295fc2141" /><UnitTestResult executionId="4b1b509d-c154-4fd7-a768-070a77b2b468" testId="12196518-fda9-430f-9bdb-d8cde18f0750" testName="FileRequest_DepthBufferIsInvalidatedAfterCameraDependencyPropertyChange" computerName="LAMBDA" duration="00:00:00.5740000" startTime="2018-08-15T10:07:28.1197684-04:00" endTime="2018-08-15T10:07:28.1197745-04:00" testType="13cdc9d9-ddb5-4fa4-a97d-d965ccfc6d4b" outcome="Passed" testListId="8c84fa94-04c1-424b-9868-57a2d4851a1d" relativeResultsDirectory="4b1b509d-c154-4fd7-a768-070a77b2b468" /><UnitTestResult executionId="6a15b1b8-00ca-49af-ae51-beb986890561" testId="12713ea1-d680-4f7c-9931-3576b3e7cc23" testName="Put_CanUpdateModel" computerName="LAMBDA" duration="00:00:00.8610000" startTime="2018-08-15T10:07:12.6442108-04:00" endTime="2018-08-15T10:07:12.6442166-04:00" testType="13cdc9d9-ddb5-4fa4-a97d-d965ccfc6d4b" outcome="Passed" testListId="8c84fa94-04c1-424b-9868-57a2d4851a1d" relativeResultsDirectory="6a15b1b8-00ca-49af-ae51-beb986890561" /><UnitTestResult executionId="05dea786-28d8-41a5-bb30-988fb4c2cdfa" testId="620dadc7-df61-4ae4-8d68-3ddd7da69ad5" testName="Put_CanUpdateModel" computerName="LAMBDA" duration="00:00:00.0960000" startTime="2018-08-15T10:07:25.8027015-04:00" endTime="2018-08-15T10:07:25.8027071-04:00" testType="13cdc9d9-ddb5-4fa4-a97d-d965ccfc6d4b" outcome="Passed" testListId="8c84fa94-04c1-424b-9868-57a2d4851a1d" relativeResultsDirectory="05dea786-28d8-41a5-bb30-988fb4c2cdfa" /><UnitTestResult executionId="d2f5e002-2c95-4784-81c6-2fafd4dc3427" testId="7215bf79-9750-4464-8d75-7ac4be69fe64" testName="Patch_InvalidEnumPropertyValueReturnsBadRequest" computerName="LAMBDA" duration="00:00:00.0470000" startTime="2018-08-15T10:07:24.6190304-04:00" endTime="2018-08-15T10:07:24.6190372-04:00" testType="13cdc9d9-ddb5-4fa4-a97d-d965ccfc6d4b" outcome="Passed" testListId="8c84fa94-04c1-424b-9868-57a2d4851a1d" relativeResultsDirectory="d2f5e002-2c95-4784-81c6-2fafd4dc3427" /><UnitTestResult executionId="395414ef-4a9c-42f6-a96e-ce7e9bf0fc80" testId="0a5a6d9b-c613-45ea-b7e2-81a80a2dd31c" testName="Post_InvalidPropertyValueReturnsBadRequest" computerName="LAMBDA" duration="00:00:00.0250000" startTime="2018-08-15T10:07:04.4908325-04:00" endTime="2018-08-15T10:07:04.4908386-04:00" testType="13cdc9d9-ddb5-4fa4-a97d-d965ccfc6d4b" outcome="Passed" testListId="8c84fa94-04c1-424b-9868-57a2d4851a1d" relativeResultsDirectory="395414ef-4a9c-42f6-a96e-ce7e9bf0fc80" /><UnitTestResult executionId="f06ea9d3-4f72-41f9-86ea-7dd15747f73f" testId="b8de6217-f254-46d3-82a7-954b074cfe90" testName="Delete_TargetModelIsDeleted" computerName="LAMBDA" duration="00:00:00.0580000" startTime="2018-08-15T10:07:13.3322341-04:00" endTime="2018-08-15T10:07:13.3322410-04:00" testType="13cdc9d9-ddb5-4fa4-a97d-d965ccfc6d4b" outcome="Passed" testListId="8c84fa94-04c1-424b-9868-57a2d4851a1d" relativeResultsDirectory="f06ea9d3-4f72-41f9-86ea-7dd15747f73f" /><UnitTestResult executionId="dd2a23cb-d73f-44df-9e22-cee56a450457" testId="ed1662f9-3fe2-4faa-bea0-c9f16c4816d8" testName="GetList_ListReturnsCorrectCount" computerName="LAMBDA" duration="00:00:00.0300000" startTime="2018-08-15T10:07:07.5584833-04:00" endTime="2018-08-15T10:07:07.5584895-04:00" testType="13cdc9d9-ddb5-4fa4-a97d-d965ccfc6d4b" outcome="Passed" testListId="8c84fa94-04c1-424b-9868-57a2d4851a1d" relativeResultsDirectory="dd2a23cb-d73f-44df-9e22-cee56a450457" /><UnitTestResult executionId="2bd7d631-6859-4365-946d-e70a1b274161" testId="3b2eec53-bf1a-44f2-b0eb-49b8bf0a7296" testName="LucyModel3dHasTwoDependents" computerName="LAMBDA" duration="00:00:00.6120000" startTime="2018-08-15T10:07:00.8316774-04:00" endTime="2018-08-15T10:07:00.8316825-04:00" testType="13cdc9d9-ddb5-4fa4-a97d-d965ccfc6d4b" outcome="Passed" testListId="8c84fa94-04c1-424b-9868-57a2d4851a1d" relativeResultsDirectory="2bd7d631-6859-4365-946d-e70a1b274161" /><UnitTestResult executionId="d7b91753-fbe6-4b8d-adea-7c0b530641b4" testId="e5ea6fbd-e2a2-48c4-9b1b-ca47465b3f1f" testName="Delete_TargetModelIsDeleted" computerName="LAMBDA" duration="00:00:00.0500000" startTime="2018-08-15T10:07:05.0516576-04:00" endTime="2018-08-15T10:07:05.0516640-04:00" testType="13cdc9d9-ddb5-4fa4-a97d-d965ccfc6d4b" outcome="Passed" testListId="8c84fa94-04c1-424b-9868-57a2d4851a1d" relativeResultsDirectory="d7b91753-fbe6-4b8d-adea-7c0b530641b4" /><UnitTestResult executionId="0f839fe6-d91a-40f7-9559-62923c8965d9" testId="91c94d03-47dd-481d-8737-990f7e70ddfc" testName="Patch_InvalidPropertyNameReturnsBadRequest" computerName="LAMBDA" duration="00:00:00.1490000" startTime="2018-08-15T10:07:01.8863273-04:00" endTime="2018-08-15T10:07:01.8863332-04:00" testType="13cdc9d9-ddb5-4fa4-a97d-d965ccfc6d4b" outcome="Passed" testListId="8c84fa94-04c1-424b-9868-57a2d4851a1d" relativeResultsDirectory="0f839fe6-d91a-40f7-9559-62923c8965d9" /><UnitTestResult executionId="06d08629-b5b5-42ca-a1b5-d354b7674e7d" testId="31a4bf3c-fd9a-4741-9961-d76af662e80d" testName="Patch_InvalidReferencePropertyReturnsBadRequest" computerName="LAMBDA" duration="00:00:00.0360000" startTime="2018-08-15T10:07:29.4335032-04:00" endTime="2018-08-15T10:07:29.4335092-04:00" testType="13cdc9d9-ddb5-4fa4-a97d-d965ccfc6d4b" outcome="Passed" testListId="8c84fa94-04c1-424b-9868-57a2d4851a1d" relativeResultsDirectory="06d08629-b5b5-42ca-a1b5-d354b7674e7d" /><UnitTestResult executionId="496860a2-f6e3-4424-a61c-17306f589531" testId="0124c333-aa1e-4e59-ad1e-50af29385fcd" testName="FileRequest_FileCanBeReadAfterRename" computerName="LAMBDA" duration="00:00:00.2480000" startTime="2018-08-15T10:07:06.5578740-04:00" endTime="2018-08-15T10:07:06.5578797-04:00" testType="13cdc9d9-ddb5-4fa4-a97d-d965ccfc6d4b" outcome="Passed" testListId="8c84fa94-04c1-424b-9868-57a2d4851a1d" relativeResultsDirectory="496860a2-f6e3-4424-a61c-17306f589531" /><UnitTestResult executionId="3a70139f-8865-4a60-80e4-19c911d16c37" testId="055ae17f-ec32-44ac-809a-e84e1a0d3915" testName="Patch_InvalidPropertyNameReturnsBadRequest" computerName="LAMBDA" duration="00:00:00.0230000" startTime="2018-08-15T10:07:29.2777022-04:00" endTime="2018-08-15T10:07:29.2777089-04:00" testType="13cdc9d9-ddb5-4fa4-a97d-d965ccfc6d4b" outcome="Passed" testListId="8c84fa94-04c1-424b-9868-57a2d4851a1d" relativeResultsDirectory="3a70139f-8865-4a60-80e4-19c911d16c37" /><UnitTestResult executionId="976e7717-a3c2-4c16-8fc9-8d244173b352" testId="5bc5b670-87c2-49c9-9f5e-952d6db3d961" testName="Post_InvalidReferencePropertyReturnsBadRequest" computerName="LAMBDA" duration="00:00:00.5570000" startTime="2018-08-15T10:07:03.4833991-04:00" endTime="2018-08-15T10:07:03.4834054-04:00" testType="13cdc9d9-ddb5-4fa4-a97d-d965ccfc6d4b" outcome="Passed" testListId="8c84fa94-04c1-424b-9868-57a2d4851a1d" relativeResultsDirectory="976e7717-a3c2-4c16-8fc9-8d244173b352" /><UnitTestResult executionId="aba1f415-062f-4d94-929e-625dc5786711" testId="1ed9f508-713c-42ef-a0d6-278fb53b0ea5" testName="GetSingle_ValidIdPropertyValueReturnsCorrectModel" computerName="LAMBDA" duration="00:00:00.0410000" startTime="2018-08-15T10:07:25.4576680-04:00" endTime="2018-08-15T10:07:25.4576748-04:00" testType="13cdc9d9-ddb5-4fa4-a97d-d965ccfc6d4b" outcome="Passed" testListId="8c84fa94-04c1-424b-9868-57a2d4851a1d" relativeResultsDirectory="aba1f415-062f-4d94-929e-625dc5786711" /><UnitTestResult executionId="cbd570af-4ec0-4ade-9925-7110038128e9" testId="08deca61-337a-44be-b02d-32b70885b44e" testName="Model3dHasExpectedDependentFiles" computerName="LAMBDA" duration="00:00:00.0490000" startTime="2018-08-15T10:07:00.2220540-04:00" endTime="2018-08-15T10:07:00.2220607-04:00" testType="13cdc9d9-ddb5-4fa4-a97d-d965ccfc6d4b" outcome="Passed" testListId="8c84fa94-04c1-424b-9868-57a2d4851a1d" relativeResultsDirectory="cbd570af-4ec0-4ade-9925-7110038128e9" /><UnitTestResult executionId="84e5c21c-cf6d-4303-931c-dd236adc0f8e" testId="65c187b3-edd6-469b-a86f-2e3fc7040f39" testName="Patch_TargetPropertyIsUpdated" computerName="LAMBDA" duration="00:00:00.6110000" startTime="2018-08-15T10:07:04.0987422-04:00" endTime="2018-08-15T10:07:04.0987489-04:00" testType="13cdc9d9-ddb5-4fa4-a97d-d965ccfc6d4b" outcome="Passed" testListId="8c84fa94-04c1-424b-9868-57a2d4851a1d" relativeResultsDirectory="84e5c21c-cf6d-4303-931c-dd236adc0f8e" /><UnitTestResult executionId="5e6c1933-bf93-48fe-ba0a-52e771833424" testId="5cda5635-0a17-4282-8e75-1ccbf56cdab8" testName="Patch_ValidReferencePropertyUpdatesModel" computerName="LAMBDA" duration="00:00:00.1050000" startTime="2018-08-15T10:07:04.6300006-04:00" endTime="2018-08-15T10:07:04.6300074-04:00" testType="13cdc9d9-ddb5-4fa4-a97d-d965ccfc6d4b" outcome="Passed" testListId="8c84fa94-04c1-424b-9868-57a2d4851a1d" relativeResultsDirectory="5e6c1933-bf93-48fe-ba0a-52e771833424" /><UnitTestResult executionId="d86cfeeb-6610-4771-8991-2f6b6c250a6b" testId="4929008f-26e0-447e-9dba-be43b3ce1116" testName="GetFile_ExistingFileReturnsSuccess" computerName="LAMBDA" duration="00:00:00.0530000" startTime="2018-08-15T10:07:25.8565710-04:00" endTime="2018-08-15T10:07:25.8565771-04:00" testType="13cdc9d9-ddb5-4fa4-a97d-d965ccfc6d4b" outcome="Passed" testListId="8c84fa94-04c1-424b-9868-57a2d4851a1d" relativeResultsDirectory="d86cfeeb-6610-4771-8991-2f6b6c250a6b" /><UnitTestResult executionId="9b2990a1-047b-4525-a291-31baa2176e50" testId="dc4f0565-162c-4cd4-b62c-1541bcf6eb51" testName="Put_ValidReferencePropertyUpdatesModel" computerName="LAMBDA" duration="00:00:00.0960000" startTime="2018-08-15T10:07:29.5304911-04:00" endTime="2018-08-15T10:07:29.5304985-04:00" testType="13cdc9d9-ddb5-4fa4-a97d-d965ccfc6d4b" outcome="Passed" testListId="8c84fa94-04c1-424b-9868-57a2d4851a1d" relativeResultsDirectory="9b2990a1-047b-4525-a291-31baa2176e50" /><UnitTestResult executionId="20b31a7b-0fc6-487d-beb6-a46f7c2a478a" testId="e3785b94-5750-4cde-8281-ee63c583d166" testName="GetFile_ExistingFileReturnsSuccess" computerName="LAMBDA" duration="00:00:00.1190000" startTime="2018-08-15T10:07:17.3653385-04:00" endTime="2018-08-15T10:07:17.3653453-04:00" testType="13cdc9d9-ddb5-4fa4-a97d-d965ccfc6d4b" outcome="Passed" testListId="8c84fa94-04c1-424b-9868-57a2d4851a1d" relativeResultsDirectory="20b31a7b-0fc6-487d-beb6-a46f7c2a478a" /><UnitTestResult executionId="ad6601a5-ab0b-4ffe-9d8f-4820bfb47dfa" testId="f4bb56b4-173e-4c63-bd4a-6ec1e8114ca5" testName="Post_ValidReferencePropertyCreatesModel" computerName="LAMBDA" duration="00:00:00.0480000" startTime="2018-08-15T10:07:04.8027241-04:00" endTime="2018-08-15T10:07:04.8027312-04:00" testType="13cdc9d9-ddb5-4fa4-a97d-d965ccfc6d4b" outcome="Passed" testListId="8c84fa94-04c1-424b-9868-57a2d4851a1d" relativeResultsDirectory="ad6601a5-ab0b-4ffe-9d8f-4820bfb47dfa" /><UnitTestResult executionId="cf91f4da-7787-42bf-baa2-ccfb9d685d54" testId="0853e6ea-97e5-4e38-ac3e-5729f3a1f40b" testName="PutFile_FileCanBeUpdated" computerName="LAMBDA" duration="00:00:00.1950000" startTime="2018-08-15T10:07:27.3236735-04:00" endTime="2018-08-15T10:07:27.3236796-04:00" testType="13cdc9d9-ddb5-4fa4-a97d-d965ccfc6d4b" outcome="Passed" testListId="8c84fa94-04c1-424b-9868-57a2d4851a1d" relativeResultsDirectory="cf91f4da-7787-42bf-baa2-ccfb9d685d54" /><UnitTestResult executionId="ba6781f8-4fcf-41af-aed7-d2ebb5f1acfd" testId="a357acec-bf9a-42e3-b9c6-9f08b690f7c2" testName="Put_InvalidIdReturnsNotFound" computerName="LAMBDA" duration="00:00:00.2670000" startTime="2018-08-15T10:07:07.2239291-04:00" endTime="2018-08-15T10:07:07.2239354-04:00" testType="13cdc9d9-ddb5-4fa4-a97d-d965ccfc6d4b" outcome="Passed" testListId="8c84fa94-04c1-424b-9868-57a2d4851a1d" relativeResultsDirectory="ba6781f8-4fcf-41af-aed7-d2ebb5f1acfd" /><UnitTestResult executionId="a4d272e0-2070-4052-b96a-60ec6dff7ef8" testId="d2839dca-51d9-4ab9-81c2-b942ba899ec7" testName="Delete_TargetModelIsDeleted" computerName="LAMBDA" duration="00:00:00.1110000" startTime="2018-08-15T10:07:24.8687162-04:00" endTime="2018-08-15T10:07:24.8687240-04:00" testType="13cdc9d9-ddb5-4fa4-a97d-d965ccfc6d4b" outcome="Passed" testListId="8c84fa94-04c1-424b-9868-57a2d4851a1d" relativeResultsDirectory="a4d272e0-2070-4052-b96a-60ec6dff7ef8" /><UnitTestResult executionId="7d34c38e-d867-424e-8bd0-73d94240997b" testId="855623ad-f9c2-40ec-aa4b-bd1fd6c559a4" testName="Patch_InvalidReferencePropertyReturnsBadRequest" computerName="LAMBDA" duration="00:00:00.0560000" startTime="2018-08-15T10:07:13.0085179-04:00" endTime="2018-08-15T10:07:13.0085236-04:00" testType="13cdc9d9-ddb5-4fa4-a97d-d965ccfc6d4b" outcome="Passed" testListId="8c84fa94-04c1-424b-9868-57a2d4851a1d" relativeResultsDirectory="7d34c38e-d867-424e-8bd0-73d94240997b" /><UnitTestResult executionId="82762974-b81e-49fd-836c-54011d31a050" testId="85c3f74c-0081-4c78-996d-ba7dfcb84bb2" testName="Patch_InvalidReferencePropertyReturnsBadRequest" computerName="LAMBDA" duration="00:00:00.0440000" startTime="2018-08-15T10:07:05.0008185-04:00" endTime="2018-08-15T10:07:05.0008274-04:00" testType="13cdc9d9-ddb5-4fa4-a97d-d965ccfc6d4b" outcome="Passed" testListId="8c84fa94-04c1-424b-9868-57a2d4851a1d" relativeResultsDirectory="82762974-b81e-49fd-836c-54011d31a050" /><UnitTestResult executionId="d383ac86-db00-472b-aa60-a1bb5136acd0" testId="57eab300-fe11-4fe2-9921-b5db9d27d754" testName="Post_ValidReferencePropertyCreatesModel" computerName="LAMBDA" duration="00:00:00.0560000" startTime="2018-08-15T10:07:25.7061298-04:00" endTime="2018-08-15T10:07:25.7061366-04:00" testType="13cdc9d9-ddb5-4fa4-a97d-d965ccfc6d4b" outcome="Passed" testListId="8c84fa94-04c1-424b-9868-57a2d4851a1d" relativeResultsDirectory="d383ac86-db00-472b-aa60-a1bb5136acd0" /><UnitTestResult executionId="8060517f-14f7-414d-bfc9-0baaa2006d05" testId="d6686025-d391-4367-89ae-bc92e2368821" testName="Patch_InvalidIdPropertyReturnsNotFound" computerName="LAMBDA" duration="00:00:00.0430000" startTime="2018-08-15T10:07:04.7537558-04:00" endTime="2018-08-15T10:07:04.7537617-04:00" testType="13cdc9d9-ddb5-4fa4-a97d-d965ccfc6d4b" outcome="Passed" testListId="8c84fa94-04c1-424b-9868-57a2d4851a1d" relativeResultsDirectory="8060517f-14f7-414d-bfc9-0baaa2006d05" /><UnitTestResult executionId="63d9040b-7e69-43f4-b8e2-17d5ea1cc24f" testId="c5b29c5c-83de-4476-824d-f79e39115c84" testName="Post_InvalidPropertyValueReturnsBadRequest" computerName="LAMBDA" duration="00:00:00.0290000" startTime="2018-08-15T10:07:25.5277639-04:00" endTime="2018-08-15T10:07:25.5277704-04:00" testType="13cdc9d9-ddb5-4fa4-a97d-d965ccfc6d4b" outcome="Passed" testListId="8c84fa94-04c1-424b-9868-57a2d4851a1d" relativeResultsDirectory="63d9040b-7e69-43f4-b8e2-17d5ea1cc24f" /><UnitTestResult executionId="34e843da-aa35-4c80-b2ee-f287afeb5223" testId="cd351bdc-c274-4182-8801-a909bb84cdf1" testName="Post_InvalidPropertyValueReturnsBadRequest" computerName="LAMBDA" duration="00:00:00.0390000" startTime="2018-08-15T10:07:13.5123453-04:00" endTime="2018-08-15T10:07:13.5123570-04:00" testType="13cdc9d9-ddb5-4fa4-a97d-d965ccfc6d4b" outcome="Passed" testListId="8c84fa94-04c1-424b-9868-57a2d4851a1d" relativeResultsDirectory="34e843da-aa35-4c80-b2ee-f287afeb5223" /><UnitTestResult executionId="f2a09c7c-aef7-4882-85fa-3802fc4dbcbf" testId="81c1e75f-5822-4a45-8bc0-cb7a8b1a47a5" testName="Patch_MultipleInvalidReferencePropertiesReturnsMultipleValidationErrorsAndBadRequest" computerName="LAMBDA" duration="00:00:00.0570000" startTime="2018-08-15T10:07:13.2143400-04:00" endTime="2018-08-15T10:07:13.2143468-04:00" testType="13cdc9d9-ddb5-4fa4-a97d-d965ccfc6d4b" outcome="Passed" testListId="8c84fa94-04c1-424b-9868-57a2d4851a1d" relativeResultsDirectory="f2a09c7c-aef7-4882-85fa-3802fc4dbcbf" /><UnitTestResult executionId="540468a0-56f2-48d3-8f9f-33c42b5ce9a9" testId="71142825-8570-4fa6-a604-6e0dc4b75b19" testName="Patch_TargetPropertyIsUpdated" computerName="LAMBDA" duration="00:00:00.0900000" startTime="2018-08-15T10:07:29.6215455-04:00" endTime="2018-08-15T10:07:29.6215497-04:00" testType="13cdc9d9-ddb5-4fa4-a97d-d965ccfc6d4b" outcome="Passed" testListId="8c84fa94-04c1-424b-9868-57a2d4851a1d" relativeResultsDirectory="540468a0-56f2-48d3-8f9f-33c42b5ce9a9" /><UnitTestResult executionId="69a27dd2-89bb-4dce-9819-4920a0b828a7" testId="f7d066aa-e020-4d90-9c5f-fcf60b8d33a5" testName="Post_CanCreateNewModel" computerName="LAMBDA" duration="00:00:00.0560000" startTime="2018-08-15T10:07:12.9521581-04:00" endTime="2018-08-15T10:07:12.9521642-04:00" testType="13cdc9d9-ddb5-4fa4-a97d-d965ccfc6d4b" outcome="Passed" testListId="8c84fa94-04c1-424b-9868-57a2d4851a1d" relativeResultsDirectory="69a27dd2-89bb-4dce-9819-4920a0b828a7" /><UnitTestResult executionId="6d941c49-f30a-418f-a76d-6c849043f688" testId="6be30f49-54fd-42ae-8832-17c4aa409cbc" testName="GetList_ListReturnsCorrectCount" computerName="LAMBDA" duration="00:00:00.0360000" startTime="2018-08-15T10:07:28.9353261-04:00" endTime="2018-08-15T10:07:28.9353329-04:00" testType="13cdc9d9-ddb5-4fa4-a97d-d965ccfc6d4b" outcome="Passed" testListId="8c84fa94-04c1-424b-9868-57a2d4851a1d" relativeResultsDirectory="6d941c49-f30a-418f-a76d-6c849043f688" /><UnitTestResult executionId="94b248ea-8ea8-4713-9485-3c3b8e39d16e" testId="fb8fa7ea-020f-4a1d-9841-55fb590dcf08" testName="Patch_InvalidEnumPropertyValueReturnsBadRequest" computerName="LAMBDA" duration="00:00:00.0370000" startTime="2018-08-15T10:07:12.7824153-04:00" endTime="2018-08-15T10:07:12.7824220-04:00" testType="13cdc9d9-ddb5-4fa4-a97d-d965ccfc6d4b" outcome="Passed" testListId="8c84fa94-04c1-424b-9868-57a2d4851a1d" relativeResultsDirectory="94b248ea-8ea8-4713-9485-3c3b8e39d16e" /><UnitTestResult executionId="57496a39-7768-4d2c-9556-a8da396dbab0" testId="55628884-a352-4a40-acc5-be35b73d861b" testName="Post_InvalidPropertyValueReturnsBadRequest" computerName="LAMBDA" duration="00:00:00.0250000" startTime="2018-08-15T10:07:07.7212773-04:00" endTime="2018-08-15T10:07:07.7212844-04:00" testType="13cdc9d9-ddb5-4fa4-a97d-d965ccfc6d4b" outcome="Passed" testListId="8c84fa94-04c1-424b-9868-57a2d4851a1d" relativeResultsDirectory="57496a39-7768-4d2c-9556-a8da396dbab0" /><UnitTestResult executionId="4ad446e2-6862-418c-80f0-130f3227d789" testId="843985fa-8d54-4c21-a036-10754bc49188" testName="Post_CanCreateNewModel" computerName="LAMBDA" duration="00:00:00.0360000" startTime="2018-08-15T10:07:04.9566158-04:00" endTime="2018-08-15T10:07:04.9566223-04:00" testType="13cdc9d9-ddb5-4fa4-a97d-d965ccfc6d4b" outcome="Passed" testListId="8c84fa94-04c1-424b-9868-57a2d4851a1d" relativeResultsDirectory="4ad446e2-6862-418c-80f0-130f3227d789" /><UnitTestResult executionId="a14b3f8e-76b4-48be-a83b-6864043fbbf9" testId="31802e8e-5294-4155-aae3-78439e3b3010" testName="Put_ValidReferencePropertyUpdatesModel" computerName="LAMBDA" duration="00:00:00.1370000" startTime="2018-08-15T10:07:07.6960540-04:00" endTime="2018-08-15T10:07:07.6960617-04:00" testType="13cdc9d9-ddb5-4fa4-a97d-d965ccfc6d4b" outcome="Passed" testListId="8c84fa94-04c1-424b-9868-57a2d4851a1d" relativeResultsDirectory="a14b3f8e-76b4-48be-a83b-6864043fbbf9" /><UnitTestResult executionId="35719bee-42bd-440b-855f-20d12fae23d7" testId="117f3edd-c467-4d16-97d2-779d29641c89" testName="PostFile_FileIsSynchronizedIsUpdatedAfterFileIsPosted" computerName="LAMBDA" duration="00:00:00.0200000" startTime="2018-08-15T10:07:06.9550954-04:00" endTime="2018-08-15T10:07:06.9551020-04:00" testType="13cdc9d9-ddb5-4fa4-a97d-d965ccfc6d4b" outcome="Passed" testListId="8c84fa94-04c1-424b-9868-57a2d4851a1d" relativeResultsDirectory="35719bee-42bd-440b-855f-20d12fae23d7" /><UnitTestResult executionId="f5e57cbb-2feb-4614-9166-3d8fc2967d4f" testId="ff221bd2-a06d-46a1-b690-a2a81c779df0" testName="FileRequest_MeshGenerateSetsFileIsSynchronized" computerName="LAMBDA" duration="00:00:05.2320000" startTime="2018-08-15T10:07:24.1056469-04:00" endTime="2018-08-15T10:07:24.1056537-04:00" testType="13cdc9d9-ddb5-4fa4-a97d-d965ccfc6d4b" outcome="Passed" testListId="8c84fa94-04c1-424b-9868-57a2d4851a1d" relativeResultsDirectory="f5e57cbb-2feb-4614-9166-3d8fc2967d4f" /><UnitTestResult executionId="f0a4f9e0-d1e8-40ff-ad97-9f6c82a0e91b" testId="ac53bddf-75e2-44f3-910e-2e8b495f8c70" testName="PostFile_FileIsSynchronizedIsUpdatedAfterFileIsPosted" computerName="LAMBDA" duration="00:00:00.3010000" startTime="2018-08-15T10:07:24.4072371-04:00" endTime="2018-08-15T10:07:24.4072430-04:00" testType="13cdc9d9-ddb5-4fa4-a97d-d965ccfc6d4b" outcome="Passed" testListId="8c84fa94-04c1-424b-9868-57a2d4851a1d" relativeResultsDirectory="f0a4f9e0-d1e8-40ff-ad97-9f6c82a0e91b" /><UnitTestResult executionId="6d912741-def2-4218-8edb-e8b00255b643" testId="aa63dfbf-34d0-45a7-80c1-62ccf10ccdb1" testName="Patch_InvalidIdPropertyReturnsNotFound" computerName="LAMBDA" duration="00:00:00.0330000" startTime="2018-08-15T10:07:02.8745013-04:00" endTime="2018-08-15T10:07:02.8745071-04:00" testType="13cdc9d9-ddb5-4fa4-a97d-d965ccfc6d4b" outcome="Passed" testListId="8c84fa94-04c1-424b-9868-57a2d4851a1d" relativeResultsDirectory="6d912741-def2-4218-8edb-e8b00255b643" /><UnitTestResult executionId="4a2aefa1-19dc-418f-abca-4f02376e7e81" testId="a2741395-4b2d-47df-9294-27adf833667b" testName="Put_ValidReferencePropertyUpdatesModel" computerName="LAMBDA" duration="00:00:00.2350000" startTime="2018-08-15T10:07:25.2867186-04:00" endTime="2018-08-15T10:07:25.2867268-04:00" testType="13cdc9d9-ddb5-4fa4-a97d-d965ccfc6d4b" outcome="Passed" testListId="8c84fa94-04c1-424b-9868-57a2d4851a1d" relativeResultsDirectory="4a2aefa1-19dc-418f-abca-4f02376e7e81" /><UnitTestResult executionId="c0d41f23-4fd0-40a6-beaf-525aebf972b7" testId="89a5c99d-f69c-465f-a445-80a8940ef7ac" testName="Patch_ValidReferencePropertyUpdatesModel" computerName="LAMBDA" duration="00:00:01.1490000" startTime="2018-08-15T10:07:11.7827498-04:00" endTime="2018-08-15T10:07:11.7827558-04:00" testType="13cdc9d9-ddb5-4fa4-a97d-d965ccfc6d4b" outcome="Passed" testListId="8c84fa94-04c1-424b-9868-57a2d4851a1d" relativeResultsDirectory="c0d41f23-4fd0-40a6-beaf-525aebf972b7" /><UnitTestResult executionId="a36673e4-5529-4e48-8692-cd80969e6bba" testId="08ef51ab-d2af-4b17-a3a9-fa536df39b20" testName="GetSingle_InvalidIdPropertyValueReturnsNotFound" computerName="LAMBDA" duration="00:00:00.0210000" startTime="2018-08-15T10:07:02.6751418-04:00" endTime="2018-08-15T10:07:02.6751479-04:00" testType="13cdc9d9-ddb5-4fa4-a97d-d965ccfc6d4b" outcome="Passed" testListId="8c84fa94-04c1-424b-9868-57a2d4851a1d" relativeResultsDirectory="a36673e4-5529-4e48-8692-cd80969e6bba" /><UnitTestResult executionId="76915f34-8d57-408a-bcfe-4d7b89f2d370" testId="70703fdd-6bc1-4f57-89c1-9d8f5da89fd9" testName="Patch_TargetPropertyIsUpdated" computerName="LAMBDA" duration="00:00:00.1130000" startTime="2018-08-15T10:07:12.8958541-04:00" endTime="2018-08-15T10:07:12.8958602-04:00" testType="13cdc9d9-ddb5-4fa4-a97d-d965ccfc6d4b" outcome="Passed" testListId="8c84fa94-04c1-424b-9868-57a2d4851a1d" relativeResultsDirectory="76915f34-8d57-408a-bcfe-4d7b89f2d370" /><UnitTestResult executionId="f4969a5f-d4db-492a-bf35-c64ff59a4636" testId="f03cf0d4-cdc2-4e44-9940-6d07434623a8" testName="GetSingle_InvalidIdPropertyValueReturnsNotFound" computerName="LAMBDA" duration="00:00:00.0280000" startTime="2018-08-15T10:07:28.9807973-04:00" endTime="2018-08-15T10:07:28.9808035-04:00" testType="13cdc9d9-ddb5-4fa4-a97d-d965ccfc6d4b" outcome="Passed" testListId="8c84fa94-04c1-424b-9868-57a2d4851a1d" relativeResultsDirectory="f4969a5f-d4db-492a-bf35-c64ff59a4636" /><UnitTestResult executionId="a53fe235-9c8c-40ac-97b6-c86acae8c190" testId="4aaee401-c2de-469b-988d-e27bf9df1669" testName="PostFile_FileTimeStampIsUpdatedAfterFileIsPosted" computerName="LAMBDA" duration="00:00:00.0210000" startTime="2018-08-15T10:07:05.1238669-04:00" endTime="2018-08-15T10:07:05.1238748-04:00" testType="13cdc9d9-ddb5-4fa4-a97d-d965ccfc6d4b" outcome="Passed" testListId="8c84fa94-04c1-424b-9868-57a2d4851a1d" relativeResultsDirectory="a53fe235-9c8c-40ac-97b6-c86acae8c190" /><UnitTestResult executionId="c4f8070f-485c-4d5c-ab78-8d9b9e0a050e" testId="cbab51c9-7d4c-4045-879d-f04d646ce42a" testName="Put_ValidReferencePropertyUpdatesModel" computerName="LAMBDA" duration="00:00:00.0130000" startTime="2018-08-15T10:07:02.4104200-04:00" endTime="2018-08-15T10:07:02.4104272-04:00" testType="13cdc9d9-ddb5-4fa4-a97d-d965ccfc6d4b" outcome="Passed" testListId="8c84fa94-04c1-424b-9868-57a2d4851a1d" relativeResultsDirectory="c4f8070f-485c-4d5c-ab78-8d9b9e0a050e" /><UnitTestResult executionId="999ba662-f424-4822-aafe-1c0e0ffbee8e" testId="1973974d-6998-40c9-99b2-27421a9463bb" testName="Put_InvalidReferencePropertyReturndBadRequest" computerName="LAMBDA" duration="00:00:00.0680000" startTime="2018-08-15T10:07:24.7571129-04:00" endTime="2018-08-15T10:07:24.7571183-04:00" testType="13cdc9d9-ddb5-4fa4-a97d-d965ccfc6d4b" outcome="Passed" testListId="8c84fa94-04c1-424b-9868-57a2d4851a1d" relativeResultsDirectory="999ba662-f424-4822-aafe-1c0e0ffbee8e" /><UnitTestResult executionId="1c84a68b-26ed-41d2-acef-dd77aebbb202" testId="489de826-a430-4858-8c91-147ec773e9a4" testName="Post_CanCreateNewModel" computerName="LAMBDA" duration="00:00:00.0450000" startTime="2018-08-15T10:07:28.8061594-04:00" endTime="2018-08-15T10:07:28.8061703-04:00" testType="13cdc9d9-ddb5-4fa4-a97d-d965ccfc6d4b" outcome="Passed" testListId="8c84fa94-04c1-424b-9868-57a2d4851a1d" relativeResultsDirectory="1c84a68b-26ed-41d2-acef-dd77aebbb202" /><UnitTestResult executionId="2e473ca1-4169-4635-a926-324a5d972528" testId="d204a0b7-e363-4480-adda-35dd7ddb78f8" testName="LucyCameraFindsAllDependents" computerName="LAMBDA" duration="00:00:00.0140000" startTime="2018-08-15T10:07:00.8466888-04:00" endTime="2018-08-15T10:07:00.8466944-04:00" testType="13cdc9d9-ddb5-4fa4-a97d-d965ccfc6d4b" outcome="Passed" testListId="8c84fa94-04c1-424b-9868-57a2d4851a1d" relativeResultsDirectory="2e473ca1-4169-4635-a926-324a5d972528" /><UnitTestResult executionId="8c8a6ceb-cbbd-4ca7-a82b-42fbafc8ebf4" testId="cd7b19d3-1d6d-42fd-9d5b-8a80e72a97b3" testName="Put_InvalidIdReturnsNotFound" computerName="LAMBDA" duration="00:00:00.0400000" startTime="2018-08-15T10:07:25.4982987-04:00" endTime="2018-08-15T10:07:25.4983049-04:00" testType="13cdc9d9-ddb5-4fa4-a97d-d965ccfc6d4b" outcome="Passed" testListId="8c84fa94-04c1-424b-9868-57a2d4851a1d" relativeResultsDirectory="8c8a6ceb-cbbd-4ca7-a82b-42fbafc8ebf4" /><UnitTestResult executionId="99d471b8-87df-475b-8b6d-78ce3c366696" testId="3912a4ce-1753-4827-bb7b-6bc6356862b3" testName="GetFile_NonExistentFileReturnsNotFound" computerName="LAMBDA" duration="00:00:00.0450000" startTime="2018-08-15T10:07:13.5582915-04:00" endTime="2018-08-15T10:07:13.5582978-04:00" testType="13cdc9d9-ddb5-4fa4-a97d-d965ccfc6d4b" outcome="Passed" testListId="8c84fa94-04c1-424b-9868-57a2d4851a1d" relativeResultsDirectory="99d471b8-87df-475b-8b6d-78ce3c366696" /><UnitTestResult executionId="089c7a29-04e3-44f6-b0f6-2751efed5159" testId="1563565b-b52a-4252-b97e-0aea7e14d17d" testName="Put_InvalidIdReturnsNotFound" computerName="LAMBDA" duration="00:00:00.0410000" startTime="2018-08-15T10:07:28.8478197-04:00" endTime="2018-08-15T10:07:28.8478248-04:00" testType="13cdc9d9-ddb5-4fa4-a97d-d965ccfc6d4b" outcome="Passed" testListId="8c84fa94-04c1-424b-9868-57a2d4851a1d" relativeResultsDirectory="089c7a29-04e3-44f6-b0f6-2751efed5159" /><UnitTestResult executionId="16704459-ced7-4beb-a93f-9d9b187f9afd" testId="1b010be4-86dc-48dc-b76d-1406be7ef1fb" testName="Delete_TargetModelIsDeleted" computerName="LAMBDA" duration="00:00:00.0490000" startTime="2018-08-15T10:07:28.8981885-04:00" endTime="2018-08-15T10:07:28.8981956-04:00" testType="13cdc9d9-ddb5-4fa4-a97d-d965ccfc6d4b" outcome="Passed" testListId="8c84fa94-04c1-424b-9868-57a2d4851a1d" relativeResultsDirectory="16704459-ced7-4beb-a93f-9d9b187f9afd" /><UnitTestResult executionId="e8c1ba44-6df4-459d-b06c-9cf046d53347" testId="9e052a6a-92c5-41aa-80a4-8766b1e3de1d" testName="GetSingle_ValidIdPropertyValueReturnsCorrectModel" computerName="LAMBDA" duration="00:00:00.0210000" startTime="2018-08-15T10:07:02.6397883-04:00" endTime="2018-08-15T10:07:02.6397954-04:00" testType="13cdc9d9-ddb5-4fa4-a97d-d965ccfc6d4b" outcome="Passed" testListId="8c84fa94-04c1-424b-9868-57a2d4851a1d" relativeResultsDirectory="e8c1ba44-6df4-459d-b06c-9cf046d53347" /><UnitTestResult executionId="6c3de6f1-499d-45ae-a8fd-d3e1d7a8cf10" testId="d5d5679d-f5c7-47af-a219-a51d4863d9bc" testName="Put_CanUpdateModel" computerName="LAMBDA" duration="00:00:00.2600000" startTime="2018-08-15T10:07:04.3592529-04:00" endTime="2018-08-15T10:07:04.3592592-04:00" testType="13cdc9d9-ddb5-4fa4-a97d-d965ccfc6d4b" outcome="Passed" testListId="8c84fa94-04c1-424b-9868-57a2d4851a1d" relativeResultsDirectory="6c3de6f1-499d-45ae-a8fd-d3e1d7a8cf10" /><UnitTestResult executionId="9d05eb0a-a923-434e-a857-67eb9f4c87ad" testId="4ebb30d6-3bb6-4ccc-8c1c-c4a0839b0af4" testName="Put_InvalidReferencePropertyReturndBadRequest" computerName="LAMBDA" duration="00:00:00.0900000" startTime="2018-08-15T10:07:13.4727678-04:00" endTime="2018-08-15T10:07:13.4727729-04:00" testType="13cdc9d9-ddb5-4fa4-a97d-d965ccfc6d4b" outcome="Passed" testListId="8c84fa94-04c1-424b-9868-57a2d4851a1d" relativeResultsDirectory="9d05eb0a-a923-434e-a857-67eb9f4c87ad" /><UnitTestResult executionId="460fc64f-f7b6-4541-9d11-c72fc68d2c25" testId="f52e9db1-2609-4408-b88c-bd8493b50f15" testName="PostFile_NewFileCanBePosted" computerName="LAMBDA" duration="00:00:00.1940000" startTime="2018-08-15T10:07:18.8726283-04:00" endTime="2018-08-15T10:07:18.8726344-04:00" testType="13cdc9d9-ddb5-4fa4-a97d-d965ccfc6d4b" outcome="Passed" testListId="8c84fa94-04c1-424b-9868-57a2d4851a1d" relativeResultsDirectory="460fc64f-f7b6-4541-9d11-c72fc68d2c25" /><UnitTestResult executionId="75b73bda-a8bf-4bfc-a5a1-3f76c1746173" testId="650770f4-d650-4901-9e4d-0696decc8313" testName="LucyDepthBufferFindsOneDependent" computerName="LAMBDA" duration="00:00:00.0080000" startTime="2018-08-15T10:07:00.8557464-04:00" endTime="2018-08-15T10:07:00.8557525-04:00" testType="13cdc9d9-ddb5-4fa4-a97d-d965ccfc6d4b" outcome="Passed" testListId="8c84fa94-04c1-424b-9868-57a2d4851a1d" relativeResultsDirectory="75b73bda-a8bf-4bfc-a5a1-3f76c1746173" /><UnitTestResult executionId="807237ea-850c-416c-a565-9a678810cf5c" testId="427bf4a0-6d85-4ad5-8410-1caa1a7457bd" testName="Post_ValidReferencePropertyCreatesModel" computerName="LAMBDA" duration="00:00:00.0580000" startTime="2018-08-15T10:07:13.2731536-04:00" endTime="2018-08-15T10:07:13.2731603-04:00" testType="13cdc9d9-ddb5-4fa4-a97d-d965ccfc6d4b" outcome="Passed" testListId="8c84fa94-04c1-424b-9868-57a2d4851a1d" relativeResultsDirectory="807237ea-850c-416c-a565-9a678810cf5c" /><UnitTestResult executionId="0943d3a4-69fe-4334-9244-e7ddc92f0346" testId="d62eb0b0-1f08-4f65-8aa8-c9f3018e3f04" testName="GetList_ListReturnsCorrectCount" computerName="LAMBDA" duration="00:00:00.0340000" startTime="2018-08-15T10:07:24.6536548-04:00" endTime="2018-08-15T10:07:24.6536601-04:00" testType="13cdc9d9-ddb5-4fa4-a97d-d965ccfc6d4b" outcome="Passed" testListId="8c84fa94-04c1-424b-9868-57a2d4851a1d" relativeResultsDirectory="0943d3a4-69fe-4334-9244-e7ddc92f0346" /><UnitTestResult executionId="b2000063-6506-46dd-98e9-abce560f34d1" testId="48816b92-c2d3-42aa-b338-020e44892981" testName="Put_CanUpdateModel" computerName="LAMBDA" duration="00:00:00.0930000" startTime="2018-08-15T10:07:29.1090551-04:00" endTime="2018-08-15T10:07:29.1090612-04:00" testType="13cdc9d9-ddb5-4fa4-a97d-d965ccfc6d4b" outcome="Passed" testListId="8c84fa94-04c1-424b-9868-57a2d4851a1d" relativeResultsDirectory="b2000063-6506-46dd-98e9-abce560f34d1" /><UnitTestResult executionId="3b40b3c8-503a-45d3-b48c-9c66436adb5f" testId="4f9fe613-e571-40a4-9dcb-21c097f63ff1" testName="Patch_InvalidEnumPropertyValueReturnsBadRequest" computerName="LAMBDA" duration="00:00:00.0170000" startTime="2018-08-15T10:07:28.9525879-04:00" endTime="2018-08-15T10:07:28.9525950-04:00" testType="13cdc9d9-ddb5-4fa4-a97d-d965ccfc6d4b" outcome="Passed" testListId="8c84fa94-04c1-424b-9868-57a2d4851a1d" relativeResultsDirectory="3b40b3c8-503a-45d3-b48c-9c66436adb5f" /><UnitTestResult executionId="48dbda5a-df52-4494-92e5-36e802e7b40e" testId="06b92066-64c9-4bea-be9a-6a1abed3e3cd" testName="Patch_InvalidEnumPropertyValueReturnsBadRequest" computerName="LAMBDA" duration="00:00:00.0170000" startTime="2018-08-15T10:07:07.8446241-04:00" endTime="2018-08-15T10:07:07.8446295-04:00" testType="13cdc9d9-ddb5-4fa4-a97d-d965ccfc6d4b" outcome="Passed" testListId="8c84fa94-04c1-424b-9868-57a2d4851a1d" relativeResultsDirectory="48dbda5a-df52-4494-92e5-36e802e7b40e" /><UnitTestResult executionId="69b8f3a9-7e4e-4298-9b8d-f0a9c8a7ba7c" testId="289aad5e-76ce-4d15-a4c6-8003e54a43a8" testName="GetList_ListReturnsCorrectCount" computerName="LAMBDA" duration="00:00:02.1620000" startTime="2018-08-15T10:07:10.5088104-04:00" endTime="2018-08-15T10:07:10.5088170-04:00" testType="13cdc9d9-ddb5-4fa4-a97d-d965ccfc6d4b" outcome="Passed" testListId="8c84fa94-04c1-424b-9868-57a2d4851a1d" relativeResultsDirectory="69b8f3a9-7e4e-4298-9b8d-f0a9c8a7ba7c" /><UnitTestResult executionId="d99804c9-d21f-4185-8d47-5284fe45f648" testId="e53892af-42d4-4a8d-83aa-6df98ea43eb6" testName="GetSingle_InvalidIdPropertyValueReturnsNotFound" computerName="LAMBDA" duration="00:00:00.0270000" startTime="2018-08-15T10:07:04.3868653-04:00" endTime="2018-08-15T10:07:04.3868714-04:00" testType="13cdc9d9-ddb5-4fa4-a97d-d965ccfc6d4b" outcome="Passed" testListId="8c84fa94-04c1-424b-9868-57a2d4851a1d" relativeResultsDirectory="d99804c9-d21f-4185-8d47-5284fe45f648" /><UnitTestResult executionId="ca914263-ab7d-4bda-9234-9172f437aec5" testId="2fb225be-724e-42a5-9aab-41d3b86daf2d" testName="Patch_InvalidPropertyNameReturnsBadRequest" computerName="LAMBDA" duration="00:00:00.0260000" startTime="2018-08-15T10:07:04.4646188-04:00" endTime="2018-08-15T10:07:04.4646256-04:00" testType="13cdc9d9-ddb5-4fa4-a97d-d965ccfc6d4b" outcome="Passed" testListId="8c84fa94-04c1-424b-9868-57a2d4851a1d" relativeResultsDirectory="ca914263-ab7d-4bda-9234-9172f437aec5" /><UnitTestResult executionId="8151b30b-ae0e-4e5d-859d-c0ca8e972061" testId="075a8691-0a49-4128-b0cc-876692dec2bc" testName="Post_InvalidReferencePropertyReturnsBadRequest" computerName="LAMBDA" duration="00:00:00.0130000" startTime="2018-08-15T10:07:01.9182272-04:00" endTime="2018-08-15T10:07:01.9182320-04:00" testType="13cdc9d9-ddb5-4fa4-a97d-d965ccfc6d4b" outcome="Passed" testListId="8c84fa94-04c1-424b-9868-57a2d4851a1d" relativeResultsDirectory="8151b30b-ae0e-4e5d-859d-c0ca8e972061" /><UnitTestResult executionId="c2a25a55-1310-4358-a07a-735963ccc949" testId="ac75da49-4128-41da-b795-f54a84bd5b43" testName="Patch_ValidReferencePropertyUpdatesModel" computerName="LAMBDA" duration="00:00:00.1810000" startTime="2018-08-15T10:07:08.0271897-04:00" endTime="2018-08-15T10:07:08.0271968-04:00" testType="13cdc9d9-ddb5-4fa4-a97d-d965ccfc6d4b" outcome="Passed" testListId="8c84fa94-04c1-424b-9868-57a2d4851a1d" relativeResultsDirectory="c2a25a55-1310-4358-a07a-735963ccc949" /><UnitTestResult executionId="76c3e7d6-aa6d-42e7-a68e-4f18677dd00c" testId="f019b351-16fc-4a4c-902c-38c3c2185a83" testName="GetSingle_ValidIdPropertyValueReturnsCorrectModel" computerName="LAMBDA" duration="00:00:00.0330000" startTime="2018-08-15T10:07:04.5246459-04:00" endTime="2018-08-15T10:07:04.5246531-04:00" testType="13cdc9d9-ddb5-4fa4-a97d-d965ccfc6d4b" outcome="Passed" testListId="8c84fa94-04c1-424b-9868-57a2d4851a1d" relativeResultsDirectory="76c3e7d6-aa6d-42e7-a68e-4f18677dd00c" /><UnitTestResult executionId="2952470f-5fb4-40a5-91e8-e0e316228677" testId="7512bbb7-698d-4294-b65e-b838325e009c" testName="PostFile_FileTimeStampIsUpdatedAfterFileIsPosted" computerName="LAMBDA" duration="00:00:01.2700000" startTime="2018-08-15T10:07:27.1275488-04:00" endTime="2018-08-15T10:07:27.1275536-04:00" testType="13cdc9d9-ddb5-4fa4-a97d-d965ccfc6d4b" outcome="Passed" testListId="8c84fa94-04c1-424b-9868-57a2d4851a1d" relativeResultsDirectory="2952470f-5fb4-40a5-91e8-e0e316228677" /><UnitTestResult executionId="ba02b7bf-d335-4962-b9a3-ca17a4919c3a" testId="348c4d0a-ab20-48b2-8c43-31e54e2599de" testName="Put_InvalidReferencePropertyReturndBadRequest" computerName="LAMBDA" duration="00:00:00.0360000" startTime="2018-08-15T10:07:29.1455365-04:00" endTime="2018-08-15T10:07:29.1455428-04:00" testType="13cdc9d9-ddb5-4fa4-a97d-d965ccfc6d4b" outcome="Passed" testListId="8c84fa94-04c1-424b-9868-57a2d4851a1d" relativeResultsDirectory="ba02b7bf-d335-4962-b9a3-ca17a4919c3a" /><UnitTestResult executionId="ab13fa3d-14db-4ab6-b6d2-93bd5ba44b40" testId="6b906ee1-bcf9-4c0e-b231-e23074c7ef1e" testName="GetFile_ExistingFileReturnsSuccess" computerName="LAMBDA" duration="00:00:00.5600000" startTime="2018-08-15T10:07:06.3091225-04:00" endTime="2018-08-15T10:07:06.3091291-04:00" testType="13cdc9d9-ddb5-4fa4-a97d-d965ccfc6d4b" outcome="Passed" testListId="8c84fa94-04c1-424b-9868-57a2d4851a1d" relativeResultsDirectory="ab13fa3d-14db-4ab6-b6d2-93bd5ba44b40" /><UnitTestResult executionId="c58ced3b-84ea-45b8-9baa-bf7ffb60f72d" testId="b017e2e3-7855-4c97-aa8d-77a245b25c2e" testName="Delete_TargetModelIsDeleted" computerName="LAMBDA" duration="00:00:00.3370000" startTime="2018-08-15T10:07:02.2557614-04:00" endTime="2018-08-15T10:07:02.2557673-04:00" testType="13cdc9d9-ddb5-4fa4-a97d-d965ccfc6d4b" outcome="Passed" testListId="8c84fa94-04c1-424b-9868-57a2d4851a1d" relativeResultsDirectory="c58ced3b-84ea-45b8-9baa-bf7ffb60f72d" /><UnitTestResult executionId="c8583a88-03f4-4c4b-8843-493d837a9aed" testId="edbc5382-4d06-4edd-aab9-75939887b5af" testName="GetFile_FileCanBeRoundTripped" computerName="LAMBDA" duration="00:00:00.1410000" startTime="2018-08-15T10:07:28.7342508-04:00" endTime="2018-08-15T10:07:28.7342571-04:00" testType="13cdc9d9-ddb5-4fa4-a97d-d965ccfc6d4b" outcome="Passed" testListId="8c84fa94-04c1-424b-9868-57a2d4851a1d" relativeResultsDirectory="c8583a88-03f4-4c4b-8843-493d837a9aed" /><UnitTestResult executionId="2bcd77df-cab7-4e9d-927e-f25c8b73c6e9" testId="ad39b107-54a4-4e49-824f-384e591f000c" testName="Patch_InvalidIdPropertyReturnsNotFound" computerName="LAMBDA" duration="00:00:00.0220000" startTime="2018-08-15T10:07:29.2539164-04:00" endTime="2018-08-15T10:07:29.2539225-04:00" testType="13cdc9d9-ddb5-4fa4-a97d-d965ccfc6d4b" outcome="Passed" testListId="8c84fa94-04c1-424b-9868-57a2d4851a1d" relativeResultsDirectory="2bcd77df-cab7-4e9d-927e-f25c8b73c6e9" /><UnitTestResult executionId="9a6d804b-6b6e-4216-b73d-c6ded5577684" testId="36c5da76-64a9-4eb9-8d60-a5f490720399" testName="PostFile_NewFileCanBePosted" computerName="LAMBDA" duration="00:00:00.2130000" startTime="2018-08-15T10:07:06.7713076-04:00" endTime="2018-08-15T10:07:06.7713132-04:00" testType="13cdc9d9-ddb5-4fa4-a97d-d965ccfc6d4b" outcome="Passed" testListId="8c84fa94-04c1-424b-9868-57a2d4851a1d" relativeResultsDirectory="9a6d804b-6b6e-4216-b73d-c6ded5577684" /><UnitTestResult executionId="b493d726-11a5-4934-a6a9-286579709f44" testId="61f3dbd8-d3ae-444f-ad3f-311a12abe414" testName="Patch_ValidReferencePropertyUpdatesModel" computerName="LAMBDA" duration="00:00:00.1010000" startTime="2018-08-15T10:07:29.3972507-04:00" endTime="2018-08-15T10:07:29.3972571-04:00" testType="13cdc9d9-ddb5-4fa4-a97d-d965ccfc6d4b" outcome="Passed" testListId="8c84fa94-04c1-424b-9868-57a2d4851a1d" relativeResultsDirectory="b493d726-11a5-4934-a6a9-286579709f44" /><UnitTestResult executionId="b7396677-ff95-4e6d-8b99-de26291c1a52" testId="105d8bb4-3a56-480e-bc20-6eda5d413670" testName="Patch_MultipleInvalidReferencePropertiesReturnsMultipleValidationErrorsAndBadRequest" computerName="LAMBDA" duration="00:00:00.0200000" startTime="2018-08-15T10:07:02.8268091-04:00" endTime="2018-08-15T10:07:02.8268152-04:00" testType="13cdc9d9-ddb5-4fa4-a97d-d965ccfc6d4b" outcome="Passed" testListId="8c84fa94-04c1-424b-9868-57a2d4851a1d" relativeResultsDirectory="b7396677-ff95-4e6d-8b99-de26291c1a52" /><UnitTestResult executionId="a3018c0c-4755-4264-bff1-4966f4aabfa3" testId="d10ebf25-0f24-437d-9227-d34f47676686" testName="Post_CanCreateNewModel" computerName="LAMBDA" duration="00:00:00.0490000" startTime="2018-08-15T10:07:24.9531391-04:00" endTime="2018-08-15T10:07:24.9531457-04:00" testType="13cdc9d9-ddb5-4fa4-a97d-d965ccfc6d4b" outcome="Passed" testListId="8c84fa94-04c1-424b-9868-57a2d4851a1d" relativeResultsDirectory="a3018c0c-4755-4264-bff1-4966f4aabfa3" /><UnitTestResult executionId="d784726e-adb9-42a2-b619-83dd83c2f5db" testId="969c9e26-f2cc-4818-9f69-3dcbb5347053" testName="DepthBufferHasExpectedDependentFiles" computerName="LAMBDA" duration="00:00:00.0010000" startTime="2018-08-15T10:07:00.8563322-04:00" endTime="2018-08-15T10:07:00.8563358-04:00" testType="13cdc9d9-ddb5-4fa4-a97d-d965ccfc6d4b" outcome="Passed" testListId="8c84fa94-04c1-424b-9868-57a2d4851a1d" relativeResultsDirectory="d784726e-adb9-42a2-b619-83dd83c2f5db" /><UnitTestResult executionId="a8047e0d-2178-4220-9923-0a847a1a5c70" testId="848ee8e0-b248-4591-a0a7-2d78e0435b2d" testName="Patch_InvalidPropertyNameReturnsBadRequest" computerName="LAMBDA" duration="00:00:00.0340000" startTime="2018-08-15T10:07:24.6882969-04:00" endTime="2018-08-15T10:07:24.6883035-04:00" testType="13cdc9d9-ddb5-4fa4-a97d-d965ccfc6d4b" outcome="Passed" testListId="8c84fa94-04c1-424b-9868-57a2d4851a1d" relativeResultsDirectory="a8047e0d-2178-4220-9923-0a847a1a5c70" /><UnitTestResult executionId="2893071c-3abe-4339-a7bc-2b44d408fb69" testId="6523abf1-7725-428f-988b-17022b9a08c2" testName="PutFile_NewFileCanBePut" computerName="LAMBDA" duration="00:00:00.2880000" startTime="2018-08-15T10:07:05.4121736-04:00" endTime="2018-08-15T10:07:05.4121805-04:00" testType="13cdc9d9-ddb5-4fa4-a97d-d965ccfc6d4b" outcome="Passed" testListId="8c84fa94-04c1-424b-9868-57a2d4851a1d" relativeResultsDirectory="2893071c-3abe-4339-a7bc-2b44d408fb69" /><UnitTestResult executionId="bd39f273-37d9-45a3-bba5-54d7afed2391" testId="09894f83-0732-4615-b1dc-ff936ed40e6f" testName="Post_InvalidReferencePropertyReturnsBadRequest" computerName="LAMBDA" duration="00:00:00.0370000" startTime="2018-08-15T10:07:08.3437113-04:00" endTime="2018-08-15T10:07:08.3437181-04:00" testType="13cdc9d9-ddb5-4fa4-a97d-d965ccfc6d4b" outcome="Passed" testListId="8c84fa94-04c1-424b-9868-57a2d4851a1d" relativeResultsDirectory="bd39f273-37d9-45a3-bba5-54d7afed2391" /><UnitTestResult executionId="d9aea2a9-b66f-4976-b659-40ddde05791c" testId="3080651b-866e-4fd6-8f67-69586586354c" testName="Post_ValidReferencePropertyCreatesModel" computerName="LAMBDA" duration="00:00:00.0180000" startTime="2018-08-15T10:07:01.9048113-04:00" endTime="2018-08-15T10:07:01.9048170-04:00" testType="13cdc9d9-ddb5-4fa4-a97d-d965ccfc6d4b" outcome="Passed" testListId="8c84fa94-04c1-424b-9868-57a2d4851a1d" relativeResultsDirectory="d9aea2a9-b66f-4976-b659-40ddde05791c" /><UnitTestResult executionId="86c98423-d8e3-4ee8-89dd-0c491fdf90aa" testId="db81ee07-9232-4aec-a959-7b632f52f14f" testName="MeshTransformHasExpectedDependentFiles" computerName="LAMBDA" duration="00:00:00.0010000" startTime="2018-08-15T10:07:00.8475611-04:00" endTime="2018-08-15T10:07:00.8475641-04:00" testType="13cdc9d9-ddb5-4fa4-a97d-d965ccfc6d4b" outcome="Passed" testListId="8c84fa94-04c1-424b-9868-57a2d4851a1d" relativeResultsDirectory="86c98423-d8e3-4ee8-89dd-0c491fdf90aa" /><UnitTestResult executionId="24361989-669f-49da-a13b-186159b4ac02" testId="89b7742e-b9c1-4c23-abe2-1f265de87d5a" testName="GetSingle_InvalidIdPropertyValueReturnsNotFound" computerName="LAMBDA" duration="00:00:00.0240000" startTime="2018-08-15T10:07:08.2475172-04:00" endTime="2018-08-15T10:07:08.2475245-04:00" testType="13cdc9d9-ddb5-4fa4-a97d-d965ccfc6d4b" outcome="Passed" testListId="8c84fa94-04c1-424b-9868-57a2d4851a1d" relativeResultsDirectory="24361989-669f-49da-a13b-186159b4ac02" /><UnitTestResult executionId="5e8299a7-83c4-4fa3-8d27-984474c9bedc" testId="cb2af17f-9055-442c-a8e2-d7a3e3861ce5" testName="Patch_MultipleInvalidReferencePropertiesReturnsMultipleValidationErrorsAndBadRequest" computerName="LAMBDA" duration="00:00:00.0520000" startTime="2018-08-15T10:07:04.8550214-04:00" endTime="2018-08-15T10:07:04.8550292-04:00" testType="13cdc9d9-ddb5-4fa4-a97d-d965ccfc6d4b" outcome="Passed" testListId="8c84fa94-04c1-424b-9868-57a2d4851a1d" relativeResultsDirectory="5e8299a7-83c4-4fa3-8d27-984474c9bedc" /><UnitTestResult executionId="8a4f2039-cd8c-43fe-a909-c92e3ac33062" testId="eb6f67cf-a260-42bd-b57b-addc0897214d" testName="Post_CanCreateNewModel" computerName="LAMBDA" duration="00:00:00.0320000" startTime="2018-08-15T10:07:02.4575923-04:00" endTime="2018-08-15T10:07:02.4575991-04:00" testType="13cdc9d9-ddb5-4fa4-a97d-d965ccfc6d4b" outcome="Passed" testListId="8c84fa94-04c1-424b-9868-57a2d4851a1d" relativeResultsDirectory="8a4f2039-cd8c-43fe-a909-c92e3ac33062" /><UnitTestResult executionId="7447571e-b7ea-47f8-ac09-7486e83f6880" testId="40372d31-373d-4613-b72c-d25ce4929bb1" testName="Patch_MultipleInvalidReferencePropertiesReturnsMultipleValidationErrorsAndBadRequest" computerName="LAMBDA" duration="00:00:00.0440000" startTime="2018-08-15T10:07:29.2317728-04:00" endTime="2018-08-15T10:07:29.2317776-04:00" testType="13cdc9d9-ddb5-4fa4-a97d-d965ccfc6d4b" outcome="Passed" testListId="8c84fa94-04c1-424b-9868-57a2d4851a1d" relativeResultsDirectory="7447571e-b7ea-47f8-ac09-7486e83f6880" /><UnitTestResult executionId="d255483d-f3bf-4f5c-8d65-2cef2b5b2f7f" testId="b6a63e6f-fba9-4184-93b5-91f04f659567" testName="PutFile_NewFileCanBePut" computerName="LAMBDA" duration="00:00:00.1610000" startTime="2018-08-15T10:07:13.7200814-04:00" endTime="2018-08-15T10:07:13.7200880-04:00" testType="13cdc9d9-ddb5-4fa4-a97d-d965ccfc6d4b" outcome="Passed" testListId="8c84fa94-04c1-424b-9868-57a2d4851a1d" relativeResultsDirectory="d255483d-f3bf-4f5c-8d65-2cef2b5b2f7f" /><UnitTestResult executionId="e8f366f1-88b5-4835-b0c2-374f7234fdc3" testId="abb112ab-8430-44d1-b010-ab99d9c32506" testName="PostFile_FileTimeStampIsUpdatedAfterFileIsPosted" computerName="LAMBDA" duration="00:00:01.3120000" startTime="2018-08-15T10:07:18.6779145-04:00" endTime="2018-08-15T10:07:18.6779194-04:00" testType="13cdc9d9-ddb5-4fa4-a97d-d965ccfc6d4b" outcome="Passed" testListId="8c84fa94-04c1-424b-9868-57a2d4851a1d" relativeResultsDirectory="e8f366f1-88b5-4835-b0c2-374f7234fdc3" /><UnitTestResult executionId="20392631-3093-4da4-b64f-47ec2d6db387" testId="c4a4dd03-4af5-4d44-9a96-aad6dcaa31c6" testName="PostFile_FileIsSynchronizedIsUpdatedAfterFileIsPosted" computerName="LAMBDA" duration="00:00:00.1480000" startTime="2018-08-15T10:07:28.4431841-04:00" endTime="2018-08-15T10:07:28.4431905-04:00" testType="13cdc9d9-ddb5-4fa4-a97d-d965ccfc6d4b" outcome="Passed" testListId="8c84fa94-04c1-424b-9868-57a2d4851a1d" relativeResultsDirectory="20392631-3093-4da4-b64f-47ec2d6db387" /><UnitTestResult executionId="a615321d-260e-4f95-b580-2638ddb83189" testId="d584095e-85b1-4402-be7b-110fcade90f1" testName="Patch_TargetPropertyIsUpdated" computerName="LAMBDA" duration="00:00:00.1400000" startTime="2018-08-15T10:07:02.3968275-04:00" endTime="2018-08-15T10:07:02.3968334-04:00" testType="13cdc9d9-ddb5-4fa4-a97d-d965ccfc6d4b" outcome="Passed" testListId="8c84fa94-04c1-424b-9868-57a2d4851a1d" relativeResultsDirectory="a615321d-260e-4f95-b580-2638ddb83189" /><UnitTestResult executionId="63fa71f9-b178-4b86-a3e9-ce5db11e36d5" testId="e4cc5ceb-bc47-4ec6-8887-e759c60676d5" testName="Patch_InvalidReferencePropertyReturnsBadRequest" computerName="LAMBDA" duration="00:00:00.0520000" startTime="2018-08-15T10:07:25.3394861-04:00" endTime="2018-08-15T10:07:25.3394922-04:00" testType="13cdc9d9-ddb5-4fa4-a97d-d965ccfc6d4b" outcome="Passed" testListId="8c84fa94-04c1-424b-9868-57a2d4851a1d" relativeResultsDirectory="63fa71f9-b178-4b86-a3e9-ce5db11e36d5" /><UnitTestResult executionId="14ec60de-17bd-45ce-aa36-8ecc3823e7ea" testId="6501dc34-49d7-49ae-92f2-c4a829c4ad29" testName="Patch_InvalidPropertyNameReturnsBadRequest" computerName="LAMBDA" duration="00:00:00.0380000" startTime="2018-08-15T10:07:07.2624262-04:00" endTime="2018-08-15T10:07:07.2624329-04:00" testType="13cdc9d9-ddb5-4fa4-a97d-d965ccfc6d4b" outcome="Passed" testListId="8c84fa94-04c1-424b-9868-57a2d4851a1d" relativeResultsDirectory="14ec60de-17bd-45ce-aa36-8ecc3823e7ea" /><UnitTestResult executionId="714a4005-77c3-49e1-b515-23592c03dc84" testId="b3c15094-2f6d-4d00-a3f9-3c16aeacda2f" testName="Put_ValidReferencePropertyUpdatesModel" computerName="LAMBDA" duration="00:00:00.0990000" startTime="2018-08-15T10:07:12.7442939-04:00" endTime="2018-08-15T10:07:12.7443006-04:00" testType="13cdc9d9-ddb5-4fa4-a97d-d965ccfc6d4b" outcome="Passed" testListId="8c84fa94-04c1-424b-9868-57a2d4851a1d" relativeResultsDirectory="714a4005-77c3-49e1-b515-23592c03dc84" /><UnitTestResult executionId="cdb6876a-59ee-4c04-bfd3-8b3cc99156ea" testId="e822b1a6-6e99-4b8d-9de7-031b873b37b6" testName="Post_InvalidPropertyValueReturnsBadRequest" computerName="LAMBDA" duration="00:00:00.0170000" startTime="2018-08-15T10:07:29.2957061-04:00" endTime="2018-08-15T10:07:29.2957120-04:00" testType="13cdc9d9-ddb5-4fa4-a97d-d965ccfc6d4b" outcome="Passed" testListId="8c84fa94-04c1-424b-9868-57a2d4851a1d" relativeResultsDirectory="cdb6876a-59ee-4c04-bfd3-8b3cc99156ea" /><UnitTestResult executionId="e5f15f29-ff7e-44fc-a00a-305c908276d6" testId="daef8839-df8f-41ba-9ab7-e93dcca4df1e" testName="Put_InvalidReferencePropertyReturndBadRequest" computerName="LAMBDA" duration="00:00:00.0140000" startTime="2018-08-15T10:07:02.8407773-04:00" endTime="2018-08-15T10:07:02.8407855-04:00" testType="13cdc9d9-ddb5-4fa4-a97d-d965ccfc6d4b" outcome="Passed" testListId="8c84fa94-04c1-424b-9868-57a2d4851a1d" relativeResultsDirectory="e5f15f29-ff7e-44fc-a00a-305c908276d6" /><UnitTestResult executionId="5c387d30-6758-4202-a1c2-422107b7909f" testId="f3fa2aae-25ab-499f-a0c1-4e47e89580c9" testName="Patch_InvalidIdPropertyReturnsNotFound" computerName="LAMBDA" duration="00:00:00.0230000" startTime="2018-08-15T10:07:07.8270550-04:00" endTime="2018-08-15T10:07:07.8270617-04:00" testType="13cdc9d9-ddb5-4fa4-a97d-d965ccfc6d4b" outcome="Passed" testListId="8c84fa94-04c1-424b-9868-57a2d4851a1d" relativeResultsDirectory="5c387d30-6758-4202-a1c2-422107b7909f" /><UnitTestResult executionId="8108dbab-1972-4ac8-b3b7-936dda544a46" testId="e9457e60-f2fd-4981-be00-9adf64b47d0c" testName="Delete_TargetModelIsDeleted" computerName="LAMBDA" duration="00:00:00.1480000" startTime="2018-08-15T10:07:07.4111249-04:00" endTime="2018-08-15T10:07:07.4111305-04:00" testType="13cdc9d9-ddb5-4fa4-a97d-d965ccfc6d4b" outcome="Passed" testListId="8c84fa94-04c1-424b-9868-57a2d4851a1d" relativeResultsDirectory="8108dbab-1972-4ac8-b3b7-936dda544a46" /><UnitTestResult executionId="db6bab01-3d60-40bf-8c45-a672e5b408e6" testId="3054944b-6a83-4f5b-a2e5-f25289821e5a" testName="Post_InvalidPropertyValueReturnsBadRequest" computerName="LAMBDA" duration="00:00:00.0470000" startTime="2018-08-15T10:07:02.9224718-04:00" endTime="2018-08-15T10:07:02.9224775-04:00" testType="13cdc9d9-ddb5-4fa4-a97d-d965ccfc6d4b" outcome="Passed" testListId="8c84fa94-04c1-424b-9868-57a2d4851a1d" relativeResultsDirectory="db6bab01-3d60-40bf-8c45-a672e5b408e6" /><UnitTestResult executionId="6e0f8ea4-538c-42f8-bc5b-4fe3fc939c2a" testId="45b40075-b279-47b8-ad80-dd2e00944ee2" testName="Put_InvalidReferencePropertyReturndBadRequest" computerName="LAMBDA" duration="00:00:00.0360000" startTime="2018-08-15T10:07:07.8034180-04:00" endTime="2018-08-15T10:07:07.8034243-04:00" testType="13cdc9d9-ddb5-4fa4-a97d-d965ccfc6d4b" outcome="Passed" testListId="8c84fa94-04c1-424b-9868-57a2d4851a1d" relativeResultsDirectory="6e0f8ea4-538c-42f8-bc5b-4fe3fc939c2a" /><UnitTestResult executionId="65e5298b-893c-4f81-87f8-709e5e02bc08" testId="562f86a2-32e4-4334-8de7-3f41c730082e" testName="Put_CanUpdateModel" computerName="LAMBDA" duration="00:00:00.0900000" startTime="2018-08-15T10:07:08.2227280-04:00" endTime="2018-08-15T10:07:08.2227342-04:00" testType="13cdc9d9-ddb5-4fa4-a97d-d965ccfc6d4b" outcome="Passed" testListId="8c84fa94-04c1-424b-9868-57a2d4851a1d" relativeResultsDirectory="65e5298b-893c-4f81-87f8-709e5e02bc08" /><UnitTestResult executionId="edabb440-4419-44d3-b660-f99c0d3f3d86" testId="df4ecf46-0c41-40ae-9d7d-0b0ef0e95592" testName="GetSingle_InvalidIdPropertyValueReturnsNotFound" computerName="LAMBDA" duration="00:00:00.0360000" startTime="2018-08-15T10:07:13.1162908-04:00" endTime="2018-08-15T10:07:13.1162991-04:00" testType="13cdc9d9-ddb5-4fa4-a97d-d965ccfc6d4b" outcome="Passed" testListId="8c84fa94-04c1-424b-9868-57a2d4851a1d" relativeResultsDirectory="edabb440-4419-44d3-b660-f99c0d3f3d86" /><UnitTestResult executionId="083c46b8-ecd2-4b9e-9d98-7c6b000d7f5c" testId="86039cbf-85ca-42f4-92d0-3983cbf38822" testName="Patch_TargetPropertyIsUpdated" computerName="LAMBDA" duration="00:00:00.1040000" startTime="2018-08-15T10:07:08.1320341-04:00" endTime="2018-08-15T10:07:08.1320408-04:00" testType="13cdc9d9-ddb5-4fa4-a97d-d965ccfc6d4b" outcome="Passed" testListId="8c84fa94-04c1-424b-9868-57a2d4851a1d" relativeResultsDirectory="083c46b8-ecd2-4b9e-9d98-7c6b000d7f5c" /><UnitTestResult executionId="cb8aca7c-5653-45bb-aa86-66d816f34d0d" testId="59345513-0fd2-4fb3-87fb-68b744974fac" testName="PostFile_NewFileCanBePosted" computerName="LAMBDA" duration="00:00:00.1480000" startTime="2018-08-15T10:07:28.5922748-04:00" endTime="2018-08-15T10:07:28.5922821-04:00" testType="13cdc9d9-ddb5-4fa4-a97d-d965ccfc6d4b" outcome="Passed" testListId="8c84fa94-04c1-424b-9868-57a2d4851a1d" relativeResultsDirectory="cb8aca7c-5653-45bb-aa86-66d816f34d0d" /><UnitTestResult executionId="c260b405-16b7-48c2-8d54-23e066be62cf" testId="63632dc4-d07a-4265-bb89-b3485b2692de" testName="Patch_InvalidReferencePropertyReturnsBadRequest" computerName="LAMBDA" duration="00:00:00.0140000" startTime="2018-08-15T10:07:02.4246167-04:00" endTime="2018-08-15T10:07:02.4246228-04:00" testType="13cdc9d9-ddb5-4fa4-a97d-d965ccfc6d4b" outcome="Passed" testListId="8c84fa94-04c1-424b-9868-57a2d4851a1d" relativeResultsDirectory="c260b405-16b7-48c2-8d54-23e066be62cf" /><UnitTestResult executionId="6aac08ba-4b00-4e99-8be2-b4a3f158f39d" testId="07e42737-788b-4c82-90c4-36533ed89687" testName="PutFile_FileCanBeUpdated" computerName="LAMBDA" duration="00:00:00.2420000" startTime="2018-08-15T10:07:17.2452502-04:00" endTime="2018-08-15T10:07:17.2452567-04:00" testType="13cdc9d9-ddb5-4fa4-a97d-d965ccfc6d4b" outcome="Passed" testListId="8c84fa94-04c1-424b-9868-57a2d4851a1d" relativeResultsDirectory="6aac08ba-4b00-4e99-8be2-b4a3f158f39d" /><UnitTestResult executionId="6e1fb09b-a616-4679-8673-5507f10c3853" testId="81229ae0-dd65-4e76-9182-6ca9f6846e71" testName="Patch_InvalidIdPropertyReturnsNotFound" computerName="LAMBDA" duration="00:00:00.0340000" startTime="2018-08-15T10:07:24.9029498-04:00" endTime="2018-08-15T10:07:24.9029560-04:00" testType="13cdc9d9-ddb5-4fa4-a97d-d965ccfc6d4b" outcome="Passed" testListId="8c84fa94-04c1-424b-9868-57a2d4851a1d" relativeResultsDirectory="6e1fb09b-a616-4679-8673-5507f10c3853" /><UnitTestResult executionId="019f1ece-2aad-4308-8f10-a081a0481f3f" testId="75ad44b2-8483-4714-bac5-11e52acb4547" testName="GetFile_NonExistentFileReturnsNotFound" computerName="LAMBDA" duration="00:00:00.0290000" startTime="2018-08-15T10:07:28.1490771-04:00" endTime="2018-08-15T10:07:28.1490837-04:00" testType="13cdc9d9-ddb5-4fa4-a97d-d965ccfc6d4b" outcome="Passed" testListId="8c84fa94-04c1-424b-9868-57a2d4851a1d" relativeResultsDirectory="019f1ece-2aad-4308-8f10-a081a0481f3f" /><UnitTestResult executionId="97243d55-39a2-409e-8d89-97805af31d78" testId="b0b30434-8a9e-41b4-b801-42d8d180c0eb" testName="Put_InvalidIdReturnsNotFound" computerName="LAMBDA" duration="00:00:00.1230000" startTime="2018-08-15T10:07:10.6323000-04:00" endTime="2018-08-15T10:07:10.6323059-04:00" testType="13cdc9d9-ddb5-4fa4-a97d-d965ccfc6d4b" outcome="Passed" testListId="8c84fa94-04c1-424b-9868-57a2d4851a1d" relativeResultsDirectory="97243d55-39a2-409e-8d89-97805af31d78" /><UnitTestResult executionId="20d64738-eba8-483e-bcaa-2864e800a2eb" testId="40c38fed-ad16-49b6-bcd5-5ce60c4fd86c" testName="Put_InvalidIdReturnsNotFound" computerName="LAMBDA" duration="00:00:00.1610000" startTime="2018-08-15T10:07:02.6187874-04:00" endTime="2018-08-15T10:07:02.6187942-04:00" testType="13cdc9d9-ddb5-4fa4-a97d-d965ccfc6d4b" outcome="Passed" testListId="8c84fa94-04c1-424b-9868-57a2d4851a1d" relativeResultsDirectory="20d64738-eba8-483e-bcaa-2864e800a2eb" /><UnitTestResult executionId="786c6fba-0d0d-432f-90c5-d64bc86f697c" testId="48083398-b0d6-400e-af3f-0bfeeb04ea7f" testName="GetSingle_InvalidIdPropertyValueReturnsNotFound" computerName="LAMBDA" duration="00:00:00.0300000" startTime="2018-08-15T10:07:25.6495114-04:00" endTime="2018-08-15T10:07:25.6495218-04:00" testType="13cdc9d9-ddb5-4fa4-a97d-d965ccfc6d4b" outcome="Passed" testListId="8c84fa94-04c1-424b-9868-57a2d4851a1d" relativeResultsDirectory="786c6fba-0d0d-432f-90c5-d64bc86f697c" /><UnitTestResult executionId="daffd190-18dd-4861-b3d0-0532d678159c" testId="003990ed-e037-4868-8768-03847615529d" testName="Post_ValidReferencePropertyCreatesModel" computerName="LAMBDA" duration="00:00:00.0440000" startTime="2018-08-15T10:07:07.7657433-04:00" endTime="2018-08-15T10:07:07.7657501-04:00" testType="13cdc9d9-ddb5-4fa4-a97d-d965ccfc6d4b" outcome="Passed" testListId="8c84fa94-04c1-424b-9868-57a2d4851a1d" relativeResultsDirectory="daffd190-18dd-4861-b3d0-0532d678159c" /><UnitTestResult executionId="012f5c82-fe52-4143-afc7-947a0c7e4101" testId="3024b3da-0783-4e8f-b07b-5978c7eb0685" testName="Patch_InvalidEnumPropertyValueReturnsBadRequest" computerName="LAMBDA" duration="00:00:00.0280000" startTime="2018-08-15T10:07:04.9196186-04:00" endTime="2018-08-15T10:07:04.9196234-04:00" testType="13cdc9d9-ddb5-4fa4-a97d-d965ccfc6d4b" outcome="Passed" testListId="8c84fa94-04c1-424b-9868-57a2d4851a1d" relativeResultsDirectory="012f5c82-fe52-4143-afc7-947a0c7e4101" /><UnitTestResult executionId="022f46bb-82fd-40fb-937d-a4d481ac1b6a" testId="c2ab0d24-045d-444c-b99b-c61e5368fba8" testName="FileRequest_FileCanBeReadAfterRename" computerName="LAMBDA" duration="00:00:00.2200000" startTime="2018-08-15T10:07:27.5449724-04:00" endTime="2018-08-15T10:07:27.5449795-04:00" testType="13cdc9d9-ddb5-4fa4-a97d-d965ccfc6d4b" outcome="Passed" testListId="8c84fa94-04c1-424b-9868-57a2d4851a1d" relativeResultsDirectory="022f46bb-82fd-40fb-937d-a4d481ac1b6a" /><UnitTestResult executionId="94a93d19-0661-40af-8085-20e29b46d6e4" testId="ecf0a74b-beb0-4428-8163-fc36ca341b53" testName="Post_ValidReferencePropertyCreatesModel" computerName="LAMBDA" duration="00:00:00.0400000" startTime="2018-08-15T10:07:29.1868849-04:00" endTime="2018-08-15T10:07:29.1868912-04:00" testType="13cdc9d9-ddb5-4fa4-a97d-d965ccfc6d4b" outcome="Passed" testListId="8c84fa94-04c1-424b-9868-57a2d4851a1d" relativeResultsDirectory="94a93d19-0661-40af-8085-20e29b46d6e4" /><UnitTestResult executionId="05bca3b6-c64c-41a2-a7b3-ce634e32b2d8" testId="28aba90d-f4f9-4d78-b80e-757aa65574e9" testName="GetList_ListReturnsCorrectCount" computerName="LAMBDA" duration="00:00:00.0360000" startTime="2018-08-15T10:07:04.8912188-04:00" endTime="2018-08-15T10:07:04.8912249-04:00" testType="13cdc9d9-ddb5-4fa4-a97d-d965ccfc6d4b" outcome="Passed" testListId="8c84fa94-04c1-424b-9868-57a2d4851a1d" relativeResultsDirectory="05bca3b6-c64c-41a2-a7b3-ce634e32b2d8" /><UnitTestResult executionId="ab464976-9a4b-47aa-857b-9f8fa8ea85ef" testId="034d6905-9d48-4fef-b029-9fd0c505550f" testName="Patch_InvalidIdPropertyReturnsNotFound" computerName="LAMBDA" duration="00:00:00.0340000" startTime="2018-08-15T10:07:13.0801217-04:00" endTime="2018-08-15T10:07:13.0801306-04:00" testType="13cdc9d9-ddb5-4fa4-a97d-d965ccfc6d4b" outcome="Passed" testListId="8c84fa94-04c1-424b-9868-57a2d4851a1d" relativeResultsDirectory="ab464976-9a4b-47aa-857b-9f8fa8ea85ef" /><UnitTestResult executionId="c28d3af9-c0f5-4581-bcb6-58f3c0d9d7ff" testId="9e2cddd2-e602-4053-b303-4a3fb49ab7c3" testName="FileRequest_MeshIsInvalidatedAfterDepthBufferFileBecomesUnsynchronized" computerName="LAMBDA" duration="00:00:03.1250000" startTime="2018-08-15T10:07:16.8459306-04:00" endTime="2018-08-15T10:07:16.8459368-04:00" testType="13cdc9d9-ddb5-4fa4-a97d-d965ccfc6d4b" outcome="Passed" testListId="8c84fa94-04c1-424b-9868-57a2d4851a1d" relativeResultsDirectory="c28d3af9-c0f5-4581-bcb6-58f3c0d9d7ff" /><UnitTestResult executionId="fd1264ac-ac49-4a5c-ac8f-d858f63f83f6" testId="16579574-5143-4391-8acb-e788d0661c40" testName="Patch_ValidReferencePropertyUpdatesModel" computerName="LAMBDA" duration="00:00:00.0910000" startTime="2018-08-15T10:07:25.6192610-04:00" endTime="2018-08-15T10:07:25.6192660-04:00" testType="13cdc9d9-ddb5-4fa4-a97d-d965ccfc6d4b" outcome="Passed" testListId="8c84fa94-04c1-424b-9868-57a2d4851a1d" relativeResultsDirectory="fd1264ac-ac49-4a5c-ac8f-d858f63f83f6" /></Results><TestDefinitions><UnitTest name="Put_InvalidReferencePropertyReturndBadRequest" storage="d:\github\modelrelief\modelrelief.test\bin\debug\netcoreapp2.0\modelrelief.test.dll" id="45b40075-b279-47b8-ad80-dd2e00944ee2"><Execution id="6e0f8ea4-538c-42f8-bc5b-4fe3fc939c2a" /><TestMethod codeBase="d:\Github\ModelRelief\ModelRelief.test\bin\Debug\netcoreapp2.0\ModelRelief.Test.dll" adapterTypeName="executor://xunit/VsTestRunner2/netcoreapp" className="ModelRelief.Test.Integration.MeshTransforms.MeshTransformsBaseIntegrationTests" name="Put_InvalidReferencePropertyReturndBadRequest" /></UnitTest><UnitTest name="Put_InvalidReferencePropertyReturndBadRequest" storage="d:\github\modelrelief\modelrelief.test\bin\debug\netcoreapp2.0\modelrelief.test.dll" id="348c4d0a-ab20-48b2-8c43-31e54e2599de"><Execution id="ba02b7bf-d335-4962-b9a3-ca17a4919c3a" /><TestMethod codeBase="d:\Github\ModelRelief\ModelRelief.test\bin\Debug\netcoreapp2.0\ModelRelief.Test.dll" adapterTypeName="executor://xunit/VsTestRunner2/netcoreapp" className="ModelRelief.Test.Integration.Cameras.CamerasBaseIntegrationTests" name="Put_InvalidReferencePropertyReturndBadRequest" /></UnitTest><UnitTest name="PostFile_NewFileCanBePosted" storage="d:\github\modelrelief\modelrelief.test\bin\debug\netcoreapp2.0\modelrelief.test.dll" id="59345513-0fd2-4fb3-87fb-68b744974fac"><Execution id="cb8aca7c-5653-45bb-aa86-66d816f34d0d" /><TestMethod codeBase="d:\Github\ModelRelief\ModelRelief.test\bin\Debug\netcoreapp2.0\ModelRelief.Test.dll" adapterTypeName="executor://xunit/VsTestRunner2/netcoreapp" className="ModelRelief.Test.Integration.DepthBuffers.DepthBuffersFileIntegrationTests" name="PostFile_NewFileCanBePosted" /></UnitTest><UnitTest name="Post_InvalidPropertyValueReturnsBadRequest" storage="d:\github\modelrelief\modelrelief.test\bin\debug\netcoreapp2.0\modelrelief.test.dll" id="e822b1a6-6e99-4b8d-9de7-031b873b37b6"><Execution id="cdb6876a-59ee-4c04-bfd3-8b3cc99156ea" /><TestMethod codeBase="d:\Github\ModelRelief\ModelRelief.test\bin\Debug\netcoreapp2.0\ModelRelief.Test.dll" adapterTypeName="executor://xunit/VsTestRunner2/netcoreapp" className="ModelRelief.Test.Integration.Cameras.CamerasBaseIntegrationTests" name="Post_InvalidPropertyValueReturnsBadRequest" /></UnitTest><UnitTest name="Post_ValidReferencePropertyCreatesModel" storage="d:\github\modelrelief\modelrelief.test\bin\debug\netcoreapp2.0\modelrelief.test.dll" id="3080651b-866e-4fd6-8f67-69586586354c"><Execution id="d9aea2a9-b66f-4976-b659-40ddde05791c" /><TestMethod codeBase="d:\Github\ModelRelief\ModelRelief.test\bin\Debug\netcoreapp2.0\ModelRelief.Test.dll" adapterTypeName="executor://xunit/VsTestRunner2/netcoreapp" className="ModelRelief.Test.Integration.Projects.ProjectsBaseIntegrationTests" name="Post_ValidReferencePropertyCreatesModel" /></UnitTest><UnitTest name="GetFile_NonExistentFileReturnsNotFound" storage="d:\github\modelrelief\modelrelief.test\bin\debug\netcoreapp2.0\modelrelief.test.dll" id="83d93d4b-2b74-49e1-a8d2-299a13b907b6"><Execution id="9da39c40-5b5c-4d0d-bc71-f9964766ba38" /><TestMethod codeBase="d:\Github\ModelRelief\ModelRelief.test\bin\Debug\netcoreapp2.0\ModelRelief.Test.dll" adapterTypeName="executor://xunit/VsTestRunner2/netcoreapp" className="ModelRelief.Test.Integration.Models.ModelsFileIntegrationTests" name="GetFile_NonExistentFileReturnsNotFound" /></UnitTest><UnitTest name="Patch_TargetPropertyIsUpdated" storage="d:\github\modelrelief\modelrelief.test\bin\debug\netcoreapp2.0\modelrelief.test.dll" id="86039cbf-85ca-42f4-92d0-3983cbf38822"><Execution id="083c46b8-ecd2-4b9e-9d98-7c6b000d7f5c" /><TestMethod codeBase="d:\Github\ModelRelief\ModelRelief.test\bin\Debug\netcoreapp2.0\ModelRelief.Test.dll" adapterTypeName="executor://xunit/VsTestRunner2/netcoreapp" className="ModelRelief.Test.Integration.MeshTransforms.MeshTransformsBaseIntegrationTests" name="Patch_TargetPropertyIsUpdated" /></UnitTest><UnitTest name="GetFile_FileCanBeRoundTripped" storage="d:\github\modelrelief\modelrelief.test\bin\debug\netcoreapp2.0\modelrelief.test.dll" id="edbc5382-4d06-4edd-aab9-75939887b5af"><Execution id="c8583a88-03f4-4c4b-8843-493d837a9aed" /><TestMethod codeBase="d:\Github\ModelRelief\ModelRelief.test\bin\Debug\netcoreapp2.0\ModelRelief.Test.dll" adapterTypeName="executor://xunit/VsTestRunner2/netcoreapp" className="ModelRelief.Test.Integration.DepthBuffers.DepthBuffersFileIntegrationTests" name="GetFile_FileCanBeRoundTripped" /></UnitTest><UnitTest name="Put_ValidReferencePropertyUpdatesModel" storage="d:\github\modelrelief\modelrelief.test\bin\debug\netcoreapp2.0\modelrelief.test.dll" id="dc4f0565-162c-4cd4-b62c-1541bcf6eb51"><Execution id="9b2990a1-047b-4525-a291-31baa2176e50" /><TestMethod codeBase="d:\Github\ModelRelief\ModelRelief.test\bin\Debug\netcoreapp2.0\ModelRelief.Test.dll" adapterTypeName="executor://xunit/VsTestRunner2/netcoreapp" className="ModelRelief.Test.Integration.Cameras.CamerasBaseIntegrationTests" name="Put_ValidReferencePropertyUpdatesModel" /></UnitTest><UnitTest name="GetSingle_InvalidIdPropertyValueReturnsNotFound" storage="d:\github\modelrelief\modelrelief.test\bin\debug\netcoreapp2.0\modelrelief.test.dll" id="89b7742e-b9c1-4c23-abe2-1f265de87d5a"><Execution id="24361989-669f-49da-a13b-186159b4ac02" /><TestMethod codeBase="d:\Github\ModelRelief\ModelRelief.test\bin\Debug\netcoreapp2.0\ModelRelief.Test.dll" adapterTypeName="executor://xunit/VsTestRunner2/netcoreapp" className="ModelRelief.Test.Integration.MeshTransforms.MeshTransformsBaseIntegrationTests" name="GetSingle_InvalidIdPropertyValueReturnsNotFound" /></UnitTest><UnitTest name="Delete_TargetModelIsDeleted" storage="d:\github\modelrelief\modelrelief.test\bin\debug\netcoreapp2.0\modelrelief.test.dll" id="b8de6217-f254-46d3-82a7-954b074cfe90"><Execution id="f06ea9d3-4f72-41f9-86ea-7dd15747f73f" /><TestMethod codeBase="d:\Github\ModelRelief\ModelRelief.test\bin\Debug\netcoreapp2.0\ModelRelief.Test.dll" adapterTypeName="executor://xunit/VsTestRunner2/netcoreapp" className="ModelRelief.Test.Integration.Meshes.MeshesBaseIntegrationTests" name="Delete_TargetModelIsDeleted" /></UnitTest><UnitTest name="PostFile_FileTimeStampIsUpdatedAfterFileIsPosted" storage="d:\github\modelrelief\modelrelief.test\bin\debug\netcoreapp2.0\modelrelief.test.dll" id="4aaee401-c2de-469b-988d-e27bf9df1669"><Execution id="a53fe235-9c8c-40ac-97b6-c86acae8c190" /><TestMethod codeBase="d:\Github\ModelRelief\ModelRelief.test\bin\Debug\netcoreapp2.0\ModelRelief.Test.dll" adapterTypeName="executor://xunit/VsTestRunner2/netcoreapp" className="ModelRelief.Test.Integration.Models.ModelsFileIntegrationTests" name="PostFile_FileTimeStampIsUpdatedAfterFileIsPosted" /></UnitTest><UnitTest name="GetList_ListReturnsCorrectCount" storage="d:\github\modelrelief\modelrelief.test\bin\debug\netcoreapp2.0\modelrelief.test.dll" id="289aad5e-76ce-4d15-a4c6-8003e54a43a8"><Execution id="69b8f3a9-7e4e-4298-9b8d-f0a9c8a7ba7c" /><TestMethod codeBase="d:\Github\ModelRelief\ModelRelief.test\bin\Debug\netcoreapp2.0\ModelRelief.Test.dll" adapterTypeName="executor://xunit/VsTestRunner2/netcoreapp" className="ModelRelief.Test.Integration.Meshes.MeshesBaseIntegrationTests" name="GetList_ListReturnsCorrectCount" /></UnitTest><UnitTest name="FileRequest_FileCanBeReadAfterRename" storage="d:\github\modelrelief\modelrelief.test\bin\debug\netcoreapp2.0\modelrelief.test.dll" id="0124c333-aa1e-4e59-ad1e-50af29385fcd"><Execution id="496860a2-f6e3-4424-a61c-17306f589531" /><TestMethod codeBase="d:\Github\ModelRelief\ModelRelief.test\bin\Debug\netcoreapp2.0\ModelRelief.Test.dll" adapterTypeName="executor://xunit/VsTestRunner2/netcoreapp" className="ModelRelief.Test.Integration.Models.ModelsFileIntegrationTests" name="FileRequest_FileCanBeReadAfterRename" /></UnitTest><UnitTest name="Patch_InvalidIdPropertyReturnsNotFound" storage="d:\github\modelrelief\modelrelief.test\bin\debug\netcoreapp2.0\modelrelief.test.dll" id="ad39b107-54a4-4e49-824f-384e591f000c"><Execution id="2bcd77df-cab7-4e9d-927e-f25c8b73c6e9" /><TestMethod codeBase="d:\Github\ModelRelief\ModelRelief.test\bin\Debug\netcoreapp2.0\ModelRelief.Test.dll" adapterTypeName="executor://xunit/VsTestRunner2/netcoreapp" className="ModelRelief.Test.Integration.Cameras.CamerasBaseIntegrationTests" name="Patch_InvalidIdPropertyReturnsNotFound" /></UnitTest><UnitTest name="PostFile_NewFileCanBePosted" storage="d:\github\modelrelief\modelrelief.test\bin\debug\netcoreapp2.0\modelrelief.test.dll" id="f52e9db1-2609-4408-b88c-bd8493b50f15"><Execution id="460fc64f-f7b6-4541-9d11-c72fc68d2c25" /><TestMethod codeBase="d:\Github\ModelRelief\ModelRelief.test\bin\Debug\netcoreapp2.0\ModelRelief.Test.dll" adapterTypeName="executor://xunit/VsTestRunner2/netcoreapp" className="ModelRelief.Test.Integration.Meshes.MeshesFileIntegrationTests" name="PostFile_NewFileCanBePosted" /></UnitTest><UnitTest name="Patch_InvalidPropertyNameReturnsBadRequest" storage="d:\github\modelrelief\modelrelief.test\bin\debug\netcoreapp2.0\modelrelief.test.dll" id="fcb1a8d2-f25c-494b-b364-03a3f119aef1"><Execution id="4fa9487f-1306-4da2-8b95-425a6100cbea" /><TestMethod codeBase="d:\Github\ModelRelief\ModelRelief.test\bin\Debug\netcoreapp2.0\ModelRelief.Test.dll" adapterTypeName="executor://xunit/VsTestRunner2/netcoreapp" className="ModelRelief.Test.Integration.Meshes.MeshesBaseIntegrationTests" name="Patch_InvalidPropertyNameReturnsBadRequest" /></UnitTest><UnitTest name="Post_CanCreateNewModel" storage="d:\github\modelrelief\modelrelief.test\bin\debug\netcoreapp2.0\modelrelief.test.dll" id="1340cb3e-99ca-4ec7-b984-ea20aee10ebe"><Execution id="d9c8e902-ad36-4f49-ba89-3e2da9950e8d" /><TestMethod codeBase="d:\Github\ModelRelief\ModelRelief.test\bin\Debug\netcoreapp2.0\ModelRelief.Test.dll" adapterTypeName="executor://xunit/VsTestRunner2/netcoreapp" className="ModelRelief.Test.Integration.MeshTransforms.MeshTransformsBaseIntegrationTests" name="Post_CanCreateNewModel" /></UnitTest><UnitTest name="Patch_InvalidIdPropertyReturnsNotFound" storage="d:\github\modelrelief\modelrelief.test\bin\debug\netcoreapp2.0\modelrelief.test.dll" id="aa63dfbf-34d0-45a7-80c1-62ccf10ccdb1"><Execution id="6d912741-def2-4218-8edb-e8b00255b643" /><TestMethod codeBase="d:\Github\ModelRelief\ModelRelief.test\bin\Debug\netcoreapp2.0\ModelRelief.Test.dll" adapterTypeName="executor://xunit/VsTestRunner2/netcoreapp" className="ModelRelief.Test.Integration.Projects.ProjectsBaseIntegrationTests" name="Patch_InvalidIdPropertyReturnsNotFound" /></UnitTest><UnitTest name="Post_ValidReferencePropertyCreatesModel" storage="d:\github\modelrelief\modelrelief.test\bin\debug\netcoreapp2.0\modelrelief.test.dll" id="f4bb56b4-173e-4c63-bd4a-6ec1e8114ca5"><Execution id="ad6601a5-ab0b-4ffe-9d8f-4820bfb47dfa" /><TestMethod codeBase="d:\Github\ModelRelief\ModelRelief.test\bin\Debug\netcoreapp2.0\ModelRelief.Test.dll" adapterTypeName="executor://xunit/VsTestRunner2/netcoreapp" className="ModelRelief.Test.Integration.Models.ModelsBaseIntegrationTests" name="Post_ValidReferencePropertyCreatesModel" /></UnitTest><UnitTest name="Put_ValidReferencePropertyUpdatesModel" storage="d:\github\modelrelief\modelrelief.test\bin\debug\netcoreapp2.0\modelrelief.test.dll" id="a2741395-4b2d-47df-9294-27adf833667b"><Execution id="4a2aefa1-19dc-418f-abca-4f02376e7e81" /><TestMethod codeBase="d:\Github\ModelRelief\ModelRelief.test\bin\Debug\netcoreapp2.0\ModelRelief.Test.dll" adapterTypeName="executor://xunit/VsTestRunner2/netcoreapp" className="ModelRelief.Test.Integration.DepthBuffers.DepthBuffersBaseIntegrationTests" name="Put_ValidReferencePropertyUpdatesModel" /></UnitTest><UnitTest name="Patch_ValidReferencePropertyUpdatesModel" storage="d:\github\modelrelief\modelrelief.test\bin\debug\netcoreapp2.0\modelrelief.test.dll" id="3ae7ed85-8168-4e85-8f89-8e0bbc23d35e"><Execution id="c6dba7a6-36d4-435e-bb9c-995b64e15647" /><TestMethod codeBase="d:\Github\ModelRelief\ModelRelief.test\bin\Debug\netcoreapp2.0\ModelRelief.Test.dll" adapterTypeName="executor://xunit/VsTestRunner2/netcoreapp" className="ModelRelief.Test.Integration.Projects.ProjectsBaseIntegrationTests" name="Patch_ValidReferencePropertyUpdatesModel" /></UnitTest><UnitTest name="Patch_TargetPropertyIsUpdated" storage="d:\github\modelrelief\modelrelief.test\bin\debug\netcoreapp2.0\modelrelief.test.dll" id="71142825-8570-4fa6-a604-6e0dc4b75b19"><Execution id="540468a0-56f2-48d3-8f9f-33c42b5ce9a9" /><TestMethod codeBase="d:\Github\ModelRelief\ModelRelief.test\bin\Debug\netcoreapp2.0\ModelRelief.Test.dll" adapterTypeName="executor://xunit/VsTestRunner2/netcoreapp" className="ModelRelief.Test.Integration.Cameras.CamerasBaseIntegrationTests" name="Patch_TargetPropertyIsUpdated" /></UnitTest><UnitTest name="GetList_ListReturnsCorrectCount" storage="d:\github\modelrelief\modelrelief.test\bin\debug\netcoreapp2.0\modelrelief.test.dll" id="28aba90d-f4f9-4d78-b80e-757aa65574e9"><Execution id="05bca3b6-c64c-41a2-a7b3-ce634e32b2d8" /><TestMethod codeBase="d:\Github\ModelRelief\ModelRelief.test\bin\Debug\netcoreapp2.0\ModelRelief.Test.dll" adapterTypeName="executor://xunit/VsTestRunner2/netcoreapp" className="ModelRelief.Test.Integration.Models.ModelsBaseIntegrationTests" name="GetList_ListReturnsCorrectCount" /></UnitTest><UnitTest name="Patch_MultipleInvalidReferencePropertiesReturnsMultipleValidationErrorsAndBadRequest" storage="d:\github\modelrelief\modelrelief.test\bin\debug\netcoreapp2.0\modelrelief.test.dll" id="878cffbe-f930-43d8-a7d1-985fecef470c"><Execution id="da7c6217-5bfb-417d-ae4c-eda15c9a72e2" /><TestMethod codeBase="d:\Github\ModelRelief\ModelRelief.test\bin\Debug\netcoreapp2.0\ModelRelief.Test.dll" adapterTypeName="executor://xunit/VsTestRunner2/netcoreapp" className="ModelRelief.Test.Integration.DepthBuffers.DepthBuffersBaseIntegrationTests" name="Patch_MultipleInvalidReferencePropertiesReturnsMultipleValidationErrorsAndBadRequest" /></UnitTest><UnitTest name="FileRequest_FileCanBeReadAfterRename" storage="d:\github\modelrelief\modelrelief.test\bin\debug\netcoreapp2.0\modelrelief.test.dll" id="c2ab0d24-045d-444c-b99b-c61e5368fba8"><Execution id="022f46bb-82fd-40fb-937d-a4d481ac1b6a" /><TestMethod codeBase="d:\Github\ModelRelief\ModelRelief.test\bin\Debug\netcoreapp2.0\ModelRelief.Test.dll" adapterTypeName="executor://xunit/VsTestRunner2/netcoreapp" className="ModelRelief.Test.Integration.DepthBuffers.DepthBuffersFileIntegrationTests" name="FileRequest_FileCanBeReadAfterRename" /></UnitTest><UnitTest name="LucyCameraFindsAllDependents" storage="d:\github\modelrelief\modelrelief.test\bin\debug\netcoreapp2.0\modelrelief.test.dll" id="d204a0b7-e363-4480-adda-35dd7ddb78f8"><Execution id="2e473ca1-4169-4635-a926-324a5d972528" /><TestMethod codeBase="d:\Github\ModelRelief\ModelRelief.test\bin\Debug\netcoreapp2.0\ModelRelief.Test.dll" adapterTypeName="executor://xunit/VsTestRunner2/netcoreapp" className="ModelRelief.Test.Unit.DependencyManager.DependencyManagerTests" name="LucyCameraFindsAllDependents" /></UnitTest><UnitTest name="GetList_ListReturnsCorrectCount" storage="d:\github\modelrelief\modelrelief.test\bin\debug\netcoreapp2.0\modelrelief.test.dll" id="ed1662f9-3fe2-4faa-bea0-c9f16c4816d8"><Execution id="dd2a23cb-d73f-44df-9e22-cee56a450457" /><TestMethod codeBase="d:\Github\ModelRelief\ModelRelief.test\bin\Debug\netcoreapp2.0\ModelRelief.Test.dll" adapterTypeName="executor://xunit/VsTestRunner2/netcoreapp" className="ModelRelief.Test.Integration.MeshTransforms.MeshTransformsBaseIntegrationTests" name="GetList_ListReturnsCorrectCount" /></UnitTest><UnitTest name="Post_InvalidReferencePropertyReturnsBadRequest" storage="d:\github\modelrelief\modelrelief.test\bin\debug\netcoreapp2.0\modelrelief.test.dll" id="075a8691-0a49-4128-b0cc-876692dec2bc"><Execution id="8151b30b-ae0e-4e5d-859d-c0ca8e972061" /><TestMethod codeBase="d:\Github\ModelRelief\ModelRelief.test\bin\Debug\netcoreapp2.0\ModelRelief.Test.dll" adapterTypeName="executor://xunit/VsTestRunner2/netcoreapp" className="ModelRelief.Test.Integration.Projects.ProjectsBaseIntegrationTests" name="Post_InvalidReferencePropertyReturnsBadRequest" /></UnitTest><UnitTest name="PutFile_FileCanBeUpdated" storage="d:\github\modelrelief\modelrelief.test\bin\debug\netcoreapp2.0\modelrelief.test.dll" id="07e42737-788b-4c82-90c4-36533ed89687"><Execution id="6aac08ba-4b00-4e99-8be2-b4a3f158f39d" /><TestMethod codeBase="d:\Github\ModelRelief\ModelRelief.test\bin\Debug\netcoreapp2.0\ModelRelief.Test.dll" adapterTypeName="executor://xunit/VsTestRunner2/netcoreapp" className="ModelRelief.Test.Integration.Meshes.MeshesFileIntegrationTests" name="PutFile_FileCanBeUpdated" /></UnitTest><UnitTest name="PostFile_NewFileCanBePosted" storage="d:\github\modelrelief\modelrelief.test\bin\debug\netcoreapp2.0\modelrelief.test.dll" id="36c5da76-64a9-4eb9-8d60-a5f490720399"><Execution id="9a6d804b-6b6e-4216-b73d-c6ded5577684" /><TestMethod codeBase="d:\Github\ModelRelief\ModelRelief.test\bin\Debug\netcoreapp2.0\ModelRelief.Test.dll" adapterTypeName="executor://xunit/VsTestRunner2/netcoreapp" className="ModelRelief.Test.Integration.Models.ModelsFileIntegrationTests" name="PostFile_NewFileCanBePosted" /></UnitTest><UnitTest name="Patch_ValidReferencePropertyUpdatesModel" storage="d:\github\modelrelief\modelrelief.test\bin\debug\netcoreapp2.0\modelrelief.test.dll" id="16579574-5143-4391-8acb-e788d0661c40"><Execution id="fd1264ac-ac49-4a5c-ac8f-d858f63f83f6" /><TestMethod codeBase="d:\Github\ModelRelief\ModelRelief.test\bin\Debug\netcoreapp2.0\ModelRelief.Test.dll" adapterTypeName="executor://xunit/VsTestRunner2/netcoreapp" className="ModelRelief.Test.Integration.DepthBuffers.DepthBuffersBaseIntegrationTests" name="Patch_ValidReferencePropertyUpdatesModel" /></UnitTest><UnitTest name="Post_InvalidReferencePropertyReturnsBadRequest" storage="d:\github\modelrelief\modelrelief.test\bin\debug\netcoreapp2.0\modelrelief.test.dll" id="1a860e79-036b-49b2-a99e-b95bf53fedd5"><Execution id="bf735b31-2ccb-4e5c-8faa-8803b32f07ba" /><TestMethod codeBase="d:\Github\ModelRelief\ModelRelief.test\bin\Debug\netcoreapp2.0\ModelRelief.Test.dll" adapterTypeName="executor://xunit/VsTestRunner2/netcoreapp" className="ModelRelief.Test.Integration.DepthBuffers.DepthBuffersBaseIntegrationTests" name="Post_InvalidReferencePropertyReturnsBadRequest" /></UnitTest><UnitTest name="Patch_InvalidEnumPropertyValueReturnsBadRequest" storage="d:\github\modelrelief\modelrelief.test\bin\debug\netcoreapp2.0\modelrelief.test.dll" id="7215bf79-9750-4464-8d75-7ac4be69fe64"><Execution id="d2f5e002-2c95-4784-81c6-2fafd4dc3427" /><TestMethod codeBase="d:\Github\ModelRelief\ModelRelief.test\bin\Debug\netcoreapp2.0\ModelRelief.Test.dll" adapterTypeName="executor://xunit/VsTestRunner2/netcoreapp" className="ModelRelief.Test.Integration.DepthBuffers.DepthBuffersBaseIntegrationTests" name="Patch_InvalidEnumPropertyValueReturnsBadRequest" /></UnitTest><UnitTest name="GetList_ListReturnsCorrectCount" storage="d:\github\modelrelief\modelrelief.test\bin\debug\netcoreapp2.0\modelrelief.test.dll" id="6be30f49-54fd-42ae-8832-17c4aa409cbc"><Execution id="6d941c49-f30a-418f-a76d-6c849043f688" /><TestMethod codeBase="d:\Github\ModelRelief\ModelRelief.test\bin\Debug\netcoreapp2.0\ModelRelief.Test.dll" adapterTypeName="executor://xunit/VsTestRunner2/netcoreapp" className="ModelRelief.Test.Integration.Cameras.CamerasBaseIntegrationTests" name="GetList_ListReturnsCorrectCount" /></UnitTest><UnitTest name="Post_InvalidPropertyValueReturnsBadRequest" storage="d:\github\modelrelief\modelrelief.test\bin\debug\netcoreapp2.0\modelrelief.test.dll" id="c5b29c5c-83de-4476-824d-f79e39115c84"><Execution id="63d9040b-7e69-43f4-b8e2-17d5ea1cc24f" /><TestMethod codeBase="d:\Github\ModelRelief\ModelRelief.test\bin\Debug\netcoreapp2.0\ModelRelief.Test.dll" adapterTypeName="executor://xunit/VsTestRunner2/netcoreapp" className="ModelRelief.Test.Integration.DepthBuffers.DepthBuffersBaseIntegrationTests" name="Post_InvalidPropertyValueReturnsBadRequest" /></UnitTest><UnitTest name="GetList_ListReturnsCorrectCount" storage="d:\github\modelrelief\modelrelief.test\bin\debug\netcoreapp2.0\modelrelief.test.dll" id="bc7f7538-4671-4e1a-85f2-c68836eb88c7"><Execution id="80ce1da9-fc6c-4105-8e2f-6b0e70b91a06" /><TestMethod codeBase="d:\Github\ModelRelief\ModelRelief.test\bin\Debug\netcoreapp2.0\ModelRelief.Test.dll" adapterTypeName="executor://xunit/VsTestRunner2/netcoreapp" className="ModelRelief.Test.Integration.Projects.ProjectsBaseIntegrationTests" name="GetList_ListReturnsCorrectCount" /></UnitTest><UnitTest name="Patch_ValidReferencePropertyUpdatesModel" storage="d:\github\modelrelief\modelrelief.test\bin\debug\netcoreapp2.0\modelrelief.test.dll" id="61f3dbd8-d3ae-444f-ad3f-311a12abe414"><Execution id="b493d726-11a5-4934-a6a9-286579709f44" /><TestMethod codeBase="d:\Github\ModelRelief\ModelRelief.test\bin\Debug\netcoreapp2.0\ModelRelief.Test.dll" adapterTypeName="executor://xunit/VsTestRunner2/netcoreapp" className="ModelRelief.Test.Integration.Cameras.CamerasBaseIntegrationTests" name="Patch_ValidReferencePropertyUpdatesModel" /></UnitTest><UnitTest name="Delete_TargetModelIsDeleted" storage="d:\github\modelrelief\modelrelief.test\bin\debug\netcoreapp2.0\modelrelief.test.dll" id="b017e2e3-7855-4c97-aa8d-77a245b25c2e"><Execution id="c58ced3b-84ea-45b8-9baa-bf7ffb60f72d" /><TestMethod codeBase="d:\Github\ModelRelief\ModelRelief.test\bin\Debug\netcoreapp2.0\ModelRelief.Test.dll" adapterTypeName="executor://xunit/VsTestRunner2/netcoreapp" className="ModelRelief.Test.Integration.Projects.ProjectsBaseIntegrationTests" name="Delete_TargetModelIsDeleted" /></UnitTest><UnitTest name="GetSingle_ValidIdPropertyValueReturnsCorrectModel" storage="d:\github\modelrelief\modelrelief.test\bin\debug\netcoreapp2.0\modelrelief.test.dll" id="ccfbd77e-09c8-415c-8f03-53c2ae2b14ca"><Execution id="881a3a85-3e69-4e24-9b11-7cfcdc663faf" /><TestMethod codeBase="d:\Github\ModelRelief\ModelRelief.test\bin\Debug\netcoreapp2.0\ModelRelief.Test.dll" adapterTypeName="executor://xunit/VsTestRunner2/netcoreapp" className="ModelRelief.Test.Integration.Cameras.CamerasBaseIntegrationTests" name="GetSingle_ValidIdPropertyValueReturnsCorrectModel" /></UnitTest><UnitTest name="GetSingle_InvalidIdPropertyValueReturnsNotFound" storage="d:\github\modelrelief\modelrelief.test\bin\debug\netcoreapp2.0\modelrelief.test.dll" id="08ef51ab-d2af-4b17-a3a9-fa536df39b20"><Execution id="a36673e4-5529-4e48-8692-cd80969e6bba" /><TestMethod codeBase="d:\Github\ModelRelief\ModelRelief.test\bin\Debug\netcoreapp2.0\ModelRelief.Test.dll" adapterTypeName="executor://xunit/VsTestRunner2/netcoreapp" className="ModelRelief.Test.Integration.Projects.ProjectsBaseIntegrationTests" name="GetSingle_InvalidIdPropertyValueReturnsNotFound" /></UnitTest><UnitTest name="Patch_TargetPropertyIsUpdated" storage="d:\github\modelrelief\modelrelief.test\bin\debug\netcoreapp2.0\modelrelief.test.dll" id="e6973edf-536c-4544-a261-ca5dc38e16b2"><Execution id="f535d614-3c2c-4eb7-b043-9ce711edff6f" /><TestMethod codeBase="d:\Github\ModelRelief\ModelRelief.test\bin\Debug\netcoreapp2.0\ModelRelief.Test.dll" adapterTypeName="executor://xunit/VsTestRunner2/netcoreapp" className="ModelRelief.Test.Integration.DepthBuffers.DepthBuffersBaseIntegrationTests" name="Patch_TargetPropertyIsUpdated" /></UnitTest><UnitTest name="Patch_InvalidEnumPropertyValueReturnsBadRequest" storage="d:\github\modelrelief\modelrelief.test\bin\debug\netcoreapp2.0\modelrelief.test.dll" id="8e644054-4e41-4812-96d4-fef7cb608e03"><Execution id="8bb9ebb1-0dd0-4971-89ba-f76295fc2141" /><TestMethod codeBase="d:\Github\ModelRelief\ModelRelief.test\bin\Debug\netcoreapp2.0\ModelRelief.Test.dll" adapterTypeName="executor://xunit/VsTestRunner2/netcoreapp" className="ModelRelief.Test.Integration.Projects.ProjectsBaseIntegrationTests" name="Patch_InvalidEnumPropertyValueReturnsBadRequest" /></UnitTest><UnitTest name="LucyDepthBufferFindsOneDependent" storage="d:\github\modelrelief\modelrelief.test\bin\debug\netcoreapp2.0\modelrelief.test.dll" id="650770f4-d650-4901-9e4d-0696decc8313"><Execution id="75b73bda-a8bf-4bfc-a5a1-3f76c1746173" /><TestMethod codeBase="d:\Github\ModelRelief\ModelRelief.test\bin\Debug\netcoreapp2.0\ModelRelief.Test.dll" adapterTypeName="executor://xunit/VsTestRunner2/netcoreapp" className="ModelRelief.Test.Unit.DependencyManager.DependencyManagerTests" name="LucyDepthBufferFindsOneDependent" /></UnitTest><UnitTest name="Put_CanUpdateModel" storage="d:\github\modelrelief\modelrelief.test\bin\debug\netcoreapp2.0\modelrelief.test.dll" id="d5d5679d-f5c7-47af-a219-a51d4863d9bc"><Execution id="6c3de6f1-499d-45ae-a8fd-d3e1d7a8cf10" /><TestMethod codeBase="d:\Github\ModelRelief\ModelRelief.test\bin\Debug\netcoreapp2.0\ModelRelief.Test.dll" adapterTypeName="executor://xunit/VsTestRunner2/netcoreapp" className="ModelRelief.Test.Integration.Models.ModelsBaseIntegrationTests" name="Put_CanUpdateModel" /></UnitTest><UnitTest name="Patch_InvalidReferencePropertyReturnsBadRequest" storage="d:\github\modelrelief\modelrelief.test\bin\debug\netcoreapp2.0\modelrelief.test.dll" id="31a4bf3c-fd9a-4741-9961-d76af662e80d"><Execution id="06d08629-b5b5-42ca-a1b5-d354b7674e7d" /><TestMethod codeBase="d:\Github\ModelRelief\ModelRelief.test\bin\Debug\netcoreapp2.0\ModelRelief.Test.dll" adapterTypeName="executor://xunit/VsTestRunner2/netcoreapp" className="ModelRelief.Test.Integration.Cameras.CamerasBaseIntegrationTests" name="Patch_InvalidReferencePropertyReturnsBadRequest" /></UnitTest><UnitTest name="GetFile_FileCanBeRoundTripped" storage="d:\github\modelrelief\modelrelief.test\bin\debug\netcoreapp2.0\modelrelief.test.dll" id="e0119dd9-3a51-4757-b39d-a7f9339ad5c4"><Execution id="2882cff7-604b-418e-a58b-5859bfe69fb7" /><TestMethod codeBase="d:\Github\ModelRelief\ModelRelief.test\bin\Debug\netcoreapp2.0\ModelRelief.Test.dll" adapterTypeName="executor://xunit/VsTestRunner2/netcoreapp" className="ModelRelief.Test.Integration.Meshes.MeshesFileIntegrationTests" name="GetFile_FileCanBeRoundTripped" /></UnitTest><UnitTest name="Put_ValidReferencePropertyUpdatesModel" storage="d:\github\modelrelief\modelrelief.test\bin\debug\netcoreapp2.0\modelrelief.test.dll" id="b3c15094-2f6d-4d00-a3f9-3c16aeacda2f"><Execution id="714a4005-77c3-49e1-b515-23592c03dc84" /><TestMethod codeBase="d:\Github\ModelRelief\ModelRelief.test\bin\Debug\netcoreapp2.0\ModelRelief.Test.dll" adapterTypeName="executor://xunit/VsTestRunner2/netcoreapp" className="ModelRelief.Test.Integration.Meshes.MeshesBaseIntegrationTests" name="Put_ValidReferencePropertyUpdatesModel" /></UnitTest><UnitTest name="Put_ValidReferencePropertyUpdatesModel" storage="d:\github\modelrelief\modelrelief.test\bin\debug\netcoreapp2.0\modelrelief.test.dll" id="cbab51c9-7d4c-4045-879d-f04d646ce42a"><Execution id="c4f8070f-485c-4d5c-ab78-8d9b9e0a050e" /><TestMethod codeBase="d:\Github\ModelRelief\ModelRelief.test\bin\Debug\netcoreapp2.0\ModelRelief.Test.dll" adapterTypeName="executor://xunit/VsTestRunner2/netcoreapp" className="ModelRelief.Test.Integration.Projects.ProjectsBaseIntegrationTests" name="Put_ValidReferencePropertyUpdatesModel" /></UnitTest><UnitTest name="Put_InvalidReferencePropertyReturndBadRequest" storage="d:\github\modelrelief\modelrelief.test\bin\debug\netcoreapp2.0\modelrelief.test.dll" id="1973974d-6998-40c9-99b2-27421a9463bb"><Execution id="999ba662-f424-4822-aafe-1c0e0ffbee8e" /><TestMethod codeBase="d:\Github\ModelRelief\ModelRelief.test\bin\Debug\netcoreapp2.0\ModelRelief.Test.dll" adapterTypeName="executor://xunit/VsTestRunner2/netcoreapp" className="ModelRelief.Test.Integration.DepthBuffers.DepthBuffersBaseIntegrationTests" name="Put_InvalidReferencePropertyReturndBadRequest" /></UnitTest><UnitTest name="GetSingle_InvalidIdPropertyValueReturnsNotFound" storage="d:\github\modelrelief\modelrelief.test\bin\debug\netcoreapp2.0\modelrelief.test.dll" id="df4ecf46-0c41-40ae-9d7d-0b0ef0e95592"><Execution id="edabb440-4419-44d3-b660-f99c0d3f3d86" /><TestMethod codeBase="d:\Github\ModelRelief\ModelRelief.test\bin\Debug\netcoreapp2.0\ModelRelief.Test.dll" adapterTypeName="executor://xunit/VsTestRunner2/netcoreapp" className="ModelRelief.Test.Integration.Meshes.MeshesBaseIntegrationTests" name="GetSingle_InvalidIdPropertyValueReturnsNotFound" /></UnitTest><UnitTest name="PutFile_FileCanBeUpdated" storage="d:\github\modelrelief\modelrelief.test\bin\debug\netcoreapp2.0\modelrelief.test.dll" id="ea11a4be-0b67-41c5-b390-66593cbed0f7"><Execution id="b470026d-5a55-4bf3-a352-387582f33db5" /><TestMethod codeBase="d:\Github\ModelRelief\ModelRelief.test\bin\Debug\netcoreapp2.0\ModelRelief.Test.dll" adapterTypeName="executor://xunit/VsTestRunner2/netcoreapp" className="ModelRelief.Test.Integration.Models.ModelsFileIntegrationTests" name="PutFile_FileCanBeUpdated" /></UnitTest><UnitTest name="MeshTransformHasExpectedDependentFiles" storage="d:\github\modelrelief\modelrelief.test\bin\debug\netcoreapp2.0\modelrelief.test.dll" id="db81ee07-9232-4aec-a959-7b632f52f14f"><Execution id="86c98423-d8e3-4ee8-89dd-0c491fdf90aa" /><TestMethod codeBase="d:\Github\ModelRelief\ModelRelief.test\bin\Debug\netcoreapp2.0\ModelRelief.Test.dll" adapterTypeName="executor://xunit/VsTestRunner2/netcoreapp" className="ModelRelief.Test.Unit.DependencyManager.DependencyManagerTests" name="MeshTransformHasExpectedDependentFiles" /></UnitTest><UnitTest name="GetSingle_ValidIdPropertyValueReturnsCorrectModel" storage="d:\github\modelrelief\modelrelief.test\bin\debug\netcoreapp2.0\modelrelief.test.dll" id="1ed9f508-713c-42ef-a0d6-278fb53b0ea5"><Execution id="aba1f415-062f-4d94-929e-625dc5786711" /><TestMethod codeBase="d:\Github\ModelRelief\ModelRelief.test\bin\Debug\netcoreapp2.0\ModelRelief.Test.dll" adapterTypeName="executor://xunit/VsTestRunner2/netcoreapp" className="ModelRelief.Test.Integration.DepthBuffers.DepthBuffersBaseIntegrationTests" name="GetSingle_ValidIdPropertyValueReturnsCorrectModel" /></UnitTest><UnitTest name="CameraHasExpectedDependentFiles" storage="d:\github\modelrelief\modelrelief.test\bin\debug\netcoreapp2.0\modelrelief.test.dll" id="5d49fca5-d0a9-457d-8449-cfd6c9a6ca33"><Execution id="12306a4a-4c53-4f45-93ea-2e5540ee7b0b" /><TestMethod codeBase="d:\Github\ModelRelief\ModelRelief.test\bin\Debug\netcoreapp2.0\ModelRelief.Test.dll" adapterTypeName="executor://xunit/VsTestRunner2/netcoreapp" className="ModelRelief.Test.Unit.DependencyManager.DependencyManagerTests" name="CameraHasExpectedDependentFiles" /></UnitTest><UnitTest name="Patch_InvalidPropertyNameReturnsBadRequest" storage="d:\github\modelrelief\modelrelief.test\bin\debug\netcoreapp2.0\modelrelief.test.dll" id="055ae17f-ec32-44ac-809a-e84e1a0d3915"><Execution id="3a70139f-8865-4a60-80e4-19c911d16c37" /><TestMethod codeBase="d:\Github\ModelRelief\ModelRelief.test\bin\Debug\netcoreapp2.0\ModelRelief.Test.dll" adapterTypeName="executor://xunit/VsTestRunner2/netcoreapp" className="ModelRelief.Test.Integration.Cameras.CamerasBaseIntegrationTests" name="Patch_InvalidPropertyNameReturnsBadRequest" /></UnitTest><UnitTest name="Patch_MultipleInvalidReferencePropertiesReturnsMultipleValidationErrorsAndBadRequest" storage="d:\github\modelrelief\modelrelief.test\bin\debug\netcoreapp2.0\modelrelief.test.dll" id="81c1e75f-5822-4a45-8bc0-cb7a8b1a47a5"><Execution id="f2a09c7c-aef7-4882-85fa-3802fc4dbcbf" /><TestMethod codeBase="d:\Github\ModelRelief\ModelRelief.test\bin\Debug\netcoreapp2.0\ModelRelief.Test.dll" adapterTypeName="executor://xunit/VsTestRunner2/netcoreapp" className="ModelRelief.Test.Integration.Meshes.MeshesBaseIntegrationTests" name="Patch_MultipleInvalidReferencePropertiesReturnsMultipleValidationErrorsAndBadRequest" /></UnitTest><UnitTest name="Patch_InvalidEnumPropertyValueReturnsBadRequest" storage="d:\github\modelrelief\modelrelief.test\bin\debug\netcoreapp2.0\modelrelief.test.dll" id="3024b3da-0783-4e8f-b07b-5978c7eb0685"><Execution id="012f5c82-fe52-4143-afc7-947a0c7e4101" /><TestMethod codeBase="d:\Github\ModelRelief\ModelRelief.test\bin\Debug\netcoreapp2.0\ModelRelief.Test.dll" adapterTypeName="executor://xunit/VsTestRunner2/netcoreapp" className="ModelRelief.Test.Integration.Models.ModelsBaseIntegrationTests" name="Patch_InvalidEnumPropertyValueReturnsBadRequest" /></UnitTest><UnitTest name="Patch_InvalidPropertyNameReturnsBadRequest" storage="d:\github\modelrelief\modelrelief.test\bin\debug\netcoreapp2.0\modelrelief.test.dll" id="848ee8e0-b248-4591-a0a7-2d78e0435b2d"><Execution id="a8047e0d-2178-4220-9923-0a847a1a5c70" /><TestMethod codeBase="d:\Github\ModelRelief\ModelRelief.test\bin\Debug\netcoreapp2.0\ModelRelief.Test.dll" adapterTypeName="executor://xunit/VsTestRunner2/netcoreapp" className="ModelRelief.Test.Integration.DepthBuffers.DepthBuffersBaseIntegrationTests" name="Patch_InvalidPropertyNameReturnsBadRequest" /></UnitTest><UnitTest name="Post_ValidReferencePropertyCreatesModel" storage="d:\github\modelrelief\modelrelief.test\bin\debug\netcoreapp2.0\modelrelief.test.dll" id="427bf4a0-6d85-4ad5-8410-1caa1a7457bd"><Execution id="807237ea-850c-416c-a565-9a678810cf5c" /><TestMethod codeBase="d:\Github\ModelRelief\ModelRelief.test\bin\Debug\netcoreapp2.0\ModelRelief.Test.dll" adapterTypeName="executor://xunit/VsTestRunner2/netcoreapp" className="ModelRelief.Test.Integration.Meshes.MeshesBaseIntegrationTests" name="Post_ValidReferencePropertyCreatesModel" /></UnitTest><UnitTest name="Put_InvalidIdReturnsNotFound" storage="d:\github\modelrelief\modelrelief.test\bin\debug\netcoreapp2.0\modelrelief.test.dll" id="b0b30434-8a9e-41b4-b801-42d8d180c0eb"><Execution id="97243d55-39a2-409e-8d89-97805af31d78" /><TestMethod codeBase="d:\Github\ModelRelief\ModelRelief.test\bin\Debug\netcoreapp2.0\ModelRelief.Test.dll" adapterTypeName="executor://xunit/VsTestRunner2/netcoreapp" className="ModelRelief.Test.Integration.Meshes.MeshesBaseIntegrationTests" name="Put_InvalidIdReturnsNotFound" /></UnitTest><UnitTest name="FileRequest_MeshIsInvalidatedAfterDepthBufferFileBecomesUnsynchronized" storage="d:\github\modelrelief\modelrelief.test\bin\debug\netcoreapp2.0\modelrelief.test.dll" id="9e2cddd2-e602-4053-b303-4a3fb49ab7c3"><Execution id="c28d3af9-c0f5-4581-bcb6-58f3c0d9d7ff" /><TestMethod codeBase="d:\Github\ModelRelief\ModelRelief.test\bin\Debug\netcoreapp2.0\ModelRelief.Test.dll" adapterTypeName="executor://xunit/VsTestRunner2/netcoreapp" className="ModelRelief.Test.Integration.Meshes.MeshesFileIntegrationTests" name="FileRequest_MeshIsInvalidatedAfterDepthBufferFileBecomesUnsynchronized" /></UnitTest><UnitTest name="Patch_InvalidIdPropertyReturnsNotFound" storage="d:\github\modelrelief\modelrelief.test\bin\debug\netcoreapp2.0\modelrelief.test.dll" id="81229ae0-dd65-4e76-9182-6ca9f6846e71"><Execution id="6e1fb09b-a616-4679-8673-5507f10c3853" /><TestMethod codeBase="d:\Github\ModelRelief\ModelRelief.test\bin\Debug\netcoreapp2.0\ModelRelief.Test.dll" adapterTypeName="executor://xunit/VsTestRunner2/netcoreapp" className="ModelRelief.Test.Integration.DepthBuffers.DepthBuffersBaseIntegrationTests" name="Patch_InvalidIdPropertyReturnsNotFound" /></UnitTest><UnitTest name="Patch_InvalidEnumPropertyValueReturnsBadRequest" storage="d:\github\modelrelief\modelrelief.test\bin\debug\netcoreapp2.0\modelrelief.test.dll" id="06b92066-64c9-4bea-be9a-6a1abed3e3cd"><Execution id="48dbda5a-df52-4494-92e5-36e802e7b40e" /><TestMethod codeBase="d:\Github\ModelRelief\ModelRelief.test\bin\Debug\netcoreapp2.0\ModelRelief.Test.dll" adapterTypeName="executor://xunit/VsTestRunner2/netcoreapp" className="ModelRelief.Test.Integration.MeshTransforms.MeshTransformsBaseIntegrationTests" name="Patch_InvalidEnumPropertyValueReturnsBadRequest" /></UnitTest><UnitTest name="Put_InvalidReferencePropertyReturndBadRequest" storage="d:\github\modelrelief\modelrelief.test\bin\debug\netcoreapp2.0\modelrelief.test.dll" id="4ebb30d6-3bb6-4ccc-8c1c-c4a0839b0af4"><Execution id="9d05eb0a-a923-434e-a857-67eb9f4c87ad" /><TestMethod codeBase="d:\Github\ModelRelief\ModelRelief.test\bin\Debug\netcoreapp2.0\ModelRelief.Test.dll" adapterTypeName="executor://xunit/VsTestRunner2/netcoreapp" className="ModelRelief.Test.Integration.Meshes.MeshesBaseIntegrationTests" name="Put_InvalidReferencePropertyReturndBadRequest" /></UnitTest><UnitTest name="Patch_TargetPropertyIsUpdated" storage="d:\github\modelrelief\modelrelief.test\bin\debug\netcoreapp2.0\modelrelief.test.dll" id="65c187b3-edd6-469b-a86f-2e3fc7040f39"><Execution id="84e5c21c-cf6d-4303-931c-dd236adc0f8e" /><TestMethod codeBase="d:\Github\ModelRelief\ModelRelief.test\bin\Debug\netcoreapp2.0\ModelRelief.Test.dll" adapterTypeName="executor://xunit/VsTestRunner2/netcoreapp" className="ModelRelief.Test.Integration.Models.ModelsBaseIntegrationTests" name="Patch_TargetPropertyIsUpdated" /></UnitTest><UnitTest name="Patch_InvalidReferencePropertyReturnsBadRequest" storage="d:\github\modelrelief\modelrelief.test\bin\debug\netcoreapp2.0\modelrelief.test.dll" id="3c26f24b-fa39-41e9-b1ce-4363ec97624b"><Execution id="bb0dcd09-594e-4b59-acc5-f4c33a94919c" /><TestMethod codeBase="d:\Github\ModelRelief\ModelRelief.test\bin\Debug\netcoreapp2.0\ModelRelief.Test.dll" adapterTypeName="executor://xunit/VsTestRunner2/netcoreapp" className="ModelRelief.Test.Integration.MeshTransforms.MeshTransformsBaseIntegrationTests" name="Patch_InvalidReferencePropertyReturnsBadRequest" /></UnitTest><UnitTest name="Put_InvalidIdReturnsNotFound" storage="d:\github\modelrelief\modelrelief.test\bin\debug\netcoreapp2.0\modelrelief.test.dll" id="e8fbe026-f296-4799-b77b-189efdb8753e"><Execution id="f4b6a416-4920-448d-8eca-dcb6426d8fdf" /><TestMethod codeBase="d:\Github\ModelRelief\ModelRelief.test\bin\Debug\netcoreapp2.0\ModelRelief.Test.dll" adapterTypeName="executor://xunit/VsTestRunner2/netcoreapp" className="ModelRelief.Test.Integration.Models.ModelsBaseIntegrationTests" name="Put_InvalidIdReturnsNotFound" /></UnitTest><UnitTest name="Put_InvalidIdReturnsNotFound" storage="d:\github\modelrelief\modelrelief.test\bin\debug\netcoreapp2.0\modelrelief.test.dll" id="40c38fed-ad16-49b6-bcd5-5ce60c4fd86c"><Execution id="20d64738-eba8-483e-bcaa-2864e800a2eb" /><TestMethod codeBase="d:\Github\ModelRelief\ModelRelief.test\bin\Debug\netcoreapp2.0\ModelRelief.Test.dll" adapterTypeName="executor://xunit/VsTestRunner2/netcoreapp" className="ModelRelief.Test.Integration.Projects.ProjectsBaseIntegrationTests" name="Put_InvalidIdReturnsNotFound" /></UnitTest><UnitTest name="Put_ValidReferencePropertyUpdatesModel" storage="d:\github\modelrelief\modelrelief.test\bin\debug\netcoreapp2.0\modelrelief.test.dll" id="31802e8e-5294-4155-aae3-78439e3b3010"><Execution id="a14b3f8e-76b4-48be-a83b-6864043fbbf9" /><TestMethod codeBase="d:\Github\ModelRelief\ModelRelief.test\bin\Debug\netcoreapp2.0\ModelRelief.Test.dll" adapterTypeName="executor://xunit/VsTestRunner2/netcoreapp" className="ModelRelief.Test.Integration.MeshTransforms.MeshTransformsBaseIntegrationTests" name="Put_ValidReferencePropertyUpdatesModel" /></UnitTest><UnitTest name="PostFile_FileTimeStampIsUpdatedAfterFileIsPosted" storage="d:\github\modelrelief\modelrelief.test\bin\debug\netcoreapp2.0\modelrelief.test.dll" id="7512bbb7-698d-4294-b65e-b838325e009c"><Execution id="2952470f-5fb4-40a5-91e8-e0e316228677" /><TestMethod codeBase="d:\Github\ModelRelief\ModelRelief.test\bin\Debug\netcoreapp2.0\ModelRelief.Test.dll" adapterTypeName="executor://xunit/VsTestRunner2/netcoreapp" className="ModelRelief.Test.Integration.DepthBuffers.DepthBuffersFileIntegrationTests" name="PostFile_FileTimeStampIsUpdatedAfterFileIsPosted" /></UnitTest><UnitTest name="GetSingle_InvalidIdPropertyValueReturnsNotFound" storage="d:\github\modelrelief\modelrelief.test\bin\debug\netcoreapp2.0\modelrelief.test.dll" id="f03cf0d4-cdc2-4e44-9940-6d07434623a8"><Execution id="f4969a5f-d4db-492a-bf35-c64ff59a4636" /><TestMethod codeBase="d:\Github\ModelRelief\ModelRelief.test\bin\Debug\netcoreapp2.0\ModelRelief.Test.dll" adapterTypeName="executor://xunit/VsTestRunner2/netcoreapp" className="ModelRelief.Test.Integration.Cameras.CamerasBaseIntegrationTests" name="GetSingle_InvalidIdPropertyValueReturnsNotFound" /></UnitTest><UnitTest name="PutFile_NewFileCanBePut" storage="d:\github\modelrelief\modelrelief.test\bin\debug\netcoreapp2.0\modelrelief.test.dll" id="b6a63e6f-fba9-4184-93b5-91f04f659567"><Execution id="d255483d-f3bf-4f5c-8d65-2cef2b5b2f7f" /><TestMethod codeBase="d:\Github\ModelRelief\ModelRelief.test\bin\Debug\netcoreapp2.0\ModelRelief.Test.dll" adapterTypeName="executor://xunit/VsTestRunner2/netcoreapp" className="ModelRelief.Test.Integration.Meshes.MeshesFileIntegrationTests" name="PutFile_NewFileCanBePut" /></UnitTest><UnitTest name="Post_InvalidPropertyValueReturnsBadRequest" storage="d:\github\modelrelief\modelrelief.test\bin\debug\netcoreapp2.0\modelrelief.test.dll" id="55628884-a352-4a40-acc5-be35b73d861b"><Execution id="57496a39-7768-4d2c-9556-a8da396dbab0" /><TestMethod codeBase="d:\Github\ModelRelief\ModelRelief.test\bin\Debug\netcoreapp2.0\ModelRelief.Test.dll" adapterTypeName="executor://xunit/VsTestRunner2/netcoreapp" className="ModelRelief.Test.Integration.MeshTransforms.MeshTransformsBaseIntegrationTests" name="Post_InvalidPropertyValueReturnsBadRequest" /></UnitTest><UnitTest name="DepthBufferHasExpectedDependentFiles" storage="d:\github\modelrelief\modelrelief.test\bin\debug\netcoreapp2.0\modelrelief.test.dll" id="969c9e26-f2cc-4818-9f69-3dcbb5347053"><Execution id="d784726e-adb9-42a2-b619-83dd83c2f5db" /><TestMethod codeBase="d:\Github\ModelRelief\ModelRelief.test\bin\Debug\netcoreapp2.0\ModelRelief.Test.dll" adapterTypeName="executor://xunit/VsTestRunner2/netcoreapp" className="ModelRelief.Test.Unit.DependencyManager.DependencyManagerTests" name="DepthBufferHasExpectedDependentFiles" /></UnitTest><UnitTest name="Put_CanUpdateModel" storage="d:\github\modelrelief\modelrelief.test\bin\debug\netcoreapp2.0\modelrelief.test.dll" id="620dadc7-df61-4ae4-8d68-3ddd7da69ad5"><Execution id="05dea786-28d8-41a5-bb30-988fb4c2cdfa" /><TestMethod codeBase="d:\Github\ModelRelief\ModelRelief.test\bin\Debug\netcoreapp2.0\ModelRelief.Test.dll" adapterTypeName="executor://xunit/VsTestRunner2/netcoreapp" className="ModelRelief.Test.Integration.DepthBuffers.DepthBuffersBaseIntegrationTests" name="Put_CanUpdateModel" /></UnitTest><UnitTest name="Delete_TargetModelIsDeleted" storage="d:\github\modelrelief\modelrelief.test\bin\debug\netcoreapp2.0\modelrelief.test.dll" id="e9457e60-f2fd-4981-be00-9adf64b47d0c"><Execution id="8108dbab-1972-4ac8-b3b7-936dda544a46" /><TestMethod codeBase="d:\Github\ModelRelief\ModelRelief.test\bin\Debug\netcoreapp2.0\ModelRelief.Test.dll" adapterTypeName="executor://xunit/VsTestRunner2/netcoreapp" className="ModelRelief.Test.Integration.MeshTransforms.MeshTransformsBaseIntegrationTests" name="Delete_TargetModelIsDeleted" /></UnitTest><UnitTest name="Patch_ValidReferencePropertyUpdatesModel" storage="d:\github\modelrelief\modelrelief.test\bin\debug\netcoreapp2.0\modelrelief.test.dll" id="5cda5635-0a17-4282-8e75-1ccbf56cdab8"><Execution id="5e6c1933-bf93-48fe-ba0a-52e771833424" /><TestMethod codeBase="d:\Github\ModelRelief\ModelRelief.test\bin\Debug\netcoreapp2.0\ModelRelief.Test.dll" adapterTypeName="executor://xunit/VsTestRunner2/netcoreapp" className="ModelRelief.Test.Integration.Models.ModelsBaseIntegrationTests" name="Patch_ValidReferencePropertyUpdatesModel" /></UnitTest><UnitTest name="PostFile_FileTimeStampIsUpdatedAfterFileIsPosted" storage="d:\github\modelrelief\modelrelief.test\bin\debug\netcoreapp2.0\modelrelief.test.dll" id="abb112ab-8430-44d1-b010-ab99d9c32506"><Execution id="e8f366f1-88b5-4835-b0c2-374f7234fdc3" /><TestMethod codeBase="d:\Github\ModelRelief\ModelRelief.test\bin\Debug\netcoreapp2.0\ModelRelief.Test.dll" adapterTypeName="executor://xunit/VsTestRunner2/netcoreapp" className="ModelRelief.Test.Integration.Meshes.MeshesFileIntegrationTests" name="PostFile_FileTimeStampIsUpdatedAfterFileIsPosted" /></UnitTest><UnitTest name="Post_CanCreateNewModel" storage="d:\github\modelrelief\modelrelief.test\bin\debug\netcoreapp2.0\modelrelief.test.dll" id="d10ebf25-0f24-437d-9227-d34f47676686"><Execution id="a3018c0c-4755-4264-bff1-4966f4aabfa3" /><TestMethod codeBase="d:\Github\ModelRelief\ModelRelief.test\bin\Debug\netcoreapp2.0\ModelRelief.Test.dll" adapterTypeName="executor://xunit/VsTestRunner2/netcoreapp" className="ModelRelief.Test.Integration.DepthBuffers.DepthBuffersBaseIntegrationTests" name="Post_CanCreateNewModel" /></UnitTest><UnitTest name="Patch_ValidReferencePropertyUpdatesModel" storage="d:\github\modelrelief\modelrelief.test\bin\debug\netcoreapp2.0\modelrelief.test.dll" id="ac75da49-4128-41da-b795-f54a84bd5b43"><Execution id="c2a25a55-1310-4358-a07a-735963ccc949" /><TestMethod codeBase="d:\Github\ModelRelief\ModelRelief.test\bin\Debug\netcoreapp2.0\ModelRelief.Test.dll" adapterTypeName="executor://xunit/VsTestRunner2/netcoreapp" className="ModelRelief.Test.Integration.MeshTransforms.MeshTransformsBaseIntegrationTests" name="Patch_ValidReferencePropertyUpdatesModel" /></UnitTest><UnitTest name="GetSingle_InvalidIdPropertyValueReturnsNotFound" storage="d:\github\modelrelief\modelrelief.test\bin\debug\netcoreapp2.0\modelrelief.test.dll" id="e53892af-42d4-4a8d-83aa-6df98ea43eb6"><Execution id="d99804c9-d21f-4185-8d47-5284fe45f648" /><TestMethod codeBase="d:\Github\ModelRelief\ModelRelief.test\bin\Debug\netcoreapp2.0\ModelRelief.Test.dll" adapterTypeName="executor://xunit/VsTestRunner2/netcoreapp" className="ModelRelief.Test.Integration.Models.ModelsBaseIntegrationTests" name="GetSingle_InvalidIdPropertyValueReturnsNotFound" /></UnitTest><UnitTest name="Patch_MultipleInvalidReferencePropertiesReturnsMultipleValidationErrorsAndBadRequest" storage="d:\github\modelrelief\modelrelief.test\bin\debug\netcoreapp2.0\modelrelief.test.dll" id="40372d31-373d-4613-b72c-d25ce4929bb1"><Execution id="7447571e-b7ea-47f8-ac09-7486e83f6880" /><TestMethod codeBase="d:\Github\ModelRelief\ModelRelief.test\bin\Debug\netcoreapp2.0\ModelRelief.Test.dll" adapterTypeName="executor://xunit/VsTestRunner2/netcoreapp" className="ModelRelief.Test.Integration.Cameras.CamerasBaseIntegrationTests" name="Patch_MultipleInvalidReferencePropertiesReturnsMultipleValidationErrorsAndBadRequest" /></UnitTest><UnitTest name="Post_CanCreateNewModel" storage="d:\github\modelrelief\modelrelief.test\bin\debug\netcoreapp2.0\modelrelief.test.dll" id="843985fa-8d54-4c21-a036-10754bc49188"><Execution id="4ad446e2-6862-418c-80f0-130f3227d789" /><TestMethod codeBase="d:\Github\ModelRelief\ModelRelief.test\bin\Debug\netcoreapp2.0\ModelRelief.Test.dll" adapterTypeName="executor://xunit/VsTestRunner2/netcoreapp" className="ModelRelief.Test.Integration.Models.ModelsBaseIntegrationTests" name="Post_CanCreateNewModel" /></UnitTest><UnitTest name="GetFile_ExistingFileReturnsSuccess" storage="d:\github\modelrelief\modelrelief.test\bin\debug\netcoreapp2.0\modelrelief.test.dll" id="4929008f-26e0-447e-9dba-be43b3ce1116"><Execution id="d86cfeeb-6610-4771-8991-2f6b6c250a6b" /><TestMethod codeBase="d:\Github\ModelRelief\ModelRelief.test\bin\Debug\netcoreapp2.0\ModelRelief.Test.dll" adapterTypeName="executor://xunit/VsTestRunner2/netcoreapp" className="ModelRelief.Test.Integration.DepthBuffers.DepthBuffersFileIntegrationTests" name="GetFile_ExistingFileReturnsSuccess" /></UnitTest><UnitTest name="Post_CanCreateNewModel" storage="d:\github\modelrelief\modelrelief.test\bin\debug\netcoreapp2.0\modelrelief.test.dll" id="eb6f67cf-a260-42bd-b57b-addc0897214d"><Execution id="8a4f2039-cd8c-43fe-a909-c92e3ac33062" /><TestMethod codeBase="d:\Github\ModelRelief\ModelRelief.test\bin\Debug\netcoreapp2.0\ModelRelief.Test.dll" adapterTypeName="executor://xunit/VsTestRunner2/netcoreapp" className="ModelRelief.Test.Integration.Projects.ProjectsBaseIntegrationTests" name="Post_CanCreateNewModel" /></UnitTest><UnitTest name="Post_InvalidReferencePropertyReturnsBadRequest" storage="d:\github\modelrelief\modelrelief.test\bin\debug\netcoreapp2.0\modelrelief.test.dll" id="f4f19572-9561-4a11-8eb7-7f9bce339fb5"><Execution id="8287ff57-f625-48a3-b8a9-94626b1b7978" /><TestMethod codeBase="d:\Github\ModelRelief\ModelRelief.test\bin\Debug\netcoreapp2.0\ModelRelief.Test.dll" adapterTypeName="executor://xunit/VsTestRunner2/netcoreapp" className="ModelRelief.Test.Integration.Cameras.CamerasBaseIntegrationTests" name="Post_InvalidReferencePropertyReturnsBadRequest" /></UnitTest><UnitTest name="Post_InvalidPropertyValueReturnsBadRequest" storage="d:\github\modelrelief\modelrelief.test\bin\debug\netcoreapp2.0\modelrelief.test.dll" id="3054944b-6a83-4f5b-a2e5-f25289821e5a"><Execution id="db6bab01-3d60-40bf-8c45-a672e5b408e6" /><TestMethod codeBase="d:\Github\ModelRelief\ModelRelief.test\bin\Debug\netcoreapp2.0\ModelRelief.Test.dll" adapterTypeName="executor://xunit/VsTestRunner2/netcoreapp" className="ModelRelief.Test.Integration.Projects.ProjectsBaseIntegrationTests" name="Post_InvalidPropertyValueReturnsBadRequest" /></UnitTest><UnitTest name="Patch_InvalidReferencePropertyReturnsBadRequest" storage="d:\github\modelrelief\modelrelief.test\bin\debug\netcoreapp2.0\modelrelief.test.dll" id="855623ad-f9c2-40ec-aa4b-bd1fd6c559a4"><Execution id="7d34c38e-d867-424e-8bd0-73d94240997b" /><TestMethod codeBase="d:\Github\ModelRelief\ModelRelief.test\bin\Debug\netcoreapp2.0\ModelRelief.Test.dll" adapterTypeName="executor://xunit/VsTestRunner2/netcoreapp" className="ModelRelief.Test.Integration.Meshes.MeshesBaseIntegrationTests" name="Patch_InvalidReferencePropertyReturnsBadRequest" /></UnitTest><UnitTest name="Post_ValidReferencePropertyCreatesModel" storage="d:\github\modelrelief\modelrelief.test\bin\debug\netcoreapp2.0\modelrelief.test.dll" id="ecf0a74b-beb0-4428-8163-fc36ca341b53"><Execution id="94a93d19-0661-40af-8085-20e29b46d6e4" /><TestMethod codeBase="d:\Github\ModelRelief\ModelRelief.test\bin\Debug\netcoreapp2.0\ModelRelief.Test.dll" adapterTypeName="executor://xunit/VsTestRunner2/netcoreapp" className="ModelRelief.Test.Integration.Cameras.CamerasBaseIntegrationTests" name="Post_ValidReferencePropertyCreatesModel" /></UnitTest><UnitTest name="Patch_TargetPropertyIsUpdated" storage="d:\github\modelrelief\modelrelief.test\bin\debug\netcoreapp2.0\modelrelief.test.dll" id="70703fdd-6bc1-4f57-89c1-9d8f5da89fd9"><Execution id="76915f34-8d57-408a-bcfe-4d7b89f2d370" /><TestMethod codeBase="d:\Github\ModelRelief\ModelRelief.test\bin\Debug\netcoreapp2.0\ModelRelief.Test.dll" adapterTypeName="executor://xunit/VsTestRunner2/netcoreapp" className="ModelRelief.Test.Integration.Meshes.MeshesBaseIntegrationTests" name="Patch_TargetPropertyIsUpdated" /></UnitTest><UnitTest name="Delete_TargetModelIsDeleted" storage="d:\github\modelrelief\modelrelief.test\bin\debug\netcoreapp2.0\modelrelief.test.dll" id="1b010be4-86dc-48dc-b76d-1406be7ef1fb"><Execution id="16704459-ced7-4beb-a93f-9d9b187f9afd" /><TestMethod codeBase="d:\Github\ModelRelief\ModelRelief.test\bin\Debug\netcoreapp2.0\ModelRelief.Test.dll" adapterTypeName="executor://xunit/VsTestRunner2/netcoreapp" className="ModelRelief.Test.Integration.Cameras.CamerasBaseIntegrationTests" name="Delete_TargetModelIsDeleted" /></UnitTest><UnitTest name="Patch_TargetPropertyIsUpdated" storage="d:\github\modelrelief\modelrelief.test\bin\debug\netcoreapp2.0\modelrelief.test.dll" id="d584095e-85b1-4402-be7b-110fcade90f1"><Execution id="a615321d-260e-4f95-b580-2638ddb83189" /><TestMethod codeBase="d:\Github\ModelRelief\ModelRelief.test\bin\Debug\netcoreapp2.0\ModelRelief.Test.dll" adapterTypeName="executor://xunit/VsTestRunner2/netcoreapp" className="ModelRelief.Test.Integration.Projects.ProjectsBaseIntegrationTests" name="Patch_TargetPropertyIsUpdated" /></UnitTest><UnitTest name="FileRequest_MeshGenerateSetsFileIsSynchronized" storage="d:\github\modelrelief\modelrelief.test\bin\debug\netcoreapp2.0\modelrelief.test.dll" id="ff221bd2-a06d-46a1-b690-a2a81c779df0"><Execution id="f5e57cbb-2feb-4614-9166-3d8fc2967d4f" /><TestMethod codeBase="d:\Github\ModelRelief\ModelRelief.test\bin\Debug\netcoreapp2.0\ModelRelief.Test.dll" adapterTypeName="executor://xunit/VsTestRunner2/netcoreapp" className="ModelRelief.Test.Integration.Meshes.MeshesFileIntegrationTests" name="FileRequest_MeshGenerateSetsFileIsSynchronized" /></UnitTest><UnitTest name="Put_InvalidIdReturnsNotFound" storage="d:\github\modelrelief\modelrelief.test\bin\debug\netcoreapp2.0\modelrelief.test.dll" id="1563565b-b52a-4252-b97e-0aea7e14d17d"><Execution id="089c7a29-04e3-44f6-b0f6-2751efed5159" /><TestMethod codeBase="d:\Github\ModelRelief\ModelRelief.test\bin\Debug\netcoreapp2.0\ModelRelief.Test.dll" adapterTypeName="executor://xunit/VsTestRunner2/netcoreapp" className="ModelRelief.Test.Integration.Cameras.CamerasBaseIntegrationTests" name="Put_InvalidIdReturnsNotFound" /></UnitTest><UnitTest name="PutFile_NewFileCanBePut" storage="d:\github\modelrelief\modelrelief.test\bin\debug\netcoreapp2.0\modelrelief.test.dll" id="06ef9573-6711-468f-8b43-9d360973d6ab"><Execution id="88f6dcd8-ee48-4c07-9849-3a2c39aca9fb" /><TestMethod codeBase="d:\Github\ModelRelief\ModelRelief.test\bin\Debug\netcoreapp2.0\ModelRelief.Test.dll" adapterTypeName="executor://xunit/VsTestRunner2/netcoreapp" className="ModelRelief.Test.Integration.DepthBuffers.DepthBuffersFileIntegrationTests" name="PutFile_NewFileCanBePut" /></UnitTest><UnitTest name="Patch_InvalidReferencePropertyReturnsBadRequest" storage="d:\github\modelrelief\modelrelief.test\bin\debug\netcoreapp2.0\modelrelief.test.dll" id="63632dc4-d07a-4265-bb89-b3485b2692de"><Execution id="c260b405-16b7-48c2-8d54-23e066be62cf" /><TestMethod codeBase="d:\Github\ModelRelief\ModelRelief.test\bin\Debug\netcoreapp2.0\ModelRelief.Test.dll" adapterTypeName="executor://xunit/VsTestRunner2/netcoreapp" className="ModelRelief.Test.Integration.Projects.ProjectsBaseIntegrationTests" name="Patch_InvalidReferencePropertyReturnsBadRequest" /></UnitTest><UnitTest name="Put_CanUpdateModel" storage="d:\github\modelrelief\modelrelief.test\bin\debug\netcoreapp2.0\modelrelief.test.dll" id="12713ea1-d680-4f7c-9931-3576b3e7cc23"><Execution id="6a15b1b8-00ca-49af-ae51-beb986890561" /><TestMethod codeBase="d:\Github\ModelRelief\ModelRelief.test\bin\Debug\netcoreapp2.0\ModelRelief.Test.dll" adapterTypeName="executor://xunit/VsTestRunner2/netcoreapp" className="ModelRelief.Test.Integration.Meshes.MeshesBaseIntegrationTests" name="Put_CanUpdateModel" /></UnitTest><UnitTest name="Put_InvalidReferencePropertyReturndBadRequest" storage="d:\github\modelrelief\modelrelief.test\bin\debug\netcoreapp2.0\modelrelief.test.dll" id="daef8839-df8f-41ba-9ab7-e93dcca4df1e"><Execution id="e5f15f29-ff7e-44fc-a00a-305c908276d6" /><TestMethod codeBase="d:\Github\ModelRelief\ModelRelief.test\bin\Debug\netcoreapp2.0\ModelRelief.Test.dll" adapterTypeName="executor://xunit/VsTestRunner2/netcoreapp" className="ModelRelief.Test.Integration.Projects.ProjectsBaseIntegrationTests" name="Put_InvalidReferencePropertyReturndBadRequest" /></UnitTest><UnitTest name="Patch_InvalidIdPropertyReturnsNotFound" storage="d:\github\modelrelief\modelrelief.test\bin\debug\netcoreapp2.0\modelrelief.test.dll" id="d6686025-d391-4367-89ae-bc92e2368821"><Execution id="8060517f-14f7-414d-bfc9-0baaa2006d05" /><TestMethod codeBase="d:\Github\ModelRelief\ModelRelief.test\bin\Debug\netcoreapp2.0\ModelRelief.Test.dll" adapterTypeName="executor://xunit/VsTestRunner2/netcoreapp" className="ModelRelief.Test.Integration.Models.ModelsBaseIntegrationTests" name="Patch_InvalidIdPropertyReturnsNotFound" /></UnitTest><UnitTest name="Patch_InvalidPropertyNameReturnsBadRequest" storage="d:\github\modelrelief\modelrelief.test\bin\debug\netcoreapp2.0\modelrelief.test.dll" id="91c94d03-47dd-481d-8737-990f7e70ddfc"><Execution id="0f839fe6-d91a-40f7-9559-62923c8965d9" /><TestMethod codeBase="d:\Github\ModelRelief\ModelRelief.test\bin\Debug\netcoreapp2.0\ModelRelief.Test.dll" adapterTypeName="executor://xunit/VsTestRunner2/netcoreapp" className="ModelRelief.Test.Integration.Projects.ProjectsBaseIntegrationTests" name="Patch_InvalidPropertyNameReturnsBadRequest" /></UnitTest><UnitTest name="GetSingle_ValidIdPropertyValueReturnsCorrectModel" storage="d:\github\modelrelief\modelrelief.test\bin\debug\netcoreapp2.0\modelrelief.test.dll" id="f019b351-16fc-4a4c-902c-38c3c2185a83"><Execution id="76c3e7d6-aa6d-42e7-a68e-4f18677dd00c" /><TestMethod codeBase="d:\Github\ModelRelief\ModelRelief.test\bin\Debug\netcoreapp2.0\ModelRelief.Test.dll" adapterTypeName="executor://xunit/VsTestRunner2/netcoreapp" className="ModelRelief.Test.Integration.Models.ModelsBaseIntegrationTests" name="GetSingle_ValidIdPropertyValueReturnsCorrectModel" /></UnitTest><UnitTest name="Patch_InvalidIdPropertyReturnsNotFound" storage="d:\github\modelrelief\modelrelief.test\bin\debug\netcoreapp2.0\modelrelief.test.dll" id="034d6905-9d48-4fef-b029-9fd0c505550f"><Execution id="ab464976-9a4b-47aa-857b-9f8fa8ea85ef" /><TestMethod codeBase="d:\Github\ModelRelief\ModelRelief.test\bin\Debug\netcoreapp2.0\ModelRelief.Test.dll" adapterTypeName="executor://xunit/VsTestRunner2/netcoreapp" className="ModelRelief.Test.Integration.Meshes.MeshesBaseIntegrationTests" name="Patch_InvalidIdPropertyReturnsNotFound" /></UnitTest><UnitTest name="Post_ValidReferencePropertyCreatesModel" storage="d:\github\modelrelief\modelrelief.test\bin\debug\netcoreapp2.0\modelrelief.test.dll" id="003990ed-e037-4868-8768-03847615529d"><Execution id="daffd190-18dd-4861-b3d0-0532d678159c" /><TestMethod codeBase="d:\Github\ModelRelief\ModelRelief.test\bin\Debug\netcoreapp2.0\ModelRelief.Test.dll" adapterTypeName="executor://xunit/VsTestRunner2/netcoreapp" className="ModelRelief.Test.Integration.MeshTransforms.MeshTransformsBaseIntegrationTests" name="Post_ValidReferencePropertyCreatesModel" /></UnitTest><UnitTest name="Put_CanUpdateModel" storage="d:\github\modelrelief\modelrelief.test\bin\debug\netcoreapp2.0\modelrelief.test.dll" id="48816b92-c2d3-42aa-b338-020e44892981"><Execution id="b2000063-6506-46dd-98e9-abce560f34d1" /><TestMethod codeBase="d:\Github\ModelRelief\ModelRelief.test\bin\Debug\netcoreapp2.0\ModelRelief.Test.dll" adapterTypeName="executor://xunit/VsTestRunner2/netcoreapp" className="ModelRelief.Test.Integration.Cameras.CamerasBaseIntegrationTests" name="Put_CanUpdateModel" /></UnitTest><UnitTest name="Patch_InvalidIdPropertyReturnsNotFound" storage="d:\github\modelrelief\modelrelief.test\bin\debug\netcoreapp2.0\modelrelief.test.dll" id="f3fa2aae-25ab-499f-a0c1-4e47e89580c9"><Execution id="5c387d30-6758-4202-a1c2-422107b7909f" /><TestMethod codeBase="d:\Github\ModelRelief\ModelRelief.test\bin\Debug\netcoreapp2.0\ModelRelief.Test.dll" adapterTypeName="executor://xunit/VsTestRunner2/netcoreapp" className="ModelRelief.Test.Integration.MeshTransforms.MeshTransformsBaseIntegrationTests" name="Patch_InvalidIdPropertyReturnsNotFound" /></UnitTest><UnitTest name="Patch_InvalidReferencePropertyReturnsBadRequest" storage="d:\github\modelrelief\modelrelief.test\bin\debug\netcoreapp2.0\modelrelief.test.dll" id="85c3f74c-0081-4c78-996d-ba7dfcb84bb2"><Execution id="82762974-b81e-49fd-836c-54011d31a050" /><TestMethod codeBase="d:\Github\ModelRelief\ModelRelief.test\bin\Debug\netcoreapp2.0\ModelRelief.Test.dll" adapterTypeName="executor://xunit/VsTestRunner2/netcoreapp" className="ModelRelief.Test.Integration.Models.ModelsBaseIntegrationTests" name="Patch_InvalidReferencePropertyReturnsBadRequest" /></UnitTest><UnitTest name="Put_InvalidIdReturnsNotFound" storage="d:\github\modelrelief\modelrelief.test\bin\debug\netcoreapp2.0\modelrelief.test.dll" id="cd7b19d3-1d6d-42fd-9d5b-8a80e72a97b3"><Execution id="8c8a6ceb-cbbd-4ca7-a82b-42fbafc8ebf4" /><TestMethod codeBase="d:\Github\ModelRelief\ModelRelief.test\bin\Debug\netcoreapp2.0\ModelRelief.Test.dll" adapterTypeName="executor://xunit/VsTestRunner2/netcoreapp" className="ModelRelief.Test.Integration.DepthBuffers.DepthBuffersBaseIntegrationTests" name="Put_InvalidIdReturnsNotFound" /></UnitTest><UnitTest name="Post_CanCreateNewModel" storage="d:\github\modelrelief\modelrelief.test\bin\debug\netcoreapp2.0\modelrelief.test.dll" id="f7d066aa-e020-4d90-9c5f-fcf60b8d33a5"><Execution id="69a27dd2-89bb-4dce-9819-4920a0b828a7" /><TestMethod codeBase="d:\Github\ModelRelief\ModelRelief.test\bin\Debug\netcoreapp2.0\ModelRelief.Test.dll" adapterTypeName="executor://xunit/VsTestRunner2/netcoreapp" className="ModelRelief.Test.Integration.Meshes.MeshesBaseIntegrationTests" name="Post_CanCreateNewModel" /></UnitTest><UnitTest name="Patch_InvalidReferencePropertyReturnsBadRequest" storage="d:\github\modelrelief\modelrelief.test\bin\debug\netcoreapp2.0\modelrelief.test.dll" id="e4cc5ceb-bc47-4ec6-8887-e759c60676d5"><Execution id="63fa71f9-b178-4b86-a3e9-ce5db11e36d5" /><TestMethod codeBase="d:\Github\ModelRelief\ModelRelief.test\bin\Debug\netcoreapp2.0\ModelRelief.Test.dll" adapterTypeName="executor://xunit/VsTestRunner2/netcoreapp" className="ModelRelief.Test.Integration.DepthBuffers.DepthBuffersBaseIntegrationTests" name="Patch_InvalidReferencePropertyReturnsBadRequest" /></UnitTest><UnitTest name="FileRequest_FileCanBeReadAfterRename" storage="d:\github\modelrelief\modelrelief.test\bin\debug\netcoreapp2.0\modelrelief.test.dll" id="49e46ec1-d18f-436d-943f-db29fbd93f23"><Execution id="6fc62399-0eba-4661-b796-994f9768992a" /><TestMethod codeBase="d:\Github\ModelRelief\ModelRelief.test\bin\Debug\netcoreapp2.0\ModelRelief.Test.dll" adapterTypeName="executor://xunit/VsTestRunner2/netcoreapp" className="ModelRelief.Test.Integration.Meshes.MeshesFileIntegrationTests" name="FileRequest_FileCanBeReadAfterRename" /></UnitTest><UnitTest name="Put_CanUpdateModel" storage="d:\github\modelrelief\modelrelief.test\bin\debug\netcoreapp2.0\modelrelief.test.dll" id="1451232b-71bf-4ddc-a959-09255752911a"><Execution id="3e1c5dbe-0a90-4406-836b-6102f02bcdb4" /><TestMethod codeBase="d:\Github\ModelRelief\ModelRelief.test\bin\Debug\netcoreapp2.0\ModelRelief.Test.dll" adapterTypeName="executor://xunit/VsTestRunner2/netcoreapp" className="ModelRelief.Test.Integration.Projects.ProjectsBaseIntegrationTests" name="Put_CanUpdateModel" /></UnitTest><UnitTest name="Post_CanCreateNewModel" storage="d:\github\modelrelief\modelrelief.test\bin\debug\netcoreapp2.0\modelrelief.test.dll" id="489de826-a430-4858-8c91-147ec773e9a4"><Execution id="1c84a68b-26ed-41d2-acef-dd77aebbb202" /><TestMethod codeBase="d:\Github\ModelRelief\ModelRelief.test\bin\Debug\netcoreapp2.0\ModelRelief.Test.dll" adapterTypeName="executor://xunit/VsTestRunner2/netcoreapp" className="ModelRelief.Test.Integration.Cameras.CamerasBaseIntegrationTests" name="Post_CanCreateNewModel" /></UnitTest><UnitTest name="Delete_TargetModelIsDeleted" storage="d:\github\modelrelief\modelrelief.test\bin\debug\netcoreapp2.0\modelrelief.test.dll" id="d2839dca-51d9-4ab9-81c2-b942ba899ec7"><Execution id="a4d272e0-2070-4052-b96a-60ec6dff7ef8" /><TestMethod codeBase="d:\Github\ModelRelief\ModelRelief.test\bin\Debug\netcoreapp2.0\ModelRelief.Test.dll" adapterTypeName="executor://xunit/VsTestRunner2/netcoreapp" className="ModelRelief.Test.Integration.DepthBuffers.DepthBuffersBaseIntegrationTests" name="Delete_TargetModelIsDeleted" /></UnitTest><UnitTest name="GetFile_NonExistentFileReturnsNotFound" storage="d:\github\modelrelief\modelrelief.test\bin\debug\netcoreapp2.0\modelrelief.test.dll" id="3912a4ce-1753-4827-bb7b-6bc6356862b3"><Execution id="99d471b8-87df-475b-8b6d-78ce3c366696" /><TestMethod codeBase="d:\Github\ModelRelief\ModelRelief.test\bin\Debug\netcoreapp2.0\ModelRelief.Test.dll" adapterTypeName="executor://xunit/VsTestRunner2/netcoreapp" className="ModelRelief.Test.Integration.Meshes.MeshesFileIntegrationTests" name="GetFile_NonExistentFileReturnsNotFound" /></UnitTest><UnitTest name="Patch_MultipleInvalidReferencePropertiesReturnsMultipleValidationErrorsAndBadRequest" storage="d:\github\modelrelief\modelrelief.test\bin\debug\netcoreapp2.0\modelrelief.test.dll" id="105d8bb4-3a56-480e-bc20-6eda5d413670"><Execution id="b7396677-ff95-4e6d-8b99-de26291c1a52" /><TestMethod codeBase="d:\Github\ModelRelief\ModelRelief.test\bin\Debug\netcoreapp2.0\ModelRelief.Test.dll" adapterTypeName="executor://xunit/VsTestRunner2/netcoreapp" className="ModelRelief.Test.Integration.Projects.ProjectsBaseIntegrationTests" name="Patch_MultipleInvalidReferencePropertiesReturnsMultipleValidationErrorsAndBadRequest" /></UnitTest><UnitTest name="PutFile_FileCanBeUpdated" storage="d:\github\modelrelief\modelrelief.test\bin\debug\netcoreapp2.0\modelrelief.test.dll" id="0853e6ea-97e5-4e38-ac3e-5729f3a1f40b"><Execution id="cf91f4da-7787-42bf-baa2-ccfb9d685d54" /><TestMethod codeBase="d:\Github\ModelRelief\ModelRelief.test\bin\Debug\netcoreapp2.0\ModelRelief.Test.dll" adapterTypeName="executor://xunit/VsTestRunner2/netcoreapp" className="ModelRelief.Test.Integration.DepthBuffers.DepthBuffersFileIntegrationTests" name="PutFile_FileCanBeUpdated" /></UnitTest><UnitTest name="LucyModel3dHasTwoDependents" storage="d:\github\modelrelief\modelrelief.test\bin\debug\netcoreapp2.0\modelrelief.test.dll" id="3b2eec53-bf1a-44f2-b0eb-49b8bf0a7296"><Execution id="2bd7d631-6859-4365-946d-e70a1b274161" /><TestMethod codeBase="d:\Github\ModelRelief\ModelRelief.test\bin\Debug\netcoreapp2.0\ModelRelief.Test.dll" adapterTypeName="executor://xunit/VsTestRunner2/netcoreapp" className="ModelRelief.Test.Unit.DependencyManager.DependencyManagerTests" name="LucyModel3dHasTwoDependents" /></UnitTest><UnitTest name="Patch_MultipleInvalidReferencePropertiesReturnsMultipleValidationErrorsAndBadRequest" storage="d:\github\modelrelief\modelrelief.test\bin\debug\netcoreapp2.0\modelrelief.test.dll" id="cb2af17f-9055-442c-a8e2-d7a3e3861ce5"><Execution id="5e8299a7-83c4-4fa3-8d27-984474c9bedc" /><TestMethod codeBase="d:\Github\ModelRelief\ModelRelief.test\bin\Debug\netcoreapp2.0\ModelRelief.Test.dll" adapterTypeName="executor://xunit/VsTestRunner2/netcoreapp" className="ModelRelief.Test.Integration.Models.ModelsBaseIntegrationTests" name="Patch_MultipleInvalidReferencePropertiesReturnsMultipleValidationErrorsAndBadRequest" /></UnitTest><UnitTest name="PostFile_FileIsSynchronizedIsUpdatedAfterFileIsPosted" storage="d:\github\modelrelief\modelrelief.test\bin\debug\netcoreapp2.0\modelrelief.test.dll" id="c4a4dd03-4af5-4d44-9a96-aad6dcaa31c6"><Execution id="20392631-3093-4da4-b64f-47ec2d6db387" /><TestMethod codeBase="d:\Github\ModelRelief\ModelRelief.test\bin\Debug\netcoreapp2.0\ModelRelief.Test.dll" adapterTypeName="executor://xunit/VsTestRunner2/netcoreapp" className="ModelRelief.Test.Integration.DepthBuffers.DepthBuffersFileIntegrationTests" name="PostFile_FileIsSynchronizedIsUpdatedAfterFileIsPosted" /></UnitTest><UnitTest name="GetFile_ExistingFileReturnsSuccess" storage="d:\github\modelrelief\modelrelief.test\bin\debug\netcoreapp2.0\modelrelief.test.dll" id="e3785b94-5750-4cde-8281-ee63c583d166"><Execution id="20b31a7b-0fc6-487d-beb6-a46f7c2a478a" /><TestMethod codeBase="d:\Github\ModelRelief\ModelRelief.test\bin\Debug\netcoreapp2.0\ModelRelief.Test.dll" adapterTypeName="executor://xunit/VsTestRunner2/netcoreapp" className="ModelRelief.Test.Integration.Meshes.MeshesFileIntegrationTests" name="GetFile_ExistingFileReturnsSuccess" /></UnitTest><UnitTest name="Model3dHasExpectedDependentFiles" storage="d:\github\modelrelief\modelrelief.test\bin\debug\netcoreapp2.0\modelrelief.test.dll" id="08deca61-337a-44be-b02d-32b70885b44e"><Execution id="cbd570af-4ec0-4ade-9925-7110038128e9" /><TestMethod codeBase="d:\Github\ModelRelief\ModelRelief.test\bin\Debug\netcoreapp2.0\ModelRelief.Test.dll" adapterTypeName="executor://xunit/VsTestRunner2/netcoreapp" className="ModelRelief.Test.Unit.DependencyManager.DependencyManagerTests" name="Model3dHasExpectedDependentFiles" /></UnitTest><UnitTest name="GetList_ListReturnsCorrectCount" storage="d:\github\modelrelief\modelrelief.test\bin\debug\netcoreapp2.0\modelrelief.test.dll" id="d62eb0b0-1f08-4f65-8aa8-c9f3018e3f04"><Execution id="0943d3a4-69fe-4334-9244-e7ddc92f0346" /><TestMethod codeBase="d:\Github\ModelRelief\ModelRelief.test\bin\Debug\netcoreapp2.0\ModelRelief.Test.dll" adapterTypeName="executor://xunit/VsTestRunner2/netcoreapp" className="ModelRelief.Test.Integration.DepthBuffers.DepthBuffersBaseIntegrationTests" name="GetList_ListReturnsCorrectCount" /></UnitTest><UnitTest name="Delete_TargetModelIsDeleted" storage="d:\github\modelrelief\modelrelief.test\bin\debug\netcoreapp2.0\modelrelief.test.dll" id="e5ea6fbd-e2a2-48c4-9b1b-ca47465b3f1f"><Execution id="d7b91753-fbe6-4b8d-adea-7c0b530641b4" /><TestMethod codeBase="d:\Github\ModelRelief\ModelRelief.test\bin\Debug\netcoreapp2.0\ModelRelief.Test.dll" adapterTypeName="executor://xunit/VsTestRunner2/netcoreapp" className="ModelRelief.Test.Integration.Models.ModelsBaseIntegrationTests" name="Delete_TargetModelIsDeleted" /></UnitTest><UnitTest name="Put_ValidReferencePropertyUpdatesModel" storage="d:\github\modelrelief\modelrelief.test\bin\debug\netcoreapp2.0\modelrelief.test.dll" id="63f489ce-0a42-4780-af70-f26443efa31b"><Execution id="a0772b54-f815-4568-9ad1-9d15b714c1cf" /><TestMethod codeBase="d:\Github\ModelRelief\ModelRelief.test\bin\Debug\netcoreapp2.0\ModelRelief.Test.dll" adapterTypeName="executor://xunit/VsTestRunner2/netcoreapp" className="ModelRelief.Test.Integration.Models.ModelsBaseIntegrationTests" name="Put_ValidReferencePropertyUpdatesModel" /></UnitTest><UnitTest name="Post_InvalidReferencePropertyReturnsBadRequest" storage="d:\github\modelrelief\modelrelief.test\bin\debug\netcoreapp2.0\modelrelief.test.dll" id="5bc5b670-87c2-49c9-9f5e-952d6db3d961"><Execution id="976e7717-a3c2-4c16-8fc9-8d244173b352" /><TestMethod codeBase="d:\Github\ModelRelief\ModelRelief.test\bin\Debug\netcoreapp2.0\ModelRelief.Test.dll" adapterTypeName="executor://xunit/VsTestRunner2/netcoreapp" className="ModelRelief.Test.Integration.Models.ModelsBaseIntegrationTests" name="Post_InvalidReferencePropertyReturnsBadRequest" /></UnitTest><UnitTest name="Post_InvalidReferencePropertyReturnsBadRequest" storage="d:\github\modelrelief\modelrelief.test\bin\debug\netcoreapp2.0\modelrelief.test.dll" id="09894f83-0732-4615-b1dc-ff936ed40e6f"><Execution id="bd39f273-37d9-45a3-bba5-54d7afed2391" /><TestMethod codeBase="d:\Github\ModelRelief\ModelRelief.test\bin\Debug\netcoreapp2.0\ModelRelief.Test.dll" adapterTypeName="executor://xunit/VsTestRunner2/netcoreapp" className="ModelRelief.Test.Integration.MeshTransforms.MeshTransformsBaseIntegrationTests" name="Post_InvalidReferencePropertyReturnsBadRequest" /></UnitTest><UnitTest name="PostFile_FileIsSynchronizedIsUpdatedAfterFileIsPosted" storage="d:\github\modelrelief\modelrelief.test\bin\debug\netcoreapp2.0\modelrelief.test.dll" id="117f3edd-c467-4d16-97d2-779d29641c89"><Execution id="35719bee-42bd-440b-855f-20d12fae23d7" /><TestMethod codeBase="d:\Github\ModelRelief\ModelRelief.test\bin\Debug\netcoreapp2.0\ModelRelief.Test.dll" adapterTypeName="executor://xunit/VsTestRunner2/netcoreapp" className="ModelRelief.Test.Integration.Models.ModelsFileIntegrationTests" name="PostFile_FileIsSynchronizedIsUpdatedAfterFileIsPosted" /></UnitTest><UnitTest name="Put_InvalidReferencePropertyReturndBadRequest" storage="d:\github\modelrelief\modelrelief.test\bin\debug\netcoreapp2.0\modelrelief.test.dll" id="37c15ca7-f2b9-4484-89e2-7e04de734b3a"><Execution id="0648af37-4ef1-498b-a3f8-2faaf403f7dd" /><TestMethod codeBase="d:\Github\ModelRelief\ModelRelief.test\bin\Debug\netcoreapp2.0\ModelRelief.Test.dll" adapterTypeName="executor://xunit/VsTestRunner2/netcoreapp" className="ModelRelief.Test.Integration.Models.ModelsBaseIntegrationTests" name="Put_InvalidReferencePropertyReturndBadRequest" /></UnitTest><UnitTest name="FileRequest_DepthBufferIsInvalidatedAfterCameraDependencyPropertyChange" storage="d:\github\modelrelief\modelrelief.test\bin\debug\netcoreapp2.0\modelrelief.test.dll" id="12196518-fda9-430f-9bdb-d8cde18f0750"><Execution id="4b1b509d-c154-4fd7-a768-070a77b2b468" /><TestMethod codeBase="d:\Github\ModelRelief\ModelRelief.test\bin\Debug\netcoreapp2.0\ModelRelief.Test.dll" adapterTypeName="executor://xunit/VsTestRunner2/netcoreapp" className="ModelRelief.Test.Integration.DepthBuffers.DepthBuffersFileIntegrationTests" name="FileRequest_DepthBufferIsInvalidatedAfterCameraDependencyPropertyChange" /></UnitTest><UnitTest name="GetSingle_InvalidIdPropertyValueReturnsNotFound" storage="d:\github\modelrelief\modelrelief.test\bin\debug\netcoreapp2.0\modelrelief.test.dll" id="48083398-b0d6-400e-af3f-0bfeeb04ea7f"><Execution id="786c6fba-0d0d-432f-90c5-d64bc86f697c" /><TestMethod codeBase="d:\Github\ModelRelief\ModelRelief.test\bin\Debug\netcoreapp2.0\ModelRelief.Test.dll" adapterTypeName="executor://xunit/VsTestRunner2/netcoreapp" className="ModelRelief.Test.Integration.DepthBuffers.DepthBuffersBaseIntegrationTests" name="GetSingle_InvalidIdPropertyValueReturnsNotFound" /></UnitTest><UnitTest name="Put_CanUpdateModel" storage="d:\github\modelrelief\modelrelief.test\bin\debug\netcoreapp2.0\modelrelief.test.dll" id="562f86a2-32e4-4334-8de7-3f41c730082e"><Execution id="65e5298b-893c-4f81-87f8-709e5e02bc08" /><TestMethod codeBase="d:\Github\ModelRelief\ModelRelief.test\bin\Debug\netcoreapp2.0\ModelRelief.Test.dll" adapterTypeName="executor://xunit/VsTestRunner2/netcoreapp" className="ModelRelief.Test.Integration.MeshTransforms.MeshTransformsBaseIntegrationTests" name="Put_CanUpdateModel" /></UnitTest><UnitTest name="GetSingle_ValidIdPropertyValueReturnsCorrectModel" storage="d:\github\modelrelief\modelrelief.test\bin\debug\netcoreapp2.0\modelrelief.test.dll" id="9e052a6a-92c5-41aa-80a4-8766b1e3de1d"><Execution id="e8c1ba44-6df4-459d-b06c-9cf046d53347" /><TestMethod codeBase="d:\Github\ModelRelief\ModelRelief.test\bin\Debug\netcoreapp2.0\ModelRelief.Test.dll" adapterTypeName="executor://xunit/VsTestRunner2/netcoreapp" className="ModelRelief.Test.Integration.Projects.ProjectsBaseIntegrationTests" name="GetSingle_ValidIdPropertyValueReturnsCorrectModel" /></UnitTest><UnitTest name="GetSingle_ValidIdPropertyValueReturnsCorrectModel" storage="d:\github\modelrelief\modelrelief.test\bin\debug\netcoreapp2.0\modelrelief.test.dll" id="3f0b7f23-e603-4576-abc0-df959db57616"><Execution id="d86a2414-5614-4e6b-9104-6a4ebd76bea6" /><TestMethod codeBase="d:\Github\ModelRelief\ModelRelief.test\bin\Debug\netcoreapp2.0\ModelRelief.Test.dll" adapterTypeName="executor://xunit/VsTestRunner2/netcoreapp" className="ModelRelief.Test.Integration.Meshes.MeshesBaseIntegrationTests" name="GetSingle_ValidIdPropertyValueReturnsCorrectModel" /></UnitTest><UnitTest name="PutFile_NewFileCanBePut" storage="d:\github\modelrelief\modelrelief.test\bin\debug\netcoreapp2.0\modelrelief.test.dll" id="6523abf1-7725-428f-988b-17022b9a08c2"><Execution id="2893071c-3abe-4339-a7bc-2b44d408fb69" /><TestMethod codeBase="d:\Github\ModelRelief\ModelRelief.test\bin\Debug\netcoreapp2.0\ModelRelief.Test.dll" adapterTypeName="executor://xunit/VsTestRunner2/netcoreapp" className="ModelRelief.Test.Integration.Models.ModelsFileIntegrationTests" name="PutFile_NewFileCanBePut" /></UnitTest><UnitTest name="PostFile_FileIsSynchronizedIsUpdatedAfterFileIsPosted" storage="d:\github\modelrelief\modelrelief.test\bin\debug\netcoreapp2.0\modelrelief.test.dll" id="ac53bddf-75e2-44f3-910e-2e8b495f8c70"><Execution id="f0a4f9e0-d1e8-40ff-ad97-9f6c82a0e91b" /><TestMethod codeBase="d:\Github\ModelRelief\ModelRelief.test\bin\Debug\netcoreapp2.0\ModelRelief.Test.dll" adapterTypeName="executor://xunit/VsTestRunner2/netcoreapp" className="ModelRelief.Test.Integration.Meshes.MeshesFileIntegrationTests" name="PostFile_FileIsSynchronizedIsUpdatedAfterFileIsPosted" /></UnitTest><UnitTest name="GetFile_ExistingFileReturnsSuccess" storage="d:\github\modelrelief\modelrelief.test\bin\debug\netcoreapp2.0\modelrelief.test.dll" id="6b906ee1-bcf9-4c0e-b231-e23074c7ef1e"><Execution id="ab13fa3d-14db-4ab6-b6d2-93bd5ba44b40" /><TestMethod codeBase="d:\Github\ModelRelief\ModelRelief.test\bin\Debug\netcoreapp2.0\ModelRelief.Test.dll" adapterTypeName="executor://xunit/VsTestRunner2/netcoreapp" className="ModelRelief.Test.Integration.Models.ModelsFileIntegrationTests" name="GetFile_ExistingFileReturnsSuccess" /></UnitTest><UnitTest name="Post_ValidReferencePropertyCreatesModel" storage="d:\github\modelrelief\modelrelief.test\bin\debug\netcoreapp2.0\modelrelief.test.dll" id="57eab300-fe11-4fe2-9921-b5db9d27d754"><Execution id="d383ac86-db00-472b-aa60-a1bb5136acd0" /><TestMethod codeBase="d:\Github\ModelRelief\ModelRelief.test\bin\Debug\netcoreapp2.0\ModelRelief.Test.dll" adapterTypeName="executor://xunit/VsTestRunner2/netcoreapp" className="ModelRelief.Test.Integration.DepthBuffers.DepthBuffersBaseIntegrationTests" name="Post_ValidReferencePropertyCreatesModel" /></UnitTest><UnitTest name="Post_InvalidPropertyValueReturnsBadRequest" storage="d:\github\modelrelief\modelrelief.test\bin\debug\netcoreapp2.0\modelrelief.test.dll" id="cd351bdc-c274-4182-8801-a909bb84cdf1"><Execution id="34e843da-aa35-4c80-b2ee-f287afeb5223" /><TestMethod codeBase="d:\Github\ModelRelief\ModelRelief.test\bin\Debug\netcoreapp2.0\ModelRelief.Test.dll" adapterTypeName="executor://xunit/VsTestRunner2/netcoreapp" className="ModelRelief.Test.Integration.Meshes.MeshesBaseIntegrationTests" name="Post_InvalidPropertyValueReturnsBadRequest" /></UnitTest><UnitTest name="Patch_InvalidPropertyNameReturnsBadRequest" storage="d:\github\modelrelief\modelrelief.test\bin\debug\netcoreapp2.0\modelrelief.test.dll" id="2fb225be-724e-42a5-9aab-41d3b86daf2d"><Execution id="ca914263-ab7d-4bda-9234-9172f437aec5" /><TestMethod codeBase="d:\Github\ModelRelief\ModelRelief.test\bin\Debug\netcoreapp2.0\ModelRelief.Test.dll" adapterTypeName="executor://xunit/VsTestRunner2/netcoreapp" className="ModelRelief.Test.Integration.Models.ModelsBaseIntegrationTests" name="Patch_InvalidPropertyNameReturnsBadRequest" /></UnitTest><UnitTest name="Patch_InvalidPropertyNameReturnsBadRequest" storage="d:\github\modelrelief\modelrelief.test\bin\debug\netcoreapp2.0\modelrelief.test.dll" id="6501dc34-49d7-49ae-92f2-c4a829c4ad29"><Execution id="14ec60de-17bd-45ce-aa36-8ecc3823e7ea" /><TestMethod codeBase="d:\Github\ModelRelief\ModelRelief.test\bin\Debug\netcoreapp2.0\ModelRelief.Test.dll" adapterTypeName="executor://xunit/VsTestRunner2/netcoreapp" className="ModelRelief.Test.Integration.MeshTransforms.MeshTransformsBaseIntegrationTests" name="Patch_InvalidPropertyNameReturnsBadRequest" /></UnitTest><UnitTest name="Put_InvalidIdReturnsNotFound" storage="d:\github\modelrelief\modelrelief.test\bin\debug\netcoreapp2.0\modelrelief.test.dll" id="a357acec-bf9a-42e3-b9c6-9f08b690f7c2"><Execution id="ba6781f8-4fcf-41af-aed7-d2ebb5f1acfd" /><TestMethod codeBase="d:\Github\ModelRelief\ModelRelief.test\bin\Debug\netcoreapp2.0\ModelRelief.Test.dll" adapterTypeName="executor://xunit/VsTestRunner2/netcoreapp" className="ModelRelief.Test.Integration.MeshTransforms.MeshTransformsBaseIntegrationTests" name="Put_InvalidIdReturnsNotFound" /></UnitTest><UnitTest name="Patch_InvalidEnumPropertyValueReturnsBadRequest" storage="d:\github\modelrelief\modelrelief.test\bin\debug\netcoreapp2.0\modelrelief.test.dll" id="4f9fe613-e571-40a4-9dcb-21c097f63ff1"><Execution id="3b40b3c8-503a-45d3-b48c-9c66436adb5f" /><TestMethod codeBase="d:\Github\ModelRelief\ModelRelief.test\bin\Debug\netcoreapp2.0\ModelRelief.Test.dll" adapterTypeName="executor://xunit/VsTestRunner2/netcoreapp" className="ModelRelief.Test.Integration.Cameras.CamerasBaseIntegrationTests" name="Patch_InvalidEnumPropertyValueReturnsBadRequest" /></UnitTest><UnitTest name="GetFile_NonExistentFileReturnsNotFound" storage="d:\github\modelrelief\modelrelief.test\bin\debug\netcoreapp2.0\modelrelief.test.dll" id="75ad44b2-8483-4714-bac5-11e52acb4547"><Execution id="019f1ece-2aad-4308-8f10-a081a0481f3f" /><TestMethod codeBase="d:\Github\ModelRelief\ModelRelief.test\bin\Debug\netcoreapp2.0\ModelRelief.Test.dll" adapterTypeName="executor://xunit/VsTestRunner2/netcoreapp" className="ModelRelief.Test.Integration.DepthBuffers.DepthBuffersFileIntegrationTests" name="GetFile_NonExistentFileReturnsNotFound" /></UnitTest><UnitTest name="Patch_ValidReferencePropertyUpdatesModel" storage="d:\github\modelrelief\modelrelief.test\bin\debug\netcoreapp2.0\modelrelief.test.dll" id="89a5c99d-f69c-465f-a445-80a8940ef7ac"><Execution id="c0d41f23-4fd0-40a6-beaf-525aebf972b7" /><TestMethod codeBase="d:\Github\ModelRelief\ModelRelief.test\bin\Debug\netcoreapp2.0\ModelRelief.Test.dll" adapterTypeName="executor://xunit/VsTestRunner2/netcoreapp" className="ModelRelief.Test.Integration.Meshes.MeshesBaseIntegrationTests" name="Patch_ValidReferencePropertyUpdatesModel" /></UnitTest><UnitTest name="GetFile_FileCanBeRoundTripped" storage="d:\github\modelrelief\modelrelief.test\bin\debug\netcoreapp2.0\modelrelief.test.dll" id="0d7cbad7-6b27-4413-a3b2-52b3fc23e491"><Execution id="28905ffc-c0ab-4fa3-b4bb-8006bce86ece" /><TestMethod codeBase="d:\Github\ModelRelief\ModelRelief.test\bin\Debug\netcoreapp2.0\ModelRelief.Test.dll" adapterTypeName="executor://xunit/VsTestRunner2/netcoreapp" className="ModelRelief.Test.Integration.Models.ModelsFileIntegrationTests" name="GetFile_FileCanBeRoundTripped" /></UnitTest><UnitTest name="Post_InvalidReferencePropertyReturnsBadRequest" storage="d:\github\modelrelief\modelrelief.test\bin\debug\netcoreapp2.0\modelrelief.test.dll" id="0badb48d-9942-4e9e-a951-6435f87422b4"><Execution id="254c3a14-0fa3-4691-b812-46ca5b943409" /><TestMethod codeBase="d:\Github\ModelRelief\ModelRelief.test\bin\Debug\netcoreapp2.0\ModelRelief.Test.dll" adapterTypeName="executor://xunit/VsTestRunner2/netcoreapp" className="ModelRelief.Test.Integration.Meshes.MeshesBaseIntegrationTests" name="Post_InvalidReferencePropertyReturnsBadRequest" /></UnitTest><UnitTest name="Patch_InvalidEnumPropertyValueReturnsBadRequest" storage="d:\github\modelrelief\modelrelief.test\bin\debug\netcoreapp2.0\modelrelief.test.dll" id="fb8fa7ea-020f-4a1d-9841-55fb590dcf08"><Execution id="94b248ea-8ea8-4713-9485-3c3b8e39d16e" /><TestMethod codeBase="d:\Github\ModelRelief\ModelRelief.test\bin\Debug\netcoreapp2.0\ModelRelief.Test.dll" adapterTypeName="executor://xunit/VsTestRunner2/netcoreapp" className="ModelRelief.Test.Integration.Meshes.MeshesBaseIntegrationTests" name="Patch_InvalidEnumPropertyValueReturnsBadRequest" /></UnitTest><UnitTest name="GetSingle_ValidIdPropertyValueReturnsCorrectModel" storage="d:\github\modelrelief\modelrelief.test\bin\debug\netcoreapp2.0\modelrelief.test.dll" id="d5e2bc54-9e29-4735-a0a7-bfcd79b68977"><Execution id="5202edd0-9543-4238-8ec8-aaf91569989c" /><TestMethod codeBase="d:\Github\ModelRelief\ModelRelief.test\bin\Debug\netcoreapp2.0\ModelRelief.Test.dll" adapterTypeName="executor://xunit/VsTestRunner2/netcoreapp" className="ModelRelief.Test.Integration.MeshTransforms.MeshTransformsBaseIntegrationTests" name="GetSingle_ValidIdPropertyValueReturnsCorrectModel" /></UnitTest><UnitTest name="Patch_MultipleInvalidReferencePropertiesReturnsMultipleValidationErrorsAndBadRequest" storage="d:\github\modelrelief\modelrelief.test\bin\debug\netcoreapp2.0\modelrelief.test.dll" id="e4dda1b0-517c-490c-b20f-8c4ccc525c85"><Execution id="5ab64635-5122-47a7-a4ee-68f0e499b937" /><TestMethod codeBase="d:\Github\ModelRelief\ModelRelief.test\bin\Debug\netcoreapp2.0\ModelRelief.Test.dll" adapterTypeName="executor://xunit/VsTestRunner2/netcoreapp" className="ModelRelief.Test.Integration.MeshTransforms.MeshTransformsBaseIntegrationTests" name="Patch_MultipleInvalidReferencePropertiesReturnsMultipleValidationErrorsAndBadRequest" /></UnitTest><UnitTest name="Post_InvalidPropertyValueReturnsBadRequest" storage="d:\github\modelrelief\modelrelief.test\bin\debug\netcoreapp2.0\modelrelief.test.dll" id="0a5a6d9b-c613-45ea-b7e2-81a80a2dd31c"><Execution id="395414ef-4a9c-42f6-a96e-ce7e9bf0fc80" /><TestMethod codeBase="d:\Github\ModelRelief\ModelRelief.test\bin\Debug\netcoreapp2.0\ModelRelief.Test.dll" adapterTypeName="executor://xunit/VsTestRunner2/netcoreapp" className="ModelRelief.Test.Integration.Models.ModelsBaseIntegrationTests" name="Post_InvalidPropertyValueReturnsBadRequest" /></UnitTest></TestDefinitions><TestEntries><TestEntry testId="37c15ca7-f2b9-4484-89e2-7e04de734b3a" executionId="0648af37-4ef1-498b-a3f8-2faaf403f7dd" testListId="8c84fa94-04c1-424b-9868-57a2d4851a1d" /><TestEntry testId="e4dda1b0-517c-490c-b20f-8c4ccc525c85" executionId="5ab64635-5122-47a7-a4ee-68f0e499b937" testListId="8c84fa94-04c1-424b-9868-57a2d4851a1d" /><TestEntry testId="0d7cbad7-6b27-4413-a3b2-52b3fc23e491" executionId="28905ffc-c0ab-4fa3-b4bb-8006bce86ece" testListId="8c84fa94-04c1-424b-9868-57a2d4851a1d" /><TestEntry testId="06ef9573-6711-468f-8b43-9d360973d6ab" executionId="88f6dcd8-ee48-4c07-9849-3a2c39aca9fb" testListId="8c84fa94-04c1-424b-9868-57a2d4851a1d" /><TestEntry testId="3c26f24b-fa39-41e9-b1ce-4363ec97624b" executionId="bb0dcd09-594e-4b59-acc5-f4c33a94919c" testListId="8c84fa94-04c1-424b-9868-57a2d4851a1d" /><TestEntry testId="83d93d4b-2b74-49e1-a8d2-299a13b907b6" executionId="9da39c40-5b5c-4d0d-bc71-f9964766ba38" testListId="8c84fa94-04c1-424b-9868-57a2d4851a1d" /><TestEntry testId="0badb48d-9942-4e9e-a951-6435f87422b4" executionId="254c3a14-0fa3-4691-b812-46ca5b943409" testListId="8c84fa94-04c1-424b-9868-57a2d4851a1d" /><TestEntry testId="1340cb3e-99ca-4ec7-b984-ea20aee10ebe" executionId="d9c8e902-ad36-4f49-ba89-3e2da9950e8d" testListId="8c84fa94-04c1-424b-9868-57a2d4851a1d" /><TestEntry testId="49e46ec1-d18f-436d-943f-db29fbd93f23" executionId="6fc62399-0eba-4661-b796-994f9768992a" testListId="8c84fa94-04c1-424b-9868-57a2d4851a1d" /><TestEntry testId="3f0b7f23-e603-4576-abc0-df959db57616" executionId="d86a2414-5614-4e6b-9104-6a4ebd76bea6" testListId="8c84fa94-04c1-424b-9868-57a2d4851a1d" /><TestEntry testId="ea11a4be-0b67-41c5-b390-66593cbed0f7" executionId="b470026d-5a55-4bf3-a352-387582f33db5" testListId="8c84fa94-04c1-424b-9868-57a2d4851a1d" /><TestEntry testId="1a860e79-036b-49b2-a99e-b95bf53fedd5" executionId="bf735b31-2ccb-4e5c-8faa-8803b32f07ba" testListId="8c84fa94-04c1-424b-9868-57a2d4851a1d" /><TestEntry testId="f4f19572-9561-4a11-8eb7-7f9bce339fb5" executionId="8287ff57-f625-48a3-b8a9-94626b1b7978" testListId="8c84fa94-04c1-424b-9868-57a2d4851a1d" /><TestEntry testId="fcb1a8d2-f25c-494b-b364-03a3f119aef1" executionId="4fa9487f-1306-4da2-8b95-425a6100cbea" testListId="8c84fa94-04c1-424b-9868-57a2d4851a1d" /><TestEntry testId="ccfbd77e-09c8-415c-8f03-53c2ae2b14ca" executionId="881a3a85-3e69-4e24-9b11-7cfcdc663faf" testListId="8c84fa94-04c1-424b-9868-57a2d4851a1d" /><TestEntry testId="bc7f7538-4671-4e1a-85f2-c68836eb88c7" executionId="80ce1da9-fc6c-4105-8e2f-6b0e70b91a06" testListId="8c84fa94-04c1-424b-9868-57a2d4851a1d" /><TestEntry testId="1451232b-71bf-4ddc-a959-09255752911a" executionId="3e1c5dbe-0a90-4406-836b-6102f02bcdb4" testListId="8c84fa94-04c1-424b-9868-57a2d4851a1d" /><TestEntry testId="878cffbe-f930-43d8-a7d1-985fecef470c" executionId="da7c6217-5bfb-417d-ae4c-eda15c9a72e2" testListId="8c84fa94-04c1-424b-9868-57a2d4851a1d" /><TestEntry testId="d5e2bc54-9e29-4735-a0a7-bfcd79b68977" executionId="5202edd0-9543-4238-8ec8-aaf91569989c" testListId="8c84fa94-04c1-424b-9868-57a2d4851a1d" /><TestEntry testId="5d49fca5-d0a9-457d-8449-cfd6c9a6ca33" executionId="12306a4a-4c53-4f45-93ea-2e5540ee7b0b" testListId="8c84fa94-04c1-424b-9868-57a2d4851a1d" /><TestEntry testId="63f489ce-0a42-4780-af70-f26443efa31b" executionId="a0772b54-f815-4568-9ad1-9d15b714c1cf" testListId="8c84fa94-04c1-424b-9868-57a2d4851a1d" /><TestEntry testId="e8fbe026-f296-4799-b77b-189efdb8753e" executionId="f4b6a416-4920-448d-8eca-dcb6426d8fdf" testListId="8c84fa94-04c1-424b-9868-57a2d4851a1d" /><TestEntry testId="e6973edf-536c-4544-a261-ca5dc38e16b2" executionId="f535d614-3c2c-4eb7-b043-9ce711edff6f" testListId="8c84fa94-04c1-424b-9868-57a2d4851a1d" /><TestEntry testId="e0119dd9-3a51-4757-b39d-a7f9339ad5c4" executionId="2882cff7-604b-418e-a58b-5859bfe69fb7" testListId="8c84fa94-04c1-424b-9868-57a2d4851a1d" /><TestEntry testId="3ae7ed85-8168-4e85-8f89-8e0bbc23d35e" executionId="c6dba7a6-36d4-435e-bb9c-995b64e15647" testListId="8c84fa94-04c1-424b-9868-57a2d4851a1d" /><TestEntry testId="8e644054-4e41-4812-96d4-fef7cb608e03" executionId="8bb9ebb1-0dd0-4971-89ba-f76295fc2141" testListId="8c84fa94-04c1-424b-9868-57a2d4851a1d" /><TestEntry testId="12196518-fda9-430f-9bdb-d8cde18f0750" executionId="4b1b509d-c154-4fd7-a768-070a77b2b468" testListId="8c84fa94-04c1-424b-9868-57a2d4851a1d" /><TestEntry testId="12713ea1-d680-4f7c-9931-3576b3e7cc23" executionId="6a15b1b8-00ca-49af-ae51-beb986890561" testListId="8c84fa94-04c1-424b-9868-57a2d4851a1d" /><TestEntry testId="620dadc7-df61-4ae4-8d68-3ddd7da69ad5" executionId="05dea786-28d8-41a5-bb30-988fb4c2cdfa" testListId="8c84fa94-04c1-424b-9868-57a2d4851a1d" /><TestEntry testId="7215bf79-9750-4464-8d75-7ac4be69fe64" executionId="d2f5e002-2c95-4784-81c6-2fafd4dc3427" testListId="8c84fa94-04c1-424b-9868-57a2d4851a1d" /><TestEntry testId="0a5a6d9b-c613-45ea-b7e2-81a80a2dd31c" executionId="395414ef-4a9c-42f6-a96e-ce7e9bf0fc80" testListId="8c84fa94-04c1-424b-9868-57a2d4851a1d" /><TestEntry testId="b8de6217-f254-46d3-82a7-954b074cfe90" executionId="f06ea9d3-4f72-41f9-86ea-7dd15747f73f" testListId="8c84fa94-04c1-424b-9868-57a2d4851a1d" /><TestEntry testId="ed1662f9-3fe2-4faa-bea0-c9f16c4816d8" executionId="dd2a23cb-d73f-44df-9e22-cee56a450457" testListId="8c84fa94-04c1-424b-9868-57a2d4851a1d" /><TestEntry testId="3b2eec53-bf1a-44f2-b0eb-49b8bf0a7296" executionId="2bd7d631-6859-4365-946d-e70a1b274161" testListId="8c84fa94-04c1-424b-9868-57a2d4851a1d" /><TestEntry testId="e5ea6fbd-e2a2-48c4-9b1b-ca47465b3f1f" executionId="d7b91753-fbe6-4b8d-adea-7c0b530641b4" testListId="8c84fa94-04c1-424b-9868-57a2d4851a1d" /><TestEntry testId="91c94d03-47dd-481d-8737-990f7e70ddfc" executionId="0f839fe6-d91a-40f7-9559-62923c8965d9" testListId="8c84fa94-04c1-424b-9868-57a2d4851a1d" /><TestEntry testId="31a4bf3c-fd9a-4741-9961-d76af662e80d" executionId="06d08629-b5b5-42ca-a1b5-d354b7674e7d" testListId="8c84fa94-04c1-424b-9868-57a2d4851a1d" /><TestEntry testId="0124c333-aa1e-4e59-ad1e-50af29385fcd" executionId="496860a2-f6e3-4424-a61c-17306f589531" testListId="8c84fa94-04c1-424b-9868-57a2d4851a1d" /><TestEntry testId="055ae17f-ec32-44ac-809a-e84e1a0d3915" executionId="3a70139f-8865-4a60-80e4-19c911d16c37" testListId="8c84fa94-04c1-424b-9868-57a2d4851a1d" /><TestEntry testId="5bc5b670-87c2-49c9-9f5e-952d6db3d961" executionId="976e7717-a3c2-4c16-8fc9-8d244173b352" testListId="8c84fa94-04c1-424b-9868-57a2d4851a1d" /><TestEntry testId="1ed9f508-713c-42ef-a0d6-278fb53b0ea5" executionId="aba1f415-062f-4d94-929e-625dc5786711" testListId="8c84fa94-04c1-424b-9868-57a2d4851a1d" /><TestEntry testId="08deca61-337a-44be-b02d-32b70885b44e" executionId="cbd570af-4ec0-4ade-9925-7110038128e9" testListId="8c84fa94-04c1-424b-9868-57a2d4851a1d" /><TestEntry testId="65c187b3-edd6-469b-a86f-2e3fc7040f39" executionId="84e5c21c-cf6d-4303-931c-dd236adc0f8e" testListId="8c84fa94-04c1-424b-9868-57a2d4851a1d" /><TestEntry testId="5cda5635-0a17-4282-8e75-1ccbf56cdab8" executionId="5e6c1933-bf93-48fe-ba0a-52e771833424" testListId="8c84fa94-04c1-424b-9868-57a2d4851a1d" /><TestEntry testId="4929008f-26e0-447e-9dba-be43b3ce1116" executionId="d86cfeeb-6610-4771-8991-2f6b6c250a6b" testListId="8c84fa94-04c1-424b-9868-57a2d4851a1d" /><TestEntry testId="dc4f0565-162c-4cd4-b62c-1541bcf6eb51" executionId="9b2990a1-047b-4525-a291-31baa2176e50" testListId="8c84fa94-04c1-424b-9868-57a2d4851a1d" /><TestEntry testId="e3785b94-5750-4cde-8281-ee63c583d166" executionId="20b31a7b-0fc6-487d-beb6-a46f7c2a478a" testListId="8c84fa94-04c1-424b-9868-57a2d4851a1d" /><TestEntry testId="f4bb56b4-173e-4c63-bd4a-6ec1e8114ca5" executionId="ad6601a5-ab0b-4ffe-9d8f-4820bfb47dfa" testListId="8c84fa94-04c1-424b-9868-57a2d4851a1d" /><TestEntry testId="0853e6ea-97e5-4e38-ac3e-5729f3a1f40b" executionId="cf91f4da-7787-42bf-baa2-ccfb9d685d54" testListId="8c84fa94-04c1-424b-9868-57a2d4851a1d" /><TestEntry testId="a357acec-bf9a-42e3-b9c6-9f08b690f7c2" executionId="ba6781f8-4fcf-41af-aed7-d2ebb5f1acfd" testListId="8c84fa94-04c1-424b-9868-57a2d4851a1d" /><TestEntry testId="d2839dca-51d9-4ab9-81c2-b942ba899ec7" executionId="a4d272e0-2070-4052-b96a-60ec6dff7ef8" testListId="8c84fa94-04c1-424b-9868-57a2d4851a1d" /><TestEntry testId="855623ad-f9c2-40ec-aa4b-bd1fd6c559a4" executionId="7d34c38e-d867-424e-8bd0-73d94240997b" testListId="8c84fa94-04c1-424b-9868-57a2d4851a1d" /><TestEntry testId="85c3f74c-0081-4c78-996d-ba7dfcb84bb2" executionId="82762974-b81e-49fd-836c-54011d31a050" testListId="8c84fa94-04c1-424b-9868-57a2d4851a1d" /><TestEntry testId="57eab300-fe11-4fe2-9921-b5db9d27d754" executionId="d383ac86-db00-472b-aa60-a1bb5136acd0" testListId="8c84fa94-04c1-424b-9868-57a2d4851a1d" /><TestEntry testId="d6686025-d391-4367-89ae-bc92e2368821" executionId="8060517f-14f7-414d-bfc9-0baaa2006d05" testListId="8c84fa94-04c1-424b-9868-57a2d4851a1d" /><TestEntry testId="c5b29c5c-83de-4476-824d-f79e39115c84" executionId="63d9040b-7e69-43f4-b8e2-17d5ea1cc24f" testListId="8c84fa94-04c1-424b-9868-57a2d4851a1d" /><TestEntry testId="cd351bdc-c274-4182-8801-a909bb84cdf1" executionId="34e843da-aa35-4c80-b2ee-f287afeb5223" testListId="8c84fa94-04c1-424b-9868-57a2d4851a1d" /><TestEntry testId="81c1e75f-5822-4a45-8bc0-cb7a8b1a47a5" executionId="f2a09c7c-aef7-4882-85fa-3802fc4dbcbf" testListId="8c84fa94-04c1-424b-9868-57a2d4851a1d" /><TestEntry testId="71142825-8570-4fa6-a604-6e0dc4b75b19" executionId="540468a0-56f2-48d3-8f9f-33c42b5ce9a9" testListId="8c84fa94-04c1-424b-9868-57a2d4851a1d" /><TestEntry testId="f7d066aa-e020-4d90-9c5f-fcf60b8d33a5" executionId="69a27dd2-89bb-4dce-9819-4920a0b828a7" testListId="8c84fa94-04c1-424b-9868-57a2d4851a1d" /><TestEntry testId="6be30f49-54fd-42ae-8832-17c4aa409cbc" executionId="6d941c49-f30a-418f-a76d-6c849043f688" testListId="8c84fa94-04c1-424b-9868-57a2d4851a1d" /><TestEntry testId="fb8fa7ea-020f-4a1d-9841-55fb590dcf08" executionId="94b248ea-8ea8-4713-9485-3c3b8e39d16e" testListId="8c84fa94-04c1-424b-9868-57a2d4851a1d" /><TestEntry testId="55628884-a352-4a40-acc5-be35b73d861b" executionId="57496a39-7768-4d2c-9556-a8da396dbab0" testListId="8c84fa94-04c1-424b-9868-57a2d4851a1d" /><TestEntry testId="843985fa-8d54-4c21-a036-10754bc49188" executionId="4ad446e2-6862-418c-80f0-130f3227d789" testListId="8c84fa94-04c1-424b-9868-57a2d4851a1d" /><TestEntry testId="31802e8e-5294-4155-aae3-78439e3b3010" executionId="a14b3f8e-76b4-48be-a83b-6864043fbbf9" testListId="8c84fa94-04c1-424b-9868-57a2d4851a1d" /><TestEntry testId="117f3edd-c467-4d16-97d2-779d29641c89" executionId="35719bee-42bd-440b-855f-20d12fae23d7" testListId="8c84fa94-04c1-424b-9868-57a2d4851a1d" /><TestEntry testId="ff221bd2-a06d-46a1-b690-a2a81c779df0" executionId="f5e57cbb-2feb-4614-9166-3d8fc2967d4f" testListId="8c84fa94-04c1-424b-9868-57a2d4851a1d" /><TestEntry testId="ac53bddf-75e2-44f3-910e-2e8b495f8c70" executionId="f0a4f9e0-d1e8-40ff-ad97-9f6c82a0e91b" testListId="8c84fa94-04c1-424b-9868-57a2d4851a1d" /><TestEntry testId="aa63dfbf-34d0-45a7-80c1-62ccf10ccdb1" executionId="6d912741-def2-4218-8edb-e8b00255b643" testListId="8c84fa94-04c1-424b-9868-57a2d4851a1d" /><TestEntry testId="a2741395-4b2d-47df-9294-27adf833667b" executionId="4a2aefa1-19dc-418f-abca-4f02376e7e81" testListId="8c84fa94-04c1-424b-9868-57a2d4851a1d" /><TestEntry testId="89a5c99d-f69c-465f-a445-80a8940ef7ac" executionId="c0d41f23-4fd0-40a6-beaf-525aebf972b7" testListId="8c84fa94-04c1-424b-9868-57a2d4851a1d" /><TestEntry testId="08ef51ab-d2af-4b17-a3a9-fa536df39b20" executionId="a36673e4-5529-4e48-8692-cd80969e6bba" testListId="8c84fa94-04c1-424b-9868-57a2d4851a1d" /><TestEntry testId="70703fdd-6bc1-4f57-89c1-9d8f5da89fd9" executionId="76915f34-8d57-408a-bcfe-4d7b89f2d370" testListId="8c84fa94-04c1-424b-9868-57a2d4851a1d" /><TestEntry testId="f03cf0d4-cdc2-4e44-9940-6d07434623a8" executionId="f4969a5f-d4db-492a-bf35-c64ff59a4636" testListId="8c84fa94-04c1-424b-9868-57a2d4851a1d" /><TestEntry testId="4aaee401-c2de-469b-988d-e27bf9df1669" executionId="a53fe235-9c8c-40ac-97b6-c86acae8c190" testListId="8c84fa94-04c1-424b-9868-57a2d4851a1d" /><TestEntry testId="cbab51c9-7d4c-4045-879d-f04d646ce42a" executionId="c4f8070f-485c-4d5c-ab78-8d9b9e0a050e" testListId="8c84fa94-04c1-424b-9868-57a2d4851a1d" /><TestEntry testId="1973974d-6998-40c9-99b2-27421a9463bb" executionId="999ba662-f424-4822-aafe-1c0e0ffbee8e" testListId="8c84fa94-04c1-424b-9868-57a2d4851a1d" /><TestEntry testId="489de826-a430-4858-8c91-147ec773e9a4" executionId="1c84a68b-26ed-41d2-acef-dd77aebbb202" testListId="8c84fa94-04c1-424b-9868-57a2d4851a1d" /><TestEntry testId="d204a0b7-e363-4480-adda-35dd7ddb78f8" executionId="2e473ca1-4169-4635-a926-324a5d972528" testListId="8c84fa94-04c1-424b-9868-57a2d4851a1d" /><TestEntry testId="cd7b19d3-1d6d-42fd-9d5b-8a80e72a97b3" executionId="8c8a6ceb-cbbd-4ca7-a82b-42fbafc8ebf4" testListId="8c84fa94-04c1-424b-9868-57a2d4851a1d" /><TestEntry testId="3912a4ce-1753-4827-bb7b-6bc6356862b3" executionId="99d471b8-87df-475b-8b6d-78ce3c366696" testListId="8c84fa94-04c1-424b-9868-57a2d4851a1d" /><TestEntry testId="1563565b-b52a-4252-b97e-0aea7e14d17d" executionId="089c7a29-04e3-44f6-b0f6-2751efed5159" testListId="8c84fa94-04c1-424b-9868-57a2d4851a1d" /><TestEntry testId="1b010be4-86dc-48dc-b76d-1406be7ef1fb" executionId="16704459-ced7-4beb-a93f-9d9b187f9afd" testListId="8c84fa94-04c1-424b-9868-57a2d4851a1d" /><TestEntry testId="9e052a6a-92c5-41aa-80a4-8766b1e3de1d" executionId="e8c1ba44-6df4-459d-b06c-9cf046d53347" testListId="8c84fa94-04c1-424b-9868-57a2d4851a1d" /><TestEntry testId="d5d5679d-f5c7-47af-a219-a51d4863d9bc" executionId="6c3de6f1-499d-45ae-a8fd-d3e1d7a8cf10" testListId="8c84fa94-04c1-424b-9868-57a2d4851a1d" /><TestEntry testId="4ebb30d6-3bb6-4ccc-8c1c-c4a0839b0af4" executionId="9d05eb0a-a923-434e-a857-67eb9f4c87ad" testListId="8c84fa94-04c1-424b-9868-57a2d4851a1d" /><TestEntry testId="f52e9db1-2609-4408-b88c-bd8493b50f15" executionId="460fc64f-f7b6-4541-9d11-c72fc68d2c25" testListId="8c84fa94-04c1-424b-9868-57a2d4851a1d" /><TestEntry testId="650770f4-d650-4901-9e4d-0696decc8313" executionId="75b73bda-a8bf-4bfc-a5a1-3f76c1746173" testListId="8c84fa94-04c1-424b-9868-57a2d4851a1d" /><TestEntry testId="427bf4a0-6d85-4ad5-8410-1caa1a7457bd" executionId="807237ea-850c-416c-a565-9a678810cf5c" testListId="8c84fa94-04c1-424b-9868-57a2d4851a1d" /><TestEntry testId="d62eb0b0-1f08-4f65-8aa8-c9f3018e3f04" executionId="0943d3a4-69fe-4334-9244-e7ddc92f0346" testListId="8c84fa94-04c1-424b-9868-57a2d4851a1d" /><TestEntry testId="48816b92-c2d3-42aa-b338-020e44892981" executionId="b2000063-6506-46dd-98e9-abce560f34d1" testListId="8c84fa94-04c1-424b-9868-57a2d4851a1d" /><TestEntry testId="4f9fe613-e571-40a4-9dcb-21c097f63ff1" executionId="3b40b3c8-503a-45d3-b48c-9c66436adb5f" testListId="8c84fa94-04c1-424b-9868-57a2d4851a1d" /><TestEntry testId="06b92066-64c9-4bea-be9a-6a1abed3e3cd" executionId="48dbda5a-df52-4494-92e5-36e802e7b40e" testListId="8c84fa94-04c1-424b-9868-57a2d4851a1d" /><TestEntry testId="289aad5e-76ce-4d15-a4c6-8003e54a43a8" executionId="69b8f3a9-7e4e-4298-9b8d-f0a9c8a7ba7c" testListId="8c84fa94-04c1-424b-9868-57a2d4851a1d" /><TestEntry testId="e53892af-42d4-4a8d-83aa-6df98ea43eb6" executionId="d99804c9-d21f-4185-8d47-5284fe45f648" testListId="8c84fa94-04c1-424b-9868-57a2d4851a1d" /><TestEntry testId="2fb225be-724e-42a5-9aab-41d3b86daf2d" executionId="ca914263-ab7d-4bda-9234-9172f437aec5" testListId="8c84fa94-04c1-424b-9868-57a2d4851a1d" /><TestEntry testId="075a8691-0a49-4128-b0cc-876692dec2bc" executionId="8151b30b-ae0e-4e5d-859d-c0ca8e972061" testListId="8c84fa94-04c1-424b-9868-57a2d4851a1d" /><TestEntry testId="ac75da49-4128-41da-b795-f54a84bd5b43" executionId="c2a25a55-1310-4358-a07a-735963ccc949" testListId="8c84fa94-04c1-424b-9868-57a2d4851a1d" /><TestEntry testId="f019b351-16fc-4a4c-902c-38c3c2185a83" executionId="76c3e7d6-aa6d-42e7-a68e-4f18677dd00c" testListId="8c84fa94-04c1-424b-9868-57a2d4851a1d" /><TestEntry testId="7512bbb7-698d-4294-b65e-b838325e009c" executionId="2952470f-5fb4-40a5-91e8-e0e316228677" testListId="8c84fa94-04c1-424b-9868-57a2d4851a1d" /><TestEntry testId="348c4d0a-ab20-48b2-8c43-31e54e2599de" executionId="ba02b7bf-d335-4962-b9a3-ca17a4919c3a" testListId="8c84fa94-04c1-424b-9868-57a2d4851a1d" /><TestEntry testId="6b906ee1-bcf9-4c0e-b231-e23074c7ef1e" executionId="ab13fa3d-14db-4ab6-b6d2-93bd5ba44b40" testListId="8c84fa94-04c1-424b-9868-57a2d4851a1d" /><TestEntry testId="b017e2e3-7855-4c97-aa8d-77a245b25c2e" executionId="c58ced3b-84ea-45b8-9baa-bf7ffb60f72d" testListId="8c84fa94-04c1-424b-9868-57a2d4851a1d" /><TestEntry testId="edbc5382-4d06-4edd-aab9-75939887b5af" executionId="c8583a88-03f4-4c4b-8843-493d837a9aed" testListId="8c84fa94-04c1-424b-9868-57a2d4851a1d" /><TestEntry testId="ad39b107-54a4-4e49-824f-384e591f000c" executionId="2bcd77df-cab7-4e9d-927e-f25c8b73c6e9" testListId="8c84fa94-04c1-424b-9868-57a2d4851a1d" /><TestEntry testId="36c5da76-64a9-4eb9-8d60-a5f490720399" executionId="9a6d804b-6b6e-4216-b73d-c6ded5577684" testListId="8c84fa94-04c1-424b-9868-57a2d4851a1d" /><TestEntry testId="61f3dbd8-d3ae-444f-ad3f-311a12abe414" executionId="b493d726-11a5-4934-a6a9-286579709f44" testListId="8c84fa94-04c1-424b-9868-57a2d4851a1d" /><TestEntry testId="105d8bb4-3a56-480e-bc20-6eda5d413670" executionId="b7396677-ff95-4e6d-8b99-de26291c1a52" testListId="8c84fa94-04c1-424b-9868-57a2d4851a1d" /><TestEntry testId="d10ebf25-0f24-437d-9227-d34f47676686" executionId="a3018c0c-4755-4264-bff1-4966f4aabfa3" testListId="8c84fa94-04c1-424b-9868-57a2d4851a1d" /><TestEntry testId="969c9e26-f2cc-4818-9f69-3dcbb5347053" executionId="d784726e-adb9-42a2-b619-83dd83c2f5db" testListId="8c84fa94-04c1-424b-9868-57a2d4851a1d" /><TestEntry testId="848ee8e0-b248-4591-a0a7-2d78e0435b2d" executionId="a8047e0d-2178-4220-9923-0a847a1a5c70" testListId="8c84fa94-04c1-424b-9868-57a2d4851a1d" /><TestEntry testId="6523abf1-7725-428f-988b-17022b9a08c2" executionId="2893071c-3abe-4339-a7bc-2b44d408fb69" testListId="8c84fa94-04c1-424b-9868-57a2d4851a1d" /><TestEntry testId="09894f83-0732-4615-b1dc-ff936ed40e6f" executionId="bd39f273-37d9-45a3-bba5-54d7afed2391" testListId="8c84fa94-04c1-424b-9868-57a2d4851a1d" /><TestEntry testId="3080651b-866e-4fd6-8f67-69586586354c" executionId="d9aea2a9-b66f-4976-b659-40ddde05791c" testListId="8c84fa94-04c1-424b-9868-57a2d4851a1d" /><TestEntry testId="db81ee07-9232-4aec-a959-7b632f52f14f" executionId="86c98423-d8e3-4ee8-89dd-0c491fdf90aa" testListId="8c84fa94-04c1-424b-9868-57a2d4851a1d" /><TestEntry testId="89b7742e-b9c1-4c23-abe2-1f265de87d5a" executionId="24361989-669f-49da-a13b-186159b4ac02" testListId="8c84fa94-04c1-424b-9868-57a2d4851a1d" /><TestEntry testId="cb2af17f-9055-442c-a8e2-d7a3e3861ce5" executionId="5e8299a7-83c4-4fa3-8d27-984474c9bedc" testListId="8c84fa94-04c1-424b-9868-57a2d4851a1d" /><TestEntry testId="eb6f67cf-a260-42bd-b57b-addc0897214d" executionId="8a4f2039-cd8c-43fe-a909-c92e3ac33062" testListId="8c84fa94-04c1-424b-9868-57a2d4851a1d" /><TestEntry testId="40372d31-373d-4613-b72c-d25ce4929bb1" executionId="7447571e-b7ea-47f8-ac09-7486e83f6880" testListId="8c84fa94-04c1-424b-9868-57a2d4851a1d" /><TestEntry testId="b6a63e6f-fba9-4184-93b5-91f04f659567" executionId="d255483d-f3bf-4f5c-8d65-2cef2b5b2f7f" testListId="8c84fa94-04c1-424b-9868-57a2d4851a1d" /><TestEntry testId="abb112ab-8430-44d1-b010-ab99d9c32506" executionId="e8f366f1-88b5-4835-b0c2-374f7234fdc3" testListId="8c84fa94-04c1-424b-9868-57a2d4851a1d" /><TestEntry testId="c4a4dd03-4af5-4d44-9a96-aad6dcaa31c6" executionId="20392631-3093-4da4-b64f-47ec2d6db387" testListId="8c84fa94-04c1-424b-9868-57a2d4851a1d" /><TestEntry testId="d584095e-85b1-4402-be7b-110fcade90f1" executionId="a615321d-260e-4f95-b580-2638ddb83189" testListId="8c84fa94-04c1-424b-9868-57a2d4851a1d" /><TestEntry testId="e4cc5ceb-bc47-4ec6-8887-e759c60676d5" executionId="63fa71f9-b178-4b86-a3e9-ce5db11e36d5" testListId="8c84fa94-04c1-424b-9868-57a2d4851a1d" /><TestEntry testId="6501dc34-49d7-49ae-92f2-c4a829c4ad29" executionId="14ec60de-17bd-45ce-aa36-8ecc3823e7ea" testListId="8c84fa94-04c1-424b-9868-57a2d4851a1d" /><TestEntry testId="b3c15094-2f6d-4d00-a3f9-3c16aeacda2f" executionId="714a4005-77c3-49e1-b515-23592c03dc84" testListId="8c84fa94-04c1-424b-9868-57a2d4851a1d" /><TestEntry testId="e822b1a6-6e99-4b8d-9de7-031b873b37b6" executionId="cdb6876a-59ee-4c04-bfd3-8b3cc99156ea" testListId="8c84fa94-04c1-424b-9868-57a2d4851a1d" /><TestEntry testId="daef8839-df8f-41ba-9ab7-e93dcca4df1e" executionId="e5f15f29-ff7e-44fc-a00a-305c908276d6" testListId="8c84fa94-04c1-424b-9868-57a2d4851a1d" /><TestEntry testId="f3fa2aae-25ab-499f-a0c1-4e47e89580c9" executionId="5c387d30-6758-4202-a1c2-422107b7909f" testListId="8c84fa94-04c1-424b-9868-57a2d4851a1d" /><TestEntry testId="e9457e60-f2fd-4981-be00-9adf64b47d0c" executionId="8108dbab-1972-4ac8-b3b7-936dda544a46" testListId="8c84fa94-04c1-424b-9868-57a2d4851a1d" /><TestEntry testId="3054944b-6a83-4f5b-a2e5-f25289821e5a" executionId="db6bab01-3d60-40bf-8c45-a672e5b408e6" testListId="8c84fa94-04c1-424b-9868-57a2d4851a1d" /><TestEntry testId="45b40075-b279-47b8-ad80-dd2e00944ee2" executionId="6e0f8ea4-538c-42f8-bc5b-4fe3fc939c2a" testListId="8c84fa94-04c1-424b-9868-57a2d4851a1d" /><TestEntry testId="562f86a2-32e4-4334-8de7-3f41c730082e" executionId="65e5298b-893c-4f81-87f8-709e5e02bc08" testListId="8c84fa94-04c1-424b-9868-57a2d4851a1d" /><TestEntry testId="df4ecf46-0c41-40ae-9d7d-0b0ef0e95592" executionId="edabb440-4419-44d3-b660-f99c0d3f3d86" testListId="8c84fa94-04c1-424b-9868-57a2d4851a1d" /><TestEntry testId="86039cbf-85ca-42f4-92d0-3983cbf38822" executionId="083c46b8-ecd2-4b9e-9d98-7c6b000d7f5c" testListId="8c84fa94-04c1-424b-9868-57a2d4851a1d" /><TestEntry testId="59345513-0fd2-4fb3-87fb-68b744974fac" executionId="cb8aca7c-5653-45bb-aa86-66d816f34d0d" testListId="8c84fa94-04c1-424b-9868-57a2d4851a1d" /><TestEntry testId="63632dc4-d07a-4265-bb89-b3485b2692de" executionId="c260b405-16b7-48c2-8d54-23e066be62cf" testListId="8c84fa94-04c1-424b-9868-57a2d4851a1d" /><TestEntry testId="07e42737-788b-4c82-90c4-36533ed89687" executionId="6aac08ba-4b00-4e99-8be2-b4a3f158f39d" testListId="8c84fa94-04c1-424b-9868-57a2d4851a1d" /><TestEntry testId="81229ae0-dd65-4e76-9182-6ca9f6846e71" executionId="6e1fb09b-a616-4679-8673-5507f10c3853" testListId="8c84fa94-04c1-424b-9868-57a2d4851a1d" /><TestEntry testId="75ad44b2-8483-4714-bac5-11e52acb4547" executionId="019f1ece-2aad-4308-8f10-a081a0481f3f" testListId="8c84fa94-04c1-424b-9868-57a2d4851a1d" /><TestEntry testId="b0b30434-8a9e-41b4-b801-42d8d180c0eb" executionId="97243d55-39a2-409e-8d89-97805af31d78" testListId="8c84fa94-04c1-424b-9868-57a2d4851a1d" /><TestEntry testId="40c38fed-ad16-49b6-bcd5-5ce60c4fd86c" executionId="20d64738-eba8-483e-bcaa-2864e800a2eb" testListId="8c84fa94-04c1-424b-9868-57a2d4851a1d" /><TestEntry testId="48083398-b0d6-400e-af3f-0bfeeb04ea7f" executionId="786c6fba-0d0d-432f-90c5-d64bc86f697c" testListId="8c84fa94-04c1-424b-9868-57a2d4851a1d" /><TestEntry testId="003990ed-e037-4868-8768-03847615529d" executionId="daffd190-18dd-4861-b3d0-0532d678159c" testListId="8c84fa94-04c1-424b-9868-57a2d4851a1d" /><TestEntry testId="3024b3da-0783-4e8f-b07b-5978c7eb0685" executionId="012f5c82-fe52-4143-afc7-947a0c7e4101" testListId="8c84fa94-04c1-424b-9868-57a2d4851a1d" /><TestEntry testId="c2ab0d24-045d-444c-b99b-c61e5368fba8" executionId="022f46bb-82fd-40fb-937d-a4d481ac1b6a" testListId="8c84fa94-04c1-424b-9868-57a2d4851a1d" /><TestEntry testId="ecf0a74b-beb0-4428-8163-fc36ca341b53" executionId="94a93d19-0661-40af-8085-20e29b46d6e4" testListId="8c84fa94-04c1-424b-9868-57a2d4851a1d" /><TestEntry testId="28aba90d-f4f9-4d78-b80e-757aa65574e9" executionId="05bca3b6-c64c-41a2-a7b3-ce634e32b2d8" testListId="8c84fa94-04c1-424b-9868-57a2d4851a1d" /><TestEntry testId="034d6905-9d48-4fef-b029-9fd0c505550f" executionId="ab464976-9a4b-47aa-857b-9f8fa8ea85ef" testListId="8c84fa94-04c1-424b-9868-57a2d4851a1d" /><TestEntry testId="9e2cddd2-e602-4053-b303-4a3fb49ab7c3" executionId="c28d3af9-c0f5-4581-bcb6-58f3c0d9d7ff" testListId="8c84fa94-04c1-424b-9868-57a2d4851a1d" /><TestEntry testId="16579574-5143-4391-8acb-e788d0661c40" executionId="fd1264ac-ac49-4a5c-ac8f-d858f63f83f6" testListId="8c84fa94-04c1-424b-9868-57a2d4851a1d" /></TestEntries><TestLists><TestList name="Results Not in a List" id="8c84fa94-04c1-424b-9868-57a2d4851a1d" /><TestList name="All Loaded Results" id="19431567-8539-422a-85d7-44ee4e166bda" /></TestLists><ResultSummary outcome="Completed"><Counters total="151" executed="151" passed="151" failed="0" error="0" timeout="0" aborted="0" inconclusive="0" passedButRunAborted="0" notRunnable="0" notExecuted="0" disconnected="0" warning="0" completed="0" inProgress="0" pending="0" /><Output><StdOut>[xUnit.net 00:00:01.8277436]   Discovering: ModelRelief.Test[xUnit.net 00:00:01.9786628]   Discovered:  ModelRelief.Test[xUnit.net 00:00:01.9888803]   Starting:    ModelRelief.Test[xUnit.net 00:00:44.0359291]   Finished:    ModelRelief.Test</StdOut></Output></ResultSummary></TestRun>