<?xml version="1.0" encoding="utf-8"?><TestRun id="b6ca1c5e-1ade-45d3-8a12-4ca3a7c35fd2" name="Steve Knipmeyer@VECTOR 2018-07-19 16:43:59" runUser="VECTOR\Steve Knipmeyer" xmlns="http://microsoft.com/schemas/VisualStudio/TeamTest/2010"><Times creation="2018-07-19T16:43:59.1285476-04:00" queuing="2018-07-19T16:43:59.1285629-04:00" start="2018-07-19T16:43:54.7403755-04:00" finish="2018-07-19T16:44:14.9052435-04:00" /><TestSettings name="default" id="99a50613-1988-455a-9b31-0631404babd9"><Deployment runDeploymentRoot="Steve_Knipmeyer_VECTOR_2018-07-19_16_43_59" /></TestSettings><Results><UnitTestResult executionId="9dc98a94-cd11-4429-aee1-f3c3ae8e364a" testId="e0a7f115-8dba-4096-8865-106d904fb12f" testName="Put_CanUpdateModel" computerName="VECTOR" duration="00:00:00.4180000" startTime="2018-07-19T16:44:03.5333877-04:00" endTime="2018-07-19T16:44:03.5333945-04:00" testType="13cdc9d9-ddb5-4fa4-a97d-d965ccfc6d4b" outcome="Passed" testListId="8c84fa94-04c1-424b-9868-57a2d4851a1d" relativeResultsDirectory="9dc98a94-cd11-4429-aee1-f3c3ae8e364a" /><UnitTestResult executionId="c324c70a-86c8-461e-8979-ad23d9739e74" testId="444c6767-2817-4092-a4d4-992383fdea6c" testName="Patch_InvalidReferencePropertyReturnsBadRequest" computerName="VECTOR" duration="00:00:00.0200000" startTime="2018-07-19T16:44:00.5018447-04:00" endTime="2018-07-19T16:44:00.5018504-04:00" testType="13cdc9d9-ddb5-4fa4-a97d-d965ccfc6d4b" outcome="Passed" testListId="8c84fa94-04c1-424b-9868-57a2d4851a1d" relativeResultsDirectory="c324c70a-86c8-461e-8979-ad23d9739e74" /><UnitTestResult executionId="0ba6b155-f3d1-4305-b2e8-f0a4c4e5a652" testId="def28532-43e6-4f34-a334-bbcb94309662" testName="Patch_ValidReferencePropertyUpdatesModel" computerName="VECTOR" duration="00:00:00.0400000" startTime="2018-07-19T16:44:12.4581174-04:00" endTime="2018-07-19T16:44:12.4581245-04:00" testType="13cdc9d9-ddb5-4fa4-a97d-d965ccfc6d4b" outcome="Passed" testListId="8c84fa94-04c1-424b-9868-57a2d4851a1d" relativeResultsDirectory="0ba6b155-f3d1-4305-b2e8-f0a4c4e5a652" /><UnitTestResult executionId="01e67dae-2e3a-45f8-9dab-05ad2c57b85e" testId="402c28ce-9cfe-495c-bbf7-62069031b0db" testName="Post_InvalidPropertyValueReturnsBadRequest" computerName="VECTOR" duration="00:00:00.0030000" startTime="2018-07-19T16:44:01.4894996-04:00" endTime="2018-07-19T16:44:01.4895021-04:00" testType="13cdc9d9-ddb5-4fa4-a97d-d965ccfc6d4b" outcome="Passed" testListId="8c84fa94-04c1-424b-9868-57a2d4851a1d" relativeResultsDirectory="01e67dae-2e3a-45f8-9dab-05ad2c57b85e" /><UnitTestResult executionId="1e20f29c-dca5-44a1-b13f-1d23cfd76beb" testId="3d71ecd5-cecd-4258-a8f5-a5879a27e66b" testName="Post_ValidReferencePropertyCreatesModel" computerName="VECTOR" duration="00:00:00.0020000" startTime="2018-07-19T16:43:59.2216873-04:00" endTime="2018-07-19T16:43:59.2216901-04:00" testType="13cdc9d9-ddb5-4fa4-a97d-d965ccfc6d4b" outcome="Passed" testListId="8c84fa94-04c1-424b-9868-57a2d4851a1d" relativeResultsDirectory="1e20f29c-dca5-44a1-b13f-1d23cfd76beb" /><UnitTestResult executionId="14efb566-5dbb-4368-a703-94e9c8aec8ba" testId="ec3b87e7-582e-4d60-a265-d0270e9050d1" testName="GetFile_ExistingFileReturnsSuccess" computerName="VECTOR" duration="00:00:00.1460000" startTime="2018-07-19T16:44:00.8881197-04:00" endTime="2018-07-19T16:44:00.8881265-04:00" testType="13cdc9d9-ddb5-4fa4-a97d-d965ccfc6d4b" outcome="Passed" testListId="8c84fa94-04c1-424b-9868-57a2d4851a1d" relativeResultsDirectory="14efb566-5dbb-4368-a703-94e9c8aec8ba" /><UnitTestResult executionId="b0790551-9b00-4952-8dd0-a7dbdb8327fd" testId="454d4b1f-4cc0-4451-a7ae-c8adbae91703" testName="Delete_TargetModelIsDeleted" computerName="VECTOR" duration="00:00:00.0190000" startTime="2018-07-19T16:44:12.1663547-04:00" endTime="2018-07-19T16:44:12.1663626-04:00" testType="13cdc9d9-ddb5-4fa4-a97d-d965ccfc6d4b" outcome="Passed" testListId="8c84fa94-04c1-424b-9868-57a2d4851a1d" relativeResultsDirectory="b0790551-9b00-4952-8dd0-a7dbdb8327fd" /><UnitTestResult executionId="3925b49c-fa9b-43b6-9b96-3f70bdd3a522" testId="a7e36b6c-4a2d-43e9-99b5-bc16ee1d5abf" testName="PutFile_FileCanBeUpdated" computerName="VECTOR" duration="00:00:00.1040000" startTime="2018-07-19T16:44:13.7806155-04:00" endTime="2018-07-19T16:44:13.7806212-04:00" testType="13cdc9d9-ddb5-4fa4-a97d-d965ccfc6d4b" outcome="Passed" testListId="8c84fa94-04c1-424b-9868-57a2d4851a1d" relativeResultsDirectory="3925b49c-fa9b-43b6-9b96-3f70bdd3a522" /><UnitTestResult executionId="f59ddbb9-43a7-480c-8c33-b816ccfd79e5" testId="8f2faa96-56c6-44a4-b12b-2a1645776bd9" testName="Patch_MultipleInvalidReferencePropertiesReturnsMultipleValidationErrorsAndBadRequest" computerName="VECTOR" duration="00:00:00.0170000" startTime="2018-07-19T16:44:00.4034887-04:00" endTime="2018-07-19T16:44:00.4034950-04:00" testType="13cdc9d9-ddb5-4fa4-a97d-d965ccfc6d4b" outcome="Passed" testListId="8c84fa94-04c1-424b-9868-57a2d4851a1d" relativeResultsDirectory="f59ddbb9-43a7-480c-8c33-b816ccfd79e5" /><UnitTestResult executionId="16ff3f38-c4b7-4af2-b42e-6c5a8f65de7e" testId="2e8c0288-d685-4887-8faa-92336519ea03" testName="Put_ValidReferencePropertyUpdatesModel" computerName="VECTOR" duration="00:00:00.0020000" startTime="2018-07-19T16:43:59.5840548-04:00" endTime="2018-07-19T16:43:59.5840573-04:00" testType="13cdc9d9-ddb5-4fa4-a97d-d965ccfc6d4b" outcome="Passed" testListId="8c84fa94-04c1-424b-9868-57a2d4851a1d" relativeResultsDirectory="16ff3f38-c4b7-4af2-b42e-6c5a8f65de7e" /><UnitTestResult executionId="009145b4-3654-4c8b-b020-7d7b04833e4e" testId="6f7dc4f5-c534-4537-8caf-d68e7de89bdf" testName="GetSingle_InvalidIdPropertyValueReturnsNotFound" computerName="VECTOR" duration="00:00:00.0050000" startTime="2018-07-19T16:44:03.6496795-04:00" endTime="2018-07-19T16:44:03.6496852-04:00" testType="13cdc9d9-ddb5-4fa4-a97d-d965ccfc6d4b" outcome="Passed" testListId="8c84fa94-04c1-424b-9868-57a2d4851a1d" relativeResultsDirectory="009145b4-3654-4c8b-b020-7d7b04833e4e" /><UnitTestResult executionId="8cfeefee-3689-4ddf-9a54-020974729162" testId="9ad5e617-822a-4b1f-972f-78de53afbf93" testName="Put_InvalidIdReturnsNotFound" computerName="VECTOR" duration="00:00:00.0080000" startTime="2018-07-19T16:44:14.4263752-04:00" endTime="2018-07-19T16:44:14.4263803-04:00" testType="13cdc9d9-ddb5-4fa4-a97d-d965ccfc6d4b" outcome="Passed" testListId="8c84fa94-04c1-424b-9868-57a2d4851a1d" relativeResultsDirectory="8cfeefee-3689-4ddf-9a54-020974729162" /><UnitTestResult executionId="6ee41113-d3fb-408b-9ebf-c14a68e510e4" testId="4cd2c4d2-c671-4711-9a32-c3d016f3fbd7" testName="Put_InvalidIdReturnsNotFound" computerName="VECTOR" duration="00:00:00.0310000" startTime="2018-07-19T16:43:59.6286283-04:00" endTime="2018-07-19T16:43:59.6286343-04:00" testType="13cdc9d9-ddb5-4fa4-a97d-d965ccfc6d4b" outcome="Passed" testListId="8c84fa94-04c1-424b-9868-57a2d4851a1d" relativeResultsDirectory="6ee41113-d3fb-408b-9ebf-c14a68e510e4" /><UnitTestResult executionId="a27e91f9-887c-47e1-abfd-a01b30e15fea" testId="d8a816ab-f5c9-43aa-90df-adb44251a5f6" testName="FileRequest_MeshGenerateScalesDepthBufferByP1Scale" computerName="VECTOR" duration="00:00:02.1440000" startTime="2018-07-19T16:44:11.8853451-04:00" endTime="2018-07-19T16:44:11.8853513-04:00" testType="13cdc9d9-ddb5-4fa4-a97d-d965ccfc6d4b" outcome="Passed" testListId="8c84fa94-04c1-424b-9868-57a2d4851a1d" relativeResultsDirectory="a27e91f9-887c-47e1-abfd-a01b30e15fea" /><UnitTestResult executionId="cdeb2ab3-24bc-4b1c-9884-74e8ca0c6759" testId="fa8c5d6a-1764-4e5b-886b-e18c45d48766" testName="PostFile_NewFileCanBePosted" computerName="VECTOR" duration="00:00:00.0580000" startTime="2018-07-19T16:44:06.7711892-04:00" endTime="2018-07-19T16:44:06.7711954-04:00" testType="13cdc9d9-ddb5-4fa4-a97d-d965ccfc6d4b" outcome="Passed" testListId="8c84fa94-04c1-424b-9868-57a2d4851a1d" relativeResultsDirectory="cdeb2ab3-24bc-4b1c-9884-74e8ca0c6759" /><UnitTestResult executionId="d0368680-f10e-486f-8220-3bd3b124f5f8" testId="85e33565-7faa-4e5e-ba2e-60e9ca4a1872" testName="Patch_InvalidEnumPropertyValueReturnsBadRequest" computerName="VECTOR" duration="00:00:00.0190000" startTime="2018-07-19T16:44:11.9050681-04:00" endTime="2018-07-19T16:44:11.9050744-04:00" testType="13cdc9d9-ddb5-4fa4-a97d-d965ccfc6d4b" outcome="Passed" testListId="8c84fa94-04c1-424b-9868-57a2d4851a1d" relativeResultsDirectory="d0368680-f10e-486f-8220-3bd3b124f5f8" /><UnitTestResult executionId="2689569a-7b4f-4cdd-9eb4-744d4de4aaa0" testId="6e158492-0f99-4299-af99-dca02ce37d9b" testName="GetSingle_ValidIdPropertyValueReturnsCorrectModel" computerName="VECTOR" duration="00:00:00.0060000" startTime="2018-07-19T16:43:59.6351275-04:00" endTime="2018-07-19T16:43:59.6351309-04:00" testType="13cdc9d9-ddb5-4fa4-a97d-d965ccfc6d4b" outcome="Passed" testListId="8c84fa94-04c1-424b-9868-57a2d4851a1d" relativeResultsDirectory="2689569a-7b4f-4cdd-9eb4-744d4de4aaa0" /><UnitTestResult executionId="4c490d6d-5217-4696-8b4a-d08a468709ff" testId="f7932cdb-da36-43d9-b6bd-62566ae089f2" testName="Patch_InvalidPropertyNameReturnsBadRequest" computerName="VECTOR" duration="00:00:00.4770000" startTime="2018-07-19T16:43:59.2195561-04:00" endTime="2018-07-19T16:43:59.2195629-04:00" testType="13cdc9d9-ddb5-4fa4-a97d-d965ccfc6d4b" outcome="Passed" testListId="8c84fa94-04c1-424b-9868-57a2d4851a1d" relativeResultsDirectory="4c490d6d-5217-4696-8b4a-d08a468709ff" /><UnitTestResult executionId="9c78869d-f43f-465b-b1b0-4f12ffd03f7a" testId="9f90e774-7d7a-4ff7-bb43-7a32eb44c946" testName="Put_InvalidReferencePropertyReturndBadRequest" computerName="VECTOR" duration="00:00:00.1340000" startTime="2018-07-19T16:44:12.1466121-04:00" endTime="2018-07-19T16:44:12.1466192-04:00" testType="13cdc9d9-ddb5-4fa4-a97d-d965ccfc6d4b" outcome="Passed" testListId="8c84fa94-04c1-424b-9868-57a2d4851a1d" relativeResultsDirectory="9c78869d-f43f-465b-b1b0-4f12ffd03f7a" /><UnitTestResult executionId="9a45b35b-b5e8-4c92-84b3-722c2f584517" testId="08b47660-7c1e-4584-b49f-6a7492488111" testName="Patch_InvalidReferencePropertyReturnsBadRequest" computerName="VECTOR" duration="00:00:00.0100000" startTime="2018-07-19T16:44:14.6416679-04:00" endTime="2018-07-19T16:44:14.6416727-04:00" testType="13cdc9d9-ddb5-4fa4-a97d-d965ccfc6d4b" outcome="Passed" testListId="8c84fa94-04c1-424b-9868-57a2d4851a1d" relativeResultsDirectory="9a45b35b-b5e8-4c92-84b3-722c2f584517" /><UnitTestResult executionId="60c4c0c8-b3d8-42a2-b732-9bcfd864f16d" testId="8fb903e6-1179-4bb5-8f80-181c8381b1f8" testName="Put_InvalidIdReturnsNotFound" computerName="VECTOR" duration="00:00:00.0510000" startTime="2018-07-19T16:44:00.2883218-04:00" endTime="2018-07-19T16:44:00.2883280-04:00" testType="13cdc9d9-ddb5-4fa4-a97d-d965ccfc6d4b" outcome="Passed" testListId="8c84fa94-04c1-424b-9868-57a2d4851a1d" relativeResultsDirectory="60c4c0c8-b3d8-42a2-b732-9bcfd864f16d" /><UnitTestResult executionId="ac6f0a59-349b-45e6-b85f-4fc10366dced" testId="880c401a-c747-4f0a-9646-f0a6e85f5b98" testName="Put_InvalidReferencePropertyReturndBadRequest" computerName="VECTOR" duration="00:00:00.0110000" startTime="2018-07-19T16:44:14.5462360-04:00" endTime="2018-07-19T16:44:14.5462425-04:00" testType="13cdc9d9-ddb5-4fa4-a97d-d965ccfc6d4b" outcome="Passed" testListId="8c84fa94-04c1-424b-9868-57a2d4851a1d" relativeResultsDirectory="ac6f0a59-349b-45e6-b85f-4fc10366dced" /><UnitTestResult executionId="fa56919a-4e58-42bb-836a-5d78459a8f13" testId="034773d1-6239-4a07-a677-76090ad4fe47" testName="MeshTransformHasExpectedDependentFiles" computerName="VECTOR" duration="00:00:00.0010000" startTime="2018-07-19T16:43:58.7244378-04:00" endTime="2018-07-19T16:43:58.7244409-04:00" testType="13cdc9d9-ddb5-4fa4-a97d-d965ccfc6d4b" outcome="Passed" testListId="8c84fa94-04c1-424b-9868-57a2d4851a1d" relativeResultsDirectory="fa56919a-4e58-42bb-836a-5d78459a8f13" /><UnitTestResult executionId="f74c9ea0-425e-4ddc-bff7-b4afb8355dd6" testId="0dba4677-da1b-4c51-8b81-54a7fa57b3bb" testName="Post_InvalidReferencePropertyReturnsBadRequest" computerName="VECTOR" duration="00:00:00.0060000" startTime="2018-07-19T16:44:14.4917357-04:00" endTime="2018-07-19T16:44:14.4917414-04:00" testType="13cdc9d9-ddb5-4fa4-a97d-d965ccfc6d4b" outcome="Passed" testListId="8c84fa94-04c1-424b-9868-57a2d4851a1d" relativeResultsDirectory="f74c9ea0-425e-4ddc-bff7-b4afb8355dd6" /><UnitTestResult executionId="7c8c8c84-136e-4f51-8892-2f9457aa72f7" testId="19d2887d-03e1-41a4-b7c5-ac08fb922584" testName="Post_InvalidReferencePropertyReturnsBadRequest" computerName="VECTOR" duration="00:00:00.0060000" startTime="2018-07-19T16:44:03.6559453-04:00" endTime="2018-07-19T16:44:03.6559484-04:00" testType="13cdc9d9-ddb5-4fa4-a97d-d965ccfc6d4b" outcome="Passed" testListId="8c84fa94-04c1-424b-9868-57a2d4851a1d" relativeResultsDirectory="7c8c8c84-136e-4f51-8892-2f9457aa72f7" /><UnitTestResult executionId="7bc96a6f-d5da-42a0-952f-f0d34da5b928" testId="eadbb2ea-bda2-4ff7-b1a4-50731734c8f9" testName="Patch_MultipleInvalidReferencePropertiesReturnsMultipleValidationErrorsAndBadRequest" computerName="VECTOR" duration="00:00:00.0110000" startTime="2018-07-19T16:44:12.3906517-04:00" endTime="2018-07-19T16:44:12.3906599-04:00" testType="13cdc9d9-ddb5-4fa4-a97d-d965ccfc6d4b" outcome="Passed" testListId="8c84fa94-04c1-424b-9868-57a2d4851a1d" relativeResultsDirectory="7bc96a6f-d5da-42a0-952f-f0d34da5b928" /><UnitTestResult executionId="a80a5cb4-1e8c-443f-b4af-556934483ad2" testId="f43bfded-7fa1-4f1d-9e06-994399e6b5db" testName="Put_CanUpdateModel" computerName="VECTOR" duration="00:00:00.0350000" startTime="2018-07-19T16:44:01.6270289-04:00" endTime="2018-07-19T16:44:01.6270349-04:00" testType="13cdc9d9-ddb5-4fa4-a97d-d965ccfc6d4b" outcome="Passed" testListId="8c84fa94-04c1-424b-9868-57a2d4851a1d" relativeResultsDirectory="a80a5cb4-1e8c-443f-b4af-556934483ad2" /><UnitTestResult executionId="ccdb5a7f-178c-448d-94af-5f9456f6b763" testId="4c65f941-34cb-4ef8-8589-80f6f3fcde54" testName="Post_ValidReferencePropertyCreatesModel" computerName="VECTOR" duration="00:00:00.0140000" startTime="2018-07-19T16:44:12.4773532-04:00" endTime="2018-07-19T16:44:12.4773589-04:00" testType="13cdc9d9-ddb5-4fa4-a97d-d965ccfc6d4b" outcome="Passed" testListId="8c84fa94-04c1-424b-9868-57a2d4851a1d" relativeResultsDirectory="ccdb5a7f-178c-448d-94af-5f9456f6b763" /><UnitTestResult executionId="5c03aa53-6660-425b-90b5-2aee8f774229" testId="7bf383b2-2f4d-4c1a-bef5-3034b040444a" testName="Post_InvalidPropertyValueReturnsBadRequest" computerName="VECTOR" duration="00:00:00.0030000" startTime="2018-07-19T16:44:12.4174931-04:00" endTime="2018-07-19T16:44:12.4174997-04:00" testType="13cdc9d9-ddb5-4fa4-a97d-d965ccfc6d4b" outcome="Passed" testListId="8c84fa94-04c1-424b-9868-57a2d4851a1d" relativeResultsDirectory="5c03aa53-6660-425b-90b5-2aee8f774229" /><UnitTestResult executionId="92b4baf9-50c5-40ce-8193-74abe71f239e" testId="2270bdd4-fb4d-4372-a029-ea9e6dc7411c" testName="Patch_InvalidPropertyNameReturnsBadRequest" computerName="VECTOR" duration="00:00:00.0040000" startTime="2018-07-19T16:44:14.5896369-04:00" endTime="2018-07-19T16:44:14.5896408-04:00" testType="13cdc9d9-ddb5-4fa4-a97d-d965ccfc6d4b" outcome="Passed" testListId="8c84fa94-04c1-424b-9868-57a2d4851a1d" relativeResultsDirectory="92b4baf9-50c5-40ce-8193-74abe71f239e" /><UnitTestResult executionId="68008fb8-acb7-4621-9ac1-efadf8c36a3b" testId="541593c3-52c9-43f9-aa02-fecddbd3b1cf" testName="GetFile_FileCanBeRoundTripped" computerName="VECTOR" duration="00:00:00.0560000" startTime="2018-07-19T16:44:05.4546771-04:00" endTime="2018-07-19T16:44:05.4546839-04:00" testType="13cdc9d9-ddb5-4fa4-a97d-d965ccfc6d4b" outcome="Passed" testListId="8c84fa94-04c1-424b-9868-57a2d4851a1d" relativeResultsDirectory="68008fb8-acb7-4621-9ac1-efadf8c36a3b" /><UnitTestResult executionId="a8388c22-11d3-4c28-b7a2-db0e2addbc58" testId="bebfa572-ada6-4436-90d5-1ee33f9acf2f" testName="Post_CanCreateNewModel" computerName="VECTOR" duration="00:00:00.0120000" startTime="2018-07-19T16:44:03.6201469-04:00" endTime="2018-07-19T16:44:03.6201531-04:00" testType="13cdc9d9-ddb5-4fa4-a97d-d965ccfc6d4b" outcome="Passed" testListId="8c84fa94-04c1-424b-9868-57a2d4851a1d" relativeResultsDirectory="a8388c22-11d3-4c28-b7a2-db0e2addbc58" /><UnitTestResult executionId="af047ea4-f49c-4f76-a53b-dd55ad3408f8" testId="8652f08d-f959-46bf-9fc0-d6e12945c7d4" testName="PostFile_FileIsSynchronizedIsUpdatedAfterFileIsPosted" computerName="VECTOR" duration="00:00:00.0760000" startTime="2018-07-19T16:44:09.6551524-04:00" endTime="2018-07-19T16:44:09.6551578-04:00" testType="13cdc9d9-ddb5-4fa4-a97d-d965ccfc6d4b" outcome="Passed" testListId="8c84fa94-04c1-424b-9868-57a2d4851a1d" relativeResultsDirectory="af047ea4-f49c-4f76-a53b-dd55ad3408f8" /><UnitTestResult executionId="09028592-99de-42f3-9433-927a7c608ca3" testId="3ce43c91-e797-49e3-8212-8daa9600de2b" testName="Model3dHasExpectedDependentFiles" computerName="VECTOR" duration="00:00:00.0330000" startTime="2018-07-19T16:43:57.6011715-04:00" endTime="2018-07-19T16:43:57.6011800-04:00" testType="13cdc9d9-ddb5-4fa4-a97d-d965ccfc6d4b" outcome="Passed" testListId="8c84fa94-04c1-424b-9868-57a2d4851a1d" relativeResultsDirectory="09028592-99de-42f3-9433-927a7c608ca3" /><UnitTestResult executionId="22a04887-8ecc-42f4-939f-69d611dbdff5" testId="4408ae4c-6799-4087-9da4-ed5623b2b53f" testName="Patch_MultipleInvalidReferencePropertiesReturnsMultipleValidationErrorsAndBadRequest" computerName="VECTOR" duration="00:00:00.0020000" startTime="2018-07-19T16:43:59.7527940-04:00" endTime="2018-07-19T16:43:59.7527966-04:00" testType="13cdc9d9-ddb5-4fa4-a97d-d965ccfc6d4b" outcome="Passed" testListId="8c84fa94-04c1-424b-9868-57a2d4851a1d" relativeResultsDirectory="22a04887-8ecc-42f4-939f-69d611dbdff5" /><UnitTestResult executionId="07b6bc73-1da3-4b71-aa6e-e95fd231a6b3" testId="0c4a47c2-a463-4481-8456-f6ff662fd7c4" testName="PutFile_NewFileCanBePut" computerName="VECTOR" duration="00:00:00.0820000" startTime="2018-07-19T16:44:14.2264214-04:00" endTime="2018-07-19T16:44:14.2264268-04:00" testType="13cdc9d9-ddb5-4fa4-a97d-d965ccfc6d4b" outcome="Passed" testListId="8c84fa94-04c1-424b-9868-57a2d4851a1d" relativeResultsDirectory="07b6bc73-1da3-4b71-aa6e-e95fd231a6b3" /><UnitTestResult executionId="4bf5aa6f-6b24-40af-8b16-1c093e952345" testId="cff0717d-d39f-4660-89a1-34e9866cd27c" testName="Put_CanUpdateModel" computerName="VECTOR" duration="00:00:00.0430000" startTime="2018-07-19T16:44:14.5351343-04:00" endTime="2018-07-19T16:44:14.5351406-04:00" testType="13cdc9d9-ddb5-4fa4-a97d-d965ccfc6d4b" outcome="Passed" testListId="8c84fa94-04c1-424b-9868-57a2d4851a1d" relativeResultsDirectory="4bf5aa6f-6b24-40af-8b16-1c093e952345" /><UnitTestResult executionId="33dae772-8c2e-40f6-9bbf-a7a12d8be37b" testId="7a36aa7c-3440-4bdc-8a03-317890f78d53" testName="GetSingle_ValidIdPropertyValueReturnsCorrectModel" computerName="VECTOR" duration="00:00:00.0050000" startTime="2018-07-19T16:44:14.4065717-04:00" endTime="2018-07-19T16:44:14.4065757-04:00" testType="13cdc9d9-ddb5-4fa4-a97d-d965ccfc6d4b" outcome="Passed" testListId="8c84fa94-04c1-424b-9868-57a2d4851a1d" relativeResultsDirectory="33dae772-8c2e-40f6-9bbf-a7a12d8be37b" /><UnitTestResult executionId="40461219-05d2-4a17-bff7-248e948abfdd" testId="8e29a21f-9067-4076-b7bb-00b43123c929" testName="Delete_TargetModelIsDeleted" computerName="VECTOR" duration="00:00:00.0180000" startTime="2018-07-19T16:44:03.7060986-04:00" endTime="2018-07-19T16:44:03.7061048-04:00" testType="13cdc9d9-ddb5-4fa4-a97d-d965ccfc6d4b" outcome="Passed" testListId="8c84fa94-04c1-424b-9868-57a2d4851a1d" relativeResultsDirectory="40461219-05d2-4a17-bff7-248e948abfdd" /><UnitTestResult executionId="65a71ff1-daec-4d24-a6af-8512e39307ec" testId="47a79f7c-935b-40f4-8851-2ad451fa8e20" testName="GetFile_NonExistentFileReturnsNotFound" computerName="VECTOR" duration="00:00:00.0060000" startTime="2018-07-19T16:44:01.1169407-04:00" endTime="2018-07-19T16:44:01.1169450-04:00" testType="13cdc9d9-ddb5-4fa4-a97d-d965ccfc6d4b" outcome="Passed" testListId="8c84fa94-04c1-424b-9868-57a2d4851a1d" relativeResultsDirectory="65a71ff1-daec-4d24-a6af-8512e39307ec" /><UnitTestResult executionId="0dd414b2-6947-4527-908f-8e78f5137f17" testId="0ebea6d4-64e4-4557-af98-2c8e9ffacf61" testName="FileRequest_FileCanBeReadAfterRename" computerName="VECTOR" duration="00:00:00.0840000" startTime="2018-07-19T16:44:13.8649796-04:00" endTime="2018-07-19T16:44:13.8649859-04:00" testType="13cdc9d9-ddb5-4fa4-a97d-d965ccfc6d4b" outcome="Passed" testListId="8c84fa94-04c1-424b-9868-57a2d4851a1d" relativeResultsDirectory="0dd414b2-6947-4527-908f-8e78f5137f17" /><UnitTestResult executionId="cb212562-70ce-42a8-9762-90b77b127493" testId="5196c1d0-164d-4204-b604-f6e2a1ff3ba7" testName="PutFile_NewFileCanBePut" computerName="VECTOR" duration="00:00:00.0790000" startTime="2018-07-19T16:44:03.8281277-04:00" endTime="2018-07-19T16:44:03.8281339-04:00" testType="13cdc9d9-ddb5-4fa4-a97d-d965ccfc6d4b" outcome="Passed" testListId="8c84fa94-04c1-424b-9868-57a2d4851a1d" relativeResultsDirectory="cb212562-70ce-42a8-9762-90b77b127493" /><UnitTestResult executionId="bb078128-8f66-4f27-a48c-85dd444e51b8" testId="547eb96d-fdbd-4937-9f14-1abe2b2daaaf" testName="Delete_TargetModelIsDeleted" computerName="VECTOR" duration="00:00:00.2870000" startTime="2018-07-19T16:43:59.5108770-04:00" endTime="2018-07-19T16:43:59.5108836-04:00" testType="13cdc9d9-ddb5-4fa4-a97d-d965ccfc6d4b" outcome="Passed" testListId="8c84fa94-04c1-424b-9868-57a2d4851a1d" relativeResultsDirectory="bb078128-8f66-4f27-a48c-85dd444e51b8" /><UnitTestResult executionId="5c6bacfa-a2e9-41a8-970b-073fd16d44f1" testId="c0743c07-6979-43a0-819e-fb8d172d2e04" testName="PostFile_FileTimeStampIsUpdatedAfterFileIsPosted" computerName="VECTOR" duration="00:00:01.1230000" startTime="2018-07-19T16:44:13.6760913-04:00" endTime="2018-07-19T16:44:13.6760981-04:00" testType="13cdc9d9-ddb5-4fa4-a97d-d965ccfc6d4b" outcome="Passed" testListId="8c84fa94-04c1-424b-9868-57a2d4851a1d" relativeResultsDirectory="5c6bacfa-a2e9-41a8-970b-073fd16d44f1" /><UnitTestResult executionId="7b12c130-011d-4c45-b484-4b7bd7d61cc5" testId="c590491d-9813-4cd7-a6b8-75a474ba46b0" testName="GetList_ListReturnsCorrectCount" computerName="VECTOR" duration="00:00:00.0750000" startTime="2018-07-19T16:43:59.7506608-04:00" endTime="2018-07-19T16:43:59.7506673-04:00" testType="13cdc9d9-ddb5-4fa4-a97d-d965ccfc6d4b" outcome="Passed" testListId="8c84fa94-04c1-424b-9868-57a2d4851a1d" relativeResultsDirectory="7b12c130-011d-4c45-b484-4b7bd7d61cc5" /><UnitTestResult executionId="1255f0f3-148f-4448-871a-f3ac07d9f598" testId="760c5265-e8d1-4e36-b190-5f0675358b25" testName="Put_ValidReferencePropertyUpdatesModel" computerName="VECTOR" duration="00:00:00.1450000" startTime="2018-07-19T16:44:12.3640805-04:00" endTime="2018-07-19T16:44:12.3640879-04:00" testType="13cdc9d9-ddb5-4fa4-a97d-d965ccfc6d4b" outcome="Passed" testListId="8c84fa94-04c1-424b-9868-57a2d4851a1d" relativeResultsDirectory="1255f0f3-148f-4448-871a-f3ac07d9f598" /><UnitTestResult executionId="6904d101-f853-4533-8669-4756b666e341" testId="a6c43e41-a9e0-4f58-b16c-8f4b02cceedc" testName="GetList_ListReturnsCorrectCount" computerName="VECTOR" duration="00:00:00.4420000" startTime="2018-07-19T16:44:02.0835535-04:00" endTime="2018-07-19T16:44:02.0835598-04:00" testType="13cdc9d9-ddb5-4fa4-a97d-d965ccfc6d4b" outcome="Passed" testListId="8c84fa94-04c1-424b-9868-57a2d4851a1d" relativeResultsDirectory="6904d101-f853-4533-8669-4756b666e341" /><UnitTestResult executionId="878f1aba-6d9c-49e7-b475-11ae376bd76f" testId="91548422-9959-4717-8aa2-2c38b1033f72" testName="Patch_InvalidIdPropertyReturnsNotFound" computerName="VECTOR" duration="00:00:00.0040000" startTime="2018-07-19T16:44:00.3730287-04:00" endTime="2018-07-19T16:44:00.3730335-04:00" testType="13cdc9d9-ddb5-4fa4-a97d-d965ccfc6d4b" outcome="Passed" testListId="8c84fa94-04c1-424b-9868-57a2d4851a1d" relativeResultsDirectory="878f1aba-6d9c-49e7-b475-11ae376bd76f" /><UnitTestResult executionId="f9ac5b9c-87e1-44a9-8bc6-9ec0d60b6fd1" testId="d6addfc7-5508-4499-8f85-ab3163af175c" testName="GetSingle_InvalidIdPropertyValueReturnsNotFound" computerName="VECTOR" duration="00:00:00.0040000" startTime="2018-07-19T16:44:01.6312391-04:00" endTime="2018-07-19T16:44:01.6312434-04:00" testType="13cdc9d9-ddb5-4fa4-a97d-d965ccfc6d4b" outcome="Passed" testListId="8c84fa94-04c1-424b-9868-57a2d4851a1d" relativeResultsDirectory="f9ac5b9c-87e1-44a9-8bc6-9ec0d60b6fd1" /><UnitTestResult executionId="e252e5ce-1b03-4278-aecd-7328b755dc06" testId="5a48294c-0cf1-4257-b0e4-9b1e2536aee1" testName="Patch_MultipleInvalidReferencePropertiesReturnsMultipleValidationErrorsAndBadRequest" computerName="VECTOR" duration="00:00:00.0180000" startTime="2018-07-19T16:44:03.6740860-04:00" endTime="2018-07-19T16:44:03.6740925-04:00" testType="13cdc9d9-ddb5-4fa4-a97d-d965ccfc6d4b" outcome="Passed" testListId="8c84fa94-04c1-424b-9868-57a2d4851a1d" relativeResultsDirectory="e252e5ce-1b03-4278-aecd-7328b755dc06" /><UnitTestResult executionId="4366d13f-9b53-412b-a70d-f48426cef8b1" testId="0eb3d361-3112-4b24-9294-000e68dbaa8c" testName="Patch_TargetPropertyIsUpdated" computerName="VECTOR" duration="00:00:00.0700000" startTime="2018-07-19T16:43:59.5816046-04:00" endTime="2018-07-19T16:43:59.5816102-04:00" testType="13cdc9d9-ddb5-4fa4-a97d-d965ccfc6d4b" outcome="Passed" testListId="8c84fa94-04c1-424b-9868-57a2d4851a1d" relativeResultsDirectory="4366d13f-9b53-412b-a70d-f48426cef8b1" /><UnitTestResult executionId="3078bb1c-bfb7-4089-845d-fe3672fac8fc" testId="06f4fc74-fcd4-4794-b41e-4f0506b993da" testName="Post_InvalidPropertyValueReturnsBadRequest" computerName="VECTOR" duration="00:00:00.0020000" startTime="2018-07-19T16:44:00.2959254-04:00" endTime="2018-07-19T16:44:00.2959291-04:00" testType="13cdc9d9-ddb5-4fa4-a97d-d965ccfc6d4b" outcome="Passed" testListId="8c84fa94-04c1-424b-9868-57a2d4851a1d" relativeResultsDirectory="3078bb1c-bfb7-4089-845d-fe3672fac8fc" /><UnitTestResult executionId="f769cd88-e61a-493f-86cd-95671acc410c" testId="ce81f5e7-9e25-4fd3-bfa6-f297725ad1b8" testName="FileRequest_MeshIsInvalidatedAfterDepthBufferFileBecomesUnsynchronized" computerName="VECTOR" duration="00:00:01.5700000" startTime="2018-07-19T16:44:05.3980523-04:00" endTime="2018-07-19T16:44:05.3980589-04:00" testType="13cdc9d9-ddb5-4fa4-a97d-d965ccfc6d4b" outcome="Passed" testListId="8c84fa94-04c1-424b-9868-57a2d4851a1d" relativeResultsDirectory="f769cd88-e61a-493f-86cd-95671acc410c" /><UnitTestResult executionId="a9079304-3320-47c6-88ee-aaff7025fbd6" testId="2c535673-8e43-46ad-ad3b-bd5bf58d3e2c" testName="GetFile_FileCanBeRoundTripped" computerName="VECTOR" duration="00:00:00.0600000" startTime="2018-07-19T16:44:14.4007010-04:00" endTime="2018-07-19T16:44:14.4007067-04:00" testType="13cdc9d9-ddb5-4fa4-a97d-d965ccfc6d4b" outcome="Passed" testListId="8c84fa94-04c1-424b-9868-57a2d4851a1d" relativeResultsDirectory="a9079304-3320-47c6-88ee-aaff7025fbd6" /><UnitTestResult executionId="3cab7f3d-3bd0-43e0-8578-893eb2694e90" testId="03327026-c658-4021-a617-ac955809bd78" testName="GetSingle_ValidIdPropertyValueReturnsCorrectModel" computerName="VECTOR" duration="00:00:00.0070000" startTime="2018-07-19T16:44:00.3037900-04:00" endTime="2018-07-19T16:44:00.3037945-04:00" testType="13cdc9d9-ddb5-4fa4-a97d-d965ccfc6d4b" outcome="Passed" testListId="8c84fa94-04c1-424b-9868-57a2d4851a1d" relativeResultsDirectory="3cab7f3d-3bd0-43e0-8578-893eb2694e90" /><UnitTestResult executionId="09315db6-caef-4dfd-aaaa-f713f8ee8889" testId="724ae3f8-9497-4ea6-a4c5-7dceb9c460d0" testName="Post_ValidReferencePropertyCreatesModel" computerName="VECTOR" duration="00:00:00.0150000" startTime="2018-07-19T16:44:14.5619800-04:00" endTime="2018-07-19T16:44:14.5619859-04:00" testType="13cdc9d9-ddb5-4fa4-a97d-d965ccfc6d4b" outcome="Passed" testListId="8c84fa94-04c1-424b-9868-57a2d4851a1d" relativeResultsDirectory="09315db6-caef-4dfd-aaaa-f713f8ee8889" /><UnitTestResult executionId="72c6654f-5b09-469f-be4e-50feeedf1e47" testId="6d790431-83ae-4c0d-9218-e7a65b2a20d1" testName="Patch_InvalidIdPropertyReturnsNotFound" computerName="VECTOR" duration="00:00:00.0050000" startTime="2018-07-19T16:44:14.5850597-04:00" endTime="2018-07-19T16:44:14.5850628-04:00" testType="13cdc9d9-ddb5-4fa4-a97d-d965ccfc6d4b" outcome="Passed" testListId="8c84fa94-04c1-424b-9868-57a2d4851a1d" relativeResultsDirectory="72c6654f-5b09-469f-be4e-50feeedf1e47" /><UnitTestResult executionId="031addb1-2a50-4d21-80e2-af0a5922be3e" testId="c6b6a950-d912-4dd0-b578-f11b1264ba41" testName="Put_InvalidIdReturnsNotFound" computerName="VECTOR" duration="00:00:00.0120000" startTime="2018-07-19T16:44:12.4142543-04:00" endTime="2018-07-19T16:44:12.4142620-04:00" testType="13cdc9d9-ddb5-4fa4-a97d-d965ccfc6d4b" outcome="Passed" testListId="8c84fa94-04c1-424b-9868-57a2d4851a1d" relativeResultsDirectory="031addb1-2a50-4d21-80e2-af0a5922be3e" /><UnitTestResult executionId="65c6fad5-c20b-491a-95d4-3f65ea53376f" testId="b3791262-0d5c-4daf-80f1-d05a5de3bf98" testName="PostFile_NewFileCanBePosted" computerName="VECTOR" duration="00:00:00.0580000" startTime="2018-07-19T16:44:01.0585748-04:00" endTime="2018-07-19T16:44:01.0585799-04:00" testType="13cdc9d9-ddb5-4fa4-a97d-d965ccfc6d4b" outcome="Passed" testListId="8c84fa94-04c1-424b-9868-57a2d4851a1d" relativeResultsDirectory="65c6fad5-c20b-491a-95d4-3f65ea53376f" /><UnitTestResult executionId="f37b7665-c035-4abb-8635-aade01b87777" testId="a035f578-a7aa-4928-ab82-b76a2819fac8" testName="Delete_TargetModelIsDeleted" computerName="VECTOR" duration="00:00:00.0920000" startTime="2018-07-19T16:44:01.3490224-04:00" endTime="2018-07-19T16:44:01.3490284-04:00" testType="13cdc9d9-ddb5-4fa4-a97d-d965ccfc6d4b" outcome="Passed" testListId="8c84fa94-04c1-424b-9868-57a2d4851a1d" relativeResultsDirectory="f37b7665-c035-4abb-8635-aade01b87777" /><UnitTestResult executionId="9a4bd42a-a0b0-404e-afb4-9b28c5e8d295" testId="2aef3b1e-556f-427f-bfff-a88bf4eddd5e" testName="Put_InvalidIdReturnsNotFound" computerName="VECTOR" duration="00:00:00.4770000" startTime="2018-07-19T16:44:02.5609142-04:00" endTime="2018-07-19T16:44:02.5609199-04:00" testType="13cdc9d9-ddb5-4fa4-a97d-d965ccfc6d4b" outcome="Passed" testListId="8c84fa94-04c1-424b-9868-57a2d4851a1d" relativeResultsDirectory="9a4bd42a-a0b0-404e-afb4-9b28c5e8d295" /><UnitTestResult executionId="85c26292-f503-4402-8c74-77c506121848" testId="997b0aa5-659e-4bd4-bba8-363deceb1ffa" testName="Put_ValidReferencePropertyUpdatesModel" computerName="VECTOR" duration="00:00:00.0390000" startTime="2018-07-19T16:44:14.6811437-04:00" endTime="2018-07-19T16:44:14.6811503-04:00" testType="13cdc9d9-ddb5-4fa4-a97d-d965ccfc6d4b" outcome="Passed" testListId="8c84fa94-04c1-424b-9868-57a2d4851a1d" relativeResultsDirectory="85c26292-f503-4402-8c74-77c506121848" /><UnitTestResult executionId="6daf08e2-d7e0-4710-b778-1c22cb9fff9e" testId="2aba7425-e02f-4e78-9322-80e45e560991" testName="FileRequest_MeshGenerateSetsFileIsSynchronized" computerName="VECTOR" duration="00:00:02.8070000" startTime="2018-07-19T16:44:09.5784720-04:00" endTime="2018-07-19T16:44:09.5784783-04:00" testType="13cdc9d9-ddb5-4fa4-a97d-d965ccfc6d4b" outcome="Passed" testListId="8c84fa94-04c1-424b-9868-57a2d4851a1d" relativeResultsDirectory="6daf08e2-d7e0-4710-b778-1c22cb9fff9e" /><UnitTestResult executionId="cd26ac21-e6af-43c2-a9a6-6acf8a5f885d" testId="9ff3eb54-42a2-4b06-babd-3ef893d2a2c3" testName="Post_InvalidPropertyValueReturnsBadRequest" computerName="VECTOR" duration="00:00:00.0090000" startTime="2018-07-19T16:43:59.7722307-04:00" endTime="2018-07-19T16:43:59.7722356-04:00" testType="13cdc9d9-ddb5-4fa4-a97d-d965ccfc6d4b" outcome="Passed" testListId="8c84fa94-04c1-424b-9868-57a2d4851a1d" relativeResultsDirectory="cd26ac21-e6af-43c2-a9a6-6acf8a5f885d" /><UnitTestResult executionId="1b721062-75e4-4c67-ae43-4c7c6b533d0d" testId="e21f399b-52f7-406e-b485-f924a024d303" testName="GetList_ListReturnsCorrectCount" computerName="VECTOR" duration="00:00:00.0390000" startTime="2018-07-19T16:44:01.4250260-04:00" endTime="2018-07-19T16:44:01.4250319-04:00" testType="13cdc9d9-ddb5-4fa4-a97d-d965ccfc6d4b" outcome="Passed" testListId="8c84fa94-04c1-424b-9868-57a2d4851a1d" relativeResultsDirectory="1b721062-75e4-4c67-ae43-4c7c6b533d0d" /><UnitTestResult executionId="642edf04-1340-4288-b8a0-5496e622eb39" testId="48e566c6-2e0d-4423-9675-88d99add0918" testName="GetSingle_InvalidIdPropertyValueReturnsNotFound" computerName="VECTOR" duration="00:00:00.0050000" startTime="2018-07-19T16:44:14.4852374-04:00" endTime="2018-07-19T16:44:14.4852422-04:00" testType="13cdc9d9-ddb5-4fa4-a97d-d965ccfc6d4b" outcome="Passed" testListId="8c84fa94-04c1-424b-9868-57a2d4851a1d" relativeResultsDirectory="642edf04-1340-4288-b8a0-5496e622eb39" /><UnitTestResult executionId="7b1917fb-759e-427a-b90a-faaa684c4b88" testId="f5f5b8d9-bdeb-4d87-8267-1532a6ed0e70" testName="GetFile_ExistingFileReturnsSuccess" computerName="VECTOR" duration="00:00:00.0460000" startTime="2018-07-19T16:44:05.5873138-04:00" endTime="2018-07-19T16:44:05.5873212-04:00" testType="13cdc9d9-ddb5-4fa4-a97d-d965ccfc6d4b" outcome="Passed" testListId="8c84fa94-04c1-424b-9868-57a2d4851a1d" relativeResultsDirectory="7b1917fb-759e-427a-b90a-faaa684c4b88" /><UnitTestResult executionId="f01fde3a-89f0-4d73-b1f2-bc99c187220a" testId="ca82875b-d7f9-4769-a240-d4d65a1da30c" testName="Patch_ValidReferencePropertyUpdatesModel" computerName="VECTOR" duration="00:00:00.0060000" startTime="2018-07-19T16:43:58.7419493-04:00" endTime="2018-07-19T16:43:58.7419518-04:00" testType="13cdc9d9-ddb5-4fa4-a97d-d965ccfc6d4b" outcome="Passed" testListId="8c84fa94-04c1-424b-9868-57a2d4851a1d" relativeResultsDirectory="f01fde3a-89f0-4d73-b1f2-bc99c187220a" /><UnitTestResult executionId="2f4afd13-9e19-46c1-9747-7c14391e367f" testId="936f1aa6-89f5-4005-8a6f-f197c214990b" testName="PostFile_FileTimeStampIsUpdatedAfterFileIsPosted" computerName="VECTOR" duration="00:00:01.1250000" startTime="2018-07-19T16:44:06.7131552-04:00" endTime="2018-07-19T16:44:06.7131601-04:00" testType="13cdc9d9-ddb5-4fa4-a97d-d965ccfc6d4b" outcome="Passed" testListId="8c84fa94-04c1-424b-9868-57a2d4851a1d" relativeResultsDirectory="2f4afd13-9e19-46c1-9747-7c14391e367f" /><UnitTestResult executionId="a7cda7aa-f828-413b-b110-52a8fa16e5c6" testId="257e6caa-b907-4d9c-89c7-5e08bfa6e950" testName="Patch_TargetPropertyIsUpdated" computerName="VECTOR" duration="00:00:00.0410000" startTime="2018-07-19T16:44:14.7222650-04:00" endTime="2018-07-19T16:44:14.7222721-04:00" testType="13cdc9d9-ddb5-4fa4-a97d-d965ccfc6d4b" outcome="Passed" testListId="8c84fa94-04c1-424b-9868-57a2d4851a1d" relativeResultsDirectory="a7cda7aa-f828-413b-b110-52a8fa16e5c6" /><UnitTestResult executionId="2cee6503-b5ab-4209-a50e-e95ccff27e05" testId="3d3d2dcc-4ff5-4973-a30f-5de883b470d6" testName="PutFile_FileCanBeUpdated" computerName="VECTOR" duration="00:00:00.0860000" startTime="2018-07-19T16:44:05.5413401-04:00" endTime="2018-07-19T16:44:05.5413475-04:00" testType="13cdc9d9-ddb5-4fa4-a97d-d965ccfc6d4b" outcome="Passed" testListId="8c84fa94-04c1-424b-9868-57a2d4851a1d" relativeResultsDirectory="2cee6503-b5ab-4209-a50e-e95ccff27e05" /><UnitTestResult executionId="4c03213a-b92e-4f65-ad15-5ba5adedf9be" testId="c2f2b2e4-07fb-47b1-a950-d2288faeb32d" testName="Post_ValidReferencePropertyCreatesModel" computerName="VECTOR" duration="00:00:00.0110000" startTime="2018-07-19T16:44:01.5010990-04:00" endTime="2018-07-19T16:44:01.5011053-04:00" testType="13cdc9d9-ddb5-4fa4-a97d-d965ccfc6d4b" outcome="Passed" testListId="8c84fa94-04c1-424b-9868-57a2d4851a1d" relativeResultsDirectory="4c03213a-b92e-4f65-ad15-5ba5adedf9be" /><UnitTestResult executionId="f1560327-4dda-49e2-a588-fc9f61b3dd91" testId="5edac567-915c-4d88-893e-ebe3590c1815" testName="Patch_InvalidPropertyNameReturnsBadRequest" computerName="VECTOR" duration="00:00:00.0050000" startTime="2018-07-19T16:44:00.2932373-04:00" endTime="2018-07-19T16:44:00.2932401-04:00" testType="13cdc9d9-ddb5-4fa4-a97d-d965ccfc6d4b" outcome="Passed" testListId="8c84fa94-04c1-424b-9868-57a2d4851a1d" relativeResultsDirectory="f1560327-4dda-49e2-a588-fc9f61b3dd91" /><UnitTestResult executionId="7159d180-c6db-4695-875c-2b8da625b295" testId="93f262b7-9b72-452a-b5c7-c0abc14966f8" testName="Post_InvalidPropertyValueReturnsBadRequest" computerName="VECTOR" duration="00:00:00.0030000" startTime="2018-07-19T16:44:14.5926957-04:00" endTime="2018-07-19T16:44:14.5926980-04:00" testType="13cdc9d9-ddb5-4fa4-a97d-d965ccfc6d4b" outcome="Passed" testListId="8c84fa94-04c1-424b-9868-57a2d4851a1d" relativeResultsDirectory="7159d180-c6db-4695-875c-2b8da625b295" /><UnitTestResult executionId="fe3da1f4-e6b5-49d6-bf39-536b41118690" testId="6e8e3b32-e176-4130-bd37-82976d373c23" testName="Post_InvalidReferencePropertyReturnsBadRequest" computerName="VECTOR" duration="00:00:00.0050000" startTime="2018-07-19T16:44:12.3963118-04:00" endTime="2018-07-19T16:44:12.3963157-04:00" testType="13cdc9d9-ddb5-4fa4-a97d-d965ccfc6d4b" outcome="Passed" testListId="8c84fa94-04c1-424b-9868-57a2d4851a1d" relativeResultsDirectory="fe3da1f4-e6b5-49d6-bf39-536b41118690" /><UnitTestResult executionId="3d7eb587-6f75-4929-ae86-bd66f8dc4216" testId="ff3a68c1-28be-4055-ad07-29b2abf1e90b" testName="Post_InvalidReferencePropertyReturnsBadRequest" computerName="VECTOR" duration="00:00:00.0050000" startTime="2018-07-19T16:44:01.6409373-04:00" endTime="2018-07-19T16:44:01.6409421-04:00" testType="13cdc9d9-ddb5-4fa4-a97d-d965ccfc6d4b" outcome="Passed" testListId="8c84fa94-04c1-424b-9868-57a2d4851a1d" relativeResultsDirectory="3d7eb587-6f75-4929-ae86-bd66f8dc4216" /><UnitTestResult executionId="614ceead-b0b5-4048-bab7-9d8cbe82979c" testId="0db988bc-276a-4048-bfc3-8175377b7ba3" testName="Patch_InvalidEnumPropertyValueReturnsBadRequest" computerName="VECTOR" duration="00:00:00.0050000" startTime="2018-07-19T16:44:03.5724979-04:00" endTime="2018-07-19T16:44:03.5725047-04:00" testType="13cdc9d9-ddb5-4fa4-a97d-d965ccfc6d4b" outcome="Passed" testListId="8c84fa94-04c1-424b-9868-57a2d4851a1d" relativeResultsDirectory="614ceead-b0b5-4048-bab7-9d8cbe82979c" /><UnitTestResult executionId="466fd079-1277-4bfb-b98b-e39248fe7a97" testId="27735ef8-3fb7-4cf0-a16a-861149c9853f" testName="Post_InvalidReferencePropertyReturnsBadRequest" computerName="VECTOR" duration="00:00:00.0010000" startTime="2018-07-19T16:43:59.2232526-04:00" endTime="2018-07-19T16:43:59.2232551-04:00" testType="13cdc9d9-ddb5-4fa4-a97d-d965ccfc6d4b" outcome="Passed" testListId="8c84fa94-04c1-424b-9868-57a2d4851a1d" relativeResultsDirectory="466fd079-1277-4bfb-b98b-e39248fe7a97" /><UnitTestResult executionId="ab954047-65ed-4475-90a3-717cf0f27bea" testId="ff3d9b70-8f14-4f9d-9dfe-139a4eb4884b" testName="Put_CanUpdateModel" computerName="VECTOR" duration="00:00:00.0280000" startTime="2018-07-19T16:43:59.6750972-04:00" endTime="2018-07-19T16:43:59.6751037-04:00" testType="13cdc9d9-ddb5-4fa4-a97d-d965ccfc6d4b" outcome="Passed" testListId="8c84fa94-04c1-424b-9868-57a2d4851a1d" relativeResultsDirectory="ab954047-65ed-4475-90a3-717cf0f27bea" /><UnitTestResult executionId="68dd5911-0165-4112-b0f7-327122b5a336" testId="8ef5801a-bc51-4430-8ecb-5f57aa62a523" testName="FileRequest_FileCanBeReadAfterRename" computerName="VECTOR" duration="00:00:00.1120000" startTime="2018-07-19T16:44:01.0003926-04:00" endTime="2018-07-19T16:44:01.0003983-04:00" testType="13cdc9d9-ddb5-4fa4-a97d-d965ccfc6d4b" outcome="Passed" testListId="8c84fa94-04c1-424b-9868-57a2d4851a1d" relativeResultsDirectory="68dd5911-0165-4112-b0f7-327122b5a336" /><UnitTestResult executionId="9025cbf1-a215-4473-8f84-64cb9545c22d" testId="815188bb-379f-4dc0-addf-9de36b7649fe" testName="Patch_InvalidEnumPropertyValueReturnsBadRequest" computerName="VECTOR" duration="00:00:00.0050000" startTime="2018-07-19T16:44:00.4663732-04:00" endTime="2018-07-19T16:44:00.4663783-04:00" testType="13cdc9d9-ddb5-4fa4-a97d-d965ccfc6d4b" outcome="Passed" testListId="8c84fa94-04c1-424b-9868-57a2d4851a1d" relativeResultsDirectory="9025cbf1-a215-4473-8f84-64cb9545c22d" /><UnitTestResult executionId="fb262152-57f8-4abf-bf52-18f61aacbea0" testId="3f8e0f8d-1b8d-470b-9d67-268986add6bb" testName="Patch_TargetPropertyIsUpdated" computerName="VECTOR" duration="00:00:00.0340000" startTime="2018-07-19T16:44:01.5912340-04:00" endTime="2018-07-19T16:44:01.5912397-04:00" testType="13cdc9d9-ddb5-4fa4-a97d-d965ccfc6d4b" outcome="Passed" testListId="8c84fa94-04c1-424b-9868-57a2d4851a1d" relativeResultsDirectory="fb262152-57f8-4abf-bf52-18f61aacbea0" /><UnitTestResult executionId="1fbbbfdc-ea84-46c2-b4ad-ab6b4799fce7" testId="eb61f0c8-7448-49d9-8c81-84435fb56b14" testName="FileRequest_DepthBufferIsInvalidatedAfterCameraDependencyPropertyChange" computerName="VECTOR" duration="00:00:00.2740000" startTime="2018-07-19T16:44:14.1395631-04:00" endTime="2018-07-19T16:44:14.1395702-04:00" testType="13cdc9d9-ddb5-4fa4-a97d-d965ccfc6d4b" outcome="Passed" testListId="8c84fa94-04c1-424b-9868-57a2d4851a1d" relativeResultsDirectory="1fbbbfdc-ea84-46c2-b4ad-ab6b4799fce7" /><UnitTestResult executionId="d5e22d88-ea6c-48c4-9afa-9fce8261b798" testId="435a0d57-4a31-4e60-99c6-590e16f7054c" testName="Put_InvalidReferencePropertyReturndBadRequest" computerName="VECTOR" duration="00:00:00.0020000" startTime="2018-07-19T16:43:59.7547289-04:00" endTime="2018-07-19T16:43:59.7547317-04:00" testType="13cdc9d9-ddb5-4fa4-a97d-d965ccfc6d4b" outcome="Passed" testListId="8c84fa94-04c1-424b-9868-57a2d4851a1d" relativeResultsDirectory="d5e22d88-ea6c-48c4-9afa-9fce8261b798" /><UnitTestResult executionId="9d8610a8-d486-4f5a-90ee-81b36d63efcc" testId="9ebda945-1e2d-436c-8adc-f64636bde73d" testName="Patch_InvalidEnumPropertyValueReturnsBadRequest" computerName="VECTOR" duration="00:00:00.0020000" startTime="2018-07-19T16:43:59.6370251-04:00" endTime="2018-07-19T16:43:59.6370274-04:00" testType="13cdc9d9-ddb5-4fa4-a97d-d965ccfc6d4b" outcome="Passed" testListId="8c84fa94-04c1-424b-9868-57a2d4851a1d" relativeResultsDirectory="9d8610a8-d486-4f5a-90ee-81b36d63efcc" /><UnitTestResult executionId="f850cbff-b2f0-4826-a4b5-36c2d727165e" testId="d2894248-e77b-43a6-bc0d-80525e85ca35" testName="Put_InvalidReferencePropertyReturndBadRequest" computerName="VECTOR" duration="00:00:00.0190000" startTime="2018-07-19T16:44:00.5357035-04:00" endTime="2018-07-19T16:44:00.5357095-04:00" testType="13cdc9d9-ddb5-4fa4-a97d-d965ccfc6d4b" outcome="Passed" testListId="8c84fa94-04c1-424b-9868-57a2d4851a1d" relativeResultsDirectory="f850cbff-b2f0-4826-a4b5-36c2d727165e" /><UnitTestResult executionId="0ba4bb20-be6b-43ab-9abb-f943df439b9a" testId="1940ca90-bcce-4045-aa94-3f2271b9fb6b" testName="Patch_ValidReferencePropertyUpdatesModel" computerName="VECTOR" duration="00:00:00.0380000" startTime="2018-07-19T16:44:00.3420167-04:00" endTime="2018-07-19T16:44:00.3420227-04:00" testType="13cdc9d9-ddb5-4fa4-a97d-d965ccfc6d4b" outcome="Passed" testListId="8c84fa94-04c1-424b-9868-57a2d4851a1d" relativeResultsDirectory="0ba4bb20-be6b-43ab-9abb-f943df439b9a" /><UnitTestResult executionId="74982cbb-ce6d-4cab-bcd3-973d36ee9d8d" testId="1f74c117-ea3c-414d-95f7-6dc9fd2aca99" testName="Patch_TargetPropertyIsUpdated" computerName="VECTOR" duration="00:00:00.3000000" startTime="2018-07-19T16:44:00.1450111-04:00" endTime="2018-07-19T16:44:00.1450176-04:00" testType="13cdc9d9-ddb5-4fa4-a97d-d965ccfc6d4b" outcome="Passed" testListId="8c84fa94-04c1-424b-9868-57a2d4851a1d" relativeResultsDirectory="74982cbb-ce6d-4cab-bcd3-973d36ee9d8d" /><UnitTestResult executionId="ac5e8dfd-7513-4035-8c10-5a51ffc50f05" testId="1fc34df1-99d1-4bde-b8f0-b8f4374dabac" testName="Patch_InvalidEnumPropertyValueReturnsBadRequest" computerName="VECTOR" duration="00:00:00.0010000" startTime="2018-07-19T16:44:14.4804078-04:00" endTime="2018-07-19T16:44:14.4804103-04:00" testType="13cdc9d9-ddb5-4fa4-a97d-d965ccfc6d4b" outcome="Passed" testListId="8c84fa94-04c1-424b-9868-57a2d4851a1d" relativeResultsDirectory="ac5e8dfd-7513-4035-8c10-5a51ffc50f05" /><UnitTestResult executionId="857c1980-7f0f-42b4-81e9-02d6b398d054" testId="639f7ddf-4ed0-4429-b1d1-05d364be3a08" testName="Patch_TargetPropertyIsUpdated" computerName="VECTOR" duration="00:00:00.0350000" startTime="2018-07-19T16:44:12.2183394-04:00" endTime="2018-07-19T16:44:12.2183459-04:00" testType="13cdc9d9-ddb5-4fa4-a97d-d965ccfc6d4b" outcome="Passed" testListId="8c84fa94-04c1-424b-9868-57a2d4851a1d" relativeResultsDirectory="857c1980-7f0f-42b4-81e9-02d6b398d054" /><UnitTestResult executionId="3d77aafc-9e69-4e45-af73-6502cda06b48" testId="b67b3646-4473-4879-a1f7-01fc3cbdfcc0" testName="Post_CanCreateNewModel" computerName="VECTOR" duration="00:00:00.0110000" startTime="2018-07-19T16:43:59.5974392-04:00" endTime="2018-07-19T16:43:59.5974452-04:00" testType="13cdc9d9-ddb5-4fa4-a97d-d965ccfc6d4b" outcome="Passed" testListId="8c84fa94-04c1-424b-9868-57a2d4851a1d" relativeResultsDirectory="3d77aafc-9e69-4e45-af73-6502cda06b48" /><UnitTestResult executionId="201ba0a2-63c2-4981-8b5f-8f94ce3ad2ef" testId="e85edb3c-a1ff-4411-bc39-7e78d5b4cb79" testName="Patch_InvalidIdPropertyReturnsNotFound" computerName="VECTOR" duration="00:00:00.0040000" startTime="2018-07-19T16:44:01.5212680-04:00" endTime="2018-07-19T16:44:01.5212720-04:00" testType="13cdc9d9-ddb5-4fa4-a97d-d965ccfc6d4b" outcome="Passed" testListId="8c84fa94-04c1-424b-9868-57a2d4851a1d" relativeResultsDirectory="201ba0a2-63c2-4981-8b5f-8f94ce3ad2ef" /><UnitTestResult executionId="25f55863-eb85-4991-88f1-b4ae68c2662b" testId="1a450a66-9c5a-47d2-8355-ce5f4a23a0cf" testName="Patch_InvalidPropertyNameReturnsBadRequest" computerName="VECTOR" duration="00:00:00.0050000" startTime="2018-07-19T16:44:03.6394824-04:00" endTime="2018-07-19T16:44:03.6394878-04:00" testType="13cdc9d9-ddb5-4fa4-a97d-d965ccfc6d4b" outcome="Passed" testListId="8c84fa94-04c1-424b-9868-57a2d4851a1d" relativeResultsDirectory="25f55863-eb85-4991-88f1-b4ae68c2662b" /><UnitTestResult executionId="7ecddeda-1d8a-4199-a344-fb18ef971ed4" testId="85fa277f-372d-42a3-bfff-953712f456f6" testName="Patch_InvalidIdPropertyReturnsNotFound" computerName="VECTOR" duration="00:00:00.0050000" startTime="2018-07-19T16:44:03.6447543-04:00" endTime="2018-07-19T16:44:03.6447600-04:00" testType="13cdc9d9-ddb5-4fa4-a97d-d965ccfc6d4b" outcome="Passed" testListId="8c84fa94-04c1-424b-9868-57a2d4851a1d" relativeResultsDirectory="7ecddeda-1d8a-4199-a344-fb18ef971ed4" /><UnitTestResult executionId="16a38b87-f8a5-43d1-bc3d-08521fcd26a7" testId="386492e4-d8cd-417b-9869-6c41ed0e98e3" testName="GetSingle_InvalidIdPropertyValueReturnsNotFound" computerName="VECTOR" duration="00:00:00.0090000" startTime="2018-07-19T16:43:59.6462622-04:00" endTime="2018-07-19T16:43:59.6462690-04:00" testType="13cdc9d9-ddb5-4fa4-a97d-d965ccfc6d4b" outcome="Passed" testListId="8c84fa94-04c1-424b-9868-57a2d4851a1d" relativeResultsDirectory="16a38b87-f8a5-43d1-bc3d-08521fcd26a7" /><UnitTestResult executionId="0be380a0-dbe7-4dde-aef7-74b0ec10923c" testId="3b9b3e99-b7a0-42d3-a3cf-6ad8f11f3895" testName="Delete_TargetModelIsDeleted" computerName="VECTOR" duration="00:00:00.0140000" startTime="2018-07-19T16:44:14.4409196-04:00" endTime="2018-07-19T16:44:14.4409250-04:00" testType="13cdc9d9-ddb5-4fa4-a97d-d965ccfc6d4b" outcome="Passed" testListId="8c84fa94-04c1-424b-9868-57a2d4851a1d" relativeResultsDirectory="0be380a0-dbe7-4dde-aef7-74b0ec10923c" /><UnitTestResult executionId="3ab897ae-d22a-4be6-9788-20f6023ea4f0" testId="88f1e8f6-5903-4419-90a4-947dfeb9eac2" testName="GetSingle_InvalidIdPropertyValueReturnsNotFound" computerName="VECTOR" duration="00:00:00.0050000" startTime="2018-07-19T16:44:12.4631935-04:00" endTime="2018-07-19T16:44:12.4631998-04:00" testType="13cdc9d9-ddb5-4fa4-a97d-d965ccfc6d4b" outcome="Passed" testListId="8c84fa94-04c1-424b-9868-57a2d4851a1d" relativeResultsDirectory="3ab897ae-d22a-4be6-9788-20f6023ea4f0" /><UnitTestResult executionId="601cceb0-cc7e-4022-b9f5-1416b7e3db4c" testId="36546f83-af57-47c4-949b-934005a256ef" testName="PostFile_FileIsSynchronizedIsUpdatedAfterFileIsPosted" computerName="VECTOR" duration="00:00:00.0590000" startTime="2018-07-19T16:44:14.2858102-04:00" endTime="2018-07-19T16:44:14.2858156-04:00" testType="13cdc9d9-ddb5-4fa4-a97d-d965ccfc6d4b" outcome="Passed" testListId="8c84fa94-04c1-424b-9868-57a2d4851a1d" relativeResultsDirectory="601cceb0-cc7e-4022-b9f5-1416b7e3db4c" /><UnitTestResult executionId="a9028361-4b02-459f-a3f1-6256b84afd76" testId="d288d4c4-48ea-47a7-8319-80a7b00a0b01" testName="PostFile_FileTimeStampIsUpdatedAfterFileIsPosted" computerName="VECTOR" duration="00:00:00.0010000" startTime="2018-07-19T16:44:00.5372309-04:00" endTime="2018-07-19T16:44:00.5372334-04:00" testType="13cdc9d9-ddb5-4fa4-a97d-d965ccfc6d4b" outcome="Passed" testListId="8c84fa94-04c1-424b-9868-57a2d4851a1d" relativeResultsDirectory="a9028361-4b02-459f-a3f1-6256b84afd76" /><UnitTestResult executionId="ca45073e-e090-4ce3-9dbb-aa1688e05b63" testId="81c187e4-0021-4fbc-9a0a-15c1ffd33e15" testName="PostFile_NewFileCanBePosted" computerName="VECTOR" duration="00:00:00.0550000" startTime="2018-07-19T16:44:14.3407130-04:00" endTime="2018-07-19T16:44:14.3407178-04:00" testType="13cdc9d9-ddb5-4fa4-a97d-d965ccfc6d4b" outcome="Passed" testListId="8c84fa94-04c1-424b-9868-57a2d4851a1d" relativeResultsDirectory="ca45073e-e090-4ce3-9dbb-aa1688e05b63" /><UnitTestResult executionId="23193ae3-4288-4af6-a965-9a7c7700e429" testId="da49287c-f949-470a-86d6-6908d49f9aae" testName="Patch_InvalidPropertyNameReturnsBadRequest" computerName="VECTOR" duration="00:00:00.0170000" startTime="2018-07-19T16:44:01.2565260-04:00" endTime="2018-07-19T16:44:01.2565314-04:00" testType="13cdc9d9-ddb5-4fa4-a97d-d965ccfc6d4b" outcome="Passed" testListId="8c84fa94-04c1-424b-9868-57a2d4851a1d" relativeResultsDirectory="23193ae3-4288-4af6-a965-9a7c7700e429" /><UnitTestResult executionId="7998bf67-3bf5-4981-97fa-69ac73d1e972" testId="02d2ceb8-c0a2-4b42-8f4d-56e1951a9bb4" testName="FileRequest_FileCanBeReadAfterRename" computerName="VECTOR" duration="00:00:00.0840000" startTime="2018-07-19T16:44:09.7411809-04:00" endTime="2018-07-19T16:44:09.7411877-04:00" testType="13cdc9d9-ddb5-4fa4-a97d-d965ccfc6d4b" outcome="Passed" testListId="8c84fa94-04c1-424b-9868-57a2d4851a1d" relativeResultsDirectory="7998bf67-3bf5-4981-97fa-69ac73d1e972" /><UnitTestResult executionId="84c96670-79e3-42b8-ad22-d66dc5f0f084" testId="8f549482-c530-49b2-92cb-8bd61d400a0c" testName="Post_CanCreateNewModel" computerName="VECTOR" duration="00:00:00.0110000" startTime="2018-07-19T16:44:12.1830371-04:00" endTime="2018-07-19T16:44:12.1830439-04:00" testType="13cdc9d9-ddb5-4fa4-a97d-d965ccfc6d4b" outcome="Passed" testListId="8c84fa94-04c1-424b-9868-57a2d4851a1d" relativeResultsDirectory="84c96670-79e3-42b8-ad22-d66dc5f0f084" /><UnitTestResult executionId="21059efd-3dd3-4084-aa04-381b1f235014" testId="5da50a49-8f8b-4c5e-aea6-a732532a03d0" testName="Put_ValidReferencePropertyUpdatesModel" computerName="VECTOR" duration="00:00:00.0610000" startTime="2018-07-19T16:44:01.4866411-04:00" endTime="2018-07-19T16:44:01.4866471-04:00" testType="13cdc9d9-ddb5-4fa4-a97d-d965ccfc6d4b" outcome="Passed" testListId="8c84fa94-04c1-424b-9868-57a2d4851a1d" relativeResultsDirectory="21059efd-3dd3-4084-aa04-381b1f235014" /><UnitTestResult executionId="f242253c-42df-4932-8127-9a14c281ba7c" testId="b3bbbe56-cb3a-491d-8b24-f829042c6a4a" testName="Patch_InvalidReferencePropertyReturnsBadRequest" computerName="VECTOR" duration="00:00:00.0150000" startTime="2018-07-19T16:44:12.3793269-04:00" endTime="2018-07-19T16:44:12.3793332-04:00" testType="13cdc9d9-ddb5-4fa4-a97d-d965ccfc6d4b" outcome="Passed" testListId="8c84fa94-04c1-424b-9868-57a2d4851a1d" relativeResultsDirectory="f242253c-42df-4932-8127-9a14c281ba7c" /><UnitTestResult executionId="e604b315-bbc2-4e10-9be1-2473769f4b09" testId="f1645c2e-8410-457a-b80a-57fa25bac46a" testName="GetList_ListReturnsCorrectCount" computerName="VECTOR" duration="00:00:00.1010000" startTime="2018-07-19T16:44:12.0064563-04:00" endTime="2018-07-19T16:44:12.0064625-04:00" testType="13cdc9d9-ddb5-4fa4-a97d-d965ccfc6d4b" outcome="Passed" testListId="8c84fa94-04c1-424b-9868-57a2d4851a1d" relativeResultsDirectory="e604b315-bbc2-4e10-9be1-2473769f4b09" /><UnitTestResult executionId="1827cf37-7eb8-416d-b504-5a55e8acd384" testId="482c6187-f1a6-40b1-a82b-116aef409ca0" testName="Post_CanCreateNewModel" computerName="VECTOR" duration="00:00:00.0110000" startTime="2018-07-19T16:44:14.4176071-04:00" endTime="2018-07-19T16:44:14.4176122-04:00" testType="13cdc9d9-ddb5-4fa4-a97d-d965ccfc6d4b" outcome="Passed" testListId="8c84fa94-04c1-424b-9868-57a2d4851a1d" relativeResultsDirectory="1827cf37-7eb8-416d-b504-5a55e8acd384" /><UnitTestResult executionId="cd9138a3-df44-423f-95fc-898b710575c3" testId="e98062ae-4725-4cf9-abbb-d6f346f77f33" testName="GetFile_NonExistentFileReturnsNotFound" computerName="VECTOR" duration="00:00:00.0040000" startTime="2018-07-19T16:44:14.1440286-04:00" endTime="2018-07-19T16:44:14.1440337-04:00" testType="13cdc9d9-ddb5-4fa4-a97d-d965ccfc6d4b" outcome="Passed" testListId="8c84fa94-04c1-424b-9868-57a2d4851a1d" relativeResultsDirectory="cd9138a3-df44-423f-95fc-898b710575c3" /><UnitTestResult executionId="56ca687e-9639-4ded-bd15-0404922f2078" testId="3303af0c-8b66-4ab3-8c03-b257823dfb6f" testName="Patch_InvalidEnumPropertyValueReturnsBadRequest" computerName="VECTOR" duration="00:00:00.0010000" startTime="2018-07-19T16:44:01.5214437-04:00" endTime="2018-07-19T16:44:01.5214448-04:00" testType="13cdc9d9-ddb5-4fa4-a97d-d965ccfc6d4b" outcome="Passed" testListId="8c84fa94-04c1-424b-9868-57a2d4851a1d" relativeResultsDirectory="56ca687e-9639-4ded-bd15-0404922f2078" /><UnitTestResult executionId="2fbc76a9-deb6-41db-b456-02ef42ee65f9" testId="3997b34a-fa43-492a-99de-4d75b3dd6df2" testName="Patch_ValidReferencePropertyUpdatesModel" computerName="VECTOR" duration="00:00:00.0350000" startTime="2018-07-19T16:44:01.5571467-04:00" endTime="2018-07-19T16:44:01.5571526-04:00" testType="13cdc9d9-ddb5-4fa4-a97d-d965ccfc6d4b" outcome="Passed" testListId="8c84fa94-04c1-424b-9868-57a2d4851a1d" relativeResultsDirectory="2fbc76a9-deb6-41db-b456-02ef42ee65f9" /><UnitTestResult executionId="3a7c9b6d-8c1d-48a3-882f-94d5cd9542e1" testId="7c05869d-3f1f-4339-a8a9-9967998f21c8" testName="Delete_TargetModelIsDeleted" computerName="VECTOR" duration="00:00:00.0140000" startTime="2018-07-19T16:44:00.5161363-04:00" endTime="2018-07-19T16:44:00.5161422-04:00" testType="13cdc9d9-ddb5-4fa4-a97d-d965ccfc6d4b" outcome="Passed" testListId="8c84fa94-04c1-424b-9868-57a2d4851a1d" relativeResultsDirectory="3a7c9b6d-8c1d-48a3-882f-94d5cd9542e1" /><UnitTestResult executionId="4d826ce3-9cf4-4b32-b765-27ca2a0ea4e0" testId="3afce9f1-2d95-4a5a-b600-d00d4f6a8781" testName="GetList_ListReturnsCorrectCount" computerName="VECTOR" duration="00:00:00.0570000" startTime="2018-07-19T16:44:00.4605949-04:00" endTime="2018-07-19T16:44:00.4606009-04:00" testType="13cdc9d9-ddb5-4fa4-a97d-d965ccfc6d4b" outcome="Passed" testListId="8c84fa94-04c1-424b-9868-57a2d4851a1d" relativeResultsDirectory="4d826ce3-9cf4-4b32-b765-27ca2a0ea4e0" /><UnitTestResult executionId="55bd8b0f-6c8d-4201-a80b-f1e1034f09de" testId="dd0a9853-c834-4203-876a-9e5037a9ee29" testName="DepthBufferHasExpectedDependentFiles" computerName="VECTOR" duration="00:00:00.0010000" startTime="2018-07-19T16:43:58.7309602-04:00" endTime="2018-07-19T16:43:58.7309625-04:00" testType="13cdc9d9-ddb5-4fa4-a97d-d965ccfc6d4b" outcome="Passed" testListId="8c84fa94-04c1-424b-9868-57a2d4851a1d" relativeResultsDirectory="55bd8b0f-6c8d-4201-a80b-f1e1034f09de" /><UnitTestResult executionId="06c5ca1e-3a36-47ca-bdbd-26420ede56a2" testId="938ea032-6e2a-4fdb-8673-ea70374a40df" testName="GetFile_FileCanBeRoundTripped" computerName="VECTOR" duration="00:00:00.0520000" startTime="2018-07-19T16:44:01.1109300-04:00" endTime="2018-07-19T16:44:01.1109356-04:00" testType="13cdc9d9-ddb5-4fa4-a97d-d965ccfc6d4b" outcome="Passed" testListId="8c84fa94-04c1-424b-9868-57a2d4851a1d" relativeResultsDirectory="06c5ca1e-3a36-47ca-bdbd-26420ede56a2" /><UnitTestResult executionId="675f0246-3e5d-4d09-b2bd-53309cd3c93a" testId="822a6347-76e8-4f70-a726-77004d5e341e" testName="Patch_MultipleInvalidReferencePropertiesReturnsMultipleValidationErrorsAndBadRequest" computerName="VECTOR" duration="00:00:00.0180000" startTime="2018-07-19T16:44:14.5800617-04:00" endTime="2018-07-19T16:44:14.5800688-04:00" testType="13cdc9d9-ddb5-4fa4-a97d-d965ccfc6d4b" outcome="Passed" testListId="8c84fa94-04c1-424b-9868-57a2d4851a1d" relativeResultsDirectory="675f0246-3e5d-4d09-b2bd-53309cd3c93a" /><UnitTestResult executionId="a5baa34a-f983-4a57-8e6f-fdbe975c35e9" testId="4c6e4756-d155-4853-baa5-7ca04bd3e464" testName="LucyCameraFindsAllDependents" computerName="VECTOR" duration="00:00:00.0080000" startTime="2018-07-19T16:43:58.7236341-04:00" endTime="2018-07-19T16:43:58.7236372-04:00" testType="13cdc9d9-ddb5-4fa4-a97d-d965ccfc6d4b" outcome="Passed" testListId="8c84fa94-04c1-424b-9868-57a2d4851a1d" relativeResultsDirectory="a5baa34a-f983-4a57-8e6f-fdbe975c35e9" /><UnitTestResult executionId="2564e769-7c02-4fa2-a158-cb8316e4f946" testId="e3ded77b-d511-4bd4-90db-23fb2a7abc70" testName="Put_InvalidIdReturnsNotFound" computerName="VECTOR" duration="00:00:00.1200000" startTime="2018-07-19T16:44:01.2389326-04:00" endTime="2018-07-19T16:44:01.2389388-04:00" testType="13cdc9d9-ddb5-4fa4-a97d-d965ccfc6d4b" outcome="Passed" testListId="8c84fa94-04c1-424b-9868-57a2d4851a1d" relativeResultsDirectory="2564e769-7c02-4fa2-a158-cb8316e4f946" /><UnitTestResult executionId="d6eb9670-524a-4aa0-8e71-addccb3679e3" testId="14251612-c759-4906-9e03-a4069edb2fbc" testName="GetFile_ExistingFileReturnsSuccess" computerName="VECTOR" duration="00:00:00.0420000" startTime="2018-07-19T16:44:12.5524963-04:00" endTime="2018-07-19T16:44:12.5525040-04:00" testType="13cdc9d9-ddb5-4fa4-a97d-d965ccfc6d4b" outcome="Passed" testListId="8c84fa94-04c1-424b-9868-57a2d4851a1d" relativeResultsDirectory="d6eb9670-524a-4aa0-8e71-addccb3679e3" /><UnitTestResult executionId="52c0e92b-eb5f-4983-9d5c-a8fca3ad38e7" testId="bba4a04d-dac9-4ee5-98a5-3855eaf19211" testName="PutFile_FileCanBeUpdated" computerName="VECTOR" duration="00:00:00.1100000" startTime="2018-07-19T16:44:00.7395930-04:00" endTime="2018-07-19T16:44:00.7395990-04:00" testType="13cdc9d9-ddb5-4fa4-a97d-d965ccfc6d4b" outcome="Passed" testListId="8c84fa94-04c1-424b-9868-57a2d4851a1d" relativeResultsDirectory="52c0e92b-eb5f-4983-9d5c-a8fca3ad38e7" /><UnitTestResult executionId="2588cf23-2e7a-4312-86b8-9f49acd39a19" testId="951a12ec-f9c1-4ce8-b15c-80e0dd770ede" testName="LucyModel3dHasTwoDependents" computerName="VECTOR" duration="00:00:01.1160000" startTime="2018-07-19T16:43:58.7153940-04:00" endTime="2018-07-19T16:43:58.7154005-04:00" testType="13cdc9d9-ddb5-4fa4-a97d-d965ccfc6d4b" outcome="Passed" testListId="8c84fa94-04c1-424b-9868-57a2d4851a1d" relativeResultsDirectory="2588cf23-2e7a-4312-86b8-9f49acd39a19" /><UnitTestResult executionId="bcd9a15c-7596-4083-9d37-89cdb2aedd22" testId="aa1060aa-3ca6-43a3-874f-b13db59852a0" testName="Patch_ValidReferencePropertyUpdatesModel" computerName="VECTOR" duration="00:00:00.5540000" startTime="2018-07-19T16:44:03.1149229-04:00" endTime="2018-07-19T16:44:03.1149289-04:00" testType="13cdc9d9-ddb5-4fa4-a97d-d965ccfc6d4b" outcome="Passed" testListId="8c84fa94-04c1-424b-9868-57a2d4851a1d" relativeResultsDirectory="bcd9a15c-7596-4083-9d37-89cdb2aedd22" /><UnitTestResult executionId="625e7937-a571-4fce-9873-fb99f793fee7" testId="2c381415-be4a-4907-a0ed-101479c1d5cf" testName="GetSingle_ValidIdPropertyValueReturnsCorrectModel" computerName="VECTOR" duration="00:00:00.0060000" startTime="2018-07-19T16:44:12.4022682-04:00" endTime="2018-07-19T16:44:12.4022742-04:00" testType="13cdc9d9-ddb5-4fa4-a97d-d965ccfc6d4b" outcome="Passed" testListId="8c84fa94-04c1-424b-9868-57a2d4851a1d" relativeResultsDirectory="625e7937-a571-4fce-9873-fb99f793fee7" /><UnitTestResult executionId="eb3bc8fb-d994-4340-85f4-95af63cf9aee" testId="8d4b6d20-ca50-470d-be32-25954e9d5247" testName="Patch_InvalidIdPropertyReturnsNotFound" computerName="VECTOR" duration="00:00:00.0080000" startTime="2018-07-19T16:43:59.7629257-04:00" endTime="2018-07-19T16:43:59.7629329-04:00" testType="13cdc9d9-ddb5-4fa4-a97d-d965ccfc6d4b" outcome="Passed" testListId="8c84fa94-04c1-424b-9868-57a2d4851a1d" relativeResultsDirectory="eb3bc8fb-d994-4340-85f4-95af63cf9aee" /><UnitTestResult executionId="a2a0a517-05d9-406c-88a5-bbd565c3b21f" testId="c249bb8e-2e12-4da9-834b-881d511890bf" testName="Post_ValidReferencePropertyCreatesModel" computerName="VECTOR" duration="00:00:00.0140000" startTime="2018-07-19T16:44:03.6879648-04:00" endTime="2018-07-19T16:44:03.6879713-04:00" testType="13cdc9d9-ddb5-4fa4-a97d-d965ccfc6d4b" outcome="Passed" testListId="8c84fa94-04c1-424b-9868-57a2d4851a1d" relativeResultsDirectory="a2a0a517-05d9-406c-88a5-bbd565c3b21f" /><UnitTestResult executionId="e250ee9d-e934-4d91-9ac1-7a1ea644544c" testId="ab93c1db-3d37-49d8-b63e-71539751a404" testName="Put_CanUpdateModel" computerName="VECTOR" duration="00:00:00.0320000" startTime="2018-07-19T16:44:12.5101823-04:00" endTime="2018-07-19T16:44:12.5101897-04:00" testType="13cdc9d9-ddb5-4fa4-a97d-d965ccfc6d4b" outcome="Passed" testListId="8c84fa94-04c1-424b-9868-57a2d4851a1d" relativeResultsDirectory="e250ee9d-e934-4d91-9ac1-7a1ea644544c" /><UnitTestResult executionId="3295dcc7-3b75-4599-95fb-06a2678d12a1" testId="05aa2a11-6612-4522-aa95-dafbb8eaaacc" testName="GetFile_NonExistentFileReturnsNotFound" computerName="VECTOR" duration="00:00:00.0120000" startTime="2018-07-19T16:44:03.7482985-04:00" endTime="2018-07-19T16:44:03.7483044-04:00" testType="13cdc9d9-ddb5-4fa4-a97d-d965ccfc6d4b" outcome="Passed" testListId="8c84fa94-04c1-424b-9868-57a2d4851a1d" relativeResultsDirectory="3295dcc7-3b75-4599-95fb-06a2678d12a1" /><UnitTestResult executionId="cfd6984e-dd28-4093-9b2b-4c1bbf15bce1" testId="99f65f12-6e2b-4e24-b7d1-482ae54790ae" testName="PostFile_FileIsSynchronizedIsUpdatedAfterFileIsPosted" computerName="VECTOR" duration="00:00:00.0010000" startTime="2018-07-19T16:44:01.1178368-04:00" endTime="2018-07-19T16:44:01.1178388-04:00" testType="13cdc9d9-ddb5-4fa4-a97d-d965ccfc6d4b" outcome="Passed" testListId="8c84fa94-04c1-424b-9868-57a2d4851a1d" relativeResultsDirectory="cfd6984e-dd28-4093-9b2b-4c1bbf15bce1" /><UnitTestResult executionId="3f72bd30-4041-4932-bf10-c91369111cad" testId="7d976a37-94bf-4efc-889f-bd470f9f9401" testName="Post_InvalidReferencePropertyReturnsBadRequest" computerName="VECTOR" duration="00:00:00.0720000" startTime="2018-07-19T16:43:59.8446759-04:00" endTime="2018-07-19T16:43:59.8446818-04:00" testType="13cdc9d9-ddb5-4fa4-a97d-d965ccfc6d4b" outcome="Passed" testListId="8c84fa94-04c1-424b-9868-57a2d4851a1d" relativeResultsDirectory="3f72bd30-4041-4932-bf10-c91369111cad" /><UnitTestResult executionId="5ea227ce-5358-4cb5-a81c-16111c59c0b9" testId="45f3012f-92e4-48da-badd-ba1d6b9b7504" testName="Post_ValidReferencePropertyCreatesModel" computerName="VECTOR" duration="00:00:00.0130000" startTime="2018-07-19T16:44:00.3862670-04:00" endTime="2018-07-19T16:44:00.3862724-04:00" testType="13cdc9d9-ddb5-4fa4-a97d-d965ccfc6d4b" outcome="Passed" testListId="8c84fa94-04c1-424b-9868-57a2d4851a1d" relativeResultsDirectory="5ea227ce-5358-4cb5-a81c-16111c59c0b9" /><UnitTestResult executionId="f9237ef5-fbe7-48d2-bdfd-7b0a39509e32" testId="a2531edf-3fa5-4371-95ca-075cd8365438" testName="GetSingle_InvalidIdPropertyValueReturnsNotFound" computerName="VECTOR" duration="00:00:00.0120000" startTime="2018-07-19T16:44:00.2371161-04:00" endTime="2018-07-19T16:44:00.2371223-04:00" testType="13cdc9d9-ddb5-4fa4-a97d-d965ccfc6d4b" outcome="Passed" testListId="8c84fa94-04c1-424b-9868-57a2d4851a1d" relativeResultsDirectory="f9237ef5-fbe7-48d2-bdfd-7b0a39509e32" /><UnitTestResult executionId="bbda698f-a474-4a64-ae85-943ba5a0fb70" testId="38a637e8-a0aa-417b-a800-6d40e1dc9e39" testName="Put_InvalidReferencePropertyReturndBadRequest" computerName="VECTOR" duration="00:00:00.0150000" startTime="2018-07-19T16:44:01.5167875-04:00" endTime="2018-07-19T16:44:01.5167937-04:00" testType="13cdc9d9-ddb5-4fa4-a97d-d965ccfc6d4b" outcome="Passed" testListId="8c84fa94-04c1-424b-9868-57a2d4851a1d" relativeResultsDirectory="bbda698f-a474-4a64-ae85-943ba5a0fb70" /><UnitTestResult executionId="21907ec4-38cc-42db-bf6c-ac4389b95ddc" testId="3307f0d9-baad-4758-a057-65c8b075d199" testName="Patch_InvalidReferencePropertyReturnsBadRequest" computerName="VECTOR" duration="00:00:00.0140000" startTime="2018-07-19T16:44:03.6344438-04:00" endTime="2018-07-19T16:44:03.6344498-04:00" testType="13cdc9d9-ddb5-4fa4-a97d-d965ccfc6d4b" outcome="Passed" testListId="8c84fa94-04c1-424b-9868-57a2d4851a1d" relativeResultsDirectory="21907ec4-38cc-42db-bf6c-ac4389b95ddc" /><UnitTestResult executionId="d2f93468-5809-4a9d-baee-dcd2a0799566" testId="8a148ead-1663-40a5-8499-ed7918892c90" testName="Put_ValidReferencePropertyUpdatesModel" computerName="VECTOR" duration="00:00:00.0260000" startTime="2018-07-19T16:44:00.3682011-04:00" endTime="2018-07-19T16:44:00.3682073-04:00" testType="13cdc9d9-ddb5-4fa4-a97d-d965ccfc6d4b" outcome="Passed" testListId="8c84fa94-04c1-424b-9868-57a2d4851a1d" relativeResultsDirectory="d2f93468-5809-4a9d-baee-dcd2a0799566" /><UnitTestResult executionId="e2322edb-a9ce-40f6-83d0-aaddbf8854c5" testId="c9a5d864-6325-42dd-b4bb-fa9d69bdadca" testName="GetSingle_ValidIdPropertyValueReturnsCorrectModel" computerName="VECTOR" duration="00:00:00.0070000" startTime="2018-07-19T16:44:03.7135155-04:00" endTime="2018-07-19T16:44:03.7135212-04:00" testType="13cdc9d9-ddb5-4fa4-a97d-d965ccfc6d4b" outcome="Passed" testListId="8c84fa94-04c1-424b-9868-57a2d4851a1d" relativeResultsDirectory="e2322edb-a9ce-40f6-83d0-aaddbf8854c5" /><UnitTestResult executionId="078a522d-b4f7-4e0b-b6c7-98d6b395b68b" testId="f250e19f-679d-4c3e-8e96-1eb7e2f5948a" testName="Patch_InvalidPropertyNameReturnsBadRequest" computerName="VECTOR" duration="00:00:00.0060000" startTime="2018-07-19T16:44:12.0123669-04:00" endTime="2018-07-19T16:44:12.0123724-04:00" testType="13cdc9d9-ddb5-4fa4-a97d-d965ccfc6d4b" outcome="Passed" testListId="8c84fa94-04c1-424b-9868-57a2d4851a1d" relativeResultsDirectory="078a522d-b4f7-4e0b-b6c7-98d6b395b68b" /><UnitTestResult executionId="87cd783c-6f51-471f-b1d5-9ea0b708cbaa" testId="cc6caf3d-995c-4d9d-bb90-a8551d4566ca" testName="Put_InvalidReferencePropertyReturndBadRequest" computerName="VECTOR" duration="00:00:00.0190000" startTime="2018-07-19T16:44:03.7326841-04:00" endTime="2018-07-19T16:44:03.7326904-04:00" testType="13cdc9d9-ddb5-4fa4-a97d-d965ccfc6d4b" outcome="Passed" testListId="8c84fa94-04c1-424b-9868-57a2d4851a1d" relativeResultsDirectory="87cd783c-6f51-471f-b1d5-9ea0b708cbaa" /><UnitTestResult executionId="6dd67c50-1981-45bc-906f-8b69b03a4f51" testId="b8ee7d44-4add-4d25-adb2-5b128c05bdec" testName="Patch_ValidReferencePropertyUpdatesModel" computerName="VECTOR" duration="00:00:00.0380000" startTime="2018-07-19T16:44:14.6314350-04:00" endTime="2018-07-19T16:44:14.6314407-04:00" testType="13cdc9d9-ddb5-4fa4-a97d-d965ccfc6d4b" outcome="Passed" testListId="8c84fa94-04c1-424b-9868-57a2d4851a1d" relativeResultsDirectory="6dd67c50-1981-45bc-906f-8b69b03a4f51" /><UnitTestResult executionId="ec72c7de-fb87-4b2a-9d6f-57788ca2c292" testId="89eff717-eafb-4046-bf73-06638030e308" testName="Post_CanCreateNewModel" computerName="VECTOR" duration="00:00:00.0120000" startTime="2018-07-19T16:44:01.3757797-04:00" endTime="2018-07-19T16:44:01.3757868-04:00" testType="13cdc9d9-ddb5-4fa4-a97d-d965ccfc6d4b" outcome="Passed" testListId="8c84fa94-04c1-424b-9868-57a2d4851a1d" relativeResultsDirectory="ec72c7de-fb87-4b2a-9d6f-57788ca2c292" /><UnitTestResult executionId="39915804-38de-4603-a76a-b8e88e7c2c30" testId="1aea6415-918f-4b3e-b336-9f603c60ac6e" testName="Post_InvalidPropertyValueReturnsBadRequest" computerName="VECTOR" duration="00:00:00.0030000" startTime="2018-07-19T16:44:03.7356062-04:00" endTime="2018-07-19T16:44:03.7356102-04:00" testType="13cdc9d9-ddb5-4fa4-a97d-d965ccfc6d4b" outcome="Passed" testListId="8c84fa94-04c1-424b-9868-57a2d4851a1d" relativeResultsDirectory="39915804-38de-4603-a76a-b8e88e7c2c30" /><UnitTestResult executionId="ab2e0947-af72-4d5f-8487-e290bfa6c1e0" testId="db2308ae-b0eb-45af-bc94-b0ccf62827b0" testName="Patch_MultipleInvalidReferencePropertiesReturnsMultipleValidationErrorsAndBadRequest" computerName="VECTOR" duration="00:00:00.0140000" startTime="2018-07-19T16:44:01.3637859-04:00" endTime="2018-07-19T16:44:01.3638834-04:00" testType="13cdc9d9-ddb5-4fa4-a97d-d965ccfc6d4b" outcome="Passed" testListId="8c84fa94-04c1-424b-9868-57a2d4851a1d" relativeResultsDirectory="ab2e0947-af72-4d5f-8487-e290bfa6c1e0" /><UnitTestResult executionId="762a5862-a8aa-4030-9083-559d7d6416aa" testId="45a722cd-af27-4295-b99c-d75fae032069" testName="Patch_InvalidIdPropertyReturnsNotFound" computerName="VECTOR" duration="00:00:00.0050000" startTime="2018-07-19T16:44:12.1712966-04:00" endTime="2018-07-19T16:44:12.1713011-04:00" testType="13cdc9d9-ddb5-4fa4-a97d-d965ccfc6d4b" outcome="Passed" testListId="8c84fa94-04c1-424b-9868-57a2d4851a1d" relativeResultsDirectory="762a5862-a8aa-4030-9083-559d7d6416aa" /><UnitTestResult executionId="9a48a8e4-88b2-4f78-9cf0-a8d3e31ef07f" testId="2b122f02-846e-4ff6-9ceb-6436c2c398d3" testName="CameraHasExpectedDependentFiles" computerName="VECTOR" duration="00:00:00.0010000" startTime="2018-07-19T16:43:58.7240793-04:00" endTime="2018-07-19T16:43:58.7240855-04:00" testType="13cdc9d9-ddb5-4fa4-a97d-d965ccfc6d4b" outcome="Passed" testListId="8c84fa94-04c1-424b-9868-57a2d4851a1d" relativeResultsDirectory="9a48a8e4-88b2-4f78-9cf0-a8d3e31ef07f" /><UnitTestResult executionId="28bb48b8-9f3c-4567-8b75-ea2ea034a3fc" testId="cf1bae3e-7a37-4d78-8cc9-32a3c0f96750" testName="Patch_InvalidReferencePropertyReturnsBadRequest" computerName="VECTOR" duration="00:00:00.0020000" startTime="2018-07-19T16:43:59.5860268-04:00" endTime="2018-07-19T16:43:59.5860294-04:00" testType="13cdc9d9-ddb5-4fa4-a97d-d965ccfc6d4b" outcome="Passed" testListId="8c84fa94-04c1-424b-9868-57a2d4851a1d" relativeResultsDirectory="28bb48b8-9f3c-4567-8b75-ea2ea034a3fc" /><UnitTestResult executionId="9ac77188-d985-4644-83b8-905399f9aeab" testId="d5f45356-52af-49c9-baa4-2f3a556646ee" testName="PutFile_NewFileCanBePut" computerName="VECTOR" duration="00:00:00.0920000" startTime="2018-07-19T16:44:00.6297208-04:00" endTime="2018-07-19T16:44:00.6297268-04:00" testType="13cdc9d9-ddb5-4fa4-a97d-d965ccfc6d4b" outcome="Passed" testListId="8c84fa94-04c1-424b-9868-57a2d4851a1d" relativeResultsDirectory="9ac77188-d985-4644-83b8-905399f9aeab" /><UnitTestResult executionId="792b1c90-3f1e-4f97-91bf-0fd7f4ee7731" testId="c959963e-9b88-4b02-963e-9d65475e0cf9" testName="Post_CanCreateNewModel" computerName="VECTOR" duration="00:00:00.0150000" startTime="2018-07-19T16:44:00.4814619-04:00" endTime="2018-07-19T16:44:00.4814684-04:00" testType="13cdc9d9-ddb5-4fa4-a97d-d965ccfc6d4b" outcome="Passed" testListId="8c84fa94-04c1-424b-9868-57a2d4851a1d" relativeResultsDirectory="792b1c90-3f1e-4f97-91bf-0fd7f4ee7731" /><UnitTestResult executionId="30a0606b-4ac9-4662-bf48-e787a3e2c599" testId="2f323621-ec51-42a2-b8ba-ae30b8a0da26" testName="Patch_TargetPropertyIsUpdated" computerName="VECTOR" duration="00:00:00.0350000" startTime="2018-07-19T16:44:03.6074089-04:00" endTime="2018-07-19T16:44:03.6074165-04:00" testType="13cdc9d9-ddb5-4fa4-a97d-d965ccfc6d4b" outcome="Passed" testListId="8c84fa94-04c1-424b-9868-57a2d4851a1d" relativeResultsDirectory="30a0606b-4ac9-4662-bf48-e787a3e2c599" /><UnitTestResult executionId="5ddfc78f-197b-4c35-aaf2-e9a2ecbd3c27" testId="efece606-2c44-4269-a262-0ec5b064d380" testName="GetSingle_ValidIdPropertyValueReturnsCorrectModel" computerName="VECTOR" duration="00:00:00.0050000" startTime="2018-07-19T16:44:01.6360946-04:00" endTime="2018-07-19T16:44:01.6360975-04:00" testType="13cdc9d9-ddb5-4fa4-a97d-d965ccfc6d4b" outcome="Passed" testListId="8c84fa94-04c1-424b-9868-57a2d4851a1d" relativeResultsDirectory="5ddfc78f-197b-4c35-aaf2-e9a2ecbd3c27" /><UnitTestResult executionId="c000f31a-a6ad-44e3-8ea9-f84516d669a0" testId="a15f895f-293b-40bd-9535-514ce9d991a3" testName="Put_ValidReferencePropertyUpdatesModel" computerName="VECTOR" duration="00:00:00.0330000" startTime="2018-07-19T16:44:03.5668778-04:00" endTime="2018-07-19T16:44:03.5668835-04:00" testType="13cdc9d9-ddb5-4fa4-a97d-d965ccfc6d4b" outcome="Passed" testListId="8c84fa94-04c1-424b-9868-57a2d4851a1d" relativeResultsDirectory="c000f31a-a6ad-44e3-8ea9-f84516d669a0" /><UnitTestResult executionId="5e1b6fe6-1ef1-44c0-883c-2f040c4814fd" testId="c8d3dab7-4abc-47a2-94c1-51c79498c4fa" testName="Patch_InvalidReferencePropertyReturnsBadRequest" computerName="VECTOR" duration="00:00:00.0090000" startTime="2018-07-19T16:44:01.3855004-04:00" endTime="2018-07-19T16:44:01.3855069-04:00" testType="13cdc9d9-ddb5-4fa4-a97d-d965ccfc6d4b" outcome="Passed" testListId="8c84fa94-04c1-424b-9868-57a2d4851a1d" relativeResultsDirectory="5e1b6fe6-1ef1-44c0-883c-2f040c4814fd" /><UnitTestResult executionId="53b76884-7457-4e94-b2b0-8ef2cc5c5295" testId="e441c755-8311-44a2-a967-d5e7c2d23017" testName="LucyDepthBufferFindsOneDependent" computerName="VECTOR" duration="00:00:00.0060000" startTime="2018-07-19T16:43:58.7305668-04:00" endTime="2018-07-19T16:43:58.7305702-04:00" testType="13cdc9d9-ddb5-4fa4-a97d-d965ccfc6d4b" outcome="Passed" testListId="8c84fa94-04c1-424b-9868-57a2d4851a1d" relativeResultsDirectory="53b76884-7457-4e94-b2b0-8ef2cc5c5295" /><UnitTestResult executionId="7a5e7559-c3c6-4d6b-b6ec-58925bd83391" testId="66737bac-fced-454b-a5e7-efa7f7843c94" testName="Put_CanUpdateModel" computerName="VECTOR" duration="00:00:00.0800000" startTime="2018-07-19T16:44:00.2250160-04:00" endTime="2018-07-19T16:44:00.2250231-04:00" testType="13cdc9d9-ddb5-4fa4-a97d-d965ccfc6d4b" outcome="Passed" testListId="8c84fa94-04c1-424b-9868-57a2d4851a1d" relativeResultsDirectory="7a5e7559-c3c6-4d6b-b6ec-58925bd83391" /><UnitTestResult executionId="b7f6dc72-5f81-42a5-939b-1382d946c8c9" testId="b483622d-482f-4d4e-b16f-dcb58b05f71d" testName="GetList_ListReturnsCorrectCount" computerName="VECTOR" duration="00:00:00.0390000" startTime="2018-07-19T16:44:14.4802395-04:00" endTime="2018-07-19T16:44:14.4802463-04:00" testType="13cdc9d9-ddb5-4fa4-a97d-d965ccfc6d4b" outcome="Passed" testListId="8c84fa94-04c1-424b-9868-57a2d4851a1d" relativeResultsDirectory="b7f6dc72-5f81-42a5-939b-1382d946c8c9" /></Results><TestDefinitions><UnitTest name="GetSingle_ValidIdPropertyValueReturnsCorrectModel" storage="d:\users\steve knipmeyer\documents\github\modelrelief\modelrelief.test\bin\debug\netcoreapp2.0\modelrelief.test.dll" id="7a36aa7c-3440-4bdc-8a03-317890f78d53"><Execution id="33dae772-8c2e-40f6-9bbf-a7a12d8be37b" /><TestMethod codeBase="D:\Users\Steve Knipmeyer\Documents\GitHub\ModelRelief\ModelRelief.test\bin\Debug\netcoreapp2.0\ModelRelief.Test.dll" adapterTypeName="executor://xunit/VsTestRunner2/netcoreapp" className="ModelRelief.Test.Integration.Cameras.CamerasBaseIntegrationTests" name="GetSingle_ValidIdPropertyValueReturnsCorrectModel" /></UnitTest><UnitTest name="Patch_ValidReferencePropertyUpdatesModel" storage="d:\users\steve knipmeyer\documents\github\modelrelief\modelrelief.test\bin\debug\netcoreapp2.0\modelrelief.test.dll" id="aa1060aa-3ca6-43a3-874f-b13db59852a0"><Execution id="bcd9a15c-7596-4083-9d37-89cdb2aedd22" /><TestMethod codeBase="D:\Users\Steve Knipmeyer\Documents\GitHub\ModelRelief\ModelRelief.test\bin\Debug\netcoreapp2.0\ModelRelief.Test.dll" adapterTypeName="executor://xunit/VsTestRunner2/netcoreapp" className="ModelRelief.Test.Integration.Meshes.MeshesBaseIntegrationTests" name="Patch_ValidReferencePropertyUpdatesModel" /></UnitTest><UnitTest name="PostFile_FileIsSynchronizedIsUpdatedAfterFileIsPosted" storage="d:\users\steve knipmeyer\documents\github\modelrelief\modelrelief.test\bin\debug\netcoreapp2.0\modelrelief.test.dll" id="36546f83-af57-47c4-949b-934005a256ef"><Execution id="601cceb0-cc7e-4022-b9f5-1416b7e3db4c" /><TestMethod codeBase="D:\Users\Steve Knipmeyer\Documents\GitHub\ModelRelief\ModelRelief.test\bin\Debug\netcoreapp2.0\ModelRelief.Test.dll" adapterTypeName="executor://xunit/VsTestRunner2/netcoreapp" className="ModelRelief.Test.Integration.DepthBuffers.DepthBuffersFileIntegrationTests" name="PostFile_FileIsSynchronizedIsUpdatedAfterFileIsPosted" /></UnitTest><UnitTest name="Patch_InvalidReferencePropertyReturnsBadRequest" storage="d:\users\steve knipmeyer\documents\github\modelrelief\modelrelief.test\bin\debug\netcoreapp2.0\modelrelief.test.dll" id="08b47660-7c1e-4584-b49f-6a7492488111"><Execution id="9a45b35b-b5e8-4c92-84b3-722c2f584517" /><TestMethod codeBase="D:\Users\Steve Knipmeyer\Documents\GitHub\ModelRelief\ModelRelief.test\bin\Debug\netcoreapp2.0\ModelRelief.Test.dll" adapterTypeName="executor://xunit/VsTestRunner2/netcoreapp" className="ModelRelief.Test.Integration.Cameras.CamerasBaseIntegrationTests" name="Patch_InvalidReferencePropertyReturnsBadRequest" /></UnitTest><UnitTest name="Patch_ValidReferencePropertyUpdatesModel" storage="d:\users\steve knipmeyer\documents\github\modelrelief\modelrelief.test\bin\debug\netcoreapp2.0\modelrelief.test.dll" id="1940ca90-bcce-4045-aa94-3f2271b9fb6b"><Execution id="0ba4bb20-be6b-43ab-9abb-f943df439b9a" /><TestMethod codeBase="D:\Users\Steve Knipmeyer\Documents\GitHub\ModelRelief\ModelRelief.test\bin\Debug\netcoreapp2.0\ModelRelief.Test.dll" adapterTypeName="executor://xunit/VsTestRunner2/netcoreapp" className="ModelRelief.Test.Integration.Models.ModelsBaseIntegrationTests" name="Patch_ValidReferencePropertyUpdatesModel" /></UnitTest><UnitTest name="PostFile_NewFileCanBePosted" storage="d:\users\steve knipmeyer\documents\github\modelrelief\modelrelief.test\bin\debug\netcoreapp2.0\modelrelief.test.dll" id="fa8c5d6a-1764-4e5b-886b-e18c45d48766"><Execution id="cdeb2ab3-24bc-4b1c-9884-74e8ca0c6759" /><TestMethod codeBase="D:\Users\Steve Knipmeyer\Documents\GitHub\ModelRelief\ModelRelief.test\bin\Debug\netcoreapp2.0\ModelRelief.Test.dll" adapterTypeName="executor://xunit/VsTestRunner2/netcoreapp" className="ModelRelief.Test.Integration.Meshes.MeshesFileIntegrationTests" name="PostFile_NewFileCanBePosted" /></UnitTest><UnitTest name="FileRequest_FileCanBeReadAfterRename" storage="d:\users\steve knipmeyer\documents\github\modelrelief\modelrelief.test\bin\debug\netcoreapp2.0\modelrelief.test.dll" id="8ef5801a-bc51-4430-8ecb-5f57aa62a523"><Execution id="68dd5911-0165-4112-b0f7-327122b5a336" /><TestMethod codeBase="D:\Users\Steve Knipmeyer\Documents\GitHub\ModelRelief\ModelRelief.test\bin\Debug\netcoreapp2.0\ModelRelief.Test.dll" adapterTypeName="executor://xunit/VsTestRunner2/netcoreapp" className="ModelRelief.Test.Integration.Models.ModelsFileIntegrationTests" name="FileRequest_FileCanBeReadAfterRename" /></UnitTest><UnitTest name="Post_ValidReferencePropertyCreatesModel" storage="d:\users\steve knipmeyer\documents\github\modelrelief\modelrelief.test\bin\debug\netcoreapp2.0\modelrelief.test.dll" id="3d71ecd5-cecd-4258-a8f5-a5879a27e66b"><Execution id="1e20f29c-dca5-44a1-b13f-1d23cfd76beb" /><TestMethod codeBase="D:\Users\Steve Knipmeyer\Documents\GitHub\ModelRelief\ModelRelief.test\bin\Debug\netcoreapp2.0\ModelRelief.Test.dll" adapterTypeName="executor://xunit/VsTestRunner2/netcoreapp" className="ModelRelief.Test.Integration.Projects.ProjectsBaseIntegrationTests" name="Post_ValidReferencePropertyCreatesModel" /></UnitTest><UnitTest name="Model3dHasExpectedDependentFiles" storage="d:\users\steve knipmeyer\documents\github\modelrelief\modelrelief.test\bin\debug\netcoreapp2.0\modelrelief.test.dll" id="3ce43c91-e797-49e3-8212-8daa9600de2b"><Execution id="09028592-99de-42f3-9433-927a7c608ca3" /><TestMethod codeBase="D:\Users\Steve Knipmeyer\Documents\GitHub\ModelRelief\ModelRelief.test\bin\Debug\netcoreapp2.0\ModelRelief.Test.dll" adapterTypeName="executor://xunit/VsTestRunner2/netcoreapp" className="ModelRelief.Test.Unit.DependencyManager.DependencyManagerTests" name="Model3dHasExpectedDependentFiles" /></UnitTest><UnitTest name="GetList_ListReturnsCorrectCount" storage="d:\users\steve knipmeyer\documents\github\modelrelief\modelrelief.test\bin\debug\netcoreapp2.0\modelrelief.test.dll" id="a6c43e41-a9e0-4f58-b16c-8f4b02cceedc"><Execution id="6904d101-f853-4533-8669-4756b666e341" /><TestMethod codeBase="D:\Users\Steve Knipmeyer\Documents\GitHub\ModelRelief\ModelRelief.test\bin\Debug\netcoreapp2.0\ModelRelief.Test.dll" adapterTypeName="executor://xunit/VsTestRunner2/netcoreapp" className="ModelRelief.Test.Integration.Meshes.MeshesBaseIntegrationTests" name="GetList_ListReturnsCorrectCount" /></UnitTest><UnitTest name="GetSingle_InvalidIdPropertyValueReturnsNotFound" storage="d:\users\steve knipmeyer\documents\github\modelrelief\modelrelief.test\bin\debug\netcoreapp2.0\modelrelief.test.dll" id="48e566c6-2e0d-4423-9675-88d99add0918"><Execution id="642edf04-1340-4288-b8a0-5496e622eb39" /><TestMethod codeBase="D:\Users\Steve Knipmeyer\Documents\GitHub\ModelRelief\ModelRelief.test\bin\Debug\netcoreapp2.0\ModelRelief.Test.dll" adapterTypeName="executor://xunit/VsTestRunner2/netcoreapp" className="ModelRelief.Test.Integration.Cameras.CamerasBaseIntegrationTests" name="GetSingle_InvalidIdPropertyValueReturnsNotFound" /></UnitTest><UnitTest name="Post_CanCreateNewModel" storage="d:\users\steve knipmeyer\documents\github\modelrelief\modelrelief.test\bin\debug\netcoreapp2.0\modelrelief.test.dll" id="8f549482-c530-49b2-92cb-8bd61d400a0c"><Execution id="84c96670-79e3-42b8-ad22-d66dc5f0f084" /><TestMethod codeBase="D:\Users\Steve Knipmeyer\Documents\GitHub\ModelRelief\ModelRelief.test\bin\Debug\netcoreapp2.0\ModelRelief.Test.dll" adapterTypeName="executor://xunit/VsTestRunner2/netcoreapp" className="ModelRelief.Test.Integration.DepthBuffers.DepthBuffersBaseIntegrationTests" name="Post_CanCreateNewModel" /></UnitTest><UnitTest name="Patch_InvalidEnumPropertyValueReturnsBadRequest" storage="d:\users\steve knipmeyer\documents\github\modelrelief\modelrelief.test\bin\debug\netcoreapp2.0\modelrelief.test.dll" id="3303af0c-8b66-4ab3-8c03-b257823dfb6f"><Execution id="56ca687e-9639-4ded-bd15-0404922f2078" /><TestMethod codeBase="D:\Users\Steve Knipmeyer\Documents\GitHub\ModelRelief\ModelRelief.test\bin\Debug\netcoreapp2.0\ModelRelief.Test.dll" adapterTypeName="executor://xunit/VsTestRunner2/netcoreapp" className="ModelRelief.Test.Integration.MeshTransforms.MeshTransformsBaseIntegrationTests" name="Patch_InvalidEnumPropertyValueReturnsBadRequest" /></UnitTest><UnitTest name="Put_ValidReferencePropertyUpdatesModel" storage="d:\users\steve knipmeyer\documents\github\modelrelief\modelrelief.test\bin\debug\netcoreapp2.0\modelrelief.test.dll" id="8a148ead-1663-40a5-8499-ed7918892c90"><Execution id="d2f93468-5809-4a9d-baee-dcd2a0799566" /><TestMethod codeBase="D:\Users\Steve Knipmeyer\Documents\GitHub\ModelRelief\ModelRelief.test\bin\Debug\netcoreapp2.0\ModelRelief.Test.dll" adapterTypeName="executor://xunit/VsTestRunner2/netcoreapp" className="ModelRelief.Test.Integration.Models.ModelsBaseIntegrationTests" name="Put_ValidReferencePropertyUpdatesModel" /></UnitTest><UnitTest name="FileRequest_MeshGenerateScalesDepthBufferByP1Scale" storage="d:\users\steve knipmeyer\documents\github\modelrelief\modelrelief.test\bin\debug\netcoreapp2.0\modelrelief.test.dll" id="d8a816ab-f5c9-43aa-90df-adb44251a5f6"><Execution id="a27e91f9-887c-47e1-abfd-a01b30e15fea" /><TestMethod codeBase="D:\Users\Steve Knipmeyer\Documents\GitHub\ModelRelief\ModelRelief.test\bin\Debug\netcoreapp2.0\ModelRelief.Test.dll" adapterTypeName="executor://xunit/VsTestRunner2/netcoreapp" className="ModelRelief.Test.Integration.Meshes.MeshesFileIntegrationTests" name="FileRequest_MeshGenerateScalesDepthBufferByP1Scale" /></UnitTest><UnitTest name="FileRequest_FileCanBeReadAfterRename" storage="d:\users\steve knipmeyer\documents\github\modelrelief\modelrelief.test\bin\debug\netcoreapp2.0\modelrelief.test.dll" id="02d2ceb8-c0a2-4b42-8f4d-56e1951a9bb4"><Execution id="7998bf67-3bf5-4981-97fa-69ac73d1e972" /><TestMethod codeBase="D:\Users\Steve Knipmeyer\Documents\GitHub\ModelRelief\ModelRelief.test\bin\Debug\netcoreapp2.0\ModelRelief.Test.dll" adapterTypeName="executor://xunit/VsTestRunner2/netcoreapp" className="ModelRelief.Test.Integration.Meshes.MeshesFileIntegrationTests" name="FileRequest_FileCanBeReadAfterRename" /></UnitTest><UnitTest name="GetSingle_ValidIdPropertyValueReturnsCorrectModel" storage="d:\users\steve knipmeyer\documents\github\modelrelief\modelrelief.test\bin\debug\netcoreapp2.0\modelrelief.test.dll" id="efece606-2c44-4269-a262-0ec5b064d380"><Execution id="5ddfc78f-197b-4c35-aaf2-e9a2ecbd3c27" /><TestMethod codeBase="D:\Users\Steve Knipmeyer\Documents\GitHub\ModelRelief\ModelRelief.test\bin\Debug\netcoreapp2.0\ModelRelief.Test.dll" adapterTypeName="executor://xunit/VsTestRunner2/netcoreapp" className="ModelRelief.Test.Integration.MeshTransforms.MeshTransformsBaseIntegrationTests" name="GetSingle_ValidIdPropertyValueReturnsCorrectModel" /></UnitTest><UnitTest name="Put_InvalidIdReturnsNotFound" storage="d:\users\steve knipmeyer\documents\github\modelrelief\modelrelief.test\bin\debug\netcoreapp2.0\modelrelief.test.dll" id="e3ded77b-d511-4bd4-90db-23fb2a7abc70"><Execution id="2564e769-7c02-4fa2-a158-cb8316e4f946" /><TestMethod codeBase="D:\Users\Steve Knipmeyer\Documents\GitHub\ModelRelief\ModelRelief.test\bin\Debug\netcoreapp2.0\ModelRelief.Test.dll" adapterTypeName="executor://xunit/VsTestRunner2/netcoreapp" className="ModelRelief.Test.Integration.MeshTransforms.MeshTransformsBaseIntegrationTests" name="Put_InvalidIdReturnsNotFound" /></UnitTest><UnitTest name="Put_CanUpdateModel" storage="d:\users\steve knipmeyer\documents\github\modelrelief\modelrelief.test\bin\debug\netcoreapp2.0\modelrelief.test.dll" id="cff0717d-d39f-4660-89a1-34e9866cd27c"><Execution id="4bf5aa6f-6b24-40af-8b16-1c093e952345" /><TestMethod codeBase="D:\Users\Steve Knipmeyer\Documents\GitHub\ModelRelief\ModelRelief.test\bin\Debug\netcoreapp2.0\ModelRelief.Test.dll" adapterTypeName="executor://xunit/VsTestRunner2/netcoreapp" className="ModelRelief.Test.Integration.Cameras.CamerasBaseIntegrationTests" name="Put_CanUpdateModel" /></UnitTest><UnitTest name="Post_ValidReferencePropertyCreatesModel" storage="d:\users\steve knipmeyer\documents\github\modelrelief\modelrelief.test\bin\debug\netcoreapp2.0\modelrelief.test.dll" id="4c65f941-34cb-4ef8-8589-80f6f3fcde54"><Execution id="ccdb5a7f-178c-448d-94af-5f9456f6b763" /><TestMethod codeBase="D:\Users\Steve Knipmeyer\Documents\GitHub\ModelRelief\ModelRelief.test\bin\Debug\netcoreapp2.0\ModelRelief.Test.dll" adapterTypeName="executor://xunit/VsTestRunner2/netcoreapp" className="ModelRelief.Test.Integration.DepthBuffers.DepthBuffersBaseIntegrationTests" name="Post_ValidReferencePropertyCreatesModel" /></UnitTest><UnitTest name="GetSingle_InvalidIdPropertyValueReturnsNotFound" storage="d:\users\steve knipmeyer\documents\github\modelrelief\modelrelief.test\bin\debug\netcoreapp2.0\modelrelief.test.dll" id="386492e4-d8cd-417b-9869-6c41ed0e98e3"><Execution id="16a38b87-f8a5-43d1-bc3d-08521fcd26a7" /><TestMethod codeBase="D:\Users\Steve Knipmeyer\Documents\GitHub\ModelRelief\ModelRelief.test\bin\Debug\netcoreapp2.0\ModelRelief.Test.dll" adapterTypeName="executor://xunit/VsTestRunner2/netcoreapp" className="ModelRelief.Test.Integration.Projects.ProjectsBaseIntegrationTests" name="GetSingle_InvalidIdPropertyValueReturnsNotFound" /></UnitTest><UnitTest name="PutFile_NewFileCanBePut" storage="d:\users\steve knipmeyer\documents\github\modelrelief\modelrelief.test\bin\debug\netcoreapp2.0\modelrelief.test.dll" id="5196c1d0-164d-4204-b604-f6e2a1ff3ba7"><Execution id="cb212562-70ce-42a8-9762-90b77b127493" /><TestMethod codeBase="D:\Users\Steve Knipmeyer\Documents\GitHub\ModelRelief\ModelRelief.test\bin\Debug\netcoreapp2.0\ModelRelief.Test.dll" adapterTypeName="executor://xunit/VsTestRunner2/netcoreapp" className="ModelRelief.Test.Integration.Meshes.MeshesFileIntegrationTests" name="PutFile_NewFileCanBePut" /></UnitTest><UnitTest name="Patch_TargetPropertyIsUpdated" storage="d:\users\steve knipmeyer\documents\github\modelrelief\modelrelief.test\bin\debug\netcoreapp2.0\modelrelief.test.dll" id="3f8e0f8d-1b8d-470b-9d67-268986add6bb"><Execution id="fb262152-57f8-4abf-bf52-18f61aacbea0" /><TestMethod codeBase="D:\Users\Steve Knipmeyer\Documents\GitHub\ModelRelief\ModelRelief.test\bin\Debug\netcoreapp2.0\ModelRelief.Test.dll" adapterTypeName="executor://xunit/VsTestRunner2/netcoreapp" className="ModelRelief.Test.Integration.MeshTransforms.MeshTransformsBaseIntegrationTests" name="Patch_TargetPropertyIsUpdated" /></UnitTest><UnitTest name="Patch_InvalidIdPropertyReturnsNotFound" storage="d:\users\steve knipmeyer\documents\github\modelrelief\modelrelief.test\bin\debug\netcoreapp2.0\modelrelief.test.dll" id="91548422-9959-4717-8aa2-2c38b1033f72"><Execution id="878f1aba-6d9c-49e7-b475-11ae376bd76f" /><TestMethod codeBase="D:\Users\Steve Knipmeyer\Documents\GitHub\ModelRelief\ModelRelief.test\bin\Debug\netcoreapp2.0\ModelRelief.Test.dll" adapterTypeName="executor://xunit/VsTestRunner2/netcoreapp" className="ModelRelief.Test.Integration.Models.ModelsBaseIntegrationTests" name="Patch_InvalidIdPropertyReturnsNotFound" /></UnitTest><UnitTest name="GetFile_FileCanBeRoundTripped" storage="d:\users\steve knipmeyer\documents\github\modelrelief\modelrelief.test\bin\debug\netcoreapp2.0\modelrelief.test.dll" id="541593c3-52c9-43f9-aa02-fecddbd3b1cf"><Execution id="68008fb8-acb7-4621-9ac1-efadf8c36a3b" /><TestMethod codeBase="D:\Users\Steve Knipmeyer\Documents\GitHub\ModelRelief\ModelRelief.test\bin\Debug\netcoreapp2.0\ModelRelief.Test.dll" adapterTypeName="executor://xunit/VsTestRunner2/netcoreapp" className="ModelRelief.Test.Integration.Meshes.MeshesFileIntegrationTests" name="GetFile_FileCanBeRoundTripped" /></UnitTest><UnitTest name="Put_InvalidIdReturnsNotFound" storage="d:\users\steve knipmeyer\documents\github\modelrelief\modelrelief.test\bin\debug\netcoreapp2.0\modelrelief.test.dll" id="2aef3b1e-556f-427f-bfff-a88bf4eddd5e"><Execution id="9a4bd42a-a0b0-404e-afb4-9b28c5e8d295" /><TestMethod codeBase="D:\Users\Steve Knipmeyer\Documents\GitHub\ModelRelief\ModelRelief.test\bin\Debug\netcoreapp2.0\ModelRelief.Test.dll" adapterTypeName="executor://xunit/VsTestRunner2/netcoreapp" className="ModelRelief.Test.Integration.Meshes.MeshesBaseIntegrationTests" name="Put_InvalidIdReturnsNotFound" /></UnitTest><UnitTest name="Delete_TargetModelIsDeleted" storage="d:\users\steve knipmeyer\documents\github\modelrelief\modelrelief.test\bin\debug\netcoreapp2.0\modelrelief.test.dll" id="7c05869d-3f1f-4339-a8a9-9967998f21c8"><Execution id="3a7c9b6d-8c1d-48a3-882f-94d5cd9542e1" /><TestMethod codeBase="D:\Users\Steve Knipmeyer\Documents\GitHub\ModelRelief\ModelRelief.test\bin\Debug\netcoreapp2.0\ModelRelief.Test.dll" adapterTypeName="executor://xunit/VsTestRunner2/netcoreapp" className="ModelRelief.Test.Integration.Models.ModelsBaseIntegrationTests" name="Delete_TargetModelIsDeleted" /></UnitTest><UnitTest name="Post_ValidReferencePropertyCreatesModel" storage="d:\users\steve knipmeyer\documents\github\modelrelief\modelrelief.test\bin\debug\netcoreapp2.0\modelrelief.test.dll" id="724ae3f8-9497-4ea6-a4c5-7dceb9c460d0"><Execution id="09315db6-caef-4dfd-aaaa-f713f8ee8889" /><TestMethod codeBase="D:\Users\Steve Knipmeyer\Documents\GitHub\ModelRelief\ModelRelief.test\bin\Debug\netcoreapp2.0\ModelRelief.Test.dll" adapterTypeName="executor://xunit/VsTestRunner2/netcoreapp" className="ModelRelief.Test.Integration.Cameras.CamerasBaseIntegrationTests" name="Post_ValidReferencePropertyCreatesModel" /></UnitTest><UnitTest name="GetSingle_ValidIdPropertyValueReturnsCorrectModel" storage="d:\users\steve knipmeyer\documents\github\modelrelief\modelrelief.test\bin\debug\netcoreapp2.0\modelrelief.test.dll" id="6e158492-0f99-4299-af99-dca02ce37d9b"><Execution id="2689569a-7b4f-4cdd-9eb4-744d4de4aaa0" /><TestMethod codeBase="D:\Users\Steve Knipmeyer\Documents\GitHub\ModelRelief\ModelRelief.test\bin\Debug\netcoreapp2.0\ModelRelief.Test.dll" adapterTypeName="executor://xunit/VsTestRunner2/netcoreapp" className="ModelRelief.Test.Integration.Projects.ProjectsBaseIntegrationTests" name="GetSingle_ValidIdPropertyValueReturnsCorrectModel" /></UnitTest><UnitTest name="Put_InvalidReferencePropertyReturndBadRequest" storage="d:\users\steve knipmeyer\documents\github\modelrelief\modelrelief.test\bin\debug\netcoreapp2.0\modelrelief.test.dll" id="435a0d57-4a31-4e60-99c6-590e16f7054c"><Execution id="d5e22d88-ea6c-48c4-9afa-9fce8261b798" /><TestMethod codeBase="D:\Users\Steve Knipmeyer\Documents\GitHub\ModelRelief\ModelRelief.test\bin\Debug\netcoreapp2.0\ModelRelief.Test.dll" adapterTypeName="executor://xunit/VsTestRunner2/netcoreapp" className="ModelRelief.Test.Integration.Projects.ProjectsBaseIntegrationTests" name="Put_InvalidReferencePropertyReturndBadRequest" /></UnitTest><UnitTest name="Put_InvalidIdReturnsNotFound" storage="d:\users\steve knipmeyer\documents\github\modelrelief\modelrelief.test\bin\debug\netcoreapp2.0\modelrelief.test.dll" id="4cd2c4d2-c671-4711-9a32-c3d016f3fbd7"><Execution id="6ee41113-d3fb-408b-9ebf-c14a68e510e4" /><TestMethod codeBase="D:\Users\Steve Knipmeyer\Documents\GitHub\ModelRelief\ModelRelief.test\bin\Debug\netcoreapp2.0\ModelRelief.Test.dll" adapterTypeName="executor://xunit/VsTestRunner2/netcoreapp" className="ModelRelief.Test.Integration.Projects.ProjectsBaseIntegrationTests" name="Put_InvalidIdReturnsNotFound" /></UnitTest><UnitTest name="FileRequest_MeshGenerateSetsFileIsSynchronized" storage="d:\users\steve knipmeyer\documents\github\modelrelief\modelrelief.test\bin\debug\netcoreapp2.0\modelrelief.test.dll" id="2aba7425-e02f-4e78-9322-80e45e560991"><Execution id="6daf08e2-d7e0-4710-b778-1c22cb9fff9e" /><TestMethod codeBase="D:\Users\Steve Knipmeyer\Documents\GitHub\ModelRelief\ModelRelief.test\bin\Debug\netcoreapp2.0\ModelRelief.Test.dll" adapterTypeName="executor://xunit/VsTestRunner2/netcoreapp" className="ModelRelief.Test.Integration.Meshes.MeshesFileIntegrationTests" name="FileRequest_MeshGenerateSetsFileIsSynchronized" /></UnitTest><UnitTest name="GetFile_NonExistentFileReturnsNotFound" storage="d:\users\steve knipmeyer\documents\github\modelrelief\modelrelief.test\bin\debug\netcoreapp2.0\modelrelief.test.dll" id="05aa2a11-6612-4522-aa95-dafbb8eaaacc"><Execution id="3295dcc7-3b75-4599-95fb-06a2678d12a1" /><TestMethod codeBase="D:\Users\Steve Knipmeyer\Documents\GitHub\ModelRelief\ModelRelief.test\bin\Debug\netcoreapp2.0\ModelRelief.Test.dll" adapterTypeName="executor://xunit/VsTestRunner2/netcoreapp" className="ModelRelief.Test.Integration.Meshes.MeshesFileIntegrationTests" name="GetFile_NonExistentFileReturnsNotFound" /></UnitTest><UnitTest name="Post_InvalidReferencePropertyReturnsBadRequest" storage="d:\users\steve knipmeyer\documents\github\modelrelief\modelrelief.test\bin\debug\netcoreapp2.0\modelrelief.test.dll" id="19d2887d-03e1-41a4-b7c5-ac08fb922584"><Execution id="7c8c8c84-136e-4f51-8892-2f9457aa72f7" /><TestMethod codeBase="D:\Users\Steve Knipmeyer\Documents\GitHub\ModelRelief\ModelRelief.test\bin\Debug\netcoreapp2.0\ModelRelief.Test.dll" adapterTypeName="executor://xunit/VsTestRunner2/netcoreapp" className="ModelRelief.Test.Integration.Meshes.MeshesBaseIntegrationTests" name="Post_InvalidReferencePropertyReturnsBadRequest" /></UnitTest><UnitTest name="Patch_ValidReferencePropertyUpdatesModel" storage="d:\users\steve knipmeyer\documents\github\modelrelief\modelrelief.test\bin\debug\netcoreapp2.0\modelrelief.test.dll" id="def28532-43e6-4f34-a334-bbcb94309662"><Execution id="0ba6b155-f3d1-4305-b2e8-f0a4c4e5a652" /><TestMethod codeBase="D:\Users\Steve Knipmeyer\Documents\GitHub\ModelRelief\ModelRelief.test\bin\Debug\netcoreapp2.0\ModelRelief.Test.dll" adapterTypeName="executor://xunit/VsTestRunner2/netcoreapp" className="ModelRelief.Test.Integration.DepthBuffers.DepthBuffersBaseIntegrationTests" name="Patch_ValidReferencePropertyUpdatesModel" /></UnitTest><UnitTest name="Patch_InvalidEnumPropertyValueReturnsBadRequest" storage="d:\users\steve knipmeyer\documents\github\modelrelief\modelrelief.test\bin\debug\netcoreapp2.0\modelrelief.test.dll" id="0db988bc-276a-4048-bfc3-8175377b7ba3"><Execution id="614ceead-b0b5-4048-bab7-9d8cbe82979c" /><TestMethod codeBase="D:\Users\Steve Knipmeyer\Documents\GitHub\ModelRelief\ModelRelief.test\bin\Debug\netcoreapp2.0\ModelRelief.Test.dll" adapterTypeName="executor://xunit/VsTestRunner2/netcoreapp" className="ModelRelief.Test.Integration.Meshes.MeshesBaseIntegrationTests" name="Patch_InvalidEnumPropertyValueReturnsBadRequest" /></UnitTest><UnitTest name="GetSingle_ValidIdPropertyValueReturnsCorrectModel" storage="d:\users\steve knipmeyer\documents\github\modelrelief\modelrelief.test\bin\debug\netcoreapp2.0\modelrelief.test.dll" id="c9a5d864-6325-42dd-b4bb-fa9d69bdadca"><Execution id="e2322edb-a9ce-40f6-83d0-aaddbf8854c5" /><TestMethod codeBase="D:\Users\Steve Knipmeyer\Documents\GitHub\ModelRelief\ModelRelief.test\bin\Debug\netcoreapp2.0\ModelRelief.Test.dll" adapterTypeName="executor://xunit/VsTestRunner2/netcoreapp" className="ModelRelief.Test.Integration.Meshes.MeshesBaseIntegrationTests" name="GetSingle_ValidIdPropertyValueReturnsCorrectModel" /></UnitTest><UnitTest name="Post_InvalidReferencePropertyReturnsBadRequest" storage="d:\users\steve knipmeyer\documents\github\modelrelief\modelrelief.test\bin\debug\netcoreapp2.0\modelrelief.test.dll" id="ff3a68c1-28be-4055-ad07-29b2abf1e90b"><Execution id="3d7eb587-6f75-4929-ae86-bd66f8dc4216" /><TestMethod codeBase="D:\Users\Steve Knipmeyer\Documents\GitHub\ModelRelief\ModelRelief.test\bin\Debug\netcoreapp2.0\ModelRelief.Test.dll" adapterTypeName="executor://xunit/VsTestRunner2/netcoreapp" className="ModelRelief.Test.Integration.MeshTransforms.MeshTransformsBaseIntegrationTests" name="Post_InvalidReferencePropertyReturnsBadRequest" /></UnitTest><UnitTest name="Post_InvalidReferencePropertyReturnsBadRequest" storage="d:\users\steve knipmeyer\documents\github\modelrelief\modelrelief.test\bin\debug\netcoreapp2.0\modelrelief.test.dll" id="7d976a37-94bf-4efc-889f-bd470f9f9401"><Execution id="3f72bd30-4041-4932-bf10-c91369111cad" /><TestMethod codeBase="D:\Users\Steve Knipmeyer\Documents\GitHub\ModelRelief\ModelRelief.test\bin\Debug\netcoreapp2.0\ModelRelief.Test.dll" adapterTypeName="executor://xunit/VsTestRunner2/netcoreapp" className="ModelRelief.Test.Integration.Models.ModelsBaseIntegrationTests" name="Post_InvalidReferencePropertyReturnsBadRequest" /></UnitTest><UnitTest name="Patch_ValidReferencePropertyUpdatesModel" storage="d:\users\steve knipmeyer\documents\github\modelrelief\modelrelief.test\bin\debug\netcoreapp2.0\modelrelief.test.dll" id="b8ee7d44-4add-4d25-adb2-5b128c05bdec"><Execution id="6dd67c50-1981-45bc-906f-8b69b03a4f51" /><TestMethod codeBase="D:\Users\Steve Knipmeyer\Documents\GitHub\ModelRelief\ModelRelief.test\bin\Debug\netcoreapp2.0\ModelRelief.Test.dll" adapterTypeName="executor://xunit/VsTestRunner2/netcoreapp" className="ModelRelief.Test.Integration.Cameras.CamerasBaseIntegrationTests" name="Patch_ValidReferencePropertyUpdatesModel" /></UnitTest><UnitTest name="PostFile_FileTimeStampIsUpdatedAfterFileIsPosted" storage="d:\users\steve knipmeyer\documents\github\modelrelief\modelrelief.test\bin\debug\netcoreapp2.0\modelrelief.test.dll" id="d288d4c4-48ea-47a7-8319-80a7b00a0b01"><Execution id="a9028361-4b02-459f-a3f1-6256b84afd76" /><TestMethod codeBase="D:\Users\Steve Knipmeyer\Documents\GitHub\ModelRelief\ModelRelief.test\bin\Debug\netcoreapp2.0\ModelRelief.Test.dll" adapterTypeName="executor://xunit/VsTestRunner2/netcoreapp" className="ModelRelief.Test.Integration.Models.ModelsFileIntegrationTests" name="PostFile_FileTimeStampIsUpdatedAfterFileIsPosted" /></UnitTest><UnitTest name="Put_InvalidReferencePropertyReturndBadRequest" storage="d:\users\steve knipmeyer\documents\github\modelrelief\modelrelief.test\bin\debug\netcoreapp2.0\modelrelief.test.dll" id="d2894248-e77b-43a6-bc0d-80525e85ca35"><Execution id="f850cbff-b2f0-4826-a4b5-36c2d727165e" /><TestMethod codeBase="D:\Users\Steve Knipmeyer\Documents\GitHub\ModelRelief\ModelRelief.test\bin\Debug\netcoreapp2.0\ModelRelief.Test.dll" adapterTypeName="executor://xunit/VsTestRunner2/netcoreapp" className="ModelRelief.Test.Integration.Models.ModelsBaseIntegrationTests" name="Put_InvalidReferencePropertyReturndBadRequest" /></UnitTest><UnitTest name="Post_InvalidPropertyValueReturnsBadRequest" storage="d:\users\steve knipmeyer\documents\github\modelrelief\modelrelief.test\bin\debug\netcoreapp2.0\modelrelief.test.dll" id="1aea6415-918f-4b3e-b336-9f603c60ac6e"><Execution id="39915804-38de-4603-a76a-b8e88e7c2c30" /><TestMethod codeBase="D:\Users\Steve Knipmeyer\Documents\GitHub\ModelRelief\ModelRelief.test\bin\Debug\netcoreapp2.0\ModelRelief.Test.dll" adapterTypeName="executor://xunit/VsTestRunner2/netcoreapp" className="ModelRelief.Test.Integration.Meshes.MeshesBaseIntegrationTests" name="Post_InvalidPropertyValueReturnsBadRequest" /></UnitTest><UnitTest name="Post_CanCreateNewModel" storage="d:\users\steve knipmeyer\documents\github\modelrelief\modelrelief.test\bin\debug\netcoreapp2.0\modelrelief.test.dll" id="bebfa572-ada6-4436-90d5-1ee33f9acf2f"><Execution id="a8388c22-11d3-4c28-b7a2-db0e2addbc58" /><TestMethod codeBase="D:\Users\Steve Knipmeyer\Documents\GitHub\ModelRelief\ModelRelief.test\bin\Debug\netcoreapp2.0\ModelRelief.Test.dll" adapterTypeName="executor://xunit/VsTestRunner2/netcoreapp" className="ModelRelief.Test.Integration.Meshes.MeshesBaseIntegrationTests" name="Post_CanCreateNewModel" /></UnitTest><UnitTest name="Patch_InvalidEnumPropertyValueReturnsBadRequest" storage="d:\users\steve knipmeyer\documents\github\modelrelief\modelrelief.test\bin\debug\netcoreapp2.0\modelrelief.test.dll" id="85e33565-7faa-4e5e-ba2e-60e9ca4a1872"><Execution id="d0368680-f10e-486f-8220-3bd3b124f5f8" /><TestMethod codeBase="D:\Users\Steve Knipmeyer\Documents\GitHub\ModelRelief\ModelRelief.test\bin\Debug\netcoreapp2.0\ModelRelief.Test.dll" adapterTypeName="executor://xunit/VsTestRunner2/netcoreapp" className="ModelRelief.Test.Integration.DepthBuffers.DepthBuffersBaseIntegrationTests" name="Patch_InvalidEnumPropertyValueReturnsBadRequest" /></UnitTest><UnitTest name="GetList_ListReturnsCorrectCount" storage="d:\users\steve knipmeyer\documents\github\modelrelief\modelrelief.test\bin\debug\netcoreapp2.0\modelrelief.test.dll" id="f1645c2e-8410-457a-b80a-57fa25bac46a"><Execution id="e604b315-bbc2-4e10-9be1-2473769f4b09" /><TestMethod codeBase="D:\Users\Steve Knipmeyer\Documents\GitHub\ModelRelief\ModelRelief.test\bin\Debug\netcoreapp2.0\ModelRelief.Test.dll" adapterTypeName="executor://xunit/VsTestRunner2/netcoreapp" className="ModelRelief.Test.Integration.DepthBuffers.DepthBuffersBaseIntegrationTests" name="GetList_ListReturnsCorrectCount" /></UnitTest><UnitTest name="GetFile_ExistingFileReturnsSuccess" storage="d:\users\steve knipmeyer\documents\github\modelrelief\modelrelief.test\bin\debug\netcoreapp2.0\modelrelief.test.dll" id="f5f5b8d9-bdeb-4d87-8267-1532a6ed0e70"><Execution id="7b1917fb-759e-427a-b90a-faaa684c4b88" /><TestMethod codeBase="D:\Users\Steve Knipmeyer\Documents\GitHub\ModelRelief\ModelRelief.test\bin\Debug\netcoreapp2.0\ModelRelief.Test.dll" adapterTypeName="executor://xunit/VsTestRunner2/netcoreapp" className="ModelRelief.Test.Integration.Meshes.MeshesFileIntegrationTests" name="GetFile_ExistingFileReturnsSuccess" /></UnitTest><UnitTest name="LucyCameraFindsAllDependents" storage="d:\users\steve knipmeyer\documents\github\modelrelief\modelrelief.test\bin\debug\netcoreapp2.0\modelrelief.test.dll" id="4c6e4756-d155-4853-baa5-7ca04bd3e464"><Execution id="a5baa34a-f983-4a57-8e6f-fdbe975c35e9" /><TestMethod codeBase="D:\Users\Steve Knipmeyer\Documents\GitHub\ModelRelief\ModelRelief.test\bin\Debug\netcoreapp2.0\ModelRelief.Test.dll" adapterTypeName="executor://xunit/VsTestRunner2/netcoreapp" className="ModelRelief.Test.Unit.DependencyManager.DependencyManagerTests" name="LucyCameraFindsAllDependents" /></UnitTest><UnitTest name="Put_InvalidReferencePropertyReturndBadRequest" storage="d:\users\steve knipmeyer\documents\github\modelrelief\modelrelief.test\bin\debug\netcoreapp2.0\modelrelief.test.dll" id="9f90e774-7d7a-4ff7-bb43-7a32eb44c946"><Execution id="9c78869d-f43f-465b-b1b0-4f12ffd03f7a" /><TestMethod codeBase="D:\Users\Steve Knipmeyer\Documents\GitHub\ModelRelief\ModelRelief.test\bin\Debug\netcoreapp2.0\ModelRelief.Test.dll" adapterTypeName="executor://xunit/VsTestRunner2/netcoreapp" className="ModelRelief.Test.Integration.DepthBuffers.DepthBuffersBaseIntegrationTests" name="Put_InvalidReferencePropertyReturndBadRequest" /></UnitTest><UnitTest name="Put_InvalidIdReturnsNotFound" storage="d:\users\steve knipmeyer\documents\github\modelrelief\modelrelief.test\bin\debug\netcoreapp2.0\modelrelief.test.dll" id="8fb903e6-1179-4bb5-8f80-181c8381b1f8"><Execution id="60c4c0c8-b3d8-42a2-b732-9bcfd864f16d" /><TestMethod codeBase="D:\Users\Steve Knipmeyer\Documents\GitHub\ModelRelief\ModelRelief.test\bin\Debug\netcoreapp2.0\ModelRelief.Test.dll" adapterTypeName="executor://xunit/VsTestRunner2/netcoreapp" className="ModelRelief.Test.Integration.Models.ModelsBaseIntegrationTests" name="Put_InvalidIdReturnsNotFound" /></UnitTest><UnitTest name="PostFile_FileTimeStampIsUpdatedAfterFileIsPosted" storage="d:\users\steve knipmeyer\documents\github\modelrelief\modelrelief.test\bin\debug\netcoreapp2.0\modelrelief.test.dll" id="936f1aa6-89f5-4005-8a6f-f197c214990b"><Execution id="2f4afd13-9e19-46c1-9747-7c14391e367f" /><TestMethod codeBase="D:\Users\Steve Knipmeyer\Documents\GitHub\ModelRelief\ModelRelief.test\bin\Debug\netcoreapp2.0\ModelRelief.Test.dll" adapterTypeName="executor://xunit/VsTestRunner2/netcoreapp" className="ModelRelief.Test.Integration.Meshes.MeshesFileIntegrationTests" name="PostFile_FileTimeStampIsUpdatedAfterFileIsPosted" /></UnitTest><UnitTest name="Delete_TargetModelIsDeleted" storage="d:\users\steve knipmeyer\documents\github\modelrelief\modelrelief.test\bin\debug\netcoreapp2.0\modelrelief.test.dll" id="3b9b3e99-b7a0-42d3-a3cf-6ad8f11f3895"><Execution id="0be380a0-dbe7-4dde-aef7-74b0ec10923c" /><TestMethod codeBase="D:\Users\Steve Knipmeyer\Documents\GitHub\ModelRelief\ModelRelief.test\bin\Debug\netcoreapp2.0\ModelRelief.Test.dll" adapterTypeName="executor://xunit/VsTestRunner2/netcoreapp" className="ModelRelief.Test.Integration.Cameras.CamerasBaseIntegrationTests" name="Delete_TargetModelIsDeleted" /></UnitTest><UnitTest name="Patch_InvalidIdPropertyReturnsNotFound" storage="d:\users\steve knipmeyer\documents\github\modelrelief\modelrelief.test\bin\debug\netcoreapp2.0\modelrelief.test.dll" id="6d790431-83ae-4c0d-9218-e7a65b2a20d1"><Execution id="72c6654f-5b09-469f-be4e-50feeedf1e47" /><TestMethod codeBase="D:\Users\Steve Knipmeyer\Documents\GitHub\ModelRelief\ModelRelief.test\bin\Debug\netcoreapp2.0\ModelRelief.Test.dll" adapterTypeName="executor://xunit/VsTestRunner2/netcoreapp" className="ModelRelief.Test.Integration.Cameras.CamerasBaseIntegrationTests" name="Patch_InvalidIdPropertyReturnsNotFound" /></UnitTest><UnitTest name="FileRequest_DepthBufferIsInvalidatedAfterCameraDependencyPropertyChange" storage="d:\users\steve knipmeyer\documents\github\modelrelief\modelrelief.test\bin\debug\netcoreapp2.0\modelrelief.test.dll" id="eb61f0c8-7448-49d9-8c81-84435fb56b14"><Execution id="1fbbbfdc-ea84-46c2-b4ad-ab6b4799fce7" /><TestMethod codeBase="D:\Users\Steve Knipmeyer\Documents\GitHub\ModelRelief\ModelRelief.test\bin\Debug\netcoreapp2.0\ModelRelief.Test.dll" adapterTypeName="executor://xunit/VsTestRunner2/netcoreapp" className="ModelRelief.Test.Integration.DepthBuffers.DepthBuffersFileIntegrationTests" name="FileRequest_DepthBufferIsInvalidatedAfterCameraDependencyPropertyChange" /></UnitTest><UnitTest name="Put_InvalidReferencePropertyReturndBadRequest" storage="d:\users\steve knipmeyer\documents\github\modelrelief\modelrelief.test\bin\debug\netcoreapp2.0\modelrelief.test.dll" id="880c401a-c747-4f0a-9646-f0a6e85f5b98"><Execution id="ac6f0a59-349b-45e6-b85f-4fc10366dced" /><TestMethod codeBase="D:\Users\Steve Knipmeyer\Documents\GitHub\ModelRelief\ModelRelief.test\bin\Debug\netcoreapp2.0\ModelRelief.Test.dll" adapterTypeName="executor://xunit/VsTestRunner2/netcoreapp" className="ModelRelief.Test.Integration.Cameras.CamerasBaseIntegrationTests" name="Put_InvalidReferencePropertyReturndBadRequest" /></UnitTest><UnitTest name="Put_InvalidIdReturnsNotFound" storage="d:\users\steve knipmeyer\documents\github\modelrelief\modelrelief.test\bin\debug\netcoreapp2.0\modelrelief.test.dll" id="c6b6a950-d912-4dd0-b578-f11b1264ba41"><Execution id="031addb1-2a50-4d21-80e2-af0a5922be3e" /><TestMethod codeBase="D:\Users\Steve Knipmeyer\Documents\GitHub\ModelRelief\ModelRelief.test\bin\Debug\netcoreapp2.0\ModelRelief.Test.dll" adapterTypeName="executor://xunit/VsTestRunner2/netcoreapp" className="ModelRelief.Test.Integration.DepthBuffers.DepthBuffersBaseIntegrationTests" name="Put_InvalidIdReturnsNotFound" /></UnitTest><UnitTest name="GetList_ListReturnsCorrectCount" storage="d:\users\steve knipmeyer\documents\github\modelrelief\modelrelief.test\bin\debug\netcoreapp2.0\modelrelief.test.dll" id="c590491d-9813-4cd7-a6b8-75a474ba46b0"><Execution id="7b12c130-011d-4c45-b484-4b7bd7d61cc5" /><TestMethod codeBase="D:\Users\Steve Knipmeyer\Documents\GitHub\ModelRelief\ModelRelief.test\bin\Debug\netcoreapp2.0\ModelRelief.Test.dll" adapterTypeName="executor://xunit/VsTestRunner2/netcoreapp" className="ModelRelief.Test.Integration.Projects.ProjectsBaseIntegrationTests" name="GetList_ListReturnsCorrectCount" /></UnitTest><UnitTest name="Post_InvalidReferencePropertyReturnsBadRequest" storage="d:\users\steve knipmeyer\documents\github\modelrelief\modelrelief.test\bin\debug\netcoreapp2.0\modelrelief.test.dll" id="27735ef8-3fb7-4cf0-a16a-861149c9853f"><Execution id="466fd079-1277-4bfb-b98b-e39248fe7a97" /><TestMethod codeBase="D:\Users\Steve Knipmeyer\Documents\GitHub\ModelRelief\ModelRelief.test\bin\Debug\netcoreapp2.0\ModelRelief.Test.dll" adapterTypeName="executor://xunit/VsTestRunner2/netcoreapp" className="ModelRelief.Test.Integration.Projects.ProjectsBaseIntegrationTests" name="Post_InvalidReferencePropertyReturnsBadRequest" /></UnitTest><UnitTest name="Patch_InvalidReferencePropertyReturnsBadRequest" storage="d:\users\steve knipmeyer\documents\github\modelrelief\modelrelief.test\bin\debug\netcoreapp2.0\modelrelief.test.dll" id="c8d3dab7-4abc-47a2-94c1-51c79498c4fa"><Execution id="5e1b6fe6-1ef1-44c0-883c-2f040c4814fd" /><TestMethod codeBase="D:\Users\Steve Knipmeyer\Documents\GitHub\ModelRelief\ModelRelief.test\bin\Debug\netcoreapp2.0\ModelRelief.Test.dll" adapterTypeName="executor://xunit/VsTestRunner2/netcoreapp" className="ModelRelief.Test.Integration.MeshTransforms.MeshTransformsBaseIntegrationTests" name="Patch_InvalidReferencePropertyReturnsBadRequest" /></UnitTest><UnitTest name="Patch_InvalidIdPropertyReturnsNotFound" storage="d:\users\steve knipmeyer\documents\github\modelrelief\modelrelief.test\bin\debug\netcoreapp2.0\modelrelief.test.dll" id="85fa277f-372d-42a3-bfff-953712f456f6"><Execution id="7ecddeda-1d8a-4199-a344-fb18ef971ed4" /><TestMethod codeBase="D:\Users\Steve Knipmeyer\Documents\GitHub\ModelRelief\ModelRelief.test\bin\Debug\netcoreapp2.0\ModelRelief.Test.dll" adapterTypeName="executor://xunit/VsTestRunner2/netcoreapp" className="ModelRelief.Test.Integration.Meshes.MeshesBaseIntegrationTests" name="Patch_InvalidIdPropertyReturnsNotFound" /></UnitTest><UnitTest name="GetList_ListReturnsCorrectCount" storage="d:\users\steve knipmeyer\documents\github\modelrelief\modelrelief.test\bin\debug\netcoreapp2.0\modelrelief.test.dll" id="e21f399b-52f7-406e-b485-f924a024d303"><Execution id="1b721062-75e4-4c67-ae43-4c7c6b533d0d" /><TestMethod codeBase="D:\Users\Steve Knipmeyer\Documents\GitHub\ModelRelief\ModelRelief.test\bin\Debug\netcoreapp2.0\ModelRelief.Test.dll" adapterTypeName="executor://xunit/VsTestRunner2/netcoreapp" className="ModelRelief.Test.Integration.MeshTransforms.MeshTransformsBaseIntegrationTests" name="GetList_ListReturnsCorrectCount" /></UnitTest><UnitTest name="Put_CanUpdateModel" storage="d:\users\steve knipmeyer\documents\github\modelrelief\modelrelief.test\bin\debug\netcoreapp2.0\modelrelief.test.dll" id="f43bfded-7fa1-4f1d-9e06-994399e6b5db"><Execution id="a80a5cb4-1e8c-443f-b4af-556934483ad2" /><TestMethod codeBase="D:\Users\Steve Knipmeyer\Documents\GitHub\ModelRelief\ModelRelief.test\bin\Debug\netcoreapp2.0\ModelRelief.Test.dll" adapterTypeName="executor://xunit/VsTestRunner2/netcoreapp" className="ModelRelief.Test.Integration.MeshTransforms.MeshTransformsBaseIntegrationTests" name="Put_CanUpdateModel" /></UnitTest><UnitTest name="Patch_InvalidIdPropertyReturnsNotFound" storage="d:\users\steve knipmeyer\documents\github\modelrelief\modelrelief.test\bin\debug\netcoreapp2.0\modelrelief.test.dll" id="8d4b6d20-ca50-470d-be32-25954e9d5247"><Execution id="eb3bc8fb-d994-4340-85f4-95af63cf9aee" /><TestMethod codeBase="D:\Users\Steve Knipmeyer\Documents\GitHub\ModelRelief\ModelRelief.test\bin\Debug\netcoreapp2.0\ModelRelief.Test.dll" adapterTypeName="executor://xunit/VsTestRunner2/netcoreapp" className="ModelRelief.Test.Integration.Projects.ProjectsBaseIntegrationTests" name="Patch_InvalidIdPropertyReturnsNotFound" /></UnitTest><UnitTest name="GetSingle_ValidIdPropertyValueReturnsCorrectModel" storage="d:\users\steve knipmeyer\documents\github\modelrelief\modelrelief.test\bin\debug\netcoreapp2.0\modelrelief.test.dll" id="2c381415-be4a-4907-a0ed-101479c1d5cf"><Execution id="625e7937-a571-4fce-9873-fb99f793fee7" /><TestMethod codeBase="D:\Users\Steve Knipmeyer\Documents\GitHub\ModelRelief\ModelRelief.test\bin\Debug\netcoreapp2.0\ModelRelief.Test.dll" adapterTypeName="executor://xunit/VsTestRunner2/netcoreapp" className="ModelRelief.Test.Integration.DepthBuffers.DepthBuffersBaseIntegrationTests" name="GetSingle_ValidIdPropertyValueReturnsCorrectModel" /></UnitTest><UnitTest name="Post_InvalidPropertyValueReturnsBadRequest" storage="d:\users\steve knipmeyer\documents\github\modelrelief\modelrelief.test\bin\debug\netcoreapp2.0\modelrelief.test.dll" id="93f262b7-9b72-452a-b5c7-c0abc14966f8"><Execution id="7159d180-c6db-4695-875c-2b8da625b295" /><TestMethod codeBase="D:\Users\Steve Knipmeyer\Documents\GitHub\ModelRelief\ModelRelief.test\bin\Debug\netcoreapp2.0\ModelRelief.Test.dll" adapterTypeName="executor://xunit/VsTestRunner2/netcoreapp" className="ModelRelief.Test.Integration.Cameras.CamerasBaseIntegrationTests" name="Post_InvalidPropertyValueReturnsBadRequest" /></UnitTest><UnitTest name="Patch_TargetPropertyIsUpdated" storage="d:\users\steve knipmeyer\documents\github\modelrelief\modelrelief.test\bin\debug\netcoreapp2.0\modelrelief.test.dll" id="257e6caa-b907-4d9c-89c7-5e08bfa6e950"><Execution id="a7cda7aa-f828-413b-b110-52a8fa16e5c6" /><TestMethod codeBase="D:\Users\Steve Knipmeyer\Documents\GitHub\ModelRelief\ModelRelief.test\bin\Debug\netcoreapp2.0\ModelRelief.Test.dll" adapterTypeName="executor://xunit/VsTestRunner2/netcoreapp" className="ModelRelief.Test.Integration.Cameras.CamerasBaseIntegrationTests" name="Patch_TargetPropertyIsUpdated" /></UnitTest><UnitTest name="FileRequest_FileCanBeReadAfterRename" storage="d:\users\steve knipmeyer\documents\github\modelrelief\modelrelief.test\bin\debug\netcoreapp2.0\modelrelief.test.dll" id="0ebea6d4-64e4-4557-af98-2c8e9ffacf61"><Execution id="0dd414b2-6947-4527-908f-8e78f5137f17" /><TestMethod codeBase="D:\Users\Steve Knipmeyer\Documents\GitHub\ModelRelief\ModelRelief.test\bin\Debug\netcoreapp2.0\ModelRelief.Test.dll" adapterTypeName="executor://xunit/VsTestRunner2/netcoreapp" className="ModelRelief.Test.Integration.DepthBuffers.DepthBuffersFileIntegrationTests" name="FileRequest_FileCanBeReadAfterRename" /></UnitTest><UnitTest name="Patch_InvalidPropertyNameReturnsBadRequest" storage="d:\users\steve knipmeyer\documents\github\modelrelief\modelrelief.test\bin\debug\netcoreapp2.0\modelrelief.test.dll" id="1a450a66-9c5a-47d2-8355-ce5f4a23a0cf"><Execution id="25f55863-eb85-4991-88f1-b4ae68c2662b" /><TestMethod codeBase="D:\Users\Steve Knipmeyer\Documents\GitHub\ModelRelief\ModelRelief.test\bin\Debug\netcoreapp2.0\ModelRelief.Test.dll" adapterTypeName="executor://xunit/VsTestRunner2/netcoreapp" className="ModelRelief.Test.Integration.Meshes.MeshesBaseIntegrationTests" name="Patch_InvalidPropertyNameReturnsBadRequest" /></UnitTest><UnitTest name="MeshTransformHasExpectedDependentFiles" storage="d:\users\steve knipmeyer\documents\github\modelrelief\modelrelief.test\bin\debug\netcoreapp2.0\modelrelief.test.dll" id="034773d1-6239-4a07-a677-76090ad4fe47"><Execution id="fa56919a-4e58-42bb-836a-5d78459a8f13" /><TestMethod codeBase="D:\Users\Steve Knipmeyer\Documents\GitHub\ModelRelief\ModelRelief.test\bin\Debug\netcoreapp2.0\ModelRelief.Test.dll" adapterTypeName="executor://xunit/VsTestRunner2/netcoreapp" className="ModelRelief.Test.Unit.DependencyManager.DependencyManagerTests" name="MeshTransformHasExpectedDependentFiles" /></UnitTest><UnitTest name="Put_InvalidReferencePropertyReturndBadRequest" storage="d:\users\steve knipmeyer\documents\github\modelrelief\modelrelief.test\bin\debug\netcoreapp2.0\modelrelief.test.dll" id="cc6caf3d-995c-4d9d-bb90-a8551d4566ca"><Execution id="87cd783c-6f51-471f-b1d5-9ea0b708cbaa" /><TestMethod codeBase="D:\Users\Steve Knipmeyer\Documents\GitHub\ModelRelief\ModelRelief.test\bin\Debug\netcoreapp2.0\ModelRelief.Test.dll" adapterTypeName="executor://xunit/VsTestRunner2/netcoreapp" className="ModelRelief.Test.Integration.Meshes.MeshesBaseIntegrationTests" name="Put_InvalidReferencePropertyReturndBadRequest" /></UnitTest><UnitTest name="Delete_TargetModelIsDeleted" storage="d:\users\steve knipmeyer\documents\github\modelrelief\modelrelief.test\bin\debug\netcoreapp2.0\modelrelief.test.dll" id="8e29a21f-9067-4076-b7bb-00b43123c929"><Execution id="40461219-05d2-4a17-bff7-248e948abfdd" /><TestMethod codeBase="D:\Users\Steve Knipmeyer\Documents\GitHub\ModelRelief\ModelRelief.test\bin\Debug\netcoreapp2.0\ModelRelief.Test.dll" adapterTypeName="executor://xunit/VsTestRunner2/netcoreapp" className="ModelRelief.Test.Integration.Meshes.MeshesBaseIntegrationTests" name="Delete_TargetModelIsDeleted" /></UnitTest><UnitTest name="Put_CanUpdateModel" storage="d:\users\steve knipmeyer\documents\github\modelrelief\modelrelief.test\bin\debug\netcoreapp2.0\modelrelief.test.dll" id="66737bac-fced-454b-a5e7-efa7f7843c94"><Execution id="7a5e7559-c3c6-4d6b-b6ec-58925bd83391" /><TestMethod codeBase="D:\Users\Steve Knipmeyer\Documents\GitHub\ModelRelief\ModelRelief.test\bin\Debug\netcoreapp2.0\ModelRelief.Test.dll" adapterTypeName="executor://xunit/VsTestRunner2/netcoreapp" className="ModelRelief.Test.Integration.Models.ModelsBaseIntegrationTests" name="Put_CanUpdateModel" /></UnitTest><UnitTest name="GetFile_FileCanBeRoundTripped" storage="d:\users\steve knipmeyer\documents\github\modelrelief\modelrelief.test\bin\debug\netcoreapp2.0\modelrelief.test.dll" id="938ea032-6e2a-4fdb-8673-ea70374a40df"><Execution id="06c5ca1e-3a36-47ca-bdbd-26420ede56a2" /><TestMethod codeBase="D:\Users\Steve Knipmeyer\Documents\GitHub\ModelRelief\ModelRelief.test\bin\Debug\netcoreapp2.0\ModelRelief.Test.dll" adapterTypeName="executor://xunit/VsTestRunner2/netcoreapp" className="ModelRelief.Test.Integration.Models.ModelsFileIntegrationTests" name="GetFile_FileCanBeRoundTripped" /></UnitTest><UnitTest name="Put_ValidReferencePropertyUpdatesModel" storage="d:\users\steve knipmeyer\documents\github\modelrelief\modelrelief.test\bin\debug\netcoreapp2.0\modelrelief.test.dll" id="5da50a49-8f8b-4c5e-aea6-a732532a03d0"><Execution id="21059efd-3dd3-4084-aa04-381b1f235014" /><TestMethod codeBase="D:\Users\Steve Knipmeyer\Documents\GitHub\ModelRelief\ModelRelief.test\bin\Debug\netcoreapp2.0\ModelRelief.Test.dll" adapterTypeName="executor://xunit/VsTestRunner2/netcoreapp" className="ModelRelief.Test.Integration.MeshTransforms.MeshTransformsBaseIntegrationTests" name="Put_ValidReferencePropertyUpdatesModel" /></UnitTest><UnitTest name="Put_ValidReferencePropertyUpdatesModel" storage="d:\users\steve knipmeyer\documents\github\modelrelief\modelrelief.test\bin\debug\netcoreapp2.0\modelrelief.test.dll" id="760c5265-e8d1-4e36-b190-5f0675358b25"><Execution id="1255f0f3-148f-4448-871a-f3ac07d9f598" /><TestMethod codeBase="D:\Users\Steve Knipmeyer\Documents\GitHub\ModelRelief\ModelRelief.test\bin\Debug\netcoreapp2.0\ModelRelief.Test.dll" adapterTypeName="executor://xunit/VsTestRunner2/netcoreapp" className="ModelRelief.Test.Integration.DepthBuffers.DepthBuffersBaseIntegrationTests" name="Put_ValidReferencePropertyUpdatesModel" /></UnitTest><UnitTest name="GetFile_ExistingFileReturnsSuccess" storage="d:\users\steve knipmeyer\documents\github\modelrelief\modelrelief.test\bin\debug\netcoreapp2.0\modelrelief.test.dll" id="14251612-c759-4906-9e03-a4069edb2fbc"><Execution id="d6eb9670-524a-4aa0-8e71-addccb3679e3" /><TestMethod codeBase="D:\Users\Steve Knipmeyer\Documents\GitHub\ModelRelief\ModelRelief.test\bin\Debug\netcoreapp2.0\ModelRelief.Test.dll" adapterTypeName="executor://xunit/VsTestRunner2/netcoreapp" className="ModelRelief.Test.Integration.DepthBuffers.DepthBuffersFileIntegrationTests" name="GetFile_ExistingFileReturnsSuccess" /></UnitTest><UnitTest name="PutFile_FileCanBeUpdated" storage="d:\users\steve knipmeyer\documents\github\modelrelief\modelrelief.test\bin\debug\netcoreapp2.0\modelrelief.test.dll" id="bba4a04d-dac9-4ee5-98a5-3855eaf19211"><Execution id="52c0e92b-eb5f-4983-9d5c-a8fca3ad38e7" /><TestMethod codeBase="D:\Users\Steve Knipmeyer\Documents\GitHub\ModelRelief\ModelRelief.test\bin\Debug\netcoreapp2.0\ModelRelief.Test.dll" adapterTypeName="executor://xunit/VsTestRunner2/netcoreapp" className="ModelRelief.Test.Integration.Models.ModelsFileIntegrationTests" name="PutFile_FileCanBeUpdated" /></UnitTest><UnitTest name="GetSingle_InvalidIdPropertyValueReturnsNotFound" storage="d:\users\steve knipmeyer\documents\github\modelrelief\modelrelief.test\bin\debug\netcoreapp2.0\modelrelief.test.dll" id="a2531edf-3fa5-4371-95ca-075cd8365438"><Execution id="f9237ef5-fbe7-48d2-bdfd-7b0a39509e32" /><TestMethod codeBase="D:\Users\Steve Knipmeyer\Documents\GitHub\ModelRelief\ModelRelief.test\bin\Debug\netcoreapp2.0\ModelRelief.Test.dll" adapterTypeName="executor://xunit/VsTestRunner2/netcoreapp" className="ModelRelief.Test.Integration.Models.ModelsBaseIntegrationTests" name="GetSingle_InvalidIdPropertyValueReturnsNotFound" /></UnitTest><UnitTest name="GetFile_ExistingFileReturnsSuccess" storage="d:\users\steve knipmeyer\documents\github\modelrelief\modelrelief.test\bin\debug\netcoreapp2.0\modelrelief.test.dll" id="ec3b87e7-582e-4d60-a265-d0270e9050d1"><Execution id="14efb566-5dbb-4368-a703-94e9c8aec8ba" /><TestMethod codeBase="D:\Users\Steve Knipmeyer\Documents\GitHub\ModelRelief\ModelRelief.test\bin\Debug\netcoreapp2.0\ModelRelief.Test.dll" adapterTypeName="executor://xunit/VsTestRunner2/netcoreapp" className="ModelRelief.Test.Integration.Models.ModelsFileIntegrationTests" name="GetFile_ExistingFileReturnsSuccess" /></UnitTest><UnitTest name="Post_InvalidPropertyValueReturnsBadRequest" storage="d:\users\steve knipmeyer\documents\github\modelrelief\modelrelief.test\bin\debug\netcoreapp2.0\modelrelief.test.dll" id="9ff3eb54-42a2-4b06-babd-3ef893d2a2c3"><Execution id="cd26ac21-e6af-43c2-a9a6-6acf8a5f885d" /><TestMethod codeBase="D:\Users\Steve Knipmeyer\Documents\GitHub\ModelRelief\ModelRelief.test\bin\Debug\netcoreapp2.0\ModelRelief.Test.dll" adapterTypeName="executor://xunit/VsTestRunner2/netcoreapp" className="ModelRelief.Test.Integration.Projects.ProjectsBaseIntegrationTests" name="Post_InvalidPropertyValueReturnsBadRequest" /></UnitTest><UnitTest name="DepthBufferHasExpectedDependentFiles" storage="d:\users\steve knipmeyer\documents\github\modelrelief\modelrelief.test\bin\debug\netcoreapp2.0\modelrelief.test.dll" id="dd0a9853-c834-4203-876a-9e5037a9ee29"><Execution id="55bd8b0f-6c8d-4201-a80b-f1e1034f09de" /><TestMethod codeBase="D:\Users\Steve Knipmeyer\Documents\GitHub\ModelRelief\ModelRelief.test\bin\Debug\netcoreapp2.0\ModelRelief.Test.dll" adapterTypeName="executor://xunit/VsTestRunner2/netcoreapp" className="ModelRelief.Test.Unit.DependencyManager.DependencyManagerTests" name="DepthBufferHasExpectedDependentFiles" /></UnitTest><UnitTest name="PostFile_FileTimeStampIsUpdatedAfterFileIsPosted" storage="d:\users\steve knipmeyer\documents\github\modelrelief\modelrelief.test\bin\debug\netcoreapp2.0\modelrelief.test.dll" id="c0743c07-6979-43a0-819e-fb8d172d2e04"><Execution id="5c6bacfa-a2e9-41a8-970b-073fd16d44f1" /><TestMethod codeBase="D:\Users\Steve Knipmeyer\Documents\GitHub\ModelRelief\ModelRelief.test\bin\Debug\netcoreapp2.0\ModelRelief.Test.dll" adapterTypeName="executor://xunit/VsTestRunner2/netcoreapp" className="ModelRelief.Test.Integration.DepthBuffers.DepthBuffersFileIntegrationTests" name="PostFile_FileTimeStampIsUpdatedAfterFileIsPosted" /></UnitTest><UnitTest name="PutFile_FileCanBeUpdated" storage="d:\users\steve knipmeyer\documents\github\modelrelief\modelrelief.test\bin\debug\netcoreapp2.0\modelrelief.test.dll" id="a7e36b6c-4a2d-43e9-99b5-bc16ee1d5abf"><Execution id="3925b49c-fa9b-43b6-9b96-3f70bdd3a522" /><TestMethod codeBase="D:\Users\Steve Knipmeyer\Documents\GitHub\ModelRelief\ModelRelief.test\bin\Debug\netcoreapp2.0\ModelRelief.Test.dll" adapterTypeName="executor://xunit/VsTestRunner2/netcoreapp" className="ModelRelief.Test.Integration.DepthBuffers.DepthBuffersFileIntegrationTests" name="PutFile_FileCanBeUpdated" /></UnitTest><UnitTest name="PostFile_FileIsSynchronizedIsUpdatedAfterFileIsPosted" storage="d:\users\steve knipmeyer\documents\github\modelrelief\modelrelief.test\bin\debug\netcoreapp2.0\modelrelief.test.dll" id="8652f08d-f959-46bf-9fc0-d6e12945c7d4"><Execution id="af047ea4-f49c-4f76-a53b-dd55ad3408f8" /><TestMethod codeBase="D:\Users\Steve Knipmeyer\Documents\GitHub\ModelRelief\ModelRelief.test\bin\Debug\netcoreapp2.0\ModelRelief.Test.dll" adapterTypeName="executor://xunit/VsTestRunner2/netcoreapp" className="ModelRelief.Test.Integration.Meshes.MeshesFileIntegrationTests" name="PostFile_FileIsSynchronizedIsUpdatedAfterFileIsPosted" /></UnitTest><UnitTest name="Patch_InvalidPropertyNameReturnsBadRequest" storage="d:\users\steve knipmeyer\documents\github\modelrelief\modelrelief.test\bin\debug\netcoreapp2.0\modelrelief.test.dll" id="2270bdd4-fb4d-4372-a029-ea9e6dc7411c"><Execution id="92b4baf9-50c5-40ce-8193-74abe71f239e" /><TestMethod codeBase="D:\Users\Steve Knipmeyer\Documents\GitHub\ModelRelief\ModelRelief.test\bin\Debug\netcoreapp2.0\ModelRelief.Test.dll" adapterTypeName="executor://xunit/VsTestRunner2/netcoreapp" className="ModelRelief.Test.Integration.Cameras.CamerasBaseIntegrationTests" name="Patch_InvalidPropertyNameReturnsBadRequest" /></UnitTest><UnitTest name="Patch_InvalidPropertyNameReturnsBadRequest" storage="d:\users\steve knipmeyer\documents\github\modelrelief\modelrelief.test\bin\debug\netcoreapp2.0\modelrelief.test.dll" id="5edac567-915c-4d88-893e-ebe3590c1815"><Execution id="f1560327-4dda-49e2-a588-fc9f61b3dd91" /><TestMethod codeBase="D:\Users\Steve Knipmeyer\Documents\GitHub\ModelRelief\ModelRelief.test\bin\Debug\netcoreapp2.0\ModelRelief.Test.dll" adapterTypeName="executor://xunit/VsTestRunner2/netcoreapp" className="ModelRelief.Test.Integration.Models.ModelsBaseIntegrationTests" name="Patch_InvalidPropertyNameReturnsBadRequest" /></UnitTest><UnitTest name="Patch_InvalidPropertyNameReturnsBadRequest" storage="d:\users\steve knipmeyer\documents\github\modelrelief\modelrelief.test\bin\debug\netcoreapp2.0\modelrelief.test.dll" id="f7932cdb-da36-43d9-b6bd-62566ae089f2"><Execution id="4c490d6d-5217-4696-8b4a-d08a468709ff" /><TestMethod codeBase="D:\Users\Steve Knipmeyer\Documents\GitHub\ModelRelief\ModelRelief.test\bin\Debug\netcoreapp2.0\ModelRelief.Test.dll" adapterTypeName="executor://xunit/VsTestRunner2/netcoreapp" className="ModelRelief.Test.Integration.Projects.ProjectsBaseIntegrationTests" name="Patch_InvalidPropertyNameReturnsBadRequest" /></UnitTest><UnitTest name="PostFile_FileIsSynchronizedIsUpdatedAfterFileIsPosted" storage="d:\users\steve knipmeyer\documents\github\modelrelief\modelrelief.test\bin\debug\netcoreapp2.0\modelrelief.test.dll" id="99f65f12-6e2b-4e24-b7d1-482ae54790ae"><Execution id="cfd6984e-dd28-4093-9b2b-4c1bbf15bce1" /><TestMethod codeBase="D:\Users\Steve Knipmeyer\Documents\GitHub\ModelRelief\ModelRelief.test\bin\Debug\netcoreapp2.0\ModelRelief.Test.dll" adapterTypeName="executor://xunit/VsTestRunner2/netcoreapp" className="ModelRelief.Test.Integration.Models.ModelsFileIntegrationTests" name="PostFile_FileIsSynchronizedIsUpdatedAfterFileIsPosted" /></UnitTest><UnitTest name="Put_ValidReferencePropertyUpdatesModel" storage="d:\users\steve knipmeyer\documents\github\modelrelief\modelrelief.test\bin\debug\netcoreapp2.0\modelrelief.test.dll" id="2e8c0288-d685-4887-8faa-92336519ea03"><Execution id="16ff3f38-c4b7-4af2-b42e-6c5a8f65de7e" /><TestMethod codeBase="D:\Users\Steve Knipmeyer\Documents\GitHub\ModelRelief\ModelRelief.test\bin\Debug\netcoreapp2.0\ModelRelief.Test.dll" adapterTypeName="executor://xunit/VsTestRunner2/netcoreapp" className="ModelRelief.Test.Integration.Projects.ProjectsBaseIntegrationTests" name="Put_ValidReferencePropertyUpdatesModel" /></UnitTest><UnitTest name="GetFile_NonExistentFileReturnsNotFound" storage="d:\users\steve knipmeyer\documents\github\modelrelief\modelrelief.test\bin\debug\netcoreapp2.0\modelrelief.test.dll" id="47a79f7c-935b-40f4-8851-2ad451fa8e20"><Execution id="65a71ff1-daec-4d24-a6af-8512e39307ec" /><TestMethod codeBase="D:\Users\Steve Knipmeyer\Documents\GitHub\ModelRelief\ModelRelief.test\bin\Debug\netcoreapp2.0\ModelRelief.Test.dll" adapterTypeName="executor://xunit/VsTestRunner2/netcoreapp" className="ModelRelief.Test.Integration.Models.ModelsFileIntegrationTests" name="GetFile_NonExistentFileReturnsNotFound" /></UnitTest><UnitTest name="LucyModel3dHasTwoDependents" storage="d:\users\steve knipmeyer\documents\github\modelrelief\modelrelief.test\bin\debug\netcoreapp2.0\modelrelief.test.dll" id="951a12ec-f9c1-4ce8-b15c-80e0dd770ede"><Execution id="2588cf23-2e7a-4312-86b8-9f49acd39a19" /><TestMethod codeBase="D:\Users\Steve Knipmeyer\Documents\GitHub\ModelRelief\ModelRelief.test\bin\Debug\netcoreapp2.0\ModelRelief.Test.dll" adapterTypeName="executor://xunit/VsTestRunner2/netcoreapp" className="ModelRelief.Test.Unit.DependencyManager.DependencyManagerTests" name="LucyModel3dHasTwoDependents" /></UnitTest><UnitTest name="Patch_InvalidIdPropertyReturnsNotFound" storage="d:\users\steve knipmeyer\documents\github\modelrelief\modelrelief.test\bin\debug\netcoreapp2.0\modelrelief.test.dll" id="45a722cd-af27-4295-b99c-d75fae032069"><Execution id="762a5862-a8aa-4030-9083-559d7d6416aa" /><TestMethod codeBase="D:\Users\Steve Knipmeyer\Documents\GitHub\ModelRelief\ModelRelief.test\bin\Debug\netcoreapp2.0\ModelRelief.Test.dll" adapterTypeName="executor://xunit/VsTestRunner2/netcoreapp" className="ModelRelief.Test.Integration.DepthBuffers.DepthBuffersBaseIntegrationTests" name="Patch_InvalidIdPropertyReturnsNotFound" /></UnitTest><UnitTest name="Post_CanCreateNewModel" storage="d:\users\steve knipmeyer\documents\github\modelrelief\modelrelief.test\bin\debug\netcoreapp2.0\modelrelief.test.dll" id="89eff717-eafb-4046-bf73-06638030e308"><Execution id="ec72c7de-fb87-4b2a-9d6f-57788ca2c292" /><TestMethod codeBase="D:\Users\Steve Knipmeyer\Documents\GitHub\ModelRelief\ModelRelief.test\bin\Debug\netcoreapp2.0\ModelRelief.Test.dll" adapterTypeName="executor://xunit/VsTestRunner2/netcoreapp" className="ModelRelief.Test.Integration.MeshTransforms.MeshTransformsBaseIntegrationTests" name="Post_CanCreateNewModel" /></UnitTest><UnitTest name="Post_CanCreateNewModel" storage="d:\users\steve knipmeyer\documents\github\modelrelief\modelrelief.test\bin\debug\netcoreapp2.0\modelrelief.test.dll" id="b67b3646-4473-4879-a1f7-01fc3cbdfcc0"><Execution id="3d77aafc-9e69-4e45-af73-6502cda06b48" /><TestMethod codeBase="D:\Users\Steve Knipmeyer\Documents\GitHub\ModelRelief\ModelRelief.test\bin\Debug\netcoreapp2.0\ModelRelief.Test.dll" adapterTypeName="executor://xunit/VsTestRunner2/netcoreapp" className="ModelRelief.Test.Integration.Projects.ProjectsBaseIntegrationTests" name="Post_CanCreateNewModel" /></UnitTest><UnitTest name="PutFile_NewFileCanBePut" storage="d:\users\steve knipmeyer\documents\github\modelrelief\modelrelief.test\bin\debug\netcoreapp2.0\modelrelief.test.dll" id="d5f45356-52af-49c9-baa4-2f3a556646ee"><Execution id="9ac77188-d985-4644-83b8-905399f9aeab" /><TestMethod codeBase="D:\Users\Steve Knipmeyer\Documents\GitHub\ModelRelief\ModelRelief.test\bin\Debug\netcoreapp2.0\ModelRelief.Test.dll" adapterTypeName="executor://xunit/VsTestRunner2/netcoreapp" className="ModelRelief.Test.Integration.Models.ModelsFileIntegrationTests" name="PutFile_NewFileCanBePut" /></UnitTest><UnitTest name="Patch_MultipleInvalidReferencePropertiesReturnsMultipleValidationErrorsAndBadRequest" storage="d:\users\steve knipmeyer\documents\github\modelrelief\modelrelief.test\bin\debug\netcoreapp2.0\modelrelief.test.dll" id="8f2faa96-56c6-44a4-b12b-2a1645776bd9"><Execution id="f59ddbb9-43a7-480c-8c33-b816ccfd79e5" /><TestMethod codeBase="D:\Users\Steve Knipmeyer\Documents\GitHub\ModelRelief\ModelRelief.test\bin\Debug\netcoreapp2.0\ModelRelief.Test.dll" adapterTypeName="executor://xunit/VsTestRunner2/netcoreapp" className="ModelRelief.Test.Integration.Models.ModelsBaseIntegrationTests" name="Patch_MultipleInvalidReferencePropertiesReturnsMultipleValidationErrorsAndBadRequest" /></UnitTest><UnitTest name="Post_CanCreateNewModel" storage="d:\users\steve knipmeyer\documents\github\modelrelief\modelrelief.test\bin\debug\netcoreapp2.0\modelrelief.test.dll" id="c959963e-9b88-4b02-963e-9d65475e0cf9"><Execution id="792b1c90-3f1e-4f97-91bf-0fd7f4ee7731" /><TestMethod codeBase="D:\Users\Steve Knipmeyer\Documents\GitHub\ModelRelief\ModelRelief.test\bin\Debug\netcoreapp2.0\ModelRelief.Test.dll" adapterTypeName="executor://xunit/VsTestRunner2/netcoreapp" className="ModelRelief.Test.Integration.Models.ModelsBaseIntegrationTests" name="Post_CanCreateNewModel" /></UnitTest><UnitTest name="Post_CanCreateNewModel" storage="d:\users\steve knipmeyer\documents\github\modelrelief\modelrelief.test\bin\debug\netcoreapp2.0\modelrelief.test.dll" id="482c6187-f1a6-40b1-a82b-116aef409ca0"><Execution id="1827cf37-7eb8-416d-b504-5a55e8acd384" /><TestMethod codeBase="D:\Users\Steve Knipmeyer\Documents\GitHub\ModelRelief\ModelRelief.test\bin\Debug\netcoreapp2.0\ModelRelief.Test.dll" adapterTypeName="executor://xunit/VsTestRunner2/netcoreapp" className="ModelRelief.Test.Integration.Cameras.CamerasBaseIntegrationTests" name="Post_CanCreateNewModel" /></UnitTest><UnitTest name="Post_InvalidPropertyValueReturnsBadRequest" storage="d:\users\steve knipmeyer\documents\github\modelrelief\modelrelief.test\bin\debug\netcoreapp2.0\modelrelief.test.dll" id="7bf383b2-2f4d-4c1a-bef5-3034b040444a"><Execution id="5c03aa53-6660-425b-90b5-2aee8f774229" /><TestMethod codeBase="D:\Users\Steve Knipmeyer\Documents\GitHub\ModelRelief\ModelRelief.test\bin\Debug\netcoreapp2.0\ModelRelief.Test.dll" adapterTypeName="executor://xunit/VsTestRunner2/netcoreapp" className="ModelRelief.Test.Integration.DepthBuffers.DepthBuffersBaseIntegrationTests" name="Post_InvalidPropertyValueReturnsBadRequest" /></UnitTest><UnitTest name="Patch_TargetPropertyIsUpdated" storage="d:\users\steve knipmeyer\documents\github\modelrelief\modelrelief.test\bin\debug\netcoreapp2.0\modelrelief.test.dll" id="639f7ddf-4ed0-4429-b1d1-05d364be3a08"><Execution id="857c1980-7f0f-42b4-81e9-02d6b398d054" /><TestMethod codeBase="D:\Users\Steve Knipmeyer\Documents\GitHub\ModelRelief\ModelRelief.test\bin\Debug\netcoreapp2.0\ModelRelief.Test.dll" adapterTypeName="executor://xunit/VsTestRunner2/netcoreapp" className="ModelRelief.Test.Integration.DepthBuffers.DepthBuffersBaseIntegrationTests" name="Patch_TargetPropertyIsUpdated" /></UnitTest><UnitTest name="Patch_InvalidReferencePropertyReturnsBadRequest" storage="d:\users\steve knipmeyer\documents\github\modelrelief\modelrelief.test\bin\debug\netcoreapp2.0\modelrelief.test.dll" id="444c6767-2817-4092-a4d4-992383fdea6c"><Execution id="c324c70a-86c8-461e-8979-ad23d9739e74" /><TestMethod codeBase="D:\Users\Steve Knipmeyer\Documents\GitHub\ModelRelief\ModelRelief.test\bin\Debug\netcoreapp2.0\ModelRelief.Test.dll" adapterTypeName="executor://xunit/VsTestRunner2/netcoreapp" className="ModelRelief.Test.Integration.Models.ModelsBaseIntegrationTests" name="Patch_InvalidReferencePropertyReturnsBadRequest" /></UnitTest><UnitTest name="Patch_ValidReferencePropertyUpdatesModel" storage="d:\users\steve knipmeyer\documents\github\modelrelief\modelrelief.test\bin\debug\netcoreapp2.0\modelrelief.test.dll" id="ca82875b-d7f9-4769-a240-d4d65a1da30c"><Execution id="f01fde3a-89f0-4d73-b1f2-bc99c187220a" /><TestMethod codeBase="D:\Users\Steve Knipmeyer\Documents\GitHub\ModelRelief\ModelRelief.test\bin\Debug\netcoreapp2.0\ModelRelief.Test.dll" adapterTypeName="executor://xunit/VsTestRunner2/netcoreapp" className="ModelRelief.Test.Integration.Projects.ProjectsBaseIntegrationTests" name="Patch_ValidReferencePropertyUpdatesModel" /></UnitTest><UnitTest name="Patch_InvalidEnumPropertyValueReturnsBadRequest" storage="d:\users\steve knipmeyer\documents\github\modelrelief\modelrelief.test\bin\debug\netcoreapp2.0\modelrelief.test.dll" id="815188bb-379f-4dc0-addf-9de36b7649fe"><Execution id="9025cbf1-a215-4473-8f84-64cb9545c22d" /><TestMethod codeBase="D:\Users\Steve Knipmeyer\Documents\GitHub\ModelRelief\ModelRelief.test\bin\Debug\netcoreapp2.0\ModelRelief.Test.dll" adapterTypeName="executor://xunit/VsTestRunner2/netcoreapp" className="ModelRelief.Test.Integration.Models.ModelsBaseIntegrationTests" name="Patch_InvalidEnumPropertyValueReturnsBadRequest" /></UnitTest><UnitTest name="GetFile_NonExistentFileReturnsNotFound" storage="d:\users\steve knipmeyer\documents\github\modelrelief\modelrelief.test\bin\debug\netcoreapp2.0\modelrelief.test.dll" id="e98062ae-4725-4cf9-abbb-d6f346f77f33"><Execution id="cd9138a3-df44-423f-95fc-898b710575c3" /><TestMethod codeBase="D:\Users\Steve Knipmeyer\Documents\GitHub\ModelRelief\ModelRelief.test\bin\Debug\netcoreapp2.0\ModelRelief.Test.dll" adapterTypeName="executor://xunit/VsTestRunner2/netcoreapp" className="ModelRelief.Test.Integration.DepthBuffers.DepthBuffersFileIntegrationTests" name="GetFile_NonExistentFileReturnsNotFound" /></UnitTest><UnitTest name="GetFile_FileCanBeRoundTripped" storage="d:\users\steve knipmeyer\documents\github\modelrelief\modelrelief.test\bin\debug\netcoreapp2.0\modelrelief.test.dll" id="2c535673-8e43-46ad-ad3b-bd5bf58d3e2c"><Execution id="a9079304-3320-47c6-88ee-aaff7025fbd6" /><TestMethod codeBase="D:\Users\Steve Knipmeyer\Documents\GitHub\ModelRelief\ModelRelief.test\bin\Debug\netcoreapp2.0\ModelRelief.Test.dll" adapterTypeName="executor://xunit/VsTestRunner2/netcoreapp" className="ModelRelief.Test.Integration.DepthBuffers.DepthBuffersFileIntegrationTests" name="GetFile_FileCanBeRoundTripped" /></UnitTest><UnitTest name="Post_InvalidReferencePropertyReturnsBadRequest" storage="d:\users\steve knipmeyer\documents\github\modelrelief\modelrelief.test\bin\debug\netcoreapp2.0\modelrelief.test.dll" id="6e8e3b32-e176-4130-bd37-82976d373c23"><Execution id="fe3da1f4-e6b5-49d6-bf39-536b41118690" /><TestMethod codeBase="D:\Users\Steve Knipmeyer\Documents\GitHub\ModelRelief\ModelRelief.test\bin\Debug\netcoreapp2.0\ModelRelief.Test.dll" adapterTypeName="executor://xunit/VsTestRunner2/netcoreapp" className="ModelRelief.Test.Integration.DepthBuffers.DepthBuffersBaseIntegrationTests" name="Post_InvalidReferencePropertyReturnsBadRequest" /></UnitTest><UnitTest name="Patch_InvalidPropertyNameReturnsBadRequest" storage="d:\users\steve knipmeyer\documents\github\modelrelief\modelrelief.test\bin\debug\netcoreapp2.0\modelrelief.test.dll" id="f250e19f-679d-4c3e-8e96-1eb7e2f5948a"><Execution id="078a522d-b4f7-4e0b-b6c7-98d6b395b68b" /><TestMethod codeBase="D:\Users\Steve Knipmeyer\Documents\GitHub\ModelRelief\ModelRelief.test\bin\Debug\netcoreapp2.0\ModelRelief.Test.dll" adapterTypeName="executor://xunit/VsTestRunner2/netcoreapp" className="ModelRelief.Test.Integration.DepthBuffers.DepthBuffersBaseIntegrationTests" name="Patch_InvalidPropertyNameReturnsBadRequest" /></UnitTest><UnitTest name="Patch_TargetPropertyIsUpdated" storage="d:\users\steve knipmeyer\documents\github\modelrelief\modelrelief.test\bin\debug\netcoreapp2.0\modelrelief.test.dll" id="2f323621-ec51-42a2-b8ba-ae30b8a0da26"><Execution id="30a0606b-4ac9-4662-bf48-e787a3e2c599" /><TestMethod codeBase="D:\Users\Steve Knipmeyer\Documents\GitHub\ModelRelief\ModelRelief.test\bin\Debug\netcoreapp2.0\ModelRelief.Test.dll" adapterTypeName="executor://xunit/VsTestRunner2/netcoreapp" className="ModelRelief.Test.Integration.Meshes.MeshesBaseIntegrationTests" name="Patch_TargetPropertyIsUpdated" /></UnitTest><UnitTest name="Put_InvalidIdReturnsNotFound" storage="d:\users\steve knipmeyer\documents\github\modelrelief\modelrelief.test\bin\debug\netcoreapp2.0\modelrelief.test.dll" id="9ad5e617-822a-4b1f-972f-78de53afbf93"><Execution id="8cfeefee-3689-4ddf-9a54-020974729162" /><TestMethod codeBase="D:\Users\Steve Knipmeyer\Documents\GitHub\ModelRelief\ModelRelief.test\bin\Debug\netcoreapp2.0\ModelRelief.Test.dll" adapterTypeName="executor://xunit/VsTestRunner2/netcoreapp" className="ModelRelief.Test.Integration.Cameras.CamerasBaseIntegrationTests" name="Put_InvalidIdReturnsNotFound" /></UnitTest><UnitTest name="PostFile_NewFileCanBePosted" storage="d:\users\steve knipmeyer\documents\github\modelrelief\modelrelief.test\bin\debug\netcoreapp2.0\modelrelief.test.dll" id="81c187e4-0021-4fbc-9a0a-15c1ffd33e15"><Execution id="ca45073e-e090-4ce3-9dbb-aa1688e05b63" /><TestMethod codeBase="D:\Users\Steve Knipmeyer\Documents\GitHub\ModelRelief\ModelRelief.test\bin\Debug\netcoreapp2.0\ModelRelief.Test.dll" adapterTypeName="executor://xunit/VsTestRunner2/netcoreapp" className="ModelRelief.Test.Integration.DepthBuffers.DepthBuffersFileIntegrationTests" name="PostFile_NewFileCanBePosted" /></UnitTest><UnitTest name="PutFile_NewFileCanBePut" storage="d:\users\steve knipmeyer\documents\github\modelrelief\modelrelief.test\bin\debug\netcoreapp2.0\modelrelief.test.dll" id="0c4a47c2-a463-4481-8456-f6ff662fd7c4"><Execution id="07b6bc73-1da3-4b71-aa6e-e95fd231a6b3" /><TestMethod codeBase="D:\Users\Steve Knipmeyer\Documents\GitHub\ModelRelief\ModelRelief.test\bin\Debug\netcoreapp2.0\ModelRelief.Test.dll" adapterTypeName="executor://xunit/VsTestRunner2/netcoreapp" className="ModelRelief.Test.Integration.DepthBuffers.DepthBuffersFileIntegrationTests" name="PutFile_NewFileCanBePut" /></UnitTest><UnitTest name="Patch_MultipleInvalidReferencePropertiesReturnsMultipleValidationErrorsAndBadRequest" storage="d:\users\steve knipmeyer\documents\github\modelrelief\modelrelief.test\bin\debug\netcoreapp2.0\modelrelief.test.dll" id="822a6347-76e8-4f70-a726-77004d5e341e"><Execution id="675f0246-3e5d-4d09-b2bd-53309cd3c93a" /><TestMethod codeBase="D:\Users\Steve Knipmeyer\Documents\GitHub\ModelRelief\ModelRelief.test\bin\Debug\netcoreapp2.0\ModelRelief.Test.dll" adapterTypeName="executor://xunit/VsTestRunner2/netcoreapp" className="ModelRelief.Test.Integration.Cameras.CamerasBaseIntegrationTests" name="Patch_MultipleInvalidReferencePropertiesReturnsMultipleValidationErrorsAndBadRequest" /></UnitTest><UnitTest name="GetList_ListReturnsCorrectCount" storage="d:\users\steve knipmeyer\documents\github\modelrelief\modelrelief.test\bin\debug\netcoreapp2.0\modelrelief.test.dll" id="b483622d-482f-4d4e-b16f-dcb58b05f71d"><Execution id="b7f6dc72-5f81-42a5-939b-1382d946c8c9" /><TestMethod codeBase="D:\Users\Steve Knipmeyer\Documents\GitHub\ModelRelief\ModelRelief.test\bin\Debug\netcoreapp2.0\ModelRelief.Test.dll" adapterTypeName="executor://xunit/VsTestRunner2/netcoreapp" className="ModelRelief.Test.Integration.Cameras.CamerasBaseIntegrationTests" name="GetList_ListReturnsCorrectCount" /></UnitTest><UnitTest name="Patch_TargetPropertyIsUpdated" storage="d:\users\steve knipmeyer\documents\github\modelrelief\modelrelief.test\bin\debug\netcoreapp2.0\modelrelief.test.dll" id="1f74c117-ea3c-414d-95f7-6dc9fd2aca99"><Execution id="74982cbb-ce6d-4cab-bcd3-973d36ee9d8d" /><TestMethod codeBase="D:\Users\Steve Knipmeyer\Documents\GitHub\ModelRelief\ModelRelief.test\bin\Debug\netcoreapp2.0\ModelRelief.Test.dll" adapterTypeName="executor://xunit/VsTestRunner2/netcoreapp" className="ModelRelief.Test.Integration.Models.ModelsBaseIntegrationTests" name="Patch_TargetPropertyIsUpdated" /></UnitTest><UnitTest name="Post_InvalidReferencePropertyReturnsBadRequest" storage="d:\users\steve knipmeyer\documents\github\modelrelief\modelrelief.test\bin\debug\netcoreapp2.0\modelrelief.test.dll" id="0dba4677-da1b-4c51-8b81-54a7fa57b3bb"><Execution id="f74c9ea0-425e-4ddc-bff7-b4afb8355dd6" /><TestMethod codeBase="D:\Users\Steve Knipmeyer\Documents\GitHub\ModelRelief\ModelRelief.test\bin\Debug\netcoreapp2.0\ModelRelief.Test.dll" adapterTypeName="executor://xunit/VsTestRunner2/netcoreapp" className="ModelRelief.Test.Integration.Cameras.CamerasBaseIntegrationTests" name="Post_InvalidReferencePropertyReturnsBadRequest" /></UnitTest><UnitTest name="GetList_ListReturnsCorrectCount" storage="d:\users\steve knipmeyer\documents\github\modelrelief\modelrelief.test\bin\debug\netcoreapp2.0\modelrelief.test.dll" id="3afce9f1-2d95-4a5a-b600-d00d4f6a8781"><Execution id="4d826ce3-9cf4-4b32-b765-27ca2a0ea4e0" /><TestMethod codeBase="D:\Users\Steve Knipmeyer\Documents\GitHub\ModelRelief\ModelRelief.test\bin\Debug\netcoreapp2.0\ModelRelief.Test.dll" adapterTypeName="executor://xunit/VsTestRunner2/netcoreapp" className="ModelRelief.Test.Integration.Models.ModelsBaseIntegrationTests" name="GetList_ListReturnsCorrectCount" /></UnitTest><UnitTest name="Patch_InvalidReferencePropertyReturnsBadRequest" storage="d:\users\steve knipmeyer\documents\github\modelrelief\modelrelief.test\bin\debug\netcoreapp2.0\modelrelief.test.dll" id="cf1bae3e-7a37-4d78-8cc9-32a3c0f96750"><Execution id="28bb48b8-9f3c-4567-8b75-ea2ea034a3fc" /><TestMethod codeBase="D:\Users\Steve Knipmeyer\Documents\GitHub\ModelRelief\ModelRelief.test\bin\Debug\netcoreapp2.0\ModelRelief.Test.dll" adapterTypeName="executor://xunit/VsTestRunner2/netcoreapp" className="ModelRelief.Test.Integration.Projects.ProjectsBaseIntegrationTests" name="Patch_InvalidReferencePropertyReturnsBadRequest" /></UnitTest><UnitTest name="PostFile_NewFileCanBePosted" storage="d:\users\steve knipmeyer\documents\github\modelrelief\modelrelief.test\bin\debug\netcoreapp2.0\modelrelief.test.dll" id="b3791262-0d5c-4daf-80f1-d05a5de3bf98"><Execution id="65c6fad5-c20b-491a-95d4-3f65ea53376f" /><TestMethod codeBase="D:\Users\Steve Knipmeyer\Documents\GitHub\ModelRelief\ModelRelief.test\bin\Debug\netcoreapp2.0\ModelRelief.Test.dll" adapterTypeName="executor://xunit/VsTestRunner2/netcoreapp" className="ModelRelief.Test.Integration.Models.ModelsFileIntegrationTests" name="PostFile_NewFileCanBePosted" /></UnitTest><UnitTest name="CameraHasExpectedDependentFiles" storage="d:\users\steve knipmeyer\documents\github\modelrelief\modelrelief.test\bin\debug\netcoreapp2.0\modelrelief.test.dll" id="2b122f02-846e-4ff6-9ceb-6436c2c398d3"><Execution id="9a48a8e4-88b2-4f78-9cf0-a8d3e31ef07f" /><TestMethod codeBase="D:\Users\Steve Knipmeyer\Documents\GitHub\ModelRelief\ModelRelief.test\bin\Debug\netcoreapp2.0\ModelRelief.Test.dll" adapterTypeName="executor://xunit/VsTestRunner2/netcoreapp" className="ModelRelief.Test.Unit.DependencyManager.DependencyManagerTests" name="CameraHasExpectedDependentFiles" /></UnitTest><UnitTest name="GetSingle_InvalidIdPropertyValueReturnsNotFound" storage="d:\users\steve knipmeyer\documents\github\modelrelief\modelrelief.test\bin\debug\netcoreapp2.0\modelrelief.test.dll" id="88f1e8f6-5903-4419-90a4-947dfeb9eac2"><Execution id="3ab897ae-d22a-4be6-9788-20f6023ea4f0" /><TestMethod codeBase="D:\Users\Steve Knipmeyer\Documents\GitHub\ModelRelief\ModelRelief.test\bin\Debug\netcoreapp2.0\ModelRelief.Test.dll" adapterTypeName="executor://xunit/VsTestRunner2/netcoreapp" className="ModelRelief.Test.Integration.DepthBuffers.DepthBuffersBaseIntegrationTests" name="GetSingle_InvalidIdPropertyValueReturnsNotFound" /></UnitTest><UnitTest name="Patch_InvalidReferencePropertyReturnsBadRequest" storage="d:\users\steve knipmeyer\documents\github\modelrelief\modelrelief.test\bin\debug\netcoreapp2.0\modelrelief.test.dll" id="3307f0d9-baad-4758-a057-65c8b075d199"><Execution id="21907ec4-38cc-42db-bf6c-ac4389b95ddc" /><TestMethod codeBase="D:\Users\Steve Knipmeyer\Documents\GitHub\ModelRelief\ModelRelief.test\bin\Debug\netcoreapp2.0\ModelRelief.Test.dll" adapterTypeName="executor://xunit/VsTestRunner2/netcoreapp" className="ModelRelief.Test.Integration.Meshes.MeshesBaseIntegrationTests" name="Patch_InvalidReferencePropertyReturnsBadRequest" /></UnitTest><UnitTest name="Delete_TargetModelIsDeleted" storage="d:\users\steve knipmeyer\documents\github\modelrelief\modelrelief.test\bin\debug\netcoreapp2.0\modelrelief.test.dll" id="547eb96d-fdbd-4937-9f14-1abe2b2daaaf"><Execution id="bb078128-8f66-4f27-a48c-85dd444e51b8" /><TestMethod codeBase="D:\Users\Steve Knipmeyer\Documents\GitHub\ModelRelief\ModelRelief.test\bin\Debug\netcoreapp2.0\ModelRelief.Test.dll" adapterTypeName="executor://xunit/VsTestRunner2/netcoreapp" className="ModelRelief.Test.Integration.Projects.ProjectsBaseIntegrationTests" name="Delete_TargetModelIsDeleted" /></UnitTest><UnitTest name="Patch_MultipleInvalidReferencePropertiesReturnsMultipleValidationErrorsAndBadRequest" storage="d:\users\steve knipmeyer\documents\github\modelrelief\modelrelief.test\bin\debug\netcoreapp2.0\modelrelief.test.dll" id="5a48294c-0cf1-4257-b0e4-9b1e2536aee1"><Execution id="e252e5ce-1b03-4278-aecd-7328b755dc06" /><TestMethod codeBase="D:\Users\Steve Knipmeyer\Documents\GitHub\ModelRelief\ModelRelief.test\bin\Debug\netcoreapp2.0\ModelRelief.Test.dll" adapterTypeName="executor://xunit/VsTestRunner2/netcoreapp" className="ModelRelief.Test.Integration.Meshes.MeshesBaseIntegrationTests" name="Patch_MultipleInvalidReferencePropertiesReturnsMultipleValidationErrorsAndBadRequest" /></UnitTest><UnitTest name="Put_InvalidReferencePropertyReturndBadRequest" storage="d:\users\steve knipmeyer\documents\github\modelrelief\modelrelief.test\bin\debug\netcoreapp2.0\modelrelief.test.dll" id="38a637e8-a0aa-417b-a800-6d40e1dc9e39"><Execution id="bbda698f-a474-4a64-ae85-943ba5a0fb70" /><TestMethod codeBase="D:\Users\Steve Knipmeyer\Documents\GitHub\ModelRelief\ModelRelief.test\bin\Debug\netcoreapp2.0\ModelRelief.Test.dll" adapterTypeName="executor://xunit/VsTestRunner2/netcoreapp" className="ModelRelief.Test.Integration.MeshTransforms.MeshTransformsBaseIntegrationTests" name="Put_InvalidReferencePropertyReturndBadRequest" /></UnitTest><UnitTest name="LucyDepthBufferFindsOneDependent" storage="d:\users\steve knipmeyer\documents\github\modelrelief\modelrelief.test\bin\debug\netcoreapp2.0\modelrelief.test.dll" id="e441c755-8311-44a2-a967-d5e7c2d23017"><Execution id="53b76884-7457-4e94-b2b0-8ef2cc5c5295" /><TestMethod codeBase="D:\Users\Steve Knipmeyer\Documents\GitHub\ModelRelief\ModelRelief.test\bin\Debug\netcoreapp2.0\ModelRelief.Test.dll" adapterTypeName="executor://xunit/VsTestRunner2/netcoreapp" className="ModelRelief.Test.Unit.DependencyManager.DependencyManagerTests" name="LucyDepthBufferFindsOneDependent" /></UnitTest><UnitTest name="Patch_MultipleInvalidReferencePropertiesReturnsMultipleValidationErrorsAndBadRequest" storage="d:\users\steve knipmeyer\documents\github\modelrelief\modelrelief.test\bin\debug\netcoreapp2.0\modelrelief.test.dll" id="db2308ae-b0eb-45af-bc94-b0ccf62827b0"><Execution id="ab2e0947-af72-4d5f-8487-e290bfa6c1e0" /><TestMethod codeBase="D:\Users\Steve Knipmeyer\Documents\GitHub\ModelRelief\ModelRelief.test\bin\Debug\netcoreapp2.0\ModelRelief.Test.dll" adapterTypeName="executor://xunit/VsTestRunner2/netcoreapp" className="ModelRelief.Test.Integration.MeshTransforms.MeshTransformsBaseIntegrationTests" name="Patch_MultipleInvalidReferencePropertiesReturnsMultipleValidationErrorsAndBadRequest" /></UnitTest><UnitTest name="Put_CanUpdateModel" storage="d:\users\steve knipmeyer\documents\github\modelrelief\modelrelief.test\bin\debug\netcoreapp2.0\modelrelief.test.dll" id="ab93c1db-3d37-49d8-b63e-71539751a404"><Execution id="e250ee9d-e934-4d91-9ac1-7a1ea644544c" /><TestMethod codeBase="D:\Users\Steve Knipmeyer\Documents\GitHub\ModelRelief\ModelRelief.test\bin\Debug\netcoreapp2.0\ModelRelief.Test.dll" adapterTypeName="executor://xunit/VsTestRunner2/netcoreapp" className="ModelRelief.Test.Integration.DepthBuffers.DepthBuffersBaseIntegrationTests" name="Put_CanUpdateModel" /></UnitTest><UnitTest name="GetSingle_ValidIdPropertyValueReturnsCorrectModel" storage="d:\users\steve knipmeyer\documents\github\modelrelief\modelrelief.test\bin\debug\netcoreapp2.0\modelrelief.test.dll" id="03327026-c658-4021-a617-ac955809bd78"><Execution id="3cab7f3d-3bd0-43e0-8578-893eb2694e90" /><TestMethod codeBase="D:\Users\Steve Knipmeyer\Documents\GitHub\ModelRelief\ModelRelief.test\bin\Debug\netcoreapp2.0\ModelRelief.Test.dll" adapterTypeName="executor://xunit/VsTestRunner2/netcoreapp" className="ModelRelief.Test.Integration.Models.ModelsBaseIntegrationTests" name="GetSingle_ValidIdPropertyValueReturnsCorrectModel" /></UnitTest><UnitTest name="Put_ValidReferencePropertyUpdatesModel" storage="d:\users\steve knipmeyer\documents\github\modelrelief\modelrelief.test\bin\debug\netcoreapp2.0\modelrelief.test.dll" id="a15f895f-293b-40bd-9535-514ce9d991a3"><Execution id="c000f31a-a6ad-44e3-8ea9-f84516d669a0" /><TestMethod codeBase="D:\Users\Steve Knipmeyer\Documents\GitHub\ModelRelief\ModelRelief.test\bin\Debug\netcoreapp2.0\ModelRelief.Test.dll" adapterTypeName="executor://xunit/VsTestRunner2/netcoreapp" className="ModelRelief.Test.Integration.Meshes.MeshesBaseIntegrationTests" name="Put_ValidReferencePropertyUpdatesModel" /></UnitTest><UnitTest name="Patch_MultipleInvalidReferencePropertiesReturnsMultipleValidationErrorsAndBadRequest" storage="d:\users\steve knipmeyer\documents\github\modelrelief\modelrelief.test\bin\debug\netcoreapp2.0\modelrelief.test.dll" id="eadbb2ea-bda2-4ff7-b1a4-50731734c8f9"><Execution id="7bc96a6f-d5da-42a0-952f-f0d34da5b928" /><TestMethod codeBase="D:\Users\Steve Knipmeyer\Documents\GitHub\ModelRelief\ModelRelief.test\bin\Debug\netcoreapp2.0\ModelRelief.Test.dll" adapterTypeName="executor://xunit/VsTestRunner2/netcoreapp" className="ModelRelief.Test.Integration.DepthBuffers.DepthBuffersBaseIntegrationTests" name="Patch_MultipleInvalidReferencePropertiesReturnsMultipleValidationErrorsAndBadRequest" /></UnitTest><UnitTest name="Patch_InvalidPropertyNameReturnsBadRequest" storage="d:\users\steve knipmeyer\documents\github\modelrelief\modelrelief.test\bin\debug\netcoreapp2.0\modelrelief.test.dll" id="da49287c-f949-470a-86d6-6908d49f9aae"><Execution id="23193ae3-4288-4af6-a965-9a7c7700e429" /><TestMethod codeBase="D:\Users\Steve Knipmeyer\Documents\GitHub\ModelRelief\ModelRelief.test\bin\Debug\netcoreapp2.0\ModelRelief.Test.dll" adapterTypeName="executor://xunit/VsTestRunner2/netcoreapp" className="ModelRelief.Test.Integration.MeshTransforms.MeshTransformsBaseIntegrationTests" name="Patch_InvalidPropertyNameReturnsBadRequest" /></UnitTest><UnitTest name="Patch_ValidReferencePropertyUpdatesModel" storage="d:\users\steve knipmeyer\documents\github\modelrelief\modelrelief.test\bin\debug\netcoreapp2.0\modelrelief.test.dll" id="3997b34a-fa43-492a-99de-4d75b3dd6df2"><Execution id="2fbc76a9-deb6-41db-b456-02ef42ee65f9" /><TestMethod codeBase="D:\Users\Steve Knipmeyer\Documents\GitHub\ModelRelief\ModelRelief.test\bin\Debug\netcoreapp2.0\ModelRelief.Test.dll" adapterTypeName="executor://xunit/VsTestRunner2/netcoreapp" className="ModelRelief.Test.Integration.MeshTransforms.MeshTransformsBaseIntegrationTests" name="Patch_ValidReferencePropertyUpdatesModel" /></UnitTest><UnitTest name="Delete_TargetModelIsDeleted" storage="d:\users\steve knipmeyer\documents\github\modelrelief\modelrelief.test\bin\debug\netcoreapp2.0\modelrelief.test.dll" id="a035f578-a7aa-4928-ab82-b76a2819fac8"><Execution id="f37b7665-c035-4abb-8635-aade01b87777" /><TestMethod codeBase="D:\Users\Steve Knipmeyer\Documents\GitHub\ModelRelief\ModelRelief.test\bin\Debug\netcoreapp2.0\ModelRelief.Test.dll" adapterTypeName="executor://xunit/VsTestRunner2/netcoreapp" className="ModelRelief.Test.Integration.MeshTransforms.MeshTransformsBaseIntegrationTests" name="Delete_TargetModelIsDeleted" /></UnitTest><UnitTest name="Patch_TargetPropertyIsUpdated" storage="d:\users\steve knipmeyer\documents\github\modelrelief\modelrelief.test\bin\debug\netcoreapp2.0\modelrelief.test.dll" id="0eb3d361-3112-4b24-9294-000e68dbaa8c"><Execution id="4366d13f-9b53-412b-a70d-f48426cef8b1" /><TestMethod codeBase="D:\Users\Steve Knipmeyer\Documents\GitHub\ModelRelief\ModelRelief.test\bin\Debug\netcoreapp2.0\ModelRelief.Test.dll" adapterTypeName="executor://xunit/VsTestRunner2/netcoreapp" className="ModelRelief.Test.Integration.Projects.ProjectsBaseIntegrationTests" name="Patch_TargetPropertyIsUpdated" /></UnitTest><UnitTest name="Put_ValidReferencePropertyUpdatesModel" storage="d:\users\steve knipmeyer\documents\github\modelrelief\modelrelief.test\bin\debug\netcoreapp2.0\modelrelief.test.dll" id="997b0aa5-659e-4bd4-bba8-363deceb1ffa"><Execution id="85c26292-f503-4402-8c74-77c506121848" /><TestMethod codeBase="D:\Users\Steve Knipmeyer\Documents\GitHub\ModelRelief\ModelRelief.test\bin\Debug\netcoreapp2.0\ModelRelief.Test.dll" adapterTypeName="executor://xunit/VsTestRunner2/netcoreapp" className="ModelRelief.Test.Integration.Cameras.CamerasBaseIntegrationTests" name="Put_ValidReferencePropertyUpdatesModel" /></UnitTest><UnitTest name="Put_CanUpdateModel" storage="d:\users\steve knipmeyer\documents\github\modelrelief\modelrelief.test\bin\debug\netcoreapp2.0\modelrelief.test.dll" id="ff3d9b70-8f14-4f9d-9dfe-139a4eb4884b"><Execution id="ab954047-65ed-4475-90a3-717cf0f27bea" /><TestMethod codeBase="D:\Users\Steve Knipmeyer\Documents\GitHub\ModelRelief\ModelRelief.test\bin\Debug\netcoreapp2.0\ModelRelief.Test.dll" adapterTypeName="executor://xunit/VsTestRunner2/netcoreapp" className="ModelRelief.Test.Integration.Projects.ProjectsBaseIntegrationTests" name="Put_CanUpdateModel" /></UnitTest><UnitTest name="Post_InvalidPropertyValueReturnsBadRequest" storage="d:\users\steve knipmeyer\documents\github\modelrelief\modelrelief.test\bin\debug\netcoreapp2.0\modelrelief.test.dll" id="402c28ce-9cfe-495c-bbf7-62069031b0db"><Execution id="01e67dae-2e3a-45f8-9dab-05ad2c57b85e" /><TestMethod codeBase="D:\Users\Steve Knipmeyer\Documents\GitHub\ModelRelief\ModelRelief.test\bin\Debug\netcoreapp2.0\ModelRelief.Test.dll" adapterTypeName="executor://xunit/VsTestRunner2/netcoreapp" className="ModelRelief.Test.Integration.MeshTransforms.MeshTransformsBaseIntegrationTests" name="Post_InvalidPropertyValueReturnsBadRequest" /></UnitTest><UnitTest name="Put_CanUpdateModel" storage="d:\users\steve knipmeyer\documents\github\modelrelief\modelrelief.test\bin\debug\netcoreapp2.0\modelrelief.test.dll" id="e0a7f115-8dba-4096-8865-106d904fb12f"><Execution id="9dc98a94-cd11-4429-aee1-f3c3ae8e364a" /><TestMethod codeBase="D:\Users\Steve Knipmeyer\Documents\GitHub\ModelRelief\ModelRelief.test\bin\Debug\netcoreapp2.0\ModelRelief.Test.dll" adapterTypeName="executor://xunit/VsTestRunner2/netcoreapp" className="ModelRelief.Test.Integration.Meshes.MeshesBaseIntegrationTests" name="Put_CanUpdateModel" /></UnitTest><UnitTest name="Patch_InvalidEnumPropertyValueReturnsBadRequest" storage="d:\users\steve knipmeyer\documents\github\modelrelief\modelrelief.test\bin\debug\netcoreapp2.0\modelrelief.test.dll" id="9ebda945-1e2d-436c-8adc-f64636bde73d"><Execution id="9d8610a8-d486-4f5a-90ee-81b36d63efcc" /><TestMethod codeBase="D:\Users\Steve Knipmeyer\Documents\GitHub\ModelRelief\ModelRelief.test\bin\Debug\netcoreapp2.0\ModelRelief.Test.dll" adapterTypeName="executor://xunit/VsTestRunner2/netcoreapp" className="ModelRelief.Test.Integration.Projects.ProjectsBaseIntegrationTests" name="Patch_InvalidEnumPropertyValueReturnsBadRequest" /></UnitTest><UnitTest name="Patch_InvalidEnumPropertyValueReturnsBadRequest" storage="d:\users\steve knipmeyer\documents\github\modelrelief\modelrelief.test\bin\debug\netcoreapp2.0\modelrelief.test.dll" id="1fc34df1-99d1-4bde-b8f0-b8f4374dabac"><Execution id="ac5e8dfd-7513-4035-8c10-5a51ffc50f05" /><TestMethod codeBase="D:\Users\Steve Knipmeyer\Documents\GitHub\ModelRelief\ModelRelief.test\bin\Debug\netcoreapp2.0\ModelRelief.Test.dll" adapterTypeName="executor://xunit/VsTestRunner2/netcoreapp" className="ModelRelief.Test.Integration.Cameras.CamerasBaseIntegrationTests" name="Patch_InvalidEnumPropertyValueReturnsBadRequest" /></UnitTest><UnitTest name="GetSingle_InvalidIdPropertyValueReturnsNotFound" storage="d:\users\steve knipmeyer\documents\github\modelrelief\modelrelief.test\bin\debug\netcoreapp2.0\modelrelief.test.dll" id="6f7dc4f5-c534-4537-8caf-d68e7de89bdf"><Execution id="009145b4-3654-4c8b-b020-7d7b04833e4e" /><TestMethod codeBase="D:\Users\Steve Knipmeyer\Documents\GitHub\ModelRelief\ModelRelief.test\bin\Debug\netcoreapp2.0\ModelRelief.Test.dll" adapterTypeName="executor://xunit/VsTestRunner2/netcoreapp" className="ModelRelief.Test.Integration.Meshes.MeshesBaseIntegrationTests" name="GetSingle_InvalidIdPropertyValueReturnsNotFound" /></UnitTest><UnitTest name="Post_InvalidPropertyValueReturnsBadRequest" storage="d:\users\steve knipmeyer\documents\github\modelrelief\modelrelief.test\bin\debug\netcoreapp2.0\modelrelief.test.dll" id="06f4fc74-fcd4-4794-b41e-4f0506b993da"><Execution id="3078bb1c-bfb7-4089-845d-fe3672fac8fc" /><TestMethod codeBase="D:\Users\Steve Knipmeyer\Documents\GitHub\ModelRelief\ModelRelief.test\bin\Debug\netcoreapp2.0\ModelRelief.Test.dll" adapterTypeName="executor://xunit/VsTestRunner2/netcoreapp" className="ModelRelief.Test.Integration.Models.ModelsBaseIntegrationTests" name="Post_InvalidPropertyValueReturnsBadRequest" /></UnitTest><UnitTest name="Post_ValidReferencePropertyCreatesModel" storage="d:\users\steve knipmeyer\documents\github\modelrelief\modelrelief.test\bin\debug\netcoreapp2.0\modelrelief.test.dll" id="c249bb8e-2e12-4da9-834b-881d511890bf"><Execution id="a2a0a517-05d9-406c-88a5-bbd565c3b21f" /><TestMethod codeBase="D:\Users\Steve Knipmeyer\Documents\GitHub\ModelRelief\ModelRelief.test\bin\Debug\netcoreapp2.0\ModelRelief.Test.dll" adapterTypeName="executor://xunit/VsTestRunner2/netcoreapp" className="ModelRelief.Test.Integration.Meshes.MeshesBaseIntegrationTests" name="Post_ValidReferencePropertyCreatesModel" /></UnitTest><UnitTest name="Patch_MultipleInvalidReferencePropertiesReturnsMultipleValidationErrorsAndBadRequest" storage="d:\users\steve knipmeyer\documents\github\modelrelief\modelrelief.test\bin\debug\netcoreapp2.0\modelrelief.test.dll" id="4408ae4c-6799-4087-9da4-ed5623b2b53f"><Execution id="22a04887-8ecc-42f4-939f-69d611dbdff5" /><TestMethod codeBase="D:\Users\Steve Knipmeyer\Documents\GitHub\ModelRelief\ModelRelief.test\bin\Debug\netcoreapp2.0\ModelRelief.Test.dll" adapterTypeName="executor://xunit/VsTestRunner2/netcoreapp" className="ModelRelief.Test.Integration.Projects.ProjectsBaseIntegrationTests" name="Patch_MultipleInvalidReferencePropertiesReturnsMultipleValidationErrorsAndBadRequest" /></UnitTest><UnitTest name="Patch_InvalidIdPropertyReturnsNotFound" storage="d:\users\steve knipmeyer\documents\github\modelrelief\modelrelief.test\bin\debug\netcoreapp2.0\modelrelief.test.dll" id="e85edb3c-a1ff-4411-bc39-7e78d5b4cb79"><Execution id="201ba0a2-63c2-4981-8b5f-8f94ce3ad2ef" /><TestMethod codeBase="D:\Users\Steve Knipmeyer\Documents\GitHub\ModelRelief\ModelRelief.test\bin\Debug\netcoreapp2.0\ModelRelief.Test.dll" adapterTypeName="executor://xunit/VsTestRunner2/netcoreapp" className="ModelRelief.Test.Integration.MeshTransforms.MeshTransformsBaseIntegrationTests" name="Patch_InvalidIdPropertyReturnsNotFound" /></UnitTest><UnitTest name="FileRequest_MeshIsInvalidatedAfterDepthBufferFileBecomesUnsynchronized" storage="d:\users\steve knipmeyer\documents\github\modelrelief\modelrelief.test\bin\debug\netcoreapp2.0\modelrelief.test.dll" id="ce81f5e7-9e25-4fd3-bfa6-f297725ad1b8"><Execution id="f769cd88-e61a-493f-86cd-95671acc410c" /><TestMethod codeBase="D:\Users\Steve Knipmeyer\Documents\GitHub\ModelRelief\ModelRelief.test\bin\Debug\netcoreapp2.0\ModelRelief.Test.dll" adapterTypeName="executor://xunit/VsTestRunner2/netcoreapp" className="ModelRelief.Test.Integration.Meshes.MeshesFileIntegrationTests" name="FileRequest_MeshIsInvalidatedAfterDepthBufferFileBecomesUnsynchronized" /></UnitTest><UnitTest name="GetSingle_InvalidIdPropertyValueReturnsNotFound" storage="d:\users\steve knipmeyer\documents\github\modelrelief\modelrelief.test\bin\debug\netcoreapp2.0\modelrelief.test.dll" id="d6addfc7-5508-4499-8f85-ab3163af175c"><Execution id="f9ac5b9c-87e1-44a9-8bc6-9ec0d60b6fd1" /><TestMethod codeBase="D:\Users\Steve Knipmeyer\Documents\GitHub\ModelRelief\ModelRelief.test\bin\Debug\netcoreapp2.0\ModelRelief.Test.dll" adapterTypeName="executor://xunit/VsTestRunner2/netcoreapp" className="ModelRelief.Test.Integration.MeshTransforms.MeshTransformsBaseIntegrationTests" name="GetSingle_InvalidIdPropertyValueReturnsNotFound" /></UnitTest><UnitTest name="PutFile_FileCanBeUpdated" storage="d:\users\steve knipmeyer\documents\github\modelrelief\modelrelief.test\bin\debug\netcoreapp2.0\modelrelief.test.dll" id="3d3d2dcc-4ff5-4973-a30f-5de883b470d6"><Execution id="2cee6503-b5ab-4209-a50e-e95ccff27e05" /><TestMethod codeBase="D:\Users\Steve Knipmeyer\Documents\GitHub\ModelRelief\ModelRelief.test\bin\Debug\netcoreapp2.0\ModelRelief.Test.dll" adapterTypeName="executor://xunit/VsTestRunner2/netcoreapp" className="ModelRelief.Test.Integration.Meshes.MeshesFileIntegrationTests" name="PutFile_FileCanBeUpdated" /></UnitTest><UnitTest name="Delete_TargetModelIsDeleted" storage="d:\users\steve knipmeyer\documents\github\modelrelief\modelrelief.test\bin\debug\netcoreapp2.0\modelrelief.test.dll" id="454d4b1f-4cc0-4451-a7ae-c8adbae91703"><Execution id="b0790551-9b00-4952-8dd0-a7dbdb8327fd" /><TestMethod codeBase="D:\Users\Steve Knipmeyer\Documents\GitHub\ModelRelief\ModelRelief.test\bin\Debug\netcoreapp2.0\ModelRelief.Test.dll" adapterTypeName="executor://xunit/VsTestRunner2/netcoreapp" className="ModelRelief.Test.Integration.DepthBuffers.DepthBuffersBaseIntegrationTests" name="Delete_TargetModelIsDeleted" /></UnitTest><UnitTest name="Post_ValidReferencePropertyCreatesModel" storage="d:\users\steve knipmeyer\documents\github\modelrelief\modelrelief.test\bin\debug\netcoreapp2.0\modelrelief.test.dll" id="c2f2b2e4-07fb-47b1-a950-d2288faeb32d"><Execution id="4c03213a-b92e-4f65-ad15-5ba5adedf9be" /><TestMethod codeBase="D:\Users\Steve Knipmeyer\Documents\GitHub\ModelRelief\ModelRelief.test\bin\Debug\netcoreapp2.0\ModelRelief.Test.dll" adapterTypeName="executor://xunit/VsTestRunner2/netcoreapp" className="ModelRelief.Test.Integration.MeshTransforms.MeshTransformsBaseIntegrationTests" name="Post_ValidReferencePropertyCreatesModel" /></UnitTest><UnitTest name="Post_ValidReferencePropertyCreatesModel" storage="d:\users\steve knipmeyer\documents\github\modelrelief\modelrelief.test\bin\debug\netcoreapp2.0\modelrelief.test.dll" id="45f3012f-92e4-48da-badd-ba1d6b9b7504"><Execution id="5ea227ce-5358-4cb5-a81c-16111c59c0b9" /><TestMethod codeBase="D:\Users\Steve Knipmeyer\Documents\GitHub\ModelRelief\ModelRelief.test\bin\Debug\netcoreapp2.0\ModelRelief.Test.dll" adapterTypeName="executor://xunit/VsTestRunner2/netcoreapp" className="ModelRelief.Test.Integration.Models.ModelsBaseIntegrationTests" name="Post_ValidReferencePropertyCreatesModel" /></UnitTest><UnitTest name="Patch_InvalidReferencePropertyReturnsBadRequest" storage="d:\users\steve knipmeyer\documents\github\modelrelief\modelrelief.test\bin\debug\netcoreapp2.0\modelrelief.test.dll" id="b3bbbe56-cb3a-491d-8b24-f829042c6a4a"><Execution id="f242253c-42df-4932-8127-9a14c281ba7c" /><TestMethod codeBase="D:\Users\Steve Knipmeyer\Documents\GitHub\ModelRelief\ModelRelief.test\bin\Debug\netcoreapp2.0\ModelRelief.Test.dll" adapterTypeName="executor://xunit/VsTestRunner2/netcoreapp" className="ModelRelief.Test.Integration.DepthBuffers.DepthBuffersBaseIntegrationTests" name="Patch_InvalidReferencePropertyReturnsBadRequest" /></UnitTest></TestDefinitions><TestEntries><TestEntry testId="e0a7f115-8dba-4096-8865-106d904fb12f" executionId="9dc98a94-cd11-4429-aee1-f3c3ae8e364a" testListId="8c84fa94-04c1-424b-9868-57a2d4851a1d" /><TestEntry testId="444c6767-2817-4092-a4d4-992383fdea6c" executionId="c324c70a-86c8-461e-8979-ad23d9739e74" testListId="8c84fa94-04c1-424b-9868-57a2d4851a1d" /><TestEntry testId="def28532-43e6-4f34-a334-bbcb94309662" executionId="0ba6b155-f3d1-4305-b2e8-f0a4c4e5a652" testListId="8c84fa94-04c1-424b-9868-57a2d4851a1d" /><TestEntry testId="402c28ce-9cfe-495c-bbf7-62069031b0db" executionId="01e67dae-2e3a-45f8-9dab-05ad2c57b85e" testListId="8c84fa94-04c1-424b-9868-57a2d4851a1d" /><TestEntry testId="3d71ecd5-cecd-4258-a8f5-a5879a27e66b" executionId="1e20f29c-dca5-44a1-b13f-1d23cfd76beb" testListId="8c84fa94-04c1-424b-9868-57a2d4851a1d" /><TestEntry testId="ec3b87e7-582e-4d60-a265-d0270e9050d1" executionId="14efb566-5dbb-4368-a703-94e9c8aec8ba" testListId="8c84fa94-04c1-424b-9868-57a2d4851a1d" /><TestEntry testId="454d4b1f-4cc0-4451-a7ae-c8adbae91703" executionId="b0790551-9b00-4952-8dd0-a7dbdb8327fd" testListId="8c84fa94-04c1-424b-9868-57a2d4851a1d" /><TestEntry testId="a7e36b6c-4a2d-43e9-99b5-bc16ee1d5abf" executionId="3925b49c-fa9b-43b6-9b96-3f70bdd3a522" testListId="8c84fa94-04c1-424b-9868-57a2d4851a1d" /><TestEntry testId="8f2faa96-56c6-44a4-b12b-2a1645776bd9" executionId="f59ddbb9-43a7-480c-8c33-b816ccfd79e5" testListId="8c84fa94-04c1-424b-9868-57a2d4851a1d" /><TestEntry testId="2e8c0288-d685-4887-8faa-92336519ea03" executionId="16ff3f38-c4b7-4af2-b42e-6c5a8f65de7e" testListId="8c84fa94-04c1-424b-9868-57a2d4851a1d" /><TestEntry testId="6f7dc4f5-c534-4537-8caf-d68e7de89bdf" executionId="009145b4-3654-4c8b-b020-7d7b04833e4e" testListId="8c84fa94-04c1-424b-9868-57a2d4851a1d" /><TestEntry testId="9ad5e617-822a-4b1f-972f-78de53afbf93" executionId="8cfeefee-3689-4ddf-9a54-020974729162" testListId="8c84fa94-04c1-424b-9868-57a2d4851a1d" /><TestEntry testId="4cd2c4d2-c671-4711-9a32-c3d016f3fbd7" executionId="6ee41113-d3fb-408b-9ebf-c14a68e510e4" testListId="8c84fa94-04c1-424b-9868-57a2d4851a1d" /><TestEntry testId="d8a816ab-f5c9-43aa-90df-adb44251a5f6" executionId="a27e91f9-887c-47e1-abfd-a01b30e15fea" testListId="8c84fa94-04c1-424b-9868-57a2d4851a1d" /><TestEntry testId="fa8c5d6a-1764-4e5b-886b-e18c45d48766" executionId="cdeb2ab3-24bc-4b1c-9884-74e8ca0c6759" testListId="8c84fa94-04c1-424b-9868-57a2d4851a1d" /><TestEntry testId="85e33565-7faa-4e5e-ba2e-60e9ca4a1872" executionId="d0368680-f10e-486f-8220-3bd3b124f5f8" testListId="8c84fa94-04c1-424b-9868-57a2d4851a1d" /><TestEntry testId="6e158492-0f99-4299-af99-dca02ce37d9b" executionId="2689569a-7b4f-4cdd-9eb4-744d4de4aaa0" testListId="8c84fa94-04c1-424b-9868-57a2d4851a1d" /><TestEntry testId="f7932cdb-da36-43d9-b6bd-62566ae089f2" executionId="4c490d6d-5217-4696-8b4a-d08a468709ff" testListId="8c84fa94-04c1-424b-9868-57a2d4851a1d" /><TestEntry testId="9f90e774-7d7a-4ff7-bb43-7a32eb44c946" executionId="9c78869d-f43f-465b-b1b0-4f12ffd03f7a" testListId="8c84fa94-04c1-424b-9868-57a2d4851a1d" /><TestEntry testId="08b47660-7c1e-4584-b49f-6a7492488111" executionId="9a45b35b-b5e8-4c92-84b3-722c2f584517" testListId="8c84fa94-04c1-424b-9868-57a2d4851a1d" /><TestEntry testId="8fb903e6-1179-4bb5-8f80-181c8381b1f8" executionId="60c4c0c8-b3d8-42a2-b732-9bcfd864f16d" testListId="8c84fa94-04c1-424b-9868-57a2d4851a1d" /><TestEntry testId="880c401a-c747-4f0a-9646-f0a6e85f5b98" executionId="ac6f0a59-349b-45e6-b85f-4fc10366dced" testListId="8c84fa94-04c1-424b-9868-57a2d4851a1d" /><TestEntry testId="034773d1-6239-4a07-a677-76090ad4fe47" executionId="fa56919a-4e58-42bb-836a-5d78459a8f13" testListId="8c84fa94-04c1-424b-9868-57a2d4851a1d" /><TestEntry testId="0dba4677-da1b-4c51-8b81-54a7fa57b3bb" executionId="f74c9ea0-425e-4ddc-bff7-b4afb8355dd6" testListId="8c84fa94-04c1-424b-9868-57a2d4851a1d" /><TestEntry testId="19d2887d-03e1-41a4-b7c5-ac08fb922584" executionId="7c8c8c84-136e-4f51-8892-2f9457aa72f7" testListId="8c84fa94-04c1-424b-9868-57a2d4851a1d" /><TestEntry testId="eadbb2ea-bda2-4ff7-b1a4-50731734c8f9" executionId="7bc96a6f-d5da-42a0-952f-f0d34da5b928" testListId="8c84fa94-04c1-424b-9868-57a2d4851a1d" /><TestEntry testId="f43bfded-7fa1-4f1d-9e06-994399e6b5db" executionId="a80a5cb4-1e8c-443f-b4af-556934483ad2" testListId="8c84fa94-04c1-424b-9868-57a2d4851a1d" /><TestEntry testId="4c65f941-34cb-4ef8-8589-80f6f3fcde54" executionId="ccdb5a7f-178c-448d-94af-5f9456f6b763" testListId="8c84fa94-04c1-424b-9868-57a2d4851a1d" /><TestEntry testId="7bf383b2-2f4d-4c1a-bef5-3034b040444a" executionId="5c03aa53-6660-425b-90b5-2aee8f774229" testListId="8c84fa94-04c1-424b-9868-57a2d4851a1d" /><TestEntry testId="2270bdd4-fb4d-4372-a029-ea9e6dc7411c" executionId="92b4baf9-50c5-40ce-8193-74abe71f239e" testListId="8c84fa94-04c1-424b-9868-57a2d4851a1d" /><TestEntry testId="541593c3-52c9-43f9-aa02-fecddbd3b1cf" executionId="68008fb8-acb7-4621-9ac1-efadf8c36a3b" testListId="8c84fa94-04c1-424b-9868-57a2d4851a1d" /><TestEntry testId="bebfa572-ada6-4436-90d5-1ee33f9acf2f" executionId="a8388c22-11d3-4c28-b7a2-db0e2addbc58" testListId="8c84fa94-04c1-424b-9868-57a2d4851a1d" /><TestEntry testId="8652f08d-f959-46bf-9fc0-d6e12945c7d4" executionId="af047ea4-f49c-4f76-a53b-dd55ad3408f8" testListId="8c84fa94-04c1-424b-9868-57a2d4851a1d" /><TestEntry testId="3ce43c91-e797-49e3-8212-8daa9600de2b" executionId="09028592-99de-42f3-9433-927a7c608ca3" testListId="8c84fa94-04c1-424b-9868-57a2d4851a1d" /><TestEntry testId="4408ae4c-6799-4087-9da4-ed5623b2b53f" executionId="22a04887-8ecc-42f4-939f-69d611dbdff5" testListId="8c84fa94-04c1-424b-9868-57a2d4851a1d" /><TestEntry testId="0c4a47c2-a463-4481-8456-f6ff662fd7c4" executionId="07b6bc73-1da3-4b71-aa6e-e95fd231a6b3" testListId="8c84fa94-04c1-424b-9868-57a2d4851a1d" /><TestEntry testId="cff0717d-d39f-4660-89a1-34e9866cd27c" executionId="4bf5aa6f-6b24-40af-8b16-1c093e952345" testListId="8c84fa94-04c1-424b-9868-57a2d4851a1d" /><TestEntry testId="7a36aa7c-3440-4bdc-8a03-317890f78d53" executionId="33dae772-8c2e-40f6-9bbf-a7a12d8be37b" testListId="8c84fa94-04c1-424b-9868-57a2d4851a1d" /><TestEntry testId="8e29a21f-9067-4076-b7bb-00b43123c929" executionId="40461219-05d2-4a17-bff7-248e948abfdd" testListId="8c84fa94-04c1-424b-9868-57a2d4851a1d" /><TestEntry testId="47a79f7c-935b-40f4-8851-2ad451fa8e20" executionId="65a71ff1-daec-4d24-a6af-8512e39307ec" testListId="8c84fa94-04c1-424b-9868-57a2d4851a1d" /><TestEntry testId="0ebea6d4-64e4-4557-af98-2c8e9ffacf61" executionId="0dd414b2-6947-4527-908f-8e78f5137f17" testListId="8c84fa94-04c1-424b-9868-57a2d4851a1d" /><TestEntry testId="5196c1d0-164d-4204-b604-f6e2a1ff3ba7" executionId="cb212562-70ce-42a8-9762-90b77b127493" testListId="8c84fa94-04c1-424b-9868-57a2d4851a1d" /><TestEntry testId="547eb96d-fdbd-4937-9f14-1abe2b2daaaf" executionId="bb078128-8f66-4f27-a48c-85dd444e51b8" testListId="8c84fa94-04c1-424b-9868-57a2d4851a1d" /><TestEntry testId="c0743c07-6979-43a0-819e-fb8d172d2e04" executionId="5c6bacfa-a2e9-41a8-970b-073fd16d44f1" testListId="8c84fa94-04c1-424b-9868-57a2d4851a1d" /><TestEntry testId="c590491d-9813-4cd7-a6b8-75a474ba46b0" executionId="7b12c130-011d-4c45-b484-4b7bd7d61cc5" testListId="8c84fa94-04c1-424b-9868-57a2d4851a1d" /><TestEntry testId="760c5265-e8d1-4e36-b190-5f0675358b25" executionId="1255f0f3-148f-4448-871a-f3ac07d9f598" testListId="8c84fa94-04c1-424b-9868-57a2d4851a1d" /><TestEntry testId="a6c43e41-a9e0-4f58-b16c-8f4b02cceedc" executionId="6904d101-f853-4533-8669-4756b666e341" testListId="8c84fa94-04c1-424b-9868-57a2d4851a1d" /><TestEntry testId="91548422-9959-4717-8aa2-2c38b1033f72" executionId="878f1aba-6d9c-49e7-b475-11ae376bd76f" testListId="8c84fa94-04c1-424b-9868-57a2d4851a1d" /><TestEntry testId="d6addfc7-5508-4499-8f85-ab3163af175c" executionId="f9ac5b9c-87e1-44a9-8bc6-9ec0d60b6fd1" testListId="8c84fa94-04c1-424b-9868-57a2d4851a1d" /><TestEntry testId="5a48294c-0cf1-4257-b0e4-9b1e2536aee1" executionId="e252e5ce-1b03-4278-aecd-7328b755dc06" testListId="8c84fa94-04c1-424b-9868-57a2d4851a1d" /><TestEntry testId="0eb3d361-3112-4b24-9294-000e68dbaa8c" executionId="4366d13f-9b53-412b-a70d-f48426cef8b1" testListId="8c84fa94-04c1-424b-9868-57a2d4851a1d" /><TestEntry testId="06f4fc74-fcd4-4794-b41e-4f0506b993da" executionId="3078bb1c-bfb7-4089-845d-fe3672fac8fc" testListId="8c84fa94-04c1-424b-9868-57a2d4851a1d" /><TestEntry testId="ce81f5e7-9e25-4fd3-bfa6-f297725ad1b8" executionId="f769cd88-e61a-493f-86cd-95671acc410c" testListId="8c84fa94-04c1-424b-9868-57a2d4851a1d" /><TestEntry testId="2c535673-8e43-46ad-ad3b-bd5bf58d3e2c" executionId="a9079304-3320-47c6-88ee-aaff7025fbd6" testListId="8c84fa94-04c1-424b-9868-57a2d4851a1d" /><TestEntry testId="03327026-c658-4021-a617-ac955809bd78" executionId="3cab7f3d-3bd0-43e0-8578-893eb2694e90" testListId="8c84fa94-04c1-424b-9868-57a2d4851a1d" /><TestEntry testId="724ae3f8-9497-4ea6-a4c5-7dceb9c460d0" executionId="09315db6-caef-4dfd-aaaa-f713f8ee8889" testListId="8c84fa94-04c1-424b-9868-57a2d4851a1d" /><TestEntry testId="6d790431-83ae-4c0d-9218-e7a65b2a20d1" executionId="72c6654f-5b09-469f-be4e-50feeedf1e47" testListId="8c84fa94-04c1-424b-9868-57a2d4851a1d" /><TestEntry testId="c6b6a950-d912-4dd0-b578-f11b1264ba41" executionId="031addb1-2a50-4d21-80e2-af0a5922be3e" testListId="8c84fa94-04c1-424b-9868-57a2d4851a1d" /><TestEntry testId="b3791262-0d5c-4daf-80f1-d05a5de3bf98" executionId="65c6fad5-c20b-491a-95d4-3f65ea53376f" testListId="8c84fa94-04c1-424b-9868-57a2d4851a1d" /><TestEntry testId="a035f578-a7aa-4928-ab82-b76a2819fac8" executionId="f37b7665-c035-4abb-8635-aade01b87777" testListId="8c84fa94-04c1-424b-9868-57a2d4851a1d" /><TestEntry testId="2aef3b1e-556f-427f-bfff-a88bf4eddd5e" executionId="9a4bd42a-a0b0-404e-afb4-9b28c5e8d295" testListId="8c84fa94-04c1-424b-9868-57a2d4851a1d" /><TestEntry testId="997b0aa5-659e-4bd4-bba8-363deceb1ffa" executionId="85c26292-f503-4402-8c74-77c506121848" testListId="8c84fa94-04c1-424b-9868-57a2d4851a1d" /><TestEntry testId="2aba7425-e02f-4e78-9322-80e45e560991" executionId="6daf08e2-d7e0-4710-b778-1c22cb9fff9e" testListId="8c84fa94-04c1-424b-9868-57a2d4851a1d" /><TestEntry testId="9ff3eb54-42a2-4b06-babd-3ef893d2a2c3" executionId="cd26ac21-e6af-43c2-a9a6-6acf8a5f885d" testListId="8c84fa94-04c1-424b-9868-57a2d4851a1d" /><TestEntry testId="e21f399b-52f7-406e-b485-f924a024d303" executionId="1b721062-75e4-4c67-ae43-4c7c6b533d0d" testListId="8c84fa94-04c1-424b-9868-57a2d4851a1d" /><TestEntry testId="48e566c6-2e0d-4423-9675-88d99add0918" executionId="642edf04-1340-4288-b8a0-5496e622eb39" testListId="8c84fa94-04c1-424b-9868-57a2d4851a1d" /><TestEntry testId="f5f5b8d9-bdeb-4d87-8267-1532a6ed0e70" executionId="7b1917fb-759e-427a-b90a-faaa684c4b88" testListId="8c84fa94-04c1-424b-9868-57a2d4851a1d" /><TestEntry testId="ca82875b-d7f9-4769-a240-d4d65a1da30c" executionId="f01fde3a-89f0-4d73-b1f2-bc99c187220a" testListId="8c84fa94-04c1-424b-9868-57a2d4851a1d" /><TestEntry testId="936f1aa6-89f5-4005-8a6f-f197c214990b" executionId="2f4afd13-9e19-46c1-9747-7c14391e367f" testListId="8c84fa94-04c1-424b-9868-57a2d4851a1d" /><TestEntry testId="257e6caa-b907-4d9c-89c7-5e08bfa6e950" executionId="a7cda7aa-f828-413b-b110-52a8fa16e5c6" testListId="8c84fa94-04c1-424b-9868-57a2d4851a1d" /><TestEntry testId="3d3d2dcc-4ff5-4973-a30f-5de883b470d6" executionId="2cee6503-b5ab-4209-a50e-e95ccff27e05" testListId="8c84fa94-04c1-424b-9868-57a2d4851a1d" /><TestEntry testId="c2f2b2e4-07fb-47b1-a950-d2288faeb32d" executionId="4c03213a-b92e-4f65-ad15-5ba5adedf9be" testListId="8c84fa94-04c1-424b-9868-57a2d4851a1d" /><TestEntry testId="5edac567-915c-4d88-893e-ebe3590c1815" executionId="f1560327-4dda-49e2-a588-fc9f61b3dd91" testListId="8c84fa94-04c1-424b-9868-57a2d4851a1d" /><TestEntry testId="93f262b7-9b72-452a-b5c7-c0abc14966f8" executionId="7159d180-c6db-4695-875c-2b8da625b295" testListId="8c84fa94-04c1-424b-9868-57a2d4851a1d" /><TestEntry testId="6e8e3b32-e176-4130-bd37-82976d373c23" executionId="fe3da1f4-e6b5-49d6-bf39-536b41118690" testListId="8c84fa94-04c1-424b-9868-57a2d4851a1d" /><TestEntry testId="ff3a68c1-28be-4055-ad07-29b2abf1e90b" executionId="3d7eb587-6f75-4929-ae86-bd66f8dc4216" testListId="8c84fa94-04c1-424b-9868-57a2d4851a1d" /><TestEntry testId="0db988bc-276a-4048-bfc3-8175377b7ba3" executionId="614ceead-b0b5-4048-bab7-9d8cbe82979c" testListId="8c84fa94-04c1-424b-9868-57a2d4851a1d" /><TestEntry testId="27735ef8-3fb7-4cf0-a16a-861149c9853f" executionId="466fd079-1277-4bfb-b98b-e39248fe7a97" testListId="8c84fa94-04c1-424b-9868-57a2d4851a1d" /><TestEntry testId="ff3d9b70-8f14-4f9d-9dfe-139a4eb4884b" executionId="ab954047-65ed-4475-90a3-717cf0f27bea" testListId="8c84fa94-04c1-424b-9868-57a2d4851a1d" /><TestEntry testId="8ef5801a-bc51-4430-8ecb-5f57aa62a523" executionId="68dd5911-0165-4112-b0f7-327122b5a336" testListId="8c84fa94-04c1-424b-9868-57a2d4851a1d" /><TestEntry testId="815188bb-379f-4dc0-addf-9de36b7649fe" executionId="9025cbf1-a215-4473-8f84-64cb9545c22d" testListId="8c84fa94-04c1-424b-9868-57a2d4851a1d" /><TestEntry testId="3f8e0f8d-1b8d-470b-9d67-268986add6bb" executionId="fb262152-57f8-4abf-bf52-18f61aacbea0" testListId="8c84fa94-04c1-424b-9868-57a2d4851a1d" /><TestEntry testId="eb61f0c8-7448-49d9-8c81-84435fb56b14" executionId="1fbbbfdc-ea84-46c2-b4ad-ab6b4799fce7" testListId="8c84fa94-04c1-424b-9868-57a2d4851a1d" /><TestEntry testId="435a0d57-4a31-4e60-99c6-590e16f7054c" executionId="d5e22d88-ea6c-48c4-9afa-9fce8261b798" testListId="8c84fa94-04c1-424b-9868-57a2d4851a1d" /><TestEntry testId="9ebda945-1e2d-436c-8adc-f64636bde73d" executionId="9d8610a8-d486-4f5a-90ee-81b36d63efcc" testListId="8c84fa94-04c1-424b-9868-57a2d4851a1d" /><TestEntry testId="d2894248-e77b-43a6-bc0d-80525e85ca35" executionId="f850cbff-b2f0-4826-a4b5-36c2d727165e" testListId="8c84fa94-04c1-424b-9868-57a2d4851a1d" /><TestEntry testId="1940ca90-bcce-4045-aa94-3f2271b9fb6b" executionId="0ba4bb20-be6b-43ab-9abb-f943df439b9a" testListId="8c84fa94-04c1-424b-9868-57a2d4851a1d" /><TestEntry testId="1f74c117-ea3c-414d-95f7-6dc9fd2aca99" executionId="74982cbb-ce6d-4cab-bcd3-973d36ee9d8d" testListId="8c84fa94-04c1-424b-9868-57a2d4851a1d" /><TestEntry testId="1fc34df1-99d1-4bde-b8f0-b8f4374dabac" executionId="ac5e8dfd-7513-4035-8c10-5a51ffc50f05" testListId="8c84fa94-04c1-424b-9868-57a2d4851a1d" /><TestEntry testId="639f7ddf-4ed0-4429-b1d1-05d364be3a08" executionId="857c1980-7f0f-42b4-81e9-02d6b398d054" testListId="8c84fa94-04c1-424b-9868-57a2d4851a1d" /><TestEntry testId="b67b3646-4473-4879-a1f7-01fc3cbdfcc0" executionId="3d77aafc-9e69-4e45-af73-6502cda06b48" testListId="8c84fa94-04c1-424b-9868-57a2d4851a1d" /><TestEntry testId="e85edb3c-a1ff-4411-bc39-7e78d5b4cb79" executionId="201ba0a2-63c2-4981-8b5f-8f94ce3ad2ef" testListId="8c84fa94-04c1-424b-9868-57a2d4851a1d" /><TestEntry testId="1a450a66-9c5a-47d2-8355-ce5f4a23a0cf" executionId="25f55863-eb85-4991-88f1-b4ae68c2662b" testListId="8c84fa94-04c1-424b-9868-57a2d4851a1d" /><TestEntry testId="85fa277f-372d-42a3-bfff-953712f456f6" executionId="7ecddeda-1d8a-4199-a344-fb18ef971ed4" testListId="8c84fa94-04c1-424b-9868-57a2d4851a1d" /><TestEntry testId="386492e4-d8cd-417b-9869-6c41ed0e98e3" executionId="16a38b87-f8a5-43d1-bc3d-08521fcd26a7" testListId="8c84fa94-04c1-424b-9868-57a2d4851a1d" /><TestEntry testId="3b9b3e99-b7a0-42d3-a3cf-6ad8f11f3895" executionId="0be380a0-dbe7-4dde-aef7-74b0ec10923c" testListId="8c84fa94-04c1-424b-9868-57a2d4851a1d" /><TestEntry testId="88f1e8f6-5903-4419-90a4-947dfeb9eac2" executionId="3ab897ae-d22a-4be6-9788-20f6023ea4f0" testListId="8c84fa94-04c1-424b-9868-57a2d4851a1d" /><TestEntry testId="36546f83-af57-47c4-949b-934005a256ef" executionId="601cceb0-cc7e-4022-b9f5-1416b7e3db4c" testListId="8c84fa94-04c1-424b-9868-57a2d4851a1d" /><TestEntry testId="d288d4c4-48ea-47a7-8319-80a7b00a0b01" executionId="a9028361-4b02-459f-a3f1-6256b84afd76" testListId="8c84fa94-04c1-424b-9868-57a2d4851a1d" /><TestEntry testId="81c187e4-0021-4fbc-9a0a-15c1ffd33e15" executionId="ca45073e-e090-4ce3-9dbb-aa1688e05b63" testListId="8c84fa94-04c1-424b-9868-57a2d4851a1d" /><TestEntry testId="da49287c-f949-470a-86d6-6908d49f9aae" executionId="23193ae3-4288-4af6-a965-9a7c7700e429" testListId="8c84fa94-04c1-424b-9868-57a2d4851a1d" /><TestEntry testId="02d2ceb8-c0a2-4b42-8f4d-56e1951a9bb4" executionId="7998bf67-3bf5-4981-97fa-69ac73d1e972" testListId="8c84fa94-04c1-424b-9868-57a2d4851a1d" /><TestEntry testId="8f549482-c530-49b2-92cb-8bd61d400a0c" executionId="84c96670-79e3-42b8-ad22-d66dc5f0f084" testListId="8c84fa94-04c1-424b-9868-57a2d4851a1d" /><TestEntry testId="5da50a49-8f8b-4c5e-aea6-a732532a03d0" executionId="21059efd-3dd3-4084-aa04-381b1f235014" testListId="8c84fa94-04c1-424b-9868-57a2d4851a1d" /><TestEntry testId="b3bbbe56-cb3a-491d-8b24-f829042c6a4a" executionId="f242253c-42df-4932-8127-9a14c281ba7c" testListId="8c84fa94-04c1-424b-9868-57a2d4851a1d" /><TestEntry testId="f1645c2e-8410-457a-b80a-57fa25bac46a" executionId="e604b315-bbc2-4e10-9be1-2473769f4b09" testListId="8c84fa94-04c1-424b-9868-57a2d4851a1d" /><TestEntry testId="482c6187-f1a6-40b1-a82b-116aef409ca0" executionId="1827cf37-7eb8-416d-b504-5a55e8acd384" testListId="8c84fa94-04c1-424b-9868-57a2d4851a1d" /><TestEntry testId="e98062ae-4725-4cf9-abbb-d6f346f77f33" executionId="cd9138a3-df44-423f-95fc-898b710575c3" testListId="8c84fa94-04c1-424b-9868-57a2d4851a1d" /><TestEntry testId="3303af0c-8b66-4ab3-8c03-b257823dfb6f" executionId="56ca687e-9639-4ded-bd15-0404922f2078" testListId="8c84fa94-04c1-424b-9868-57a2d4851a1d" /><TestEntry testId="3997b34a-fa43-492a-99de-4d75b3dd6df2" executionId="2fbc76a9-deb6-41db-b456-02ef42ee65f9" testListId="8c84fa94-04c1-424b-9868-57a2d4851a1d" /><TestEntry testId="7c05869d-3f1f-4339-a8a9-9967998f21c8" executionId="3a7c9b6d-8c1d-48a3-882f-94d5cd9542e1" testListId="8c84fa94-04c1-424b-9868-57a2d4851a1d" /><TestEntry testId="3afce9f1-2d95-4a5a-b600-d00d4f6a8781" executionId="4d826ce3-9cf4-4b32-b765-27ca2a0ea4e0" testListId="8c84fa94-04c1-424b-9868-57a2d4851a1d" /><TestEntry testId="dd0a9853-c834-4203-876a-9e5037a9ee29" executionId="55bd8b0f-6c8d-4201-a80b-f1e1034f09de" testListId="8c84fa94-04c1-424b-9868-57a2d4851a1d" /><TestEntry testId="938ea032-6e2a-4fdb-8673-ea70374a40df" executionId="06c5ca1e-3a36-47ca-bdbd-26420ede56a2" testListId="8c84fa94-04c1-424b-9868-57a2d4851a1d" /><TestEntry testId="822a6347-76e8-4f70-a726-77004d5e341e" executionId="675f0246-3e5d-4d09-b2bd-53309cd3c93a" testListId="8c84fa94-04c1-424b-9868-57a2d4851a1d" /><TestEntry testId="4c6e4756-d155-4853-baa5-7ca04bd3e464" executionId="a5baa34a-f983-4a57-8e6f-fdbe975c35e9" testListId="8c84fa94-04c1-424b-9868-57a2d4851a1d" /><TestEntry testId="e3ded77b-d511-4bd4-90db-23fb2a7abc70" executionId="2564e769-7c02-4fa2-a158-cb8316e4f946" testListId="8c84fa94-04c1-424b-9868-57a2d4851a1d" /><TestEntry testId="14251612-c759-4906-9e03-a4069edb2fbc" executionId="d6eb9670-524a-4aa0-8e71-addccb3679e3" testListId="8c84fa94-04c1-424b-9868-57a2d4851a1d" /><TestEntry testId="bba4a04d-dac9-4ee5-98a5-3855eaf19211" executionId="52c0e92b-eb5f-4983-9d5c-a8fca3ad38e7" testListId="8c84fa94-04c1-424b-9868-57a2d4851a1d" /><TestEntry testId="951a12ec-f9c1-4ce8-b15c-80e0dd770ede" executionId="2588cf23-2e7a-4312-86b8-9f49acd39a19" testListId="8c84fa94-04c1-424b-9868-57a2d4851a1d" /><TestEntry testId="aa1060aa-3ca6-43a3-874f-b13db59852a0" executionId="bcd9a15c-7596-4083-9d37-89cdb2aedd22" testListId="8c84fa94-04c1-424b-9868-57a2d4851a1d" /><TestEntry testId="2c381415-be4a-4907-a0ed-101479c1d5cf" executionId="625e7937-a571-4fce-9873-fb99f793fee7" testListId="8c84fa94-04c1-424b-9868-57a2d4851a1d" /><TestEntry testId="8d4b6d20-ca50-470d-be32-25954e9d5247" executionId="eb3bc8fb-d994-4340-85f4-95af63cf9aee" testListId="8c84fa94-04c1-424b-9868-57a2d4851a1d" /><TestEntry testId="c249bb8e-2e12-4da9-834b-881d511890bf" executionId="a2a0a517-05d9-406c-88a5-bbd565c3b21f" testListId="8c84fa94-04c1-424b-9868-57a2d4851a1d" /><TestEntry testId="ab93c1db-3d37-49d8-b63e-71539751a404" executionId="e250ee9d-e934-4d91-9ac1-7a1ea644544c" testListId="8c84fa94-04c1-424b-9868-57a2d4851a1d" /><TestEntry testId="05aa2a11-6612-4522-aa95-dafbb8eaaacc" executionId="3295dcc7-3b75-4599-95fb-06a2678d12a1" testListId="8c84fa94-04c1-424b-9868-57a2d4851a1d" /><TestEntry testId="99f65f12-6e2b-4e24-b7d1-482ae54790ae" executionId="cfd6984e-dd28-4093-9b2b-4c1bbf15bce1" testListId="8c84fa94-04c1-424b-9868-57a2d4851a1d" /><TestEntry testId="7d976a37-94bf-4efc-889f-bd470f9f9401" executionId="3f72bd30-4041-4932-bf10-c91369111cad" testListId="8c84fa94-04c1-424b-9868-57a2d4851a1d" /><TestEntry testId="45f3012f-92e4-48da-badd-ba1d6b9b7504" executionId="5ea227ce-5358-4cb5-a81c-16111c59c0b9" testListId="8c84fa94-04c1-424b-9868-57a2d4851a1d" /><TestEntry testId="a2531edf-3fa5-4371-95ca-075cd8365438" executionId="f9237ef5-fbe7-48d2-bdfd-7b0a39509e32" testListId="8c84fa94-04c1-424b-9868-57a2d4851a1d" /><TestEntry testId="38a637e8-a0aa-417b-a800-6d40e1dc9e39" executionId="bbda698f-a474-4a64-ae85-943ba5a0fb70" testListId="8c84fa94-04c1-424b-9868-57a2d4851a1d" /><TestEntry testId="3307f0d9-baad-4758-a057-65c8b075d199" executionId="21907ec4-38cc-42db-bf6c-ac4389b95ddc" testListId="8c84fa94-04c1-424b-9868-57a2d4851a1d" /><TestEntry testId="8a148ead-1663-40a5-8499-ed7918892c90" executionId="d2f93468-5809-4a9d-baee-dcd2a0799566" testListId="8c84fa94-04c1-424b-9868-57a2d4851a1d" /><TestEntry testId="c9a5d864-6325-42dd-b4bb-fa9d69bdadca" executionId="e2322edb-a9ce-40f6-83d0-aaddbf8854c5" testListId="8c84fa94-04c1-424b-9868-57a2d4851a1d" /><TestEntry testId="f250e19f-679d-4c3e-8e96-1eb7e2f5948a" executionId="078a522d-b4f7-4e0b-b6c7-98d6b395b68b" testListId="8c84fa94-04c1-424b-9868-57a2d4851a1d" /><TestEntry testId="cc6caf3d-995c-4d9d-bb90-a8551d4566ca" executionId="87cd783c-6f51-471f-b1d5-9ea0b708cbaa" testListId="8c84fa94-04c1-424b-9868-57a2d4851a1d" /><TestEntry testId="b8ee7d44-4add-4d25-adb2-5b128c05bdec" executionId="6dd67c50-1981-45bc-906f-8b69b03a4f51" testListId="8c84fa94-04c1-424b-9868-57a2d4851a1d" /><TestEntry testId="89eff717-eafb-4046-bf73-06638030e308" executionId="ec72c7de-fb87-4b2a-9d6f-57788ca2c292" testListId="8c84fa94-04c1-424b-9868-57a2d4851a1d" /><TestEntry testId="1aea6415-918f-4b3e-b336-9f603c60ac6e" executionId="39915804-38de-4603-a76a-b8e88e7c2c30" testListId="8c84fa94-04c1-424b-9868-57a2d4851a1d" /><TestEntry testId="db2308ae-b0eb-45af-bc94-b0ccf62827b0" executionId="ab2e0947-af72-4d5f-8487-e290bfa6c1e0" testListId="8c84fa94-04c1-424b-9868-57a2d4851a1d" /><TestEntry testId="45a722cd-af27-4295-b99c-d75fae032069" executionId="762a5862-a8aa-4030-9083-559d7d6416aa" testListId="8c84fa94-04c1-424b-9868-57a2d4851a1d" /><TestEntry testId="2b122f02-846e-4ff6-9ceb-6436c2c398d3" executionId="9a48a8e4-88b2-4f78-9cf0-a8d3e31ef07f" testListId="8c84fa94-04c1-424b-9868-57a2d4851a1d" /><TestEntry testId="cf1bae3e-7a37-4d78-8cc9-32a3c0f96750" executionId="28bb48b8-9f3c-4567-8b75-ea2ea034a3fc" testListId="8c84fa94-04c1-424b-9868-57a2d4851a1d" /><TestEntry testId="d5f45356-52af-49c9-baa4-2f3a556646ee" executionId="9ac77188-d985-4644-83b8-905399f9aeab" testListId="8c84fa94-04c1-424b-9868-57a2d4851a1d" /><TestEntry testId="c959963e-9b88-4b02-963e-9d65475e0cf9" executionId="792b1c90-3f1e-4f97-91bf-0fd7f4ee7731" testListId="8c84fa94-04c1-424b-9868-57a2d4851a1d" /><TestEntry testId="2f323621-ec51-42a2-b8ba-ae30b8a0da26" executionId="30a0606b-4ac9-4662-bf48-e787a3e2c599" testListId="8c84fa94-04c1-424b-9868-57a2d4851a1d" /><TestEntry testId="efece606-2c44-4269-a262-0ec5b064d380" executionId="5ddfc78f-197b-4c35-aaf2-e9a2ecbd3c27" testListId="8c84fa94-04c1-424b-9868-57a2d4851a1d" /><TestEntry testId="a15f895f-293b-40bd-9535-514ce9d991a3" executionId="c000f31a-a6ad-44e3-8ea9-f84516d669a0" testListId="8c84fa94-04c1-424b-9868-57a2d4851a1d" /><TestEntry testId="c8d3dab7-4abc-47a2-94c1-51c79498c4fa" executionId="5e1b6fe6-1ef1-44c0-883c-2f040c4814fd" testListId="8c84fa94-04c1-424b-9868-57a2d4851a1d" /><TestEntry testId="e441c755-8311-44a2-a967-d5e7c2d23017" executionId="53b76884-7457-4e94-b2b0-8ef2cc5c5295" testListId="8c84fa94-04c1-424b-9868-57a2d4851a1d" /><TestEntry testId="66737bac-fced-454b-a5e7-efa7f7843c94" executionId="7a5e7559-c3c6-4d6b-b6ec-58925bd83391" testListId="8c84fa94-04c1-424b-9868-57a2d4851a1d" /><TestEntry testId="b483622d-482f-4d4e-b16f-dcb58b05f71d" executionId="b7f6dc72-5f81-42a5-939b-1382d946c8c9" testListId="8c84fa94-04c1-424b-9868-57a2d4851a1d" /></TestEntries><TestLists><TestList name="Results Not in a List" id="8c84fa94-04c1-424b-9868-57a2d4851a1d" /><TestList name="All Loaded Results" id="19431567-8539-422a-85d7-44ee4e166bda" /></TestLists><ResultSummary outcome="Completed"><Counters total="152" executed="152" passed="152" failed="0" error="0" timeout="0" aborted="0" inconclusive="0" passedButRunAborted="0" notRunnable="0" notExecuted="0" disconnected="0" warning="0" completed="0" inProgress="0" pending="0" /><Output><StdOut>[xUnit.net 00:00:01.0799591]   Discovering: ModelRelief.Test[xUnit.net 00:00:01.2073145]   Discovered:  ModelRelief.Test[xUnit.net 00:00:01.2134853]   Starting:    ModelRelief.Test[xUnit.net 00:00:19.3345401]   Finished:    ModelRelief.Test</StdOut></Output></ResultSummary></TestRun>