<?xml version="1.0" encoding="utf-8"?><TestRun id="1bc6bb0b-4ffa-4ab0-90c5-e5f674be2dde" name="Steve Knipmeyer@VECTOR 2018-07-17 05:19:22" runUser="VECTOR\Steve Knipmeyer" xmlns="http://microsoft.com/schemas/VisualStudio/TeamTest/2010"><Times creation="2018-07-17T05:19:22.5261887-04:00" queuing="2018-07-17T05:19:22.5262001-04:00" start="2018-07-17T05:19:18.2918153-04:00" finish="2018-07-17T05:19:37.6398762-04:00" /><TestSettings name="default" id="7c677fd0-28c3-4751-850d-81185afa0884"><Deployment runDeploymentRoot="Steve_Knipmeyer_VECTOR_2018-07-17_05_19_22" /></TestSettings><Results><UnitTestResult executionId="5b966951-1364-43c1-8c0e-3cf099ff6752" testId="d067f01b-7240-492f-9871-3af7d5d5c4fe" testName="Post_InvalidReferencePropertyReturnsBadRequest" computerName="VECTOR" duration="00:00:00.0050000" startTime="2018-07-17T05:19:37.3104223-04:00" endTime="2018-07-17T05:19:37.3104262-04:00" testType="13cdc9d9-ddb5-4fa4-a97d-d965ccfc6d4b" outcome="Passed" testListId="8c84fa94-04c1-424b-9868-57a2d4851a1d" relativeResultsDirectory="5b966951-1364-43c1-8c0e-3cf099ff6752" /><UnitTestResult executionId="4f1bf712-3b38-4eae-bc51-3c0f334d9622" testId="dbcf5f66-4b39-46a5-bf1a-627858326f21" testName="Post_InvalidPropertyValueReturnsBadRequest" computerName="VECTOR" duration="00:00:00.0030000" startTime="2018-07-17T05:19:37.4057129-04:00" endTime="2018-07-17T05:19:37.4057155-04:00" testType="13cdc9d9-ddb5-4fa4-a97d-d965ccfc6d4b" outcome="Passed" testListId="8c84fa94-04c1-424b-9868-57a2d4851a1d" relativeResultsDirectory="4f1bf712-3b38-4eae-bc51-3c0f334d9622" /><UnitTestResult executionId="8abd3476-eeba-4e42-aedf-271820f3e7de" testId="2f0a3f20-cb6e-4e06-bb1c-7f67e4f596ff" testName="PostFile_NewFileCanBePosted" computerName="VECTOR" duration="00:00:00.0520000" startTime="2018-07-17T05:19:37.1483506-04:00" endTime="2018-07-17T05:19:37.1483591-04:00" testType="13cdc9d9-ddb5-4fa4-a97d-d965ccfc6d4b" outcome="Passed" testListId="8c84fa94-04c1-424b-9868-57a2d4851a1d" relativeResultsDirectory="8abd3476-eeba-4e42-aedf-271820f3e7de" /><UnitTestResult executionId="c67a1e5d-a7b5-49b8-93c5-fce3a8d7048a" testId="0385aaf3-7829-429b-858b-a33ed6ed6992" testName="Post_InvalidPropertyValueReturnsBadRequest" computerName="VECTOR" duration="00:00:00.0020000" startTime="2018-07-17T05:19:23.6903300-04:00" endTime="2018-07-17T05:19:23.6903326-04:00" testType="13cdc9d9-ddb5-4fa4-a97d-d965ccfc6d4b" outcome="Passed" testListId="8c84fa94-04c1-424b-9868-57a2d4851a1d" relativeResultsDirectory="c67a1e5d-a7b5-49b8-93c5-fce3a8d7048a" /><UnitTestResult executionId="4c08c353-da66-4776-92ff-2d26581c3795" testId="5c4dc6cc-45a9-463e-99d1-8e6132b12d3c" testName="LucyDepthBufferFindsOneDependent" computerName="VECTOR" duration="00:00:00.0040000" startTime="2018-07-17T05:19:22.2687911-04:00" endTime="2018-07-17T05:19:22.2687936-04:00" testType="13cdc9d9-ddb5-4fa4-a97d-d965ccfc6d4b" outcome="Passed" testListId="8c84fa94-04c1-424b-9868-57a2d4851a1d" relativeResultsDirectory="4c08c353-da66-4776-92ff-2d26581c3795" /><UnitTestResult executionId="f5f014f6-f7bd-4fa3-88fe-869073459969" testId="b787c0f5-ad7d-446d-9307-372439e3949c" testName="FileRequest_MeshIsInvalidatedAfterDepthBufferFileBecomesUnsynchronized" computerName="VECTOR" duration="00:00:01.6000000" startTime="2018-07-17T05:19:28.7307030-04:00" endTime="2018-07-17T05:19:28.7307090-04:00" testType="13cdc9d9-ddb5-4fa4-a97d-d965ccfc6d4b" outcome="Passed" testListId="8c84fa94-04c1-424b-9868-57a2d4851a1d" relativeResultsDirectory="f5f014f6-f7bd-4fa3-88fe-869073459969" /><UnitTestResult executionId="323aa6d9-eda8-4eb9-abfc-1186f47ca727" testId="8a2621f9-0b36-4b17-a862-d236e3b644ed" testName="Put_InvalidIdReturnsNotFound" computerName="VECTOR" duration="00:00:00.1140000" startTime="2018-07-17T05:19:24.6022052-04:00" endTime="2018-07-17T05:19:24.6022140-04:00" testType="13cdc9d9-ddb5-4fa4-a97d-d965ccfc6d4b" outcome="Passed" testListId="8c84fa94-04c1-424b-9868-57a2d4851a1d" relativeResultsDirectory="323aa6d9-eda8-4eb9-abfc-1186f47ca727" /><UnitTestResult executionId="a13ff137-e512-49bf-a246-2dce9b6eff95" testId="aaa9502e-a0af-46e3-ac0c-147904aef0d8" testName="Patch_ValidReferencePropertyUpdatesModel" computerName="VECTOR" duration="00:00:00.0050000" startTime="2018-07-17T05:19:22.2781262-04:00" endTime="2018-07-17T05:19:22.2781294-04:00" testType="13cdc9d9-ddb5-4fa4-a97d-d965ccfc6d4b" outcome="Passed" testListId="8c84fa94-04c1-424b-9868-57a2d4851a1d" relativeResultsDirectory="a13ff137-e512-49bf-a246-2dce9b6eff95" /><UnitTestResult executionId="94576cb6-6842-4e82-a9b3-4bba127dd365" testId="37fea140-f6d2-4cfc-a4e2-e8737a764b18" testName="Post_ValidReferencePropertyCreatesModel" computerName="VECTOR" duration="00:00:00.0110000" startTime="2018-07-17T05:19:24.8450717-04:00" endTime="2018-07-17T05:19:24.8450771-04:00" testType="13cdc9d9-ddb5-4fa4-a97d-d965ccfc6d4b" outcome="Passed" testListId="8c84fa94-04c1-424b-9868-57a2d4851a1d" relativeResultsDirectory="94576cb6-6842-4e82-a9b3-4bba127dd365" /><UnitTestResult executionId="bb30376d-a8fe-437b-b9b2-7a717d976beb" testId="1c33d9ca-ac49-49e8-846a-fe3b203ec9b3" testName="Post_CanCreateNewModel" computerName="VECTOR" duration="00:00:00.0110000" startTime="2018-07-17T05:19:24.7288245-04:00" endTime="2018-07-17T05:19:24.7288305-04:00" testType="13cdc9d9-ddb5-4fa4-a97d-d965ccfc6d4b" outcome="Passed" testListId="8c84fa94-04c1-424b-9868-57a2d4851a1d" relativeResultsDirectory="bb30376d-a8fe-437b-b9b2-7a717d976beb" /><UnitTestResult executionId="fb530dd8-fb84-43bc-8f35-8c4fff141f93" testId="f8437ab3-fcc8-40db-885c-503f7405ad6a" testName="GetSingle_InvalidIdPropertyValueReturnsNotFound" computerName="VECTOR" duration="00:00:00.0090000" startTime="2018-07-17T05:19:23.6415699-04:00" endTime="2018-07-17T05:19:23.6415736-04:00" testType="13cdc9d9-ddb5-4fa4-a97d-d965ccfc6d4b" outcome="Passed" testListId="8c84fa94-04c1-424b-9868-57a2d4851a1d" relativeResultsDirectory="fb530dd8-fb84-43bc-8f35-8c4fff141f93" /><UnitTestResult executionId="69b53641-2889-4d7b-8b2c-25aff7ae2347" testId="890d51e7-80a5-4a09-9d1f-4e49bd90e547" testName="GetSingle_InvalidIdPropertyValueReturnsNotFound" computerName="VECTOR" duration="00:00:00.0040000" startTime="2018-07-17T05:19:35.2166608-04:00" endTime="2018-07-17T05:19:35.2166673-04:00" testType="13cdc9d9-ddb5-4fa4-a97d-d965ccfc6d4b" outcome="Passed" testListId="8c84fa94-04c1-424b-9868-57a2d4851a1d" relativeResultsDirectory="69b53641-2889-4d7b-8b2c-25aff7ae2347" /><UnitTestResult executionId="86be3a52-c351-42e5-aa4a-2f8cd0352963" testId="de1b598f-86f4-427e-ab80-67da6d28326a" testName="GetFile_NonExistentFileReturnsNotFound" computerName="VECTOR" duration="00:00:00.0050000" startTime="2018-07-17T05:19:24.4865369-04:00" endTime="2018-07-17T05:19:24.4865400-04:00" testType="13cdc9d9-ddb5-4fa4-a97d-d965ccfc6d4b" outcome="Passed" testListId="8c84fa94-04c1-424b-9868-57a2d4851a1d" relativeResultsDirectory="86be3a52-c351-42e5-aa4a-2f8cd0352963" /><UnitTestResult executionId="7f3096d9-a96d-4bda-b85c-22152104cf78" testId="8f7ae050-ecc1-4581-b33a-e69ba0c4252b" testName="Put_InvalidIdReturnsNotFound" computerName="VECTOR" duration="00:00:00.0260000" startTime="2018-07-17T05:19:23.0783926-04:00" endTime="2018-07-17T05:19:23.0783988-04:00" testType="13cdc9d9-ddb5-4fa4-a97d-d965ccfc6d4b" outcome="Passed" testListId="8c84fa94-04c1-424b-9868-57a2d4851a1d" relativeResultsDirectory="7f3096d9-a96d-4bda-b85c-22152104cf78" /><UnitTestResult executionId="717d7f57-3131-423d-9a7d-55fb5bdcfc46" testId="3bb715dc-ee72-4721-b8eb-85b2d9a2985e" testName="Put_CanUpdateModel" computerName="VECTOR" duration="00:00:00.4120000" startTime="2018-07-17T05:19:26.8820294-04:00" endTime="2018-07-17T05:19:26.8820353-04:00" testType="13cdc9d9-ddb5-4fa4-a97d-d965ccfc6d4b" outcome="Passed" testListId="8c84fa94-04c1-424b-9868-57a2d4851a1d" relativeResultsDirectory="717d7f57-3131-423d-9a7d-55fb5bdcfc46" /><UnitTestResult executionId="811aca8f-7145-48bd-97ee-51b9ca10ec88" testId="e6c47742-9d72-4369-8d67-6aab9fe1b37d" testName="Post_InvalidReferencePropertyReturnsBadRequest" computerName="VECTOR" duration="00:00:00.0050000" startTime="2018-07-17T05:19:35.1581709-04:00" endTime="2018-07-17T05:19:35.1581760-04:00" testType="13cdc9d9-ddb5-4fa4-a97d-d965ccfc6d4b" outcome="Passed" testListId="8c84fa94-04c1-424b-9868-57a2d4851a1d" relativeResultsDirectory="811aca8f-7145-48bd-97ee-51b9ca10ec88" /><UnitTestResult executionId="0aa45ab6-ab70-4efb-8a4c-944f8c6b6282" testId="3c2e1e37-87ed-4352-b245-1390bf82e751" testName="FileRequest_FileCanBeReadAfterRename" computerName="VECTOR" duration="00:00:00.1020000" startTime="2018-07-17T05:19:24.3586676-04:00" endTime="2018-07-17T05:19:24.3586750-04:00" testType="13cdc9d9-ddb5-4fa4-a97d-d965ccfc6d4b" outcome="Passed" testListId="8c84fa94-04c1-424b-9868-57a2d4851a1d" relativeResultsDirectory="0aa45ab6-ab70-4efb-8a4c-944f8c6b6282" /><UnitTestResult executionId="90bf961c-a18e-4ad4-b8e7-966c08a714d0" testId="6a4f4e1d-2b2d-4925-ac05-8355c9fa5cb7" testName="GetList_ListReturnsCorrectCount" computerName="VECTOR" duration="00:00:00.0690000" startTime="2018-07-17T05:19:23.1898288-04:00" endTime="2018-07-17T05:19:23.1898351-04:00" testType="13cdc9d9-ddb5-4fa4-a97d-d965ccfc6d4b" outcome="Passed" testListId="8c84fa94-04c1-424b-9868-57a2d4851a1d" relativeResultsDirectory="90bf961c-a18e-4ad4-b8e7-966c08a714d0" /><UnitTestResult executionId="8a90506c-dd34-4b84-8de5-fff8a42568fa" testId="8e583f2c-c832-43f9-bec7-da115d5eb310" testName="PostFile_FileTimeStampIsUpdatedAfterFileIsPosted" computerName="VECTOR" duration="00:00:01.1610000" startTime="2018-07-17T05:19:30.0836180-04:00" endTime="2018-07-17T05:19:30.0836234-04:00" testType="13cdc9d9-ddb5-4fa4-a97d-d965ccfc6d4b" outcome="Passed" testListId="8c84fa94-04c1-424b-9868-57a2d4851a1d" relativeResultsDirectory="8a90506c-dd34-4b84-8de5-fff8a42568fa" /><UnitTestResult executionId="bc92840a-6abd-43a1-8623-b53dea40fe5b" testId="44e1c880-80e7-464b-8300-b0d7b275e83e" testName="Patch_TargetPropertyIsUpdated" computerName="VECTOR" duration="00:00:00.2810000" startTime="2018-07-17T05:19:23.5543025-04:00" endTime="2018-07-17T05:19:23.5543081-04:00" testType="13cdc9d9-ddb5-4fa4-a97d-d965ccfc6d4b" outcome="Passed" testListId="8c84fa94-04c1-424b-9868-57a2d4851a1d" relativeResultsDirectory="bc92840a-6abd-43a1-8623-b53dea40fe5b" /><UnitTestResult executionId="73dda85a-47de-48a7-b447-5aed8e22b7ca" testId="da84ff96-3278-4a50-8fa8-8f378682fc4f" testName="Patch_InvalidEnumPropertyValueReturnsBadRequest" computerName="VECTOR" duration="00:00:00.0010000" startTime="2018-07-17T05:19:37.3005217-04:00" endTime="2018-07-17T05:19:37.3005228-04:00" testType="13cdc9d9-ddb5-4fa4-a97d-d965ccfc6d4b" outcome="Passed" testListId="8c84fa94-04c1-424b-9868-57a2d4851a1d" relativeResultsDirectory="73dda85a-47de-48a7-b447-5aed8e22b7ca" /><UnitTestResult executionId="fbabc354-2fa7-41c5-8757-a9e67308ac71" testId="4a977633-7b8c-4953-a15a-8cd9a1ee6608" testName="PostFile_FileTimeStampIsUpdatedAfterFileIsPosted" computerName="VECTOR" duration="00:00:01.1830000" startTime="2018-07-17T05:19:36.4652045-04:00" endTime="2018-07-17T05:19:36.4652114-04:00" testType="13cdc9d9-ddb5-4fa4-a97d-d965ccfc6d4b" outcome="Passed" testListId="8c84fa94-04c1-424b-9868-57a2d4851a1d" relativeResultsDirectory="fbabc354-2fa7-41c5-8757-a9e67308ac71" /><UnitTestResult executionId="37211605-44ed-4af5-9eae-7a7160e5e310" testId="8bff578d-8cdb-442c-aba6-03537012c343" testName="Patch_InvalidReferencePropertyReturnsBadRequest" computerName="VECTOR" duration="00:00:00.0110000" startTime="2018-07-17T05:19:26.9672975-04:00" endTime="2018-07-17T05:19:26.9673020-04:00" testType="13cdc9d9-ddb5-4fa4-a97d-d965ccfc6d4b" outcome="Passed" testListId="8c84fa94-04c1-424b-9868-57a2d4851a1d" relativeResultsDirectory="37211605-44ed-4af5-9eae-7a7160e5e310" /><UnitTestResult executionId="bba95429-53e6-4009-b8b2-ff5513cacb72" testId="7f57d769-a0a7-4bb7-b866-aed48f91a22a" testName="Patch_InvalidIdPropertyReturnsNotFound" computerName="VECTOR" duration="00:00:00.0060000" startTime="2018-07-17T05:19:23.2001902-04:00" endTime="2018-07-17T05:19:23.2001942-04:00" testType="13cdc9d9-ddb5-4fa4-a97d-d965ccfc6d4b" outcome="Passed" testListId="8c84fa94-04c1-424b-9868-57a2d4851a1d" relativeResultsDirectory="bba95429-53e6-4009-b8b2-ff5513cacb72" /><UnitTestResult executionId="fd16b9b3-6cbf-4db4-8593-a39dacd32632" testId="63ed062e-9496-408c-a566-7e30d18f696b" testName="GetFile_ExistingFileReturnsSuccess" computerName="VECTOR" duration="00:00:00.0140000" startTime="2018-07-17T05:19:28.9223570-04:00" endTime="2018-07-17T05:19:28.9223638-04:00" testType="13cdc9d9-ddb5-4fa4-a97d-d965ccfc6d4b" outcome="Passed" testListId="8c84fa94-04c1-424b-9868-57a2d4851a1d" relativeResultsDirectory="fd16b9b3-6cbf-4db4-8593-a39dacd32632" /><UnitTestResult executionId="d1c81250-71c5-4a0c-8d12-29b5447c651d" testId="941f9d79-1ad6-437d-8a32-d8bd35384138" testName="Post_ValidReferencePropertyCreatesModel" computerName="VECTOR" duration="00:00:00.0110000" startTime="2018-07-17T05:19:27.0113269-04:00" endTime="2018-07-17T05:19:27.0113320-04:00" testType="13cdc9d9-ddb5-4fa4-a97d-d965ccfc6d4b" outcome="Passed" testListId="8c84fa94-04c1-424b-9868-57a2d4851a1d" relativeResultsDirectory="d1c81250-71c5-4a0c-8d12-29b5447c651d" /><UnitTestResult executionId="1f63364a-b016-4547-9346-b91b89e428df" testId="4c0b6899-f6c1-40d6-9583-0ab939c488c5" testName="Patch_TargetPropertyIsUpdated" computerName="VECTOR" duration="00:00:00.0310000" startTime="2018-07-17T05:19:24.9248515-04:00" endTime="2018-07-17T05:19:24.9248577-04:00" testType="13cdc9d9-ddb5-4fa4-a97d-d965ccfc6d4b" outcome="Passed" testListId="8c84fa94-04c1-424b-9868-57a2d4851a1d" relativeResultsDirectory="1f63364a-b016-4547-9346-b91b89e428df" /><UnitTestResult executionId="380946f4-d03c-423d-8ea4-db29d2e2bda7" testId="9fdf6375-e99e-43e6-9b99-8f91eac6e2d6" testName="Patch_InvalidEnumPropertyValueReturnsBadRequest" computerName="VECTOR" duration="00:00:00.0010000" startTime="2018-07-17T05:19:24.8608957-04:00" endTime="2018-07-17T05:19:24.8608969-04:00" testType="13cdc9d9-ddb5-4fa4-a97d-d965ccfc6d4b" outcome="Passed" testListId="8c84fa94-04c1-424b-9868-57a2d4851a1d" relativeResultsDirectory="380946f4-d03c-423d-8ea4-db29d2e2bda7" /><UnitTestResult executionId="4e48f816-e613-43fb-86ff-e2ad365957f2" testId="36eb8e15-9283-4770-a7f4-87386a6c4be4" testName="Patch_TargetPropertyIsUpdated" computerName="VECTOR" duration="00:00:00.0600000" startTime="2018-07-17T05:19:23.0378752-04:00" endTime="2018-07-17T05:19:23.0378814-04:00" testType="13cdc9d9-ddb5-4fa4-a97d-d965ccfc6d4b" outcome="Passed" testListId="8c84fa94-04c1-424b-9868-57a2d4851a1d" relativeResultsDirectory="4e48f816-e613-43fb-86ff-e2ad365957f2" /><UnitTestResult executionId="2a43edd4-eafb-48d7-a427-f8b573dfff83" testId="9f902a2d-b756-47b1-9c8e-0ed26221bcf6" testName="Patch_TargetPropertyIsUpdated" computerName="VECTOR" duration="00:00:00.0320000" startTime="2018-07-17T05:19:34.9840045-04:00" endTime="2018-07-17T05:19:34.9840107-04:00" testType="13cdc9d9-ddb5-4fa4-a97d-d965ccfc6d4b" outcome="Passed" testListId="8c84fa94-04c1-424b-9868-57a2d4851a1d" relativeResultsDirectory="2a43edd4-eafb-48d7-a427-f8b573dfff83" /><UnitTestResult executionId="928ec724-1bd7-4d36-a885-fc849f027501" testId="606e7bef-cdee-4cfe-83f8-4c2b48486abe" testName="Put_CanUpdateModel" computerName="VECTOR" duration="00:00:00.0260000" startTime="2018-07-17T05:19:23.1206941-04:00" endTime="2018-07-17T05:19:23.1207004-04:00" testType="13cdc9d9-ddb5-4fa4-a97d-d965ccfc6d4b" outcome="Passed" testListId="8c84fa94-04c1-424b-9868-57a2d4851a1d" relativeResultsDirectory="928ec724-1bd7-4d36-a885-fc849f027501" /><UnitTestResult executionId="778fcb20-f778-4d50-a5e2-b682ace31a99" testId="52a9cbcc-666c-4ee9-ae65-e0df7c9653b5" testName="Patch_InvalidReferencePropertyReturnsBadRequest" computerName="VECTOR" duration="00:00:00.0110000" startTime="2018-07-17T05:19:37.4572835-04:00" endTime="2018-07-17T05:19:37.4572886-04:00" testType="13cdc9d9-ddb5-4fa4-a97d-d965ccfc6d4b" outcome="Passed" testListId="8c84fa94-04c1-424b-9868-57a2d4851a1d" relativeResultsDirectory="778fcb20-f778-4d50-a5e2-b682ace31a99" /><UnitTestResult executionId="6b6221ce-c70d-4545-b793-dfcc08330b1d" testId="7be4e908-ff85-4433-a41e-6c708f1945ef" testName="Model3dHasExpectedDependentFiles" computerName="VECTOR" duration="00:00:00.0280000" startTime="2018-07-17T05:19:21.0190581-04:00" endTime="2018-07-17T05:19:21.0190644-04:00" testType="13cdc9d9-ddb5-4fa4-a97d-d965ccfc6d4b" outcome="Passed" testListId="8c84fa94-04c1-424b-9868-57a2d4851a1d" relativeResultsDirectory="6b6221ce-c70d-4545-b793-dfcc08330b1d" /><UnitTestResult executionId="4c9709fa-730e-4638-9ee3-67d1acf59e36" testId="ca6c5fc2-04c3-45f6-974e-4067648fe1de" testName="Patch_InvalidReferencePropertyReturnsBadRequest" computerName="VECTOR" duration="00:00:00.0080000" startTime="2018-07-17T05:19:24.7367894-04:00" endTime="2018-07-17T05:19:24.7367991-04:00" testType="13cdc9d9-ddb5-4fa4-a97d-d965ccfc6d4b" outcome="Passed" testListId="8c84fa94-04c1-424b-9868-57a2d4851a1d" relativeResultsDirectory="4c9709fa-730e-4638-9ee3-67d1acf59e36" /><UnitTestResult executionId="a8b43595-e015-4a64-8142-eabdab7c8a7a" testId="2f2a8a6a-a3ff-4190-a8a1-94a602f15469" testName="GetList_ListReturnsCorrectCount" computerName="VECTOR" duration="00:00:00.0380000" startTime="2018-07-17T05:19:37.3003625-04:00" endTime="2018-07-17T05:19:37.3003690-04:00" testType="13cdc9d9-ddb5-4fa4-a97d-d965ccfc6d4b" outcome="Passed" testListId="8c84fa94-04c1-424b-9868-57a2d4851a1d" relativeResultsDirectory="a8b43595-e015-4a64-8142-eabdab7c8a7a" /><UnitTestResult executionId="0b46a4bf-b014-47fd-ad97-ce969d46ba24" testId="0de6c01e-0cfc-4356-8e48-394237767cc0" testName="Patch_InvalidPropertyNameReturnsBadRequest" computerName="VECTOR" duration="00:00:00.0050000" startTime="2018-07-17T05:19:34.7613184-04:00" endTime="2018-07-17T05:19:34.7613221-04:00" testType="13cdc9d9-ddb5-4fa4-a97d-d965ccfc6d4b" outcome="Passed" testListId="8c84fa94-04c1-424b-9868-57a2d4851a1d" relativeResultsDirectory="0b46a4bf-b014-47fd-ad97-ce969d46ba24" /><UnitTestResult executionId="735ecb3b-7b54-4170-827e-eafe288ac8c1" testId="a2c58d14-2fad-4526-99db-f50ad05888ff" testName="Put_InvalidReferencePropertyReturndBadRequest" computerName="VECTOR" duration="00:00:00.0150000" startTime="2018-07-17T05:19:27.0475042-04:00" endTime="2018-07-17T05:19:27.0475096-04:00" testType="13cdc9d9-ddb5-4fa4-a97d-d965ccfc6d4b" outcome="Passed" testListId="8c84fa94-04c1-424b-9868-57a2d4851a1d" relativeResultsDirectory="735ecb3b-7b54-4170-827e-eafe288ac8c1" /><UnitTestResult executionId="2a588fec-21b0-4943-9ff9-dc2e2505337e" testId="834cb3c1-f245-44bc-be90-0aa88bb1f9ef" testName="Delete_TargetModelIsDeleted" computerName="VECTOR" duration="00:00:00.0140000" startTime="2018-07-17T05:19:27.0255971-04:00" endTime="2018-07-17T05:19:27.0256028-04:00" testType="13cdc9d9-ddb5-4fa4-a97d-d965ccfc6d4b" outcome="Passed" testListId="8c84fa94-04c1-424b-9868-57a2d4851a1d" relativeResultsDirectory="2a588fec-21b0-4943-9ff9-dc2e2505337e" /><UnitTestResult executionId="092fc0d1-8185-4f04-9bc7-a1a72b2e2c15" testId="e5876801-a57f-4bbc-845c-1e343b32ca37" testName="GetSingle_ValidIdPropertyValueReturnsCorrectModel" computerName="VECTOR" duration="00:00:00.0050000" startTime="2018-07-17T05:19:35.1639079-04:00" endTime="2018-07-17T05:19:35.1639133-04:00" testType="13cdc9d9-ddb5-4fa4-a97d-d965ccfc6d4b" outcome="Passed" testListId="8c84fa94-04c1-424b-9868-57a2d4851a1d" relativeResultsDirectory="092fc0d1-8185-4f04-9bc7-a1a72b2e2c15" /><UnitTestResult executionId="4a54a1ab-baf7-4c62-a922-fb1a9cecfae9" testId="8cb1b858-c5a7-4cd3-836e-797c7d3a5c0b" testName="Patch_InvalidReferencePropertyReturnsBadRequest" computerName="VECTOR" duration="00:00:00.0130000" startTime="2018-07-17T05:19:35.1426351-04:00" endTime="2018-07-17T05:19:35.1426413-04:00" testType="13cdc9d9-ddb5-4fa4-a97d-d965ccfc6d4b" outcome="Passed" testListId="8c84fa94-04c1-424b-9868-57a2d4851a1d" relativeResultsDirectory="4a54a1ab-baf7-4c62-a922-fb1a9cecfae9" /><UnitTestResult executionId="ad6fb287-5a12-4855-9425-e427cfe25c93" testId="0e3e979a-a097-40e8-9197-d392f13dbd94" testName="FileRequest_MeshGenerateScalesDepthBufferByUnsharpHighFrequencyScale" computerName="VECTOR" duration="00:00:02.1750000" startTime="2018-07-17T05:19:34.6399694-04:00" endTime="2018-07-17T05:19:34.6399754-04:00" testType="13cdc9d9-ddb5-4fa4-a97d-d965ccfc6d4b" outcome="Passed" testListId="8c84fa94-04c1-424b-9868-57a2d4851a1d" relativeResultsDirectory="ad6fb287-5a12-4855-9425-e427cfe25c93" /><UnitTestResult executionId="c1a6a349-f11c-4240-bedd-75e145d55070" testId="548e5900-11df-451b-aa86-e9cba591d6ef" testName="Post_ValidReferencePropertyCreatesModel" computerName="VECTOR" duration="00:00:00.0120000" startTime="2018-07-17T05:19:23.7764455-04:00" endTime="2018-07-17T05:19:23.7764512-04:00" testType="13cdc9d9-ddb5-4fa4-a97d-d965ccfc6d4b" outcome="Passed" testListId="8c84fa94-04c1-424b-9868-57a2d4851a1d" relativeResultsDirectory="c1a6a349-f11c-4240-bedd-75e145d55070" /><UnitTestResult executionId="e60b8516-1a21-49ce-9de0-29bfcd44c8dc" testId="3d28e5c5-d102-41d6-bd47-a14852433aa0" testName="GetList_ListReturnsCorrectCount" computerName="VECTOR" duration="00:00:00.0480000" startTime="2018-07-17T05:19:23.8416248-04:00" endTime="2018-07-17T05:19:23.8416305-04:00" testType="13cdc9d9-ddb5-4fa4-a97d-d965ccfc6d4b" outcome="Passed" testListId="8c84fa94-04c1-424b-9868-57a2d4851a1d" relativeResultsDirectory="e60b8516-1a21-49ce-9de0-29bfcd44c8dc" /><UnitTestResult executionId="cfd382df-b7e5-45af-8624-999a97e49d7d" testId="a0f71bf1-b4a8-4311-82f8-fd6b33e85f44" testName="Patch_InvalidIdPropertyReturnsNotFound" computerName="VECTOR" duration="00:00:00.0040000" startTime="2018-07-17T05:19:23.7635731-04:00" endTime="2018-07-17T05:19:23.7635765-04:00" testType="13cdc9d9-ddb5-4fa4-a97d-d965ccfc6d4b" outcome="Passed" testListId="8c84fa94-04c1-424b-9868-57a2d4851a1d" relativeResultsDirectory="cfd382df-b7e5-45af-8624-999a97e49d7d" /><UnitTestResult executionId="91d1d067-1bc7-4f5f-abef-0a2b9469c16e" testId="d13bc089-90a1-4ba1-a5cf-30a82c61ca77" testName="FileRequest_FileCanBeReadAfterRename" computerName="VECTOR" duration="00:00:00.1180000" startTime="2018-07-17T05:19:32.4649607-04:00" endTime="2018-07-17T05:19:32.4649672-04:00" testType="13cdc9d9-ddb5-4fa4-a97d-d965ccfc6d4b" outcome="Passed" testListId="8c84fa94-04c1-424b-9868-57a2d4851a1d" relativeResultsDirectory="91d1d067-1bc7-4f5f-abef-0a2b9469c16e" /><UnitTestResult executionId="313a3c82-3ba6-4ec3-bd88-7a8ec2542818" testId="60a027a8-ccf9-4a2f-86ea-3299c6461401" testName="Put_ValidReferencePropertyUpdatesModel" computerName="VECTOR" duration="00:00:00.1450000" startTime="2018-07-17T05:19:35.1296981-04:00" endTime="2018-07-17T05:19:35.1297046-04:00" testType="13cdc9d9-ddb5-4fa4-a97d-d965ccfc6d4b" outcome="Passed" testListId="8c84fa94-04c1-424b-9868-57a2d4851a1d" relativeResultsDirectory="313a3c82-3ba6-4ec3-bd88-7a8ec2542818" /><UnitTestResult executionId="b30ac9b0-5d62-49ed-b77c-39248673f4f0" testId="7c782978-45b3-4250-ac02-b07a749c45e4" testName="PostFile_NewFileCanBePosted" computerName="VECTOR" duration="00:00:00.0500000" startTime="2018-07-17T05:19:24.4088164-04:00" endTime="2018-07-17T05:19:24.4088213-04:00" testType="13cdc9d9-ddb5-4fa4-a97d-d965ccfc6d4b" outcome="Passed" testListId="8c84fa94-04c1-424b-9868-57a2d4851a1d" relativeResultsDirectory="b30ac9b0-5d62-49ed-b77c-39248673f4f0" /><UnitTestResult executionId="b36d459c-44ff-4d09-ae6a-3347d8a43cbd" testId="5aad3846-9747-4161-b40f-35c9927ab745" testName="Post_InvalidReferencePropertyReturnsBadRequest" computerName="VECTOR" duration="00:00:00.0050000" startTime="2018-07-17T05:19:24.9732917-04:00" endTime="2018-07-17T05:19:24.9732977-04:00" testType="13cdc9d9-ddb5-4fa4-a97d-d965ccfc6d4b" outcome="Passed" testListId="8c84fa94-04c1-424b-9868-57a2d4851a1d" relativeResultsDirectory="b36d459c-44ff-4d09-ae6a-3347d8a43cbd" /><UnitTestResult executionId="c08abb67-0358-47ec-87a7-72aea7c38ba7" testId="3c20c6f0-3dc8-435b-9212-58e9ff906111" testName="Delete_TargetModelIsDeleted" computerName="VECTOR" duration="00:00:00.0180000" startTime="2018-07-17T05:19:34.9369410-04:00" endTime="2018-07-17T05:19:34.9369473-04:00" testType="13cdc9d9-ddb5-4fa4-a97d-d965ccfc6d4b" outcome="Passed" testListId="8c84fa94-04c1-424b-9868-57a2d4851a1d" relativeResultsDirectory="c08abb67-0358-47ec-87a7-72aea7c38ba7" /><UnitTestResult executionId="86f77978-f4d9-42c1-b3a9-9b3645155d6f" testId="d1a92d2a-80e2-4852-8c9d-ff6ac184ac2e" testName="Patch_ValidReferencePropertyUpdatesModel" computerName="VECTOR" duration="00:00:00.0360000" startTime="2018-07-17T05:19:23.7343984-04:00" endTime="2018-07-17T05:19:23.7344044-04:00" testType="13cdc9d9-ddb5-4fa4-a97d-d965ccfc6d4b" outcome="Passed" testListId="8c84fa94-04c1-424b-9868-57a2d4851a1d" relativeResultsDirectory="86f77978-f4d9-42c1-b3a9-9b3645155d6f" /><UnitTestResult executionId="113b782f-3e1d-4e47-9b69-3d1994637f7a" testId="61226494-458b-4c18-8eac-ca4412c1fdc7" testName="Post_ValidReferencePropertyCreatesModel" computerName="VECTOR" duration="00:00:00.0130000" startTime="2018-07-17T05:19:35.2296513-04:00" endTime="2018-07-17T05:19:35.2296575-04:00" testType="13cdc9d9-ddb5-4fa4-a97d-d965ccfc6d4b" outcome="Passed" testListId="8c84fa94-04c1-424b-9868-57a2d4851a1d" relativeResultsDirectory="113b782f-3e1d-4e47-9b69-3d1994637f7a" /><UnitTestResult executionId="8383f9b3-f343-45fc-8e23-c11d36faee46" testId="4eeda80b-c932-4abf-94c5-25754bdd70d5" testName="PutFile_NewFileCanBePut" computerName="VECTOR" duration="00:00:00.0700000" startTime="2018-07-17T05:19:27.1302718-04:00" endTime="2018-07-17T05:19:27.1302775-04:00" testType="13cdc9d9-ddb5-4fa4-a97d-d965ccfc6d4b" outcome="Passed" testListId="8c84fa94-04c1-424b-9868-57a2d4851a1d" relativeResultsDirectory="8383f9b3-f343-45fc-8e23-c11d36faee46" /><UnitTestResult executionId="803fa2a8-fa23-488f-b597-519154eb1fad" testId="7f3ca25e-83b4-4cd2-ae16-154a3137cc37" testName="Post_InvalidPropertyValueReturnsBadRequest" computerName="VECTOR" duration="00:00:00.0070000" startTime="2018-07-17T05:19:23.2078911-04:00" endTime="2018-07-17T05:19:23.2078950-04:00" testType="13cdc9d9-ddb5-4fa4-a97d-d965ccfc6d4b" outcome="Passed" testListId="8c84fa94-04c1-424b-9868-57a2d4851a1d" relativeResultsDirectory="803fa2a8-fa23-488f-b597-519154eb1fad" /><UnitTestResult executionId="8c4d245e-4ab7-4591-9311-0fde5f9d3356" testId="2e40afce-1ea3-4a11-948f-5ad14b8d66ef" testName="Put_CanUpdateModel" computerName="VECTOR" duration="00:00:00.0330000" startTime="2018-07-17T05:19:24.9582585-04:00" endTime="2018-07-17T05:19:24.9582647-04:00" testType="13cdc9d9-ddb5-4fa4-a97d-d965ccfc6d4b" outcome="Passed" testListId="8c84fa94-04c1-424b-9868-57a2d4851a1d" relativeResultsDirectory="8c4d245e-4ab7-4591-9311-0fde5f9d3356" /><UnitTestResult executionId="564ec815-ffca-4c83-a295-bb860ba32f28" testId="1c761c49-367c-4922-959f-dd092a684334" testName="PutFile_FileCanBeUpdated" computerName="VECTOR" duration="00:00:00.1380000" startTime="2018-07-17T05:19:24.1875791-04:00" endTime="2018-07-17T05:19:24.1875856-04:00" testType="13cdc9d9-ddb5-4fa4-a97d-d965ccfc6d4b" outcome="Passed" testListId="8c84fa94-04c1-424b-9868-57a2d4851a1d" relativeResultsDirectory="564ec815-ffca-4c83-a295-bb860ba32f28" /><UnitTestResult executionId="7f5997b1-85ec-443d-97c4-85da4bcd603c" testId="de015bb8-3f1f-4850-9119-eb20d1b4589d" testName="Patch_InvalidReferencePropertyReturnsBadRequest" computerName="VECTOR" duration="00:00:00.0020000" startTime="2018-07-17T05:19:23.0419605-04:00" endTime="2018-07-17T05:19:23.0419630-04:00" testType="13cdc9d9-ddb5-4fa4-a97d-d965ccfc6d4b" outcome="Passed" testListId="8c84fa94-04c1-424b-9868-57a2d4851a1d" relativeResultsDirectory="7f5997b1-85ec-443d-97c4-85da4bcd603c" /><UnitTestResult executionId="83f2d0f9-4fb0-4d8c-babb-021ca8be983c" testId="2c2cfe99-599e-4ea5-b06d-18bd039c60a2" testName="Patch_InvalidPropertyNameReturnsBadRequest" computerName="VECTOR" duration="00:00:00.4400000" startTime="2018-07-17T05:19:22.7187352-04:00" endTime="2018-07-17T05:19:22.7187414-04:00" testType="13cdc9d9-ddb5-4fa4-a97d-d965ccfc6d4b" outcome="Passed" testListId="8c84fa94-04c1-424b-9868-57a2d4851a1d" relativeResultsDirectory="83f2d0f9-4fb0-4d8c-babb-021ca8be983c" /><UnitTestResult executionId="7168d7fa-9775-437c-b410-2bdeebd13005" testId="5df06534-4895-4a53-8bd2-348295131124" testName="GetSingle_InvalidIdPropertyValueReturnsNotFound" computerName="VECTOR" duration="00:00:00.0040000" startTime="2018-07-17T05:19:37.3047737-04:00" endTime="2018-07-17T05:19:37.3047785-04:00" testType="13cdc9d9-ddb5-4fa4-a97d-d965ccfc6d4b" outcome="Passed" testListId="8c84fa94-04c1-424b-9868-57a2d4851a1d" relativeResultsDirectory="7168d7fa-9775-437c-b410-2bdeebd13005" /><UnitTestResult executionId="b7fe02af-46c6-4b28-ac8d-c73a3ee4b1df" testId="94ff1ba1-9306-4272-8a4f-96833892c94c" testName="GetSingle_ValidIdPropertyValueReturnsCorrectModel" computerName="VECTOR" duration="00:00:00.0050000" startTime="2018-07-17T05:19:37.2299730-04:00" endTime="2018-07-17T05:19:37.2299770-04:00" testType="13cdc9d9-ddb5-4fa4-a97d-d965ccfc6d4b" outcome="Passed" testListId="8c84fa94-04c1-424b-9868-57a2d4851a1d" relativeResultsDirectory="b7fe02af-46c6-4b28-ac8d-c73a3ee4b1df" /><UnitTestResult executionId="32bd073f-fdb3-4f55-81c6-eb76a740c3c0" testId="7a947cf5-0c21-4e2d-9a20-9499d56b7290" testName="FileRequest_FileCanBeReadAfterRename" computerName="VECTOR" duration="00:00:00.0860000" startTime="2018-07-17T05:19:36.6615004-04:00" endTime="2018-07-17T05:19:36.6615072-04:00" testType="13cdc9d9-ddb5-4fa4-a97d-d965ccfc6d4b" outcome="Passed" testListId="8c84fa94-04c1-424b-9868-57a2d4851a1d" relativeResultsDirectory="32bd073f-fdb3-4f55-81c6-eb76a740c3c0" /><UnitTestResult executionId="c84f998c-9834-4b26-9088-5270d5705807" testId="e4c25fdb-2b85-47fb-9d17-4c435500a69d" testName="Patch_InvalidEnumPropertyValueReturnsBadRequest" computerName="VECTOR" duration="00:00:00.0020000" startTime="2018-07-17T05:19:23.0857304-04:00" endTime="2018-07-17T05:19:23.0857333-04:00" testType="13cdc9d9-ddb5-4fa4-a97d-d965ccfc6d4b" outcome="Passed" testListId="8c84fa94-04c1-424b-9868-57a2d4851a1d" relativeResultsDirectory="c84f998c-9834-4b26-9088-5270d5705807" /><UnitTestResult executionId="aba0a52f-543b-4446-b1ae-4944d3714b15" testId="f51fcb2d-e7dd-402f-90f5-0c739e877fce" testName="Post_CanCreateNewModel" computerName="VECTOR" duration="00:00:00.0120000" startTime="2018-07-17T05:19:23.8594726-04:00" endTime="2018-07-17T05:19:23.8594783-04:00" testType="13cdc9d9-ddb5-4fa4-a97d-d965ccfc6d4b" outcome="Passed" testListId="8c84fa94-04c1-424b-9868-57a2d4851a1d" relativeResultsDirectory="aba0a52f-543b-4446-b1ae-4944d3714b15" /><UnitTestResult executionId="36054d3d-d1b5-4f20-a3d0-758b6c73e52e" testId="f66c572c-c0be-439f-8162-7be5e539beb0" testName="GetSingle_ValidIdPropertyValueReturnsCorrectModel" computerName="VECTOR" duration="00:00:00.0070000" startTime="2018-07-17T05:19:23.6977431-04:00" endTime="2018-07-17T05:19:23.6977480-04:00" testType="13cdc9d9-ddb5-4fa4-a97d-d965ccfc6d4b" outcome="Passed" testListId="8c84fa94-04c1-424b-9868-57a2d4851a1d" relativeResultsDirectory="36054d3d-d1b5-4f20-a3d0-758b6c73e52e" /><UnitTestResult executionId="a69b5e02-9b8f-4ce4-a394-48428e1d49c3" testId="b4a93b96-40f9-4b2a-addc-ce9803f21531" testName="GetSingle_ValidIdPropertyValueReturnsCorrectModel" computerName="VECTOR" duration="00:00:00.0050000" startTime="2018-07-17T05:19:24.9681269-04:00" endTime="2018-07-17T05:19:24.9681301-04:00" testType="13cdc9d9-ddb5-4fa4-a97d-d965ccfc6d4b" outcome="Passed" testListId="8c84fa94-04c1-424b-9868-57a2d4851a1d" relativeResultsDirectory="a69b5e02-9b8f-4ce4-a394-48428e1d49c3" /><UnitTestResult executionId="e5d15eb3-fc82-4172-9e3a-bae84ac422d0" testId="81deff84-c1a1-494e-ab81-a4a846d64760" testName="Put_InvalidIdReturnsNotFound" computerName="VECTOR" duration="00:00:00.0080000" startTime="2018-07-17T05:19:37.2491786-04:00" endTime="2018-07-17T05:19:37.2491849-04:00" testType="13cdc9d9-ddb5-4fa4-a97d-d965ccfc6d4b" outcome="Passed" testListId="8c84fa94-04c1-424b-9868-57a2d4851a1d" relativeResultsDirectory="e5d15eb3-fc82-4172-9e3a-bae84ac422d0" /><UnitTestResult executionId="9ce7a348-15a9-45a0-9a03-1ff93285d5f5" testId="92c4d435-57d9-4c6a-a446-e5cc2b50b5ce" testName="GetSingle_ValidIdPropertyValueReturnsCorrectModel" computerName="VECTOR" duration="00:00:00.0050000" startTime="2018-07-17T05:19:23.0841385-04:00" endTime="2018-07-17T05:19:23.0841413-04:00" testType="13cdc9d9-ddb5-4fa4-a97d-d965ccfc6d4b" outcome="Passed" testListId="8c84fa94-04c1-424b-9868-57a2d4851a1d" relativeResultsDirectory="9ce7a348-15a9-45a0-9a03-1ff93285d5f5" /><UnitTestResult executionId="7a7455f0-5026-4026-9302-2261cf00d491" testId="447e148a-ae3b-4b73-806a-72d6218bc50d" testName="GetSingle_ValidIdPropertyValueReturnsCorrectModel" computerName="VECTOR" duration="00:00:00.0060000" startTime="2018-07-17T05:19:27.0319755-04:00" endTime="2018-07-17T05:19:27.0319803-04:00" testType="13cdc9d9-ddb5-4fa4-a97d-d965ccfc6d4b" outcome="Passed" testListId="8c84fa94-04c1-424b-9868-57a2d4851a1d" relativeResultsDirectory="7a7455f0-5026-4026-9302-2261cf00d491" /><UnitTestResult executionId="3c55209f-066c-43ed-89b2-14d5116f48fe" testId="b1ee4299-d5e8-4012-8f3b-fcce2948ead1" testName="Patch_InvalidIdPropertyReturnsNotFound" computerName="VECTOR" duration="00:00:00.0030000" startTime="2018-07-17T05:19:26.9746299-04:00" endTime="2018-07-17T05:19:26.9746341-04:00" testType="13cdc9d9-ddb5-4fa4-a97d-d965ccfc6d4b" outcome="Passed" testListId="8c84fa94-04c1-424b-9868-57a2d4851a1d" relativeResultsDirectory="3c55209f-066c-43ed-89b2-14d5116f48fe" /><UnitTestResult executionId="342a8ff8-df33-417d-a3d9-73195ede7f62" testId="9452e053-b8ea-4a23-be08-94b91cc8aa98" testName="PostFile_NewFileCanBePosted" computerName="VECTOR" duration="00:00:00.0550000" startTime="2018-07-17T05:19:30.1389125-04:00" endTime="2018-07-17T05:19:30.1389176-04:00" testType="13cdc9d9-ddb5-4fa4-a97d-d965ccfc6d4b" outcome="Passed" testListId="8c84fa94-04c1-424b-9868-57a2d4851a1d" relativeResultsDirectory="342a8ff8-df33-417d-a3d9-73195ede7f62" /><UnitTestResult executionId="cba9b06d-5847-4cb9-af40-1de3306ede5e" testId="6e74d7f4-4f8e-43a8-9c23-59b182327a7e" testName="Patch_InvalidIdPropertyReturnsNotFound" computerName="VECTOR" duration="00:00:00.0050000" startTime="2018-07-17T05:19:37.3976354-04:00" endTime="2018-07-17T05:19:37.3976383-04:00" testType="13cdc9d9-ddb5-4fa4-a97d-d965ccfc6d4b" outcome="Passed" testListId="8c84fa94-04c1-424b-9868-57a2d4851a1d" relativeResultsDirectory="cba9b06d-5847-4cb9-af40-1de3306ede5e" /><UnitTestResult executionId="76dc288e-1287-4155-bea6-e7552b4249de" testId="b5a8371e-0ce2-4ea5-b74b-d32588e764c0" testName="Put_InvalidReferencePropertyReturndBadRequest" computerName="VECTOR" duration="00:00:00.0090000" startTime="2018-07-17T05:19:37.3610888-04:00" endTime="2018-07-17T05:19:37.3610936-04:00" testType="13cdc9d9-ddb5-4fa4-a97d-d965ccfc6d4b" outcome="Passed" testListId="8c84fa94-04c1-424b-9868-57a2d4851a1d" relativeResultsDirectory="76dc288e-1287-4155-bea6-e7552b4249de" /><UnitTestResult executionId="c72a1a95-da70-43e8-aac7-1229393f34af" testId="15bb1854-7f43-47a3-a340-69087a948bc1" testName="Patch_TargetPropertyIsUpdated" computerName="VECTOR" duration="00:00:00.0310000" startTime="2018-07-17T05:19:26.9457246-04:00" endTime="2018-07-17T05:19:26.9457312-04:00" testType="13cdc9d9-ddb5-4fa4-a97d-d965ccfc6d4b" outcome="Passed" testListId="8c84fa94-04c1-424b-9868-57a2d4851a1d" relativeResultsDirectory="c72a1a95-da70-43e8-aac7-1229393f34af" /><UnitTestResult executionId="b496a4d4-0f1c-4601-aac0-0d83be3615e4" testId="8371fb31-b6e8-40d8-96a1-8e43dbe26d2a" testName="Patch_InvalidPropertyNameReturnsBadRequest" computerName="VECTOR" duration="00:00:00.0130000" startTime="2018-07-17T05:19:24.6156562-04:00" endTime="2018-07-17T05:19:24.6156627-04:00" testType="13cdc9d9-ddb5-4fa4-a97d-d965ccfc6d4b" outcome="Passed" testListId="8c84fa94-04c1-424b-9868-57a2d4851a1d" relativeResultsDirectory="b496a4d4-0f1c-4601-aac0-0d83be3615e4" /><UnitTestResult executionId="86f77f58-071e-4018-ace4-a701d785f8b2" testId="ff7a30b1-ce21-46ad-baac-b0084e2400f5" testName="Patch_MultipleInvalidReferencePropertiesReturnsMultipleValidationErrorsAndBadRequest" computerName="VECTOR" duration="00:00:00.0170000" startTime="2018-07-17T05:19:37.3927146-04:00" endTime="2018-07-17T05:19:37.3927206-04:00" testType="13cdc9d9-ddb5-4fa4-a97d-d965ccfc6d4b" outcome="Passed" testListId="8c84fa94-04c1-424b-9868-57a2d4851a1d" relativeResultsDirectory="86f77f58-071e-4018-ace4-a701d785f8b2" /><UnitTestResult executionId="767cb617-166b-4463-aa26-4000ee1fd2f1" testId="34dc50a0-c013-46d6-a846-620fcf1715a5" testName="Put_InvalidReferencePropertyReturndBadRequest" computerName="VECTOR" duration="00:00:00.0150000" startTime="2018-07-17T05:19:23.8982153-04:00" endTime="2018-07-17T05:19:23.8982199-04:00" testType="13cdc9d9-ddb5-4fa4-a97d-d965ccfc6d4b" outcome="Passed" testListId="8c84fa94-04c1-424b-9868-57a2d4851a1d" relativeResultsDirectory="767cb617-166b-4463-aa26-4000ee1fd2f1" /><UnitTestResult executionId="7cf39224-26b6-4191-bf42-97755e81f762" testId="6fe672e7-a702-467b-a0ee-e7a405c72580" testName="GetFile_NonExistentFileReturnsNotFound" computerName="VECTOR" duration="00:00:00.0040000" startTime="2018-07-17T05:19:36.9873537-04:00" endTime="2018-07-17T05:19:36.9873568-04:00" testType="13cdc9d9-ddb5-4fa4-a97d-d965ccfc6d4b" outcome="Passed" testListId="8c84fa94-04c1-424b-9868-57a2d4851a1d" relativeResultsDirectory="7cf39224-26b6-4191-bf42-97755e81f762" /><UnitTestResult executionId="94db65c3-28b1-4036-a24b-7e863a156a80" testId="0e22405c-c6c3-4554-891c-c02c1936cf8a" testName="Patch_InvalidPropertyNameReturnsBadRequest" computerName="VECTOR" duration="00:00:00.0040000" startTime="2018-07-17T05:19:23.6877473-04:00" endTime="2018-07-17T05:19:23.6877513-04:00" testType="13cdc9d9-ddb5-4fa4-a97d-d965ccfc6d4b" outcome="Passed" testListId="8c84fa94-04c1-424b-9868-57a2d4851a1d" relativeResultsDirectory="94db65c3-28b1-4036-a24b-7e863a156a80" /><UnitTestResult executionId="738a627e-2f7e-4fa4-9f7a-c8628d656a2e" testId="b6d4a3f3-742a-4a6d-b7a0-6b45a09d37a8" testName="GetList_ListReturnsCorrectCount" computerName="VECTOR" duration="00:00:00.4200000" startTime="2018-07-17T05:19:25.3972889-04:00" endTime="2018-07-17T05:19:25.3972954-04:00" testType="13cdc9d9-ddb5-4fa4-a97d-d965ccfc6d4b" outcome="Passed" testListId="8c84fa94-04c1-424b-9868-57a2d4851a1d" relativeResultsDirectory="738a627e-2f7e-4fa4-9f7a-c8628d656a2e" /><UnitTestResult executionId="f12c8556-83d5-4915-b339-8c5874bb9d6b" testId="fbf9039e-5a2a-4321-acb6-57ee80e8a02d" testName="GetFile_FileCanBeRoundTripped" computerName="VECTOR" duration="00:00:00.0760000" startTime="2018-07-17T05:19:37.2243127-04:00" endTime="2018-07-17T05:19:37.2243190-04:00" testType="13cdc9d9-ddb5-4fa4-a97d-d965ccfc6d4b" outcome="Passed" testListId="8c84fa94-04c1-424b-9868-57a2d4851a1d" relativeResultsDirectory="f12c8556-83d5-4915-b339-8c5874bb9d6b" /><UnitTestResult executionId="a21871e8-a751-4a9d-a76c-94d13a5c6de5" testId="26018a56-8dd7-4c3b-8b6c-d7b601234ad9" testName="Put_InvalidReferencePropertyReturndBadRequest" computerName="VECTOR" duration="00:00:00.1570000" startTime="2018-07-17T05:19:34.9186056-04:00" endTime="2018-07-17T05:19:34.9186118-04:00" testType="13cdc9d9-ddb5-4fa4-a97d-d965ccfc6d4b" outcome="Passed" testListId="8c84fa94-04c1-424b-9868-57a2d4851a1d" relativeResultsDirectory="a21871e8-a751-4a9d-a76c-94d13a5c6de5" /><UnitTestResult executionId="8924a512-c870-46e7-9e0f-fba1abd263f3" testId="ae00939a-a1bb-4cb8-8c43-8095a60d73f0" testName="Post_CanCreateNewModel" computerName="VECTOR" duration="00:00:00.0110000" startTime="2018-07-17T05:19:34.9520879-04:00" endTime="2018-07-17T05:19:34.9520942-04:00" testType="13cdc9d9-ddb5-4fa4-a97d-d965ccfc6d4b" outcome="Passed" testListId="8c84fa94-04c1-424b-9868-57a2d4851a1d" relativeResultsDirectory="8924a512-c870-46e7-9e0f-fba1abd263f3" /><UnitTestResult executionId="31803e28-6ad4-4e91-8892-61328ba625e5" testId="0357fdb9-b43b-4431-93ad-f0f9d3e184af" testName="Put_ValidReferencePropertyUpdatesModel" computerName="VECTOR" duration="00:00:00.0250000" startTime="2018-07-17T05:19:23.7594831-04:00" endTime="2018-07-17T05:19:23.7594894-04:00" testType="13cdc9d9-ddb5-4fa4-a97d-d965ccfc6d4b" outcome="Passed" testListId="8c84fa94-04c1-424b-9868-57a2d4851a1d" relativeResultsDirectory="31803e28-6ad4-4e91-8892-61328ba625e5" /><UnitTestResult executionId="9da10fa9-5272-49bd-82d3-ab0cb33183d7" testId="42e60144-40de-4f06-9aa3-2557a4570538" testName="GetFile_ExistingFileReturnsSuccess" computerName="VECTOR" duration="00:00:00.0190000" startTime="2018-07-17T05:19:35.2819009-04:00" endTime="2018-07-17T05:19:35.2819083-04:00" testType="13cdc9d9-ddb5-4fa4-a97d-d965ccfc6d4b" outcome="Passed" testListId="8c84fa94-04c1-424b-9868-57a2d4851a1d" relativeResultsDirectory="9da10fa9-5272-49bd-82d3-ab0cb33183d7" /><UnitTestResult executionId="a23cb9ae-c1c0-45c2-a503-3faa1ff989e6" testId="2d898184-d3ad-4e2f-868c-eee229375a84" testName="Put_InvalidReferencePropertyReturndBadRequest" computerName="VECTOR" duration="00:00:00.0020000" startTime="2018-07-17T05:19:23.1935006-04:00" endTime="2018-07-17T05:19:23.1935031-04:00" testType="13cdc9d9-ddb5-4fa4-a97d-d965ccfc6d4b" outcome="Passed" testListId="8c84fa94-04c1-424b-9868-57a2d4851a1d" relativeResultsDirectory="a23cb9ae-c1c0-45c2-a503-3faa1ff989e6" /><UnitTestResult executionId="4c368fa7-bcf5-4842-9bd9-917e11a42396" testId="8eb58350-d7de-4598-a405-fe772217a151" testName="Delete_TargetModelIsDeleted" computerName="VECTOR" duration="00:00:00.0120000" startTime="2018-07-17T05:19:23.8828142-04:00" endTime="2018-07-17T05:19:23.8828193-04:00" testType="13cdc9d9-ddb5-4fa4-a97d-d965ccfc6d4b" outcome="Passed" testListId="8c84fa94-04c1-424b-9868-57a2d4851a1d" relativeResultsDirectory="4c368fa7-bcf5-4842-9bd9-917e11a42396" /><UnitTestResult executionId="680c17a6-0b0c-49e5-8813-7240c56fdd43" testId="7abc5ef0-e81c-43d6-87d2-c288c4f9fd14" testName="GetSingle_InvalidIdPropertyValueReturnsNotFound" computerName="VECTOR" duration="00:00:00.0080000" startTime="2018-07-17T05:19:23.0939782-04:00" endTime="2018-07-17T05:19:23.0939836-04:00" testType="13cdc9d9-ddb5-4fa4-a97d-d965ccfc6d4b" outcome="Passed" testListId="8c84fa94-04c1-424b-9868-57a2d4851a1d" relativeResultsDirectory="680c17a6-0b0c-49e5-8813-7240c56fdd43" /><UnitTestResult executionId="f655a98a-c6f2-4fda-af69-604b6f154c48" testId="0710a24b-9287-44a8-b36f-0dcef38ab5d6" testName="Post_InvalidReferencePropertyReturnsBadRequest" computerName="VECTOR" duration="00:00:00.0050000" startTime="2018-07-17T05:19:26.9836719-04:00" endTime="2018-07-17T05:19:26.9836745-04:00" testType="13cdc9d9-ddb5-4fa4-a97d-d965ccfc6d4b" outcome="Passed" testListId="8c84fa94-04c1-424b-9868-57a2d4851a1d" relativeResultsDirectory="f655a98a-c6f2-4fda-af69-604b6f154c48" /><UnitTestResult executionId="7a1f6139-3164-49b2-b929-ce5517980126" testId="1b140816-595e-43d7-891d-456b88d62257" testName="Patch_InvalidEnumPropertyValueReturnsBadRequest" computerName="VECTOR" duration="00:00:00.0040000" startTime="2018-07-17T05:19:26.9146604-04:00" endTime="2018-07-17T05:19:26.9146638-04:00" testType="13cdc9d9-ddb5-4fa4-a97d-d965ccfc6d4b" outcome="Passed" testListId="8c84fa94-04c1-424b-9868-57a2d4851a1d" relativeResultsDirectory="7a1f6139-3164-49b2-b929-ce5517980126" /><UnitTestResult executionId="df231582-9cb6-410d-8c67-aa5c420d219d" testId="f5809fda-346b-41e4-a76c-01d825c33147" testName="Put_CanUpdateModel" computerName="VECTOR" duration="00:00:00.0320000" startTime="2018-07-17T05:19:35.2624903-04:00" endTime="2018-07-17T05:19:35.2624966-04:00" testType="13cdc9d9-ddb5-4fa4-a97d-d965ccfc6d4b" outcome="Passed" testListId="8c84fa94-04c1-424b-9868-57a2d4851a1d" relativeResultsDirectory="df231582-9cb6-410d-8c67-aa5c420d219d" /><UnitTestResult executionId="8169c21d-e893-4321-acb3-1f00f1058d05" testId="2871cc48-6d51-48e8-8856-55c454883f5d" testName="GetSingle_InvalidIdPropertyValueReturnsNotFound" computerName="VECTOR" duration="00:00:00.0040000" startTime="2018-07-17T05:19:24.9628755-04:00" endTime="2018-07-17T05:19:24.9628818-04:00" testType="13cdc9d9-ddb5-4fa4-a97d-d965ccfc6d4b" outcome="Passed" testListId="8c84fa94-04c1-424b-9868-57a2d4851a1d" relativeResultsDirectory="8169c21d-e893-4321-acb3-1f00f1058d05" /><UnitTestResult executionId="374dc750-716d-4b1c-b1a4-d1dc721a1f7a" testId="09287abf-ac18-4b80-9b4a-8053262ca3df" testName="Patch_InvalidPropertyNameReturnsBadRequest" computerName="VECTOR" duration="00:00:00.0030000" startTime="2018-07-17T05:19:26.9709629-04:00" endTime="2018-07-17T05:19:26.9709655-04:00" testType="13cdc9d9-ddb5-4fa4-a97d-d965ccfc6d4b" outcome="Passed" testListId="8c84fa94-04c1-424b-9868-57a2d4851a1d" relativeResultsDirectory="374dc750-716d-4b1c-b1a4-d1dc721a1f7a" /><UnitTestResult executionId="5f19d204-d461-4392-a96f-23f1d31846d3" testId="f1399f0b-112b-4751-ab70-ba518430cfb8" testName="Patch_MultipleInvalidReferencePropertiesReturnsMultipleValidationErrorsAndBadRequest" computerName="VECTOR" duration="00:00:00.0150000" startTime="2018-07-17T05:19:24.7177644-04:00" endTime="2018-07-17T05:19:24.7177709-04:00" testType="13cdc9d9-ddb5-4fa4-a97d-d965ccfc6d4b" outcome="Passed" testListId="8c84fa94-04c1-424b-9868-57a2d4851a1d" relativeResultsDirectory="5f19d204-d461-4392-a96f-23f1d31846d3" /><UnitTestResult executionId="8694facd-df8f-4963-9c66-32569a2d25c1" testId="b4755352-32b6-4188-973e-57b1ce705314" testName="Put_ValidReferencePropertyUpdatesModel" computerName="VECTOR" duration="00:00:00.0380000" startTime="2018-07-17T05:19:37.4957038-04:00" endTime="2018-07-17T05:19:37.4957100-04:00" testType="13cdc9d9-ddb5-4fa4-a97d-d965ccfc6d4b" outcome="Passed" testListId="8c84fa94-04c1-424b-9868-57a2d4851a1d" relativeResultsDirectory="8694facd-df8f-4963-9c66-32569a2d25c1" /><UnitTestResult executionId="500c8b9f-242c-4d29-9f9d-93fc0f5dd432" testId="0c9ade45-6755-47d1-aa51-2be70f22da7f" testName="PostFile_FileIsSynchronizedIsUpdatedAfterFileIsPosted" computerName="VECTOR" duration="00:00:00.0570000" startTime="2018-07-17T05:19:37.0955179-04:00" endTime="2018-07-17T05:19:37.0955233-04:00" testType="13cdc9d9-ddb5-4fa4-a97d-d965ccfc6d4b" outcome="Passed" testListId="8c84fa94-04c1-424b-9868-57a2d4851a1d" relativeResultsDirectory="500c8b9f-242c-4d29-9f9d-93fc0f5dd432" /><UnitTestResult executionId="2815a82d-0f79-4871-ae40-85c5f4e755f3" testId="9031c8bf-8cd3-4b70-a01f-fff4562fe944" testName="MeshTransformHasExpectedDependentFiles" computerName="VECTOR" duration="00:00:00.0010000" startTime="2018-07-17T05:19:22.2649416-04:00" endTime="2018-07-17T05:19:22.2649427-04:00" testType="13cdc9d9-ddb5-4fa4-a97d-d965ccfc6d4b" outcome="Passed" testListId="8c84fa94-04c1-424b-9868-57a2d4851a1d" relativeResultsDirectory="2815a82d-0f79-4871-ae40-85c5f4e755f3" /><UnitTestResult executionId="da9be133-5c69-465a-a999-3421b5d29276" testId="73e72504-c9e3-4769-aaee-97b170b838eb" testName="Patch_MultipleInvalidReferencePropertiesReturnsMultipleValidationErrorsAndBadRequest" computerName="VECTOR" duration="00:00:00.0160000" startTime="2018-07-17T05:19:23.7932453-04:00" endTime="2018-07-17T05:19:23.7932513-04:00" testType="13cdc9d9-ddb5-4fa4-a97d-d965ccfc6d4b" outcome="Passed" testListId="8c84fa94-04c1-424b-9868-57a2d4851a1d" relativeResultsDirectory="da9be133-5c69-465a-a999-3421b5d29276" /><UnitTestResult executionId="2d6ad370-9461-4fb9-b763-1a6ce8d2c290" testId="3bf30bf0-211c-4bb6-b5aa-3390267d8ec5" testName="Put_ValidReferencePropertyUpdatesModel" computerName="VECTOR" duration="00:00:00.0020000" startTime="2018-07-17T05:19:23.0402108-04:00" endTime="2018-07-17T05:19:23.0402131-04:00" testType="13cdc9d9-ddb5-4fa4-a97d-d965ccfc6d4b" outcome="Passed" testListId="8c84fa94-04c1-424b-9868-57a2d4851a1d" relativeResultsDirectory="2d6ad370-9461-4fb9-b763-1a6ce8d2c290" /><UnitTestResult executionId="fa74fe5d-6fba-4f0f-8b59-d4450e361f63" testId="07cefbb5-f00e-4dff-8016-f028a2b75068" testName="Put_CanUpdateModel" computerName="VECTOR" duration="00:00:00.0410000" startTime="2018-07-17T05:19:37.3513929-04:00" endTime="2018-07-17T05:19:37.3513989-04:00" testType="13cdc9d9-ddb5-4fa4-a97d-d965ccfc6d4b" outcome="Passed" testListId="8c84fa94-04c1-424b-9868-57a2d4851a1d" relativeResultsDirectory="fa74fe5d-6fba-4f0f-8b59-d4450e361f63" /><UnitTestResult executionId="dc02758b-5f93-4cdd-b377-57385767964b" testId="e4aef673-2b81-4c47-a0cd-baec70f28d96" testName="Put_ValidReferencePropertyUpdatesModel" computerName="VECTOR" duration="00:00:00.0580000" startTime="2018-07-17T05:19:24.8309913-04:00" endTime="2018-07-17T05:19:24.8309979-04:00" testType="13cdc9d9-ddb5-4fa4-a97d-d965ccfc6d4b" outcome="Passed" testListId="8c84fa94-04c1-424b-9868-57a2d4851a1d" relativeResultsDirectory="dc02758b-5f93-4cdd-b377-57385767964b" /><UnitTestResult executionId="46fb281c-fb7b-4f9c-871e-fb5b4758040f" testId="888bf5d2-48f6-4f95-b667-344fc87881b1" testName="PostFile_FileIsSynchronizedIsUpdatedAfterFileIsPosted" computerName="VECTOR" duration="00:00:00.0010000" startTime="2018-07-17T05:19:24.4872550-04:00" endTime="2018-07-17T05:19:24.4872567-04:00" testType="13cdc9d9-ddb5-4fa4-a97d-d965ccfc6d4b" outcome="Passed" testListId="8c84fa94-04c1-424b-9868-57a2d4851a1d" relativeResultsDirectory="46fb281c-fb7b-4f9c-871e-fb5b4758040f" /><UnitTestResult executionId="c3fcea5d-279e-4c08-be07-0a36b3766fb1" testId="6457eb08-e86b-48d6-ba2b-dcfef344fcb0" testName="GetFile_NonExistentFileReturnsNotFound" computerName="VECTOR" duration="00:00:00.0090000" startTime="2018-07-17T05:19:27.0601160-04:00" endTime="2018-07-17T05:19:27.0601197-04:00" testType="13cdc9d9-ddb5-4fa4-a97d-d965ccfc6d4b" outcome="Passed" testListId="8c84fa94-04c1-424b-9868-57a2d4851a1d" relativeResultsDirectory="c3fcea5d-279e-4c08-be07-0a36b3766fb1" /><UnitTestResult executionId="651842d9-2181-434d-bd2c-e0049f68b602" testId="b9c28fc4-b0d8-4b11-8e56-952d9c1524ae" testName="FileRequest_DepthBufferIsInvalidatedAfterCameraDependencyPropertyChange" computerName="VECTOR" duration="00:00:00.3210000" startTime="2018-07-17T05:19:36.9834062-04:00" endTime="2018-07-17T05:19:36.9834124-04:00" testType="13cdc9d9-ddb5-4fa4-a97d-d965ccfc6d4b" outcome="Passed" testListId="8c84fa94-04c1-424b-9868-57a2d4851a1d" relativeResultsDirectory="651842d9-2181-434d-bd2c-e0049f68b602" /><UnitTestResult executionId="07331389-3a64-45e4-a06e-0057cb6c2839" testId="ce9a694a-b156-4185-848d-4615c5d5d727" testName="PutFile_FileCanBeUpdated" computerName="VECTOR" duration="00:00:00.1080000" startTime="2018-07-17T05:19:28.9079067-04:00" endTime="2018-07-17T05:19:28.9079127-04:00" testType="13cdc9d9-ddb5-4fa4-a97d-d965ccfc6d4b" outcome="Passed" testListId="8c84fa94-04c1-424b-9868-57a2d4851a1d" relativeResultsDirectory="07331389-3a64-45e4-a06e-0057cb6c2839" /><UnitTestResult executionId="344509a8-5aa3-4f4b-9af8-fdbe47b5e740" testId="91153149-5bd6-4273-bde5-412a393afd9a" testName="CameraHasExpectedDependentFiles" computerName="VECTOR" duration="00:00:00.0010000" startTime="2018-07-17T05:19:22.2647085-04:00" endTime="2018-07-17T05:19:22.2647096-04:00" testType="13cdc9d9-ddb5-4fa4-a97d-d965ccfc6d4b" outcome="Passed" testListId="8c84fa94-04c1-424b-9868-57a2d4851a1d" relativeResultsDirectory="344509a8-5aa3-4f4b-9af8-fdbe47b5e740" /><UnitTestResult executionId="323c02c2-f54a-4112-911c-e34913d8d35e" testId="92b440e6-9006-489e-889e-133e3bafb940" testName="Post_ValidReferencePropertyCreatesModel" computerName="VECTOR" duration="00:00:00.0020000" startTime="2018-07-17T05:19:22.7207575-04:00" endTime="2018-07-17T05:19:22.7207598-04:00" testType="13cdc9d9-ddb5-4fa4-a97d-d965ccfc6d4b" outcome="Passed" testListId="8c84fa94-04c1-424b-9868-57a2d4851a1d" relativeResultsDirectory="323c02c2-f54a-4112-911c-e34913d8d35e" /><UnitTestResult executionId="6fbe6f77-de80-4ff1-9f84-18db2f5f904e" testId="a5c6d6bf-2736-4ffa-9b96-4a195938471d" testName="Delete_TargetModelIsDeleted" computerName="VECTOR" duration="00:00:00.0870000" startTime="2018-07-17T05:19:24.7026948-04:00" endTime="2018-07-17T05:19:24.7027013-04:00" testType="13cdc9d9-ddb5-4fa4-a97d-d965ccfc6d4b" outcome="Passed" testListId="8c84fa94-04c1-424b-9868-57a2d4851a1d" relativeResultsDirectory="6fbe6f77-de80-4ff1-9f84-18db2f5f904e" /><UnitTestResult executionId="4b4c8667-b82f-4da6-a9f9-d85a758c52ee" testId="21261a4a-00b1-4bbb-917b-f056adb1ef85" testName="GetFile_FileCanBeRoundTripped" computerName="VECTOR" duration="00:00:00.0720000" startTime="2018-07-17T05:19:24.4813147-04:00" endTime="2018-07-17T05:19:24.4813203-04:00" testType="13cdc9d9-ddb5-4fa4-a97d-d965ccfc6d4b" outcome="Passed" testListId="8c84fa94-04c1-424b-9868-57a2d4851a1d" relativeResultsDirectory="4b4c8667-b82f-4da6-a9f9-d85a758c52ee" /><UnitTestResult executionId="3c385898-077a-488d-8e2f-1395406a8098" testId="3058a578-afe1-4f16-b698-0fecd78a5b3e" testName="Patch_InvalidEnumPropertyValueReturnsBadRequest" computerName="VECTOR" duration="00:00:00.0150000" startTime="2018-07-17T05:19:34.6563834-04:00" endTime="2018-07-17T05:19:34.6563896-04:00" testType="13cdc9d9-ddb5-4fa4-a97d-d965ccfc6d4b" outcome="Passed" testListId="8c84fa94-04c1-424b-9868-57a2d4851a1d" relativeResultsDirectory="3c385898-077a-488d-8e2f-1395406a8098" /><UnitTestResult executionId="5d52b957-20e7-440c-a859-808bd6b7bc25" testId="fc7e46c7-9226-4e86-989a-f6d68566d7bc" testName="PostFile_FileTimeStampIsUpdatedAfterFileIsPosted" computerName="VECTOR" duration="00:00:00.0010000" startTime="2018-07-17T05:19:23.8994130-04:00" endTime="2018-07-17T05:19:23.8994156-04:00" testType="13cdc9d9-ddb5-4fa4-a97d-d965ccfc6d4b" outcome="Passed" testListId="8c84fa94-04c1-424b-9868-57a2d4851a1d" relativeResultsDirectory="5d52b957-20e7-440c-a859-808bd6b7bc25" /><UnitTestResult executionId="dcede9f4-67a8-43ec-86d2-0d1a03723c75" testId="5bf6bedb-6de8-4ac2-b47b-7d33003849ae" testName="PostFile_FileIsSynchronizedIsUpdatedAfterFileIsPosted" computerName="VECTOR" duration="00:00:00.1000000" startTime="2018-07-17T05:19:32.3464385-04:00" endTime="2018-07-17T05:19:32.3464451-04:00" testType="13cdc9d9-ddb5-4fa4-a97d-d965ccfc6d4b" outcome="Passed" testListId="8c84fa94-04c1-424b-9868-57a2d4851a1d" relativeResultsDirectory="dcede9f4-67a8-43ec-86d2-0d1a03723c75" /><UnitTestResult executionId="8f66c009-102c-41ed-89bb-b324cf048f42" testId="cd2a93ed-4a92-4a97-a0c7-fcb028fb4477" testName="Patch_InvalidReferencePropertyReturnsBadRequest" computerName="VECTOR" duration="00:00:00.0100000" startTime="2018-07-17T05:19:23.8701303-04:00" endTime="2018-07-17T05:19:23.8701357-04:00" testType="13cdc9d9-ddb5-4fa4-a97d-d965ccfc6d4b" outcome="Passed" testListId="8c84fa94-04c1-424b-9868-57a2d4851a1d" relativeResultsDirectory="8f66c009-102c-41ed-89bb-b324cf048f42" /><UnitTestResult executionId="35ba43a5-3ca4-49c8-b69d-6847225b75b9" testId="03c3389f-f75a-42f5-8375-8741618bbff2" testName="Post_CanCreateNewModel" computerName="VECTOR" duration="00:00:00.0100000" startTime="2018-07-17T05:19:23.0520561-04:00" endTime="2018-07-17T05:19:23.0520609-04:00" testType="13cdc9d9-ddb5-4fa4-a97d-d965ccfc6d4b" outcome="Passed" testListId="8c84fa94-04c1-424b-9868-57a2d4851a1d" relativeResultsDirectory="35ba43a5-3ca4-49c8-b69d-6847225b75b9" /><UnitTestResult executionId="7f5a1110-deef-42d6-a902-4dbdd31126eb" testId="9d57a3f1-8b96-44bd-85e7-59c7cf119d32" testName="Patch_MultipleInvalidReferencePropertiesReturnsMultipleValidationErrorsAndBadRequest" computerName="VECTOR" duration="00:00:00.0100000" startTime="2018-07-17T05:19:35.1527131-04:00" endTime="2018-07-17T05:19:35.1527193-04:00" testType="13cdc9d9-ddb5-4fa4-a97d-d965ccfc6d4b" outcome="Passed" testListId="8c84fa94-04c1-424b-9868-57a2d4851a1d" relativeResultsDirectory="7f5a1110-deef-42d6-a902-4dbdd31126eb" /><UnitTestResult executionId="bd1278f8-eda2-45a9-b293-8a743c357c92" testId="999640dd-fc68-4d48-88b0-a1d5ab905ef2" testName="Patch_ValidReferencePropertyUpdatesModel" computerName="VECTOR" duration="00:00:00.0350000" startTime="2018-07-17T05:19:35.2119915-04:00" endTime="2018-07-17T05:19:35.2119989-04:00" testType="13cdc9d9-ddb5-4fa4-a97d-d965ccfc6d4b" outcome="Passed" testListId="8c84fa94-04c1-424b-9868-57a2d4851a1d" relativeResultsDirectory="bd1278f8-eda2-45a9-b293-8a743c357c92" /><UnitTestResult executionId="2a86c798-9b06-4f1b-9f40-c450ebf2a411" testId="b441f8c4-1656-4898-821f-c4c337c6c325" testName="Put_InvalidIdReturnsNotFound" computerName="VECTOR" duration="00:00:00.0100000" startTime="2018-07-17T05:19:35.1737779-04:00" endTime="2018-07-17T05:19:35.1737839-04:00" testType="13cdc9d9-ddb5-4fa4-a97d-d965ccfc6d4b" outcome="Passed" testListId="8c84fa94-04c1-424b-9868-57a2d4851a1d" relativeResultsDirectory="2a86c798-9b06-4f1b-9f40-c450ebf2a411" /><UnitTestResult executionId="517a790f-ced8-46d7-b64f-993062d8f3d2" testId="07875db7-9cfb-40d7-96fb-6bb47d3068cb" testName="Patch_InvalidEnumPropertyValueReturnsBadRequest" computerName="VECTOR" duration="00:00:00.0050000" startTime="2018-07-17T05:19:23.8467805-04:00" endTime="2018-07-17T05:19:23.8467836-04:00" testType="13cdc9d9-ddb5-4fa4-a97d-d965ccfc6d4b" outcome="Passed" testListId="8c84fa94-04c1-424b-9868-57a2d4851a1d" relativeResultsDirectory="517a790f-ced8-46d7-b64f-993062d8f3d2" /><UnitTestResult executionId="4bb5d734-2828-4219-9d73-ea96fedb0c89" testId="e2993246-5a31-42a9-8f64-224aa0edf500" testName="Patch_ValidReferencePropertyUpdatesModel" computerName="VECTOR" duration="00:00:00.5870000" startTime="2018-07-17T05:19:26.4691518-04:00" endTime="2018-07-17T05:19:26.4691578-04:00" testType="13cdc9d9-ddb5-4fa4-a97d-d965ccfc6d4b" outcome="Passed" testListId="8c84fa94-04c1-424b-9868-57a2d4851a1d" relativeResultsDirectory="4bb5d734-2828-4219-9d73-ea96fedb0c89" /><UnitTestResult executionId="3460adbf-4e03-4ed5-af73-5fc462e26719" testId="c8b9f06a-5901-4995-847a-74988c1c5cd0" testName="GetList_ListReturnsCorrectCount" computerName="VECTOR" duration="00:00:00.0990000" startTime="2018-07-17T05:19:34.7554823-04:00" endTime="2018-07-17T05:19:34.7554880-04:00" testType="13cdc9d9-ddb5-4fa4-a97d-d965ccfc6d4b" outcome="Passed" testListId="8c84fa94-04c1-424b-9868-57a2d4851a1d" relativeResultsDirectory="3460adbf-4e03-4ed5-af73-5fc462e26719" /><UnitTestResult executionId="609f1f27-ebfc-4e51-b8e8-bd4b7a86a7c2" testId="38543c9f-141f-479b-8b80-4e4e69eb208e" testName="GetList_ListReturnsCorrectCount" computerName="VECTOR" duration="00:00:00.0360000" startTime="2018-07-17T05:19:24.7727545-04:00" endTime="2018-07-17T05:19:24.7727611-04:00" testType="13cdc9d9-ddb5-4fa4-a97d-d965ccfc6d4b" outcome="Passed" testListId="8c84fa94-04c1-424b-9868-57a2d4851a1d" relativeResultsDirectory="609f1f27-ebfc-4e51-b8e8-bd4b7a86a7c2" /><UnitTestResult executionId="a3d305b9-34f6-42b1-aa44-5a4cdc173da5" testId="c12da431-60c5-4057-88ed-bace498f9e16" testName="Patch_InvalidIdPropertyReturnsNotFound" computerName="VECTOR" duration="00:00:00.0070000" startTime="2018-07-17T05:19:24.8607164-04:00" endTime="2018-07-17T05:19:24.8607209-04:00" testType="13cdc9d9-ddb5-4fa4-a97d-d965ccfc6d4b" outcome="Passed" testListId="8c84fa94-04c1-424b-9868-57a2d4851a1d" relativeResultsDirectory="a3d305b9-34f6-42b1-aa44-5a4cdc173da5" /><UnitTestResult executionId="e4606cb4-850a-4830-8465-141c9f82720f" testId="6001cbc7-5197-4f75-8377-608aae087528" testName="Put_CanUpdateModel" computerName="VECTOR" duration="00:00:00.0770000" startTime="2018-07-17T05:19:23.6319985-04:00" endTime="2018-07-17T05:19:23.6320048-04:00" testType="13cdc9d9-ddb5-4fa4-a97d-d965ccfc6d4b" outcome="Passed" testListId="8c84fa94-04c1-424b-9868-57a2d4851a1d" relativeResultsDirectory="e4606cb4-850a-4830-8465-141c9f82720f" /><UnitTestResult executionId="318402fc-2a35-4686-9a01-07562deb82b5" testId="d35825f7-02b9-44cb-bc6a-e1bca96c01ac" testName="PutFile_FileCanBeUpdated" computerName="VECTOR" duration="00:00:00.1100000" startTime="2018-07-17T05:19:36.5753923-04:00" endTime="2018-07-17T05:19:36.5753988-04:00" testType="13cdc9d9-ddb5-4fa4-a97d-d965ccfc6d4b" outcome="Passed" testListId="8c84fa94-04c1-424b-9868-57a2d4851a1d" relativeResultsDirectory="318402fc-2a35-4686-9a01-07562deb82b5" /><UnitTestResult executionId="4628837d-410e-44b5-9b26-c83571cebd07" testId="197d37f8-ebe7-4f42-9d01-dd29e1767368" testName="Post_InvalidPropertyValueReturnsBadRequest" computerName="VECTOR" duration="00:00:00.0020000" startTime="2018-07-17T05:19:35.1764146-04:00" endTime="2018-07-17T05:19:35.1764171-04:00" testType="13cdc9d9-ddb5-4fa4-a97d-d965ccfc6d4b" outcome="Passed" testListId="8c84fa94-04c1-424b-9868-57a2d4851a1d" relativeResultsDirectory="4628837d-410e-44b5-9b26-c83571cebd07" /><UnitTestResult executionId="40287fbf-baa4-426c-9793-29e4dc42cc3d" testId="be10f11a-a4f6-466f-a9f0-0463dbb46fe2" testName="Post_CanCreateNewModel" computerName="VECTOR" duration="00:00:00.0100000" startTime="2018-07-17T05:19:26.9556773-04:00" endTime="2018-07-17T05:19:26.9556821-04:00" testType="13cdc9d9-ddb5-4fa4-a97d-d965ccfc6d4b" outcome="Passed" testListId="8c84fa94-04c1-424b-9868-57a2d4851a1d" relativeResultsDirectory="40287fbf-baa4-426c-9793-29e4dc42cc3d" /><UnitTestResult executionId="60a392da-42fe-4e3d-8228-570846ca0d81" testId="09a08f7b-2ab5-41c0-96e6-66156c21b990" testName="Delete_TargetModelIsDeleted" computerName="VECTOR" duration="00:00:00.2550000" startTime="2018-07-17T05:19:22.9776383-04:00" endTime="2018-07-17T05:19:22.9776446-04:00" testType="13cdc9d9-ddb5-4fa4-a97d-d965ccfc6d4b" outcome="Passed" testListId="8c84fa94-04c1-424b-9868-57a2d4851a1d" relativeResultsDirectory="60a392da-42fe-4e3d-8228-570846ca0d81" /><UnitTestResult executionId="e3b5dccf-3a46-4e94-bb57-14bee2f79c61" testId="b93737aa-ef24-47c1-8574-ffb7867fcfe3" testName="Put_InvalidIdReturnsNotFound" computerName="VECTOR" duration="00:00:00.4840000" startTime="2018-07-17T05:19:25.8813866-04:00" endTime="2018-07-17T05:19:25.8813928-04:00" testType="13cdc9d9-ddb5-4fa4-a97d-d965ccfc6d4b" outcome="Passed" testListId="8c84fa94-04c1-424b-9868-57a2d4851a1d" relativeResultsDirectory="e3b5dccf-3a46-4e94-bb57-14bee2f79c61" /><UnitTestResult executionId="055e5ea7-55da-4ddf-a499-d0428ddfadfb" testId="0852aeec-50a5-4028-a246-642233c4a49a" testName="Post_ValidReferencePropertyCreatesModel" computerName="VECTOR" duration="00:00:00.0140000" startTime="2018-07-17T05:19:37.3754560-04:00" endTime="2018-07-17T05:19:37.3754623-04:00" testType="13cdc9d9-ddb5-4fa4-a97d-d965ccfc6d4b" outcome="Passed" testListId="8c84fa94-04c1-424b-9868-57a2d4851a1d" relativeResultsDirectory="055e5ea7-55da-4ddf-a499-d0428ddfadfb" /><UnitTestResult executionId="07496575-70d1-4255-a8a8-55e85b27feaf" testId="abca81fe-2551-4e7b-9fba-d2ce54bb5f38" testName="Patch_InvalidIdPropertyReturnsNotFound" computerName="VECTOR" duration="00:00:00.0040000" startTime="2018-07-17T05:19:34.9410085-04:00" endTime="2018-07-17T05:19:34.9410127-04:00" testType="13cdc9d9-ddb5-4fa4-a97d-d965ccfc6d4b" outcome="Passed" testListId="8c84fa94-04c1-424b-9868-57a2d4851a1d" relativeResultsDirectory="07496575-70d1-4255-a8a8-55e85b27feaf" /><UnitTestResult executionId="a58621ce-83d3-4744-8d9d-9e734ea48f09" testId="b30e6e39-83c3-4326-b2dd-cf544703d1fe" testName="LucyModel3dHasTwoDependents" computerName="VECTOR" duration="00:00:01.2390000" startTime="2018-07-17T05:19:22.2561469-04:00" endTime="2018-07-17T05:19:22.2561534-04:00" testType="13cdc9d9-ddb5-4fa4-a97d-d965ccfc6d4b" outcome="Passed" testListId="8c84fa94-04c1-424b-9868-57a2d4851a1d" relativeResultsDirectory="a58621ce-83d3-4744-8d9d-9e734ea48f09" /><UnitTestResult executionId="5ad0f991-ab9c-4683-be1a-63c3c23c6c08" testId="3e7dc2d9-bacb-4994-b215-07b747803854" testName="Post_InvalidPropertyValueReturnsBadRequest" computerName="VECTOR" duration="00:00:00.0020000" startTime="2018-07-17T05:19:24.8334964-04:00" endTime="2018-07-17T05:19:24.8334990-04:00" testType="13cdc9d9-ddb5-4fa4-a97d-d965ccfc6d4b" outcome="Passed" testListId="8c84fa94-04c1-424b-9868-57a2d4851a1d" relativeResultsDirectory="5ad0f991-ab9c-4683-be1a-63c3c23c6c08" /><UnitTestResult executionId="78112ab3-1982-4f98-b702-6096c53b4d15" testId="0cfa0cef-40b7-4063-9d2a-cdbddfbafe96" testName="Patch_MultipleInvalidReferencePropertiesReturnsMultipleValidationErrorsAndBadRequest" computerName="VECTOR" duration="00:00:00.0020000" startTime="2018-07-17T05:19:23.1917909-04:00" endTime="2018-07-17T05:19:23.1917935-04:00" testType="13cdc9d9-ddb5-4fa4-a97d-d965ccfc6d4b" outcome="Passed" testListId="8c84fa94-04c1-424b-9868-57a2d4851a1d" relativeResultsDirectory="78112ab3-1982-4f98-b702-6096c53b4d15" /><UnitTestResult executionId="0a1ac92a-15dd-473e-9233-cc9bfdb10ceb" testId="243efa45-d3fd-497c-aba8-0efa1cefbe6f" testName="Patch_InvalidPropertyNameReturnsBadRequest" computerName="VECTOR" duration="00:00:00.0050000" startTime="2018-07-17T05:19:37.4027070-04:00" endTime="2018-07-17T05:19:37.4027113-04:00" testType="13cdc9d9-ddb5-4fa4-a97d-d965ccfc6d4b" outcome="Passed" testListId="8c84fa94-04c1-424b-9868-57a2d4851a1d" relativeResultsDirectory="0a1ac92a-15dd-473e-9233-cc9bfdb10ceb" /><UnitTestResult executionId="ed11577f-59d9-486b-9d36-2b1f186d9de8" testId="b33cbdba-6e16-4a3b-ab0d-cbec0bfff9d7" testName="DepthBufferHasExpectedDependentFiles" computerName="VECTOR" duration="00:00:00.0010000" startTime="2018-07-17T05:19:22.2690879-04:00" endTime="2018-07-17T05:19:22.2690893-04:00" testType="13cdc9d9-ddb5-4fa4-a97d-d965ccfc6d4b" outcome="Passed" testListId="8c84fa94-04c1-424b-9868-57a2d4851a1d" relativeResultsDirectory="ed11577f-59d9-486b-9d36-2b1f186d9de8" /><UnitTestResult executionId="58dd5ecd-c50e-4ec5-b20f-b2f004e227a4" testId="cbe2a7fc-7e93-4c24-980c-5f9f4a394c28" testName="Post_InvalidReferencePropertyReturnsBadRequest" computerName="VECTOR" duration="00:00:00.0010000" startTime="2018-07-17T05:19:22.7221812-04:00" endTime="2018-07-17T05:19:22.7221837-04:00" testType="13cdc9d9-ddb5-4fa4-a97d-d965ccfc6d4b" outcome="Passed" testListId="8c84fa94-04c1-424b-9868-57a2d4851a1d" relativeResultsDirectory="58dd5ecd-c50e-4ec5-b20f-b2f004e227a4" /><UnitTestResult executionId="440cbd57-ba86-4d42-8165-6c604e6294ae" testId="c6ebcee8-2405-4bef-bb33-c65cf71620b9" testName="Put_InvalidIdReturnsNotFound" computerName="VECTOR" duration="00:00:00.0420000" startTime="2018-07-17T05:19:23.6835997-04:00" endTime="2018-07-17T05:19:23.6836051-04:00" testType="13cdc9d9-ddb5-4fa4-a97d-d965ccfc6d4b" outcome="Passed" testListId="8c84fa94-04c1-424b-9868-57a2d4851a1d" relativeResultsDirectory="440cbd57-ba86-4d42-8165-6c604e6294ae" /><UnitTestResult executionId="c2a37cc7-4581-4607-a6ed-940e8d820060" testId="99d935f8-1b24-4e22-8369-ac24cdf9858b" testName="Patch_TargetPropertyIsUpdated" computerName="VECTOR" duration="00:00:00.0410000" startTime="2018-07-17T05:19:37.5375539-04:00" endTime="2018-07-17T05:19:37.5375599-04:00" testType="13cdc9d9-ddb5-4fa4-a97d-d965ccfc6d4b" outcome="Passed" testListId="8c84fa94-04c1-424b-9868-57a2d4851a1d" relativeResultsDirectory="c2a37cc7-4581-4607-a6ed-940e8d820060" /><UnitTestResult executionId="8f6ab2b8-8caa-439e-a9d6-38da14d385c3" testId="fbfbf7ba-9e59-4a65-9b0f-288dd8ef1a2f" testName="FileRequest_MeshGenerateSetsFileIsSynchronized" computerName="VECTOR" duration="00:00:02.1060000" startTime="2018-07-17T05:19:32.2456994-04:00" endTime="2018-07-17T05:19:32.2457053-04:00" testType="13cdc9d9-ddb5-4fa4-a97d-d965ccfc6d4b" outcome="Passed" testListId="8c84fa94-04c1-424b-9868-57a2d4851a1d" relativeResultsDirectory="8f6ab2b8-8caa-439e-a9d6-38da14d385c3" /><UnitTestResult executionId="0ce2069f-9af8-443f-bf50-308306fd4a39" testId="396fa849-8b01-4891-ae4a-9d27e5237ac2" testName="Put_InvalidReferencePropertyReturndBadRequest" computerName="VECTOR" duration="00:00:00.0080000" startTime="2018-07-17T05:19:24.8537100-04:00" endTime="2018-07-17T05:19:24.8537143-04:00" testType="13cdc9d9-ddb5-4fa4-a97d-d965ccfc6d4b" outcome="Passed" testListId="8c84fa94-04c1-424b-9868-57a2d4851a1d" relativeResultsDirectory="0ce2069f-9af8-443f-bf50-308306fd4a39" /><UnitTestResult executionId="dca229e6-8790-4797-9817-41ef8a307ce0" testId="0c4471bc-e69a-4071-b73e-b1de2d4ceed4" testName="Patch_ValidReferencePropertyUpdatesModel" computerName="VECTOR" duration="00:00:00.0320000" startTime="2018-07-17T05:19:24.8937232-04:00" endTime="2018-07-17T05:19:24.8937291-04:00" testType="13cdc9d9-ddb5-4fa4-a97d-d965ccfc6d4b" outcome="Passed" testListId="8c84fa94-04c1-424b-9868-57a2d4851a1d" relativeResultsDirectory="dca229e6-8790-4797-9817-41ef8a307ce0" /><UnitTestResult executionId="b85707fa-1178-44d6-9e30-d56da0c5d162" testId="cf119adc-2d2a-42b4-994b-6ea5e69149aa" testName="Patch_ValidReferencePropertyUpdatesModel" computerName="VECTOR" duration="00:00:00.0400000" startTime="2018-07-17T05:19:37.4457747-04:00" endTime="2018-07-17T05:19:37.4457820-04:00" testType="13cdc9d9-ddb5-4fa4-a97d-d965ccfc6d4b" outcome="Passed" testListId="8c84fa94-04c1-424b-9868-57a2d4851a1d" relativeResultsDirectory="b85707fa-1178-44d6-9e30-d56da0c5d162" /><UnitTestResult executionId="9cebe1cc-5e1f-475f-b897-43a3b5696143" testId="161407d9-0268-47c3-9535-2a8e833a6198" testName="Delete_TargetModelIsDeleted" computerName="VECTOR" duration="00:00:00.0130000" startTime="2018-07-17T05:19:37.2624400-04:00" endTime="2018-07-17T05:19:37.2624457-04:00" testType="13cdc9d9-ddb5-4fa4-a97d-d965ccfc6d4b" outcome="Passed" testListId="8c84fa94-04c1-424b-9868-57a2d4851a1d" relativeResultsDirectory="9cebe1cc-5e1f-475f-b897-43a3b5696143" /><UnitTestResult executionId="4bfde404-2b59-43e3-a417-a22b672a2c39" testId="1b0a553d-22a7-4b56-b44e-0f9d3b98ead7" testName="Post_CanCreateNewModel" computerName="VECTOR" duration="00:00:00.0100000" startTime="2018-07-17T05:19:37.2408310-04:00" endTime="2018-07-17T05:19:37.2408364-04:00" testType="13cdc9d9-ddb5-4fa4-a97d-d965ccfc6d4b" outcome="Passed" testListId="8c84fa94-04c1-424b-9868-57a2d4851a1d" relativeResultsDirectory="4bfde404-2b59-43e3-a417-a22b672a2c39" /><UnitTestResult executionId="7c71fb08-7576-49e8-adc3-dcf886f1b007" testId="9f0fde53-a4d6-4188-bfb0-c13d36149185" testName="PutFile_NewFileCanBePut" computerName="VECTOR" duration="00:00:00.0500000" startTime="2018-07-17T05:19:37.0381401-04:00" endTime="2018-07-17T05:19:37.0381452-04:00" testType="13cdc9d9-ddb5-4fa4-a97d-d965ccfc6d4b" outcome="Passed" testListId="8c84fa94-04c1-424b-9868-57a2d4851a1d" relativeResultsDirectory="7c71fb08-7576-49e8-adc3-dcf886f1b007" /><UnitTestResult executionId="1e1907f6-e9b6-4972-9a0e-d6d9da640e79" testId="c7a459c0-d506-4ce4-bf52-7314ff71e305" testName="GetFile_ExistingFileReturnsSuccess" computerName="VECTOR" duration="00:00:00.0680000" startTime="2018-07-17T05:19:24.2562550-04:00" endTime="2018-07-17T05:19:24.2562626-04:00" testType="13cdc9d9-ddb5-4fa4-a97d-d965ccfc6d4b" outcome="Passed" testListId="8c84fa94-04c1-424b-9868-57a2d4851a1d" relativeResultsDirectory="1e1907f6-e9b6-4972-9a0e-d6d9da640e79" /><UnitTestResult executionId="111bd92c-a09e-4e87-9c07-73325c161c0e" testId="60148ad9-9055-4292-8454-4be99f192a24" testName="Post_InvalidReferencePropertyReturnsBadRequest" computerName="VECTOR" duration="00:00:00.0640000" startTime="2018-07-17T05:19:23.2728241-04:00" endTime="2018-07-17T05:19:23.2728301-04:00" testType="13cdc9d9-ddb5-4fa4-a97d-d965ccfc6d4b" outcome="Passed" testListId="8c84fa94-04c1-424b-9868-57a2d4851a1d" relativeResultsDirectory="111bd92c-a09e-4e87-9c07-73325c161c0e" /><UnitTestResult executionId="43fa1552-9bd5-4236-899a-e4e748698ee6" testId="42d7b73f-373d-4f3a-b143-741887a25848" testName="LucyCameraFindsAllDependents" computerName="VECTOR" duration="00:00:00.0080000" startTime="2018-07-17T05:19:22.2644003-04:00" endTime="2018-07-17T05:19:22.2644043-04:00" testType="13cdc9d9-ddb5-4fa4-a97d-d965ccfc6d4b" outcome="Passed" testListId="8c84fa94-04c1-424b-9868-57a2d4851a1d" relativeResultsDirectory="43fa1552-9bd5-4236-899a-e4e748698ee6" /><UnitTestResult executionId="4ccbae74-861b-4b5e-b149-b01d222d4732" testId="14887c75-5c5e-4a29-8f1c-74dee666f82e" testName="GetFile_FileCanBeRoundTripped" computerName="VECTOR" duration="00:00:00.0680000" startTime="2018-07-17T05:19:28.7994818-04:00" endTime="2018-07-17T05:19:28.7994878-04:00" testType="13cdc9d9-ddb5-4fa4-a97d-d965ccfc6d4b" outcome="Passed" testListId="8c84fa94-04c1-424b-9868-57a2d4851a1d" relativeResultsDirectory="4ccbae74-861b-4b5e-b149-b01d222d4732" /><UnitTestResult executionId="ace17512-6c6e-4a2b-906d-dd27e2beea49" testId="50f7cf95-c8f6-4c95-93d7-45f6cc9af9dc" testName="Put_ValidReferencePropertyUpdatesModel" computerName="VECTOR" duration="00:00:00.0280000" startTime="2018-07-17T05:19:26.9107330-04:00" endTime="2018-07-17T05:19:26.9107396-04:00" testType="13cdc9d9-ddb5-4fa4-a97d-d965ccfc6d4b" outcome="Passed" testListId="8c84fa94-04c1-424b-9868-57a2d4851a1d" relativeResultsDirectory="ace17512-6c6e-4a2b-906d-dd27e2beea49" /><UnitTestResult executionId="16f15161-7789-463b-964c-13b952598830" testId="cb9dfea0-a67e-4a6e-b78e-db7ae821d3d6" testName="PutFile_NewFileCanBePut" computerName="VECTOR" duration="00:00:00.1490000" startTime="2018-07-17T05:19:24.0488378-04:00" endTime="2018-07-17T05:19:24.0488440-04:00" testType="13cdc9d9-ddb5-4fa4-a97d-d965ccfc6d4b" outcome="Passed" testListId="8c84fa94-04c1-424b-9868-57a2d4851a1d" relativeResultsDirectory="16f15161-7789-463b-964c-13b952598830" /><UnitTestResult executionId="d349bf32-dee3-491e-b832-61c0949afea0" testId="46ff5ba4-e38c-4a3d-b845-92c09a78b9dc" testName="Patch_MultipleInvalidReferencePropertiesReturnsMultipleValidationErrorsAndBadRequest" computerName="VECTOR" duration="00:00:00.0160000" startTime="2018-07-17T05:19:26.9998738-04:00" endTime="2018-07-17T05:19:26.9998798-04:00" testType="13cdc9d9-ddb5-4fa4-a97d-d965ccfc6d4b" outcome="Passed" testListId="8c84fa94-04c1-424b-9868-57a2d4851a1d" relativeResultsDirectory="d349bf32-dee3-491e-b832-61c0949afea0" /><UnitTestResult executionId="3280a7bf-e6eb-48dc-9da4-0cb8897d5e4f" testId="c7e651ad-eca2-49fe-a18d-df82cf10bc6e" testName="Post_InvalidPropertyValueReturnsBadRequest" computerName="VECTOR" duration="00:00:00.0020000" startTime="2018-07-17T05:19:27.0499752-04:00" endTime="2018-07-17T05:19:27.0499778-04:00" testType="13cdc9d9-ddb5-4fa4-a97d-d965ccfc6d4b" outcome="Passed" testListId="8c84fa94-04c1-424b-9868-57a2d4851a1d" relativeResultsDirectory="3280a7bf-e6eb-48dc-9da4-0cb8897d5e4f" /><UnitTestResult executionId="a36cf0ec-ea92-4de4-86c6-1511a7a8ccf0" testId="c68888ab-14f2-4ff4-89e7-8544efe86268" testName="GetSingle_InvalidIdPropertyValueReturnsNotFound" computerName="VECTOR" duration="00:00:00.0030000" startTime="2018-07-17T05:19:26.9782735-04:00" endTime="2018-07-17T05:19:26.9782780-04:00" testType="13cdc9d9-ddb5-4fa4-a97d-d965ccfc6d4b" outcome="Passed" testListId="8c84fa94-04c1-424b-9868-57a2d4851a1d" relativeResultsDirectory="a36cf0ec-ea92-4de4-86c6-1511a7a8ccf0" /></Results><TestDefinitions><UnitTest name="Put_ValidReferencePropertyUpdatesModel" storage="d:\users\steve knipmeyer\documents\github\modelrelief\modelrelief.test\bin\debug\netcoreapp2.0\modelrelief.test.dll" id="b4755352-32b6-4188-973e-57b1ce705314"><Execution id="8694facd-df8f-4963-9c66-32569a2d25c1" /><TestMethod codeBase="D:\Users\Steve Knipmeyer\Documents\GitHub\ModelRelief\ModelRelief.test\bin\Debug\netcoreapp2.0\ModelRelief.Test.dll" adapterTypeName="executor://xunit/VsTestRunner2/netcoreapp" className="ModelRelief.Test.Integration.Cameras.CamerasBaseIntegrationTests" name="Put_ValidReferencePropertyUpdatesModel" /></UnitTest><UnitTest name="Patch_InvalidPropertyNameReturnsBadRequest" storage="d:\users\steve knipmeyer\documents\github\modelrelief\modelrelief.test\bin\debug\netcoreapp2.0\modelrelief.test.dll" id="2c2cfe99-599e-4ea5-b06d-18bd039c60a2"><Execution id="83f2d0f9-4fb0-4d8c-babb-021ca8be983c" /><TestMethod codeBase="D:\Users\Steve Knipmeyer\Documents\GitHub\ModelRelief\ModelRelief.test\bin\Debug\netcoreapp2.0\ModelRelief.Test.dll" adapterTypeName="executor://xunit/VsTestRunner2/netcoreapp" className="ModelRelief.Test.Integration.Projects.ProjectsBaseIntegrationTests" name="Patch_InvalidPropertyNameReturnsBadRequest" /></UnitTest><UnitTest name="PostFile_FileTimeStampIsUpdatedAfterFileIsPosted" storage="d:\users\steve knipmeyer\documents\github\modelrelief\modelrelief.test\bin\debug\netcoreapp2.0\modelrelief.test.dll" id="4a977633-7b8c-4953-a15a-8cd9a1ee6608"><Execution id="fbabc354-2fa7-41c5-8757-a9e67308ac71" /><TestMethod codeBase="D:\Users\Steve Knipmeyer\Documents\GitHub\ModelRelief\ModelRelief.test\bin\Debug\netcoreapp2.0\ModelRelief.Test.dll" adapterTypeName="executor://xunit/VsTestRunner2/netcoreapp" className="ModelRelief.Test.Integration.DepthBuffers.DepthBuffersFileIntegrationTests" name="PostFile_FileTimeStampIsUpdatedAfterFileIsPosted" /></UnitTest><UnitTest name="Patch_InvalidPropertyNameReturnsBadRequest" storage="d:\users\steve knipmeyer\documents\github\modelrelief\modelrelief.test\bin\debug\netcoreapp2.0\modelrelief.test.dll" id="243efa45-d3fd-497c-aba8-0efa1cefbe6f"><Execution id="0a1ac92a-15dd-473e-9233-cc9bfdb10ceb" /><TestMethod codeBase="D:\Users\Steve Knipmeyer\Documents\GitHub\ModelRelief\ModelRelief.test\bin\Debug\netcoreapp2.0\ModelRelief.Test.dll" adapterTypeName="executor://xunit/VsTestRunner2/netcoreapp" className="ModelRelief.Test.Integration.Cameras.CamerasBaseIntegrationTests" name="Patch_InvalidPropertyNameReturnsBadRequest" /></UnitTest><UnitTest name="Put_InvalidIdReturnsNotFound" storage="d:\users\steve knipmeyer\documents\github\modelrelief\modelrelief.test\bin\debug\netcoreapp2.0\modelrelief.test.dll" id="b93737aa-ef24-47c1-8574-ffb7867fcfe3"><Execution id="e3b5dccf-3a46-4e94-bb57-14bee2f79c61" /><TestMethod codeBase="D:\Users\Steve Knipmeyer\Documents\GitHub\ModelRelief\ModelRelief.test\bin\Debug\netcoreapp2.0\ModelRelief.Test.dll" adapterTypeName="executor://xunit/VsTestRunner2/netcoreapp" className="ModelRelief.Test.Integration.Meshes.MeshesBaseIntegrationTests" name="Put_InvalidIdReturnsNotFound" /></UnitTest><UnitTest name="FileRequest_FileCanBeReadAfterRename" storage="d:\users\steve knipmeyer\documents\github\modelrelief\modelrelief.test\bin\debug\netcoreapp2.0\modelrelief.test.dll" id="3c2e1e37-87ed-4352-b245-1390bf82e751"><Execution id="0aa45ab6-ab70-4efb-8a4c-944f8c6b6282" /><TestMethod codeBase="D:\Users\Steve Knipmeyer\Documents\GitHub\ModelRelief\ModelRelief.test\bin\Debug\netcoreapp2.0\ModelRelief.Test.dll" adapterTypeName="executor://xunit/VsTestRunner2/netcoreapp" className="ModelRelief.Test.Integration.Models.ModelsFileIntegrationTests" name="FileRequest_FileCanBeReadAfterRename" /></UnitTest><UnitTest name="GetList_ListReturnsCorrectCount" storage="d:\users\steve knipmeyer\documents\github\modelrelief\modelrelief.test\bin\debug\netcoreapp2.0\modelrelief.test.dll" id="6a4f4e1d-2b2d-4925-ac05-8355c9fa5cb7"><Execution id="90bf961c-a18e-4ad4-b8e7-966c08a714d0" /><TestMethod codeBase="D:\Users\Steve Knipmeyer\Documents\GitHub\ModelRelief\ModelRelief.test\bin\Debug\netcoreapp2.0\ModelRelief.Test.dll" adapterTypeName="executor://xunit/VsTestRunner2/netcoreapp" className="ModelRelief.Test.Integration.Projects.ProjectsBaseIntegrationTests" name="GetList_ListReturnsCorrectCount" /></UnitTest><UnitTest name="Model3dHasExpectedDependentFiles" storage="d:\users\steve knipmeyer\documents\github\modelrelief\modelrelief.test\bin\debug\netcoreapp2.0\modelrelief.test.dll" id="7be4e908-ff85-4433-a41e-6c708f1945ef"><Execution id="6b6221ce-c70d-4545-b793-dfcc08330b1d" /><TestMethod codeBase="D:\Users\Steve Knipmeyer\Documents\GitHub\ModelRelief\ModelRelief.test\bin\Debug\netcoreapp2.0\ModelRelief.Test.dll" adapterTypeName="executor://xunit/VsTestRunner2/netcoreapp" className="ModelRelief.Test.Unit.DependencyManager.DependencyManagerTests" name="Model3dHasExpectedDependentFiles" /></UnitTest><UnitTest name="Post_InvalidPropertyValueReturnsBadRequest" storage="d:\users\steve knipmeyer\documents\github\modelrelief\modelrelief.test\bin\debug\netcoreapp2.0\modelrelief.test.dll" id="c7e651ad-eca2-49fe-a18d-df82cf10bc6e"><Execution id="3280a7bf-e6eb-48dc-9da4-0cb8897d5e4f" /><TestMethod codeBase="D:\Users\Steve Knipmeyer\Documents\GitHub\ModelRelief\ModelRelief.test\bin\Debug\netcoreapp2.0\ModelRelief.Test.dll" adapterTypeName="executor://xunit/VsTestRunner2/netcoreapp" className="ModelRelief.Test.Integration.Meshes.MeshesBaseIntegrationTests" name="Post_InvalidPropertyValueReturnsBadRequest" /></UnitTest><UnitTest name="GetFile_FileCanBeRoundTripped" storage="d:\users\steve knipmeyer\documents\github\modelrelief\modelrelief.test\bin\debug\netcoreapp2.0\modelrelief.test.dll" id="21261a4a-00b1-4bbb-917b-f056adb1ef85"><Execution id="4b4c8667-b82f-4da6-a9f9-d85a758c52ee" /><TestMethod codeBase="D:\Users\Steve Knipmeyer\Documents\GitHub\ModelRelief\ModelRelief.test\bin\Debug\netcoreapp2.0\ModelRelief.Test.dll" adapterTypeName="executor://xunit/VsTestRunner2/netcoreapp" className="ModelRelief.Test.Integration.Models.ModelsFileIntegrationTests" name="GetFile_FileCanBeRoundTripped" /></UnitTest><UnitTest name="PostFile_FileTimeStampIsUpdatedAfterFileIsPosted" storage="d:\users\steve knipmeyer\documents\github\modelrelief\modelrelief.test\bin\debug\netcoreapp2.0\modelrelief.test.dll" id="8e583f2c-c832-43f9-bec7-da115d5eb310"><Execution id="8a90506c-dd34-4b84-8de5-fff8a42568fa" /><TestMethod codeBase="D:\Users\Steve Knipmeyer\Documents\GitHub\ModelRelief\ModelRelief.test\bin\Debug\netcoreapp2.0\ModelRelief.Test.dll" adapterTypeName="executor://xunit/VsTestRunner2/netcoreapp" className="ModelRelief.Test.Integration.Meshes.MeshesFileIntegrationTests" name="PostFile_FileTimeStampIsUpdatedAfterFileIsPosted" /></UnitTest><UnitTest name="Post_InvalidPropertyValueReturnsBadRequest" storage="d:\users\steve knipmeyer\documents\github\modelrelief\modelrelief.test\bin\debug\netcoreapp2.0\modelrelief.test.dll" id="7f3ca25e-83b4-4cd2-ae16-154a3137cc37"><Execution id="803fa2a8-fa23-488f-b597-519154eb1fad" /><TestMethod codeBase="D:\Users\Steve Knipmeyer\Documents\GitHub\ModelRelief\ModelRelief.test\bin\Debug\netcoreapp2.0\ModelRelief.Test.dll" adapterTypeName="executor://xunit/VsTestRunner2/netcoreapp" className="ModelRelief.Test.Integration.Projects.ProjectsBaseIntegrationTests" name="Post_InvalidPropertyValueReturnsBadRequest" /></UnitTest><UnitTest name="GetSingle_ValidIdPropertyValueReturnsCorrectModel" storage="d:\users\steve knipmeyer\documents\github\modelrelief\modelrelief.test\bin\debug\netcoreapp2.0\modelrelief.test.dll" id="447e148a-ae3b-4b73-806a-72d6218bc50d"><Execution id="7a7455f0-5026-4026-9302-2261cf00d491" /><TestMethod codeBase="D:\Users\Steve Knipmeyer\Documents\GitHub\ModelRelief\ModelRelief.test\bin\Debug\netcoreapp2.0\ModelRelief.Test.dll" adapterTypeName="executor://xunit/VsTestRunner2/netcoreapp" className="ModelRelief.Test.Integration.Meshes.MeshesBaseIntegrationTests" name="GetSingle_ValidIdPropertyValueReturnsCorrectModel" /></UnitTest><UnitTest name="GetSingle_ValidIdPropertyValueReturnsCorrectModel" storage="d:\users\steve knipmeyer\documents\github\modelrelief\modelrelief.test\bin\debug\netcoreapp2.0\modelrelief.test.dll" id="e5876801-a57f-4bbc-845c-1e343b32ca37"><Execution id="092fc0d1-8185-4f04-9bc7-a1a72b2e2c15" /><TestMethod codeBase="D:\Users\Steve Knipmeyer\Documents\GitHub\ModelRelief\ModelRelief.test\bin\Debug\netcoreapp2.0\ModelRelief.Test.dll" adapterTypeName="executor://xunit/VsTestRunner2/netcoreapp" className="ModelRelief.Test.Integration.DepthBuffers.DepthBuffersBaseIntegrationTests" name="GetSingle_ValidIdPropertyValueReturnsCorrectModel" /></UnitTest><UnitTest name="Patch_InvalidPropertyNameReturnsBadRequest" storage="d:\users\steve knipmeyer\documents\github\modelrelief\modelrelief.test\bin\debug\netcoreapp2.0\modelrelief.test.dll" id="0de6c01e-0cfc-4356-8e48-394237767cc0"><Execution id="0b46a4bf-b014-47fd-ad97-ce969d46ba24" /><TestMethod codeBase="D:\Users\Steve Knipmeyer\Documents\GitHub\ModelRelief\ModelRelief.test\bin\Debug\netcoreapp2.0\ModelRelief.Test.dll" adapterTypeName="executor://xunit/VsTestRunner2/netcoreapp" className="ModelRelief.Test.Integration.DepthBuffers.DepthBuffersBaseIntegrationTests" name="Patch_InvalidPropertyNameReturnsBadRequest" /></UnitTest><UnitTest name="GetSingle_ValidIdPropertyValueReturnsCorrectModel" storage="d:\users\steve knipmeyer\documents\github\modelrelief\modelrelief.test\bin\debug\netcoreapp2.0\modelrelief.test.dll" id="92c4d435-57d9-4c6a-a446-e5cc2b50b5ce"><Execution id="9ce7a348-15a9-45a0-9a03-1ff93285d5f5" /><TestMethod codeBase="D:\Users\Steve Knipmeyer\Documents\GitHub\ModelRelief\ModelRelief.test\bin\Debug\netcoreapp2.0\ModelRelief.Test.dll" adapterTypeName="executor://xunit/VsTestRunner2/netcoreapp" className="ModelRelief.Test.Integration.Projects.ProjectsBaseIntegrationTests" name="GetSingle_ValidIdPropertyValueReturnsCorrectModel" /></UnitTest><UnitTest name="PutFile_FileCanBeUpdated" storage="d:\users\steve knipmeyer\documents\github\modelrelief\modelrelief.test\bin\debug\netcoreapp2.0\modelrelief.test.dll" id="1c761c49-367c-4922-959f-dd092a684334"><Execution id="564ec815-ffca-4c83-a295-bb860ba32f28" /><TestMethod codeBase="D:\Users\Steve Knipmeyer\Documents\GitHub\ModelRelief\ModelRelief.test\bin\Debug\netcoreapp2.0\ModelRelief.Test.dll" adapterTypeName="executor://xunit/VsTestRunner2/netcoreapp" className="ModelRelief.Test.Integration.Models.ModelsFileIntegrationTests" name="PutFile_FileCanBeUpdated" /></UnitTest><UnitTest name="Patch_MultipleInvalidReferencePropertiesReturnsMultipleValidationErrorsAndBadRequest" storage="d:\users\steve knipmeyer\documents\github\modelrelief\modelrelief.test\bin\debug\netcoreapp2.0\modelrelief.test.dll" id="9d57a3f1-8b96-44bd-85e7-59c7cf119d32"><Execution id="7f5a1110-deef-42d6-a902-4dbdd31126eb" /><TestMethod codeBase="D:\Users\Steve Knipmeyer\Documents\GitHub\ModelRelief\ModelRelief.test\bin\Debug\netcoreapp2.0\ModelRelief.Test.dll" adapterTypeName="executor://xunit/VsTestRunner2/netcoreapp" className="ModelRelief.Test.Integration.DepthBuffers.DepthBuffersBaseIntegrationTests" name="Patch_MultipleInvalidReferencePropertiesReturnsMultipleValidationErrorsAndBadRequest" /></UnitTest><UnitTest name="GetFile_ExistingFileReturnsSuccess" storage="d:\users\steve knipmeyer\documents\github\modelrelief\modelrelief.test\bin\debug\netcoreapp2.0\modelrelief.test.dll" id="42e60144-40de-4f06-9aa3-2557a4570538"><Execution id="9da10fa9-5272-49bd-82d3-ab0cb33183d7" /><TestMethod codeBase="D:\Users\Steve Knipmeyer\Documents\GitHub\ModelRelief\ModelRelief.test\bin\Debug\netcoreapp2.0\ModelRelief.Test.dll" adapterTypeName="executor://xunit/VsTestRunner2/netcoreapp" className="ModelRelief.Test.Integration.DepthBuffers.DepthBuffersFileIntegrationTests" name="GetFile_ExistingFileReturnsSuccess" /></UnitTest><UnitTest name="MeshTransformHasExpectedDependentFiles" storage="d:\users\steve knipmeyer\documents\github\modelrelief\modelrelief.test\bin\debug\netcoreapp2.0\modelrelief.test.dll" id="9031c8bf-8cd3-4b70-a01f-fff4562fe944"><Execution id="2815a82d-0f79-4871-ae40-85c5f4e755f3" /><TestMethod codeBase="D:\Users\Steve Knipmeyer\Documents\GitHub\ModelRelief\ModelRelief.test\bin\Debug\netcoreapp2.0\ModelRelief.Test.dll" adapterTypeName="executor://xunit/VsTestRunner2/netcoreapp" className="ModelRelief.Test.Unit.DependencyManager.DependencyManagerTests" name="MeshTransformHasExpectedDependentFiles" /></UnitTest><UnitTest name="Post_CanCreateNewModel" storage="d:\users\steve knipmeyer\documents\github\modelrelief\modelrelief.test\bin\debug\netcoreapp2.0\modelrelief.test.dll" id="ae00939a-a1bb-4cb8-8c43-8095a60d73f0"><Execution id="8924a512-c870-46e7-9e0f-fba1abd263f3" /><TestMethod codeBase="D:\Users\Steve Knipmeyer\Documents\GitHub\ModelRelief\ModelRelief.test\bin\Debug\netcoreapp2.0\ModelRelief.Test.dll" adapterTypeName="executor://xunit/VsTestRunner2/netcoreapp" className="ModelRelief.Test.Integration.DepthBuffers.DepthBuffersBaseIntegrationTests" name="Post_CanCreateNewModel" /></UnitTest><UnitTest name="Put_CanUpdateModel" storage="d:\users\steve knipmeyer\documents\github\modelrelief\modelrelief.test\bin\debug\netcoreapp2.0\modelrelief.test.dll" id="6001cbc7-5197-4f75-8377-608aae087528"><Execution id="e4606cb4-850a-4830-8465-141c9f82720f" /><TestMethod codeBase="D:\Users\Steve Knipmeyer\Documents\GitHub\ModelRelief\ModelRelief.test\bin\Debug\netcoreapp2.0\ModelRelief.Test.dll" adapterTypeName="executor://xunit/VsTestRunner2/netcoreapp" className="ModelRelief.Test.Integration.Models.ModelsBaseIntegrationTests" name="Put_CanUpdateModel" /></UnitTest><UnitTest name="Put_CanUpdateModel" storage="d:\users\steve knipmeyer\documents\github\modelrelief\modelrelief.test\bin\debug\netcoreapp2.0\modelrelief.test.dll" id="2e40afce-1ea3-4a11-948f-5ad14b8d66ef"><Execution id="8c4d245e-4ab7-4591-9311-0fde5f9d3356" /><TestMethod codeBase="D:\Users\Steve Knipmeyer\Documents\GitHub\ModelRelief\ModelRelief.test\bin\Debug\netcoreapp2.0\ModelRelief.Test.dll" adapterTypeName="executor://xunit/VsTestRunner2/netcoreapp" className="ModelRelief.Test.Integration.MeshTransforms.MeshTransformsBaseIntegrationTests" name="Put_CanUpdateModel" /></UnitTest><UnitTest name="FileRequest_FileCanBeReadAfterRename" storage="d:\users\steve knipmeyer\documents\github\modelrelief\modelrelief.test\bin\debug\netcoreapp2.0\modelrelief.test.dll" id="7a947cf5-0c21-4e2d-9a20-9499d56b7290"><Execution id="32bd073f-fdb3-4f55-81c6-eb76a740c3c0" /><TestMethod codeBase="D:\Users\Steve Knipmeyer\Documents\GitHub\ModelRelief\ModelRelief.test\bin\Debug\netcoreapp2.0\ModelRelief.Test.dll" adapterTypeName="executor://xunit/VsTestRunner2/netcoreapp" className="ModelRelief.Test.Integration.DepthBuffers.DepthBuffersFileIntegrationTests" name="FileRequest_FileCanBeReadAfterRename" /></UnitTest><UnitTest name="Patch_InvalidReferencePropertyReturnsBadRequest" storage="d:\users\steve knipmeyer\documents\github\modelrelief\modelrelief.test\bin\debug\netcoreapp2.0\modelrelief.test.dll" id="52a9cbcc-666c-4ee9-ae65-e0df7c9653b5"><Execution id="778fcb20-f778-4d50-a5e2-b682ace31a99" /><TestMethod codeBase="D:\Users\Steve Knipmeyer\Documents\GitHub\ModelRelief\ModelRelief.test\bin\Debug\netcoreapp2.0\ModelRelief.Test.dll" adapterTypeName="executor://xunit/VsTestRunner2/netcoreapp" className="ModelRelief.Test.Integration.Cameras.CamerasBaseIntegrationTests" name="Patch_InvalidReferencePropertyReturnsBadRequest" /></UnitTest><UnitTest name="Put_InvalidIdReturnsNotFound" storage="d:\users\steve knipmeyer\documents\github\modelrelief\modelrelief.test\bin\debug\netcoreapp2.0\modelrelief.test.dll" id="b441f8c4-1656-4898-821f-c4c337c6c325"><Execution id="2a86c798-9b06-4f1b-9f40-c450ebf2a411" /><TestMethod codeBase="D:\Users\Steve Knipmeyer\Documents\GitHub\ModelRelief\ModelRelief.test\bin\Debug\netcoreapp2.0\ModelRelief.Test.dll" adapterTypeName="executor://xunit/VsTestRunner2/netcoreapp" className="ModelRelief.Test.Integration.DepthBuffers.DepthBuffersBaseIntegrationTests" name="Put_InvalidIdReturnsNotFound" /></UnitTest><UnitTest name="Patch_InvalidEnumPropertyValueReturnsBadRequest" storage="d:\users\steve knipmeyer\documents\github\modelrelief\modelrelief.test\bin\debug\netcoreapp2.0\modelrelief.test.dll" id="e4c25fdb-2b85-47fb-9d17-4c435500a69d"><Execution id="c84f998c-9834-4b26-9088-5270d5705807" /><TestMethod codeBase="D:\Users\Steve Knipmeyer\Documents\GitHub\ModelRelief\ModelRelief.test\bin\Debug\netcoreapp2.0\ModelRelief.Test.dll" adapterTypeName="executor://xunit/VsTestRunner2/netcoreapp" className="ModelRelief.Test.Integration.Projects.ProjectsBaseIntegrationTests" name="Patch_InvalidEnumPropertyValueReturnsBadRequest" /></UnitTest><UnitTest name="Patch_InvalidPropertyNameReturnsBadRequest" storage="d:\users\steve knipmeyer\documents\github\modelrelief\modelrelief.test\bin\debug\netcoreapp2.0\modelrelief.test.dll" id="09287abf-ac18-4b80-9b4a-8053262ca3df"><Execution id="374dc750-716d-4b1c-b1a4-d1dc721a1f7a" /><TestMethod codeBase="D:\Users\Steve Knipmeyer\Documents\GitHub\ModelRelief\ModelRelief.test\bin\Debug\netcoreapp2.0\ModelRelief.Test.dll" adapterTypeName="executor://xunit/VsTestRunner2/netcoreapp" className="ModelRelief.Test.Integration.Meshes.MeshesBaseIntegrationTests" name="Patch_InvalidPropertyNameReturnsBadRequest" /></UnitTest><UnitTest name="GetSingle_InvalidIdPropertyValueReturnsNotFound" storage="d:\users\steve knipmeyer\documents\github\modelrelief\modelrelief.test\bin\debug\netcoreapp2.0\modelrelief.test.dll" id="5df06534-4895-4a53-8bd2-348295131124"><Execution id="7168d7fa-9775-437c-b410-2bdeebd13005" /><TestMethod codeBase="D:\Users\Steve Knipmeyer\Documents\GitHub\ModelRelief\ModelRelief.test\bin\Debug\netcoreapp2.0\ModelRelief.Test.dll" adapterTypeName="executor://xunit/VsTestRunner2/netcoreapp" className="ModelRelief.Test.Integration.Cameras.CamerasBaseIntegrationTests" name="GetSingle_InvalidIdPropertyValueReturnsNotFound" /></UnitTest><UnitTest name="Patch_MultipleInvalidReferencePropertiesReturnsMultipleValidationErrorsAndBadRequest" storage="d:\users\steve knipmeyer\documents\github\modelrelief\modelrelief.test\bin\debug\netcoreapp2.0\modelrelief.test.dll" id="ff7a30b1-ce21-46ad-baac-b0084e2400f5"><Execution id="86f77f58-071e-4018-ace4-a701d785f8b2" /><TestMethod codeBase="D:\Users\Steve Knipmeyer\Documents\GitHub\ModelRelief\ModelRelief.test\bin\Debug\netcoreapp2.0\ModelRelief.Test.dll" adapterTypeName="executor://xunit/VsTestRunner2/netcoreapp" className="ModelRelief.Test.Integration.Cameras.CamerasBaseIntegrationTests" name="Patch_MultipleInvalidReferencePropertiesReturnsMultipleValidationErrorsAndBadRequest" /></UnitTest><UnitTest name="GetList_ListReturnsCorrectCount" storage="d:\users\steve knipmeyer\documents\github\modelrelief\modelrelief.test\bin\debug\netcoreapp2.0\modelrelief.test.dll" id="3d28e5c5-d102-41d6-bd47-a14852433aa0"><Execution id="e60b8516-1a21-49ce-9de0-29bfcd44c8dc" /><TestMethod codeBase="D:\Users\Steve Knipmeyer\Documents\GitHub\ModelRelief\ModelRelief.test\bin\Debug\netcoreapp2.0\ModelRelief.Test.dll" adapterTypeName="executor://xunit/VsTestRunner2/netcoreapp" className="ModelRelief.Test.Integration.Models.ModelsBaseIntegrationTests" name="GetList_ListReturnsCorrectCount" /></UnitTest><UnitTest name="Post_InvalidReferencePropertyReturnsBadRequest" storage="d:\users\steve knipmeyer\documents\github\modelrelief\modelrelief.test\bin\debug\netcoreapp2.0\modelrelief.test.dll" id="5aad3846-9747-4161-b40f-35c9927ab745"><Execution id="b36d459c-44ff-4d09-ae6a-3347d8a43cbd" /><TestMethod codeBase="D:\Users\Steve Knipmeyer\Documents\GitHub\ModelRelief\ModelRelief.test\bin\Debug\netcoreapp2.0\ModelRelief.Test.dll" adapterTypeName="executor://xunit/VsTestRunner2/netcoreapp" className="ModelRelief.Test.Integration.MeshTransforms.MeshTransformsBaseIntegrationTests" name="Post_InvalidReferencePropertyReturnsBadRequest" /></UnitTest><UnitTest name="GetFile_FileCanBeRoundTripped" storage="d:\users\steve knipmeyer\documents\github\modelrelief\modelrelief.test\bin\debug\netcoreapp2.0\modelrelief.test.dll" id="14887c75-5c5e-4a29-8f1c-74dee666f82e"><Execution id="4ccbae74-861b-4b5e-b149-b01d222d4732" /><TestMethod codeBase="D:\Users\Steve Knipmeyer\Documents\GitHub\ModelRelief\ModelRelief.test\bin\Debug\netcoreapp2.0\ModelRelief.Test.dll" adapterTypeName="executor://xunit/VsTestRunner2/netcoreapp" className="ModelRelief.Test.Integration.Meshes.MeshesFileIntegrationTests" name="GetFile_FileCanBeRoundTripped" /></UnitTest><UnitTest name="Patch_InvalidReferencePropertyReturnsBadRequest" storage="d:\users\steve knipmeyer\documents\github\modelrelief\modelrelief.test\bin\debug\netcoreapp2.0\modelrelief.test.dll" id="cd2a93ed-4a92-4a97-a0c7-fcb028fb4477"><Execution id="8f66c009-102c-41ed-89bb-b324cf048f42" /><TestMethod codeBase="D:\Users\Steve Knipmeyer\Documents\GitHub\ModelRelief\ModelRelief.test\bin\Debug\netcoreapp2.0\ModelRelief.Test.dll" adapterTypeName="executor://xunit/VsTestRunner2/netcoreapp" className="ModelRelief.Test.Integration.Models.ModelsBaseIntegrationTests" name="Patch_InvalidReferencePropertyReturnsBadRequest" /></UnitTest><UnitTest name="FileRequest_MeshGenerateScalesDepthBufferByUnsharpHighFrequencyScale" storage="d:\users\steve knipmeyer\documents\github\modelrelief\modelrelief.test\bin\debug\netcoreapp2.0\modelrelief.test.dll" id="0e3e979a-a097-40e8-9197-d392f13dbd94"><Execution id="ad6fb287-5a12-4855-9425-e427cfe25c93" /><TestMethod codeBase="D:\Users\Steve Knipmeyer\Documents\GitHub\ModelRelief\ModelRelief.test\bin\Debug\netcoreapp2.0\ModelRelief.Test.dll" adapterTypeName="executor://xunit/VsTestRunner2/netcoreapp" className="ModelRelief.Test.Integration.Meshes.MeshesFileIntegrationTests" name="FileRequest_MeshGenerateScalesDepthBufferByUnsharpHighFrequencyScale" /></UnitTest><UnitTest name="Post_ValidReferencePropertyCreatesModel" storage="d:\users\steve knipmeyer\documents\github\modelrelief\modelrelief.test\bin\debug\netcoreapp2.0\modelrelief.test.dll" id="92b440e6-9006-489e-889e-133e3bafb940"><Execution id="323c02c2-f54a-4112-911c-e34913d8d35e" /><TestMethod codeBase="D:\Users\Steve Knipmeyer\Documents\GitHub\ModelRelief\ModelRelief.test\bin\Debug\netcoreapp2.0\ModelRelief.Test.dll" adapterTypeName="executor://xunit/VsTestRunner2/netcoreapp" className="ModelRelief.Test.Integration.Projects.ProjectsBaseIntegrationTests" name="Post_ValidReferencePropertyCreatesModel" /></UnitTest><UnitTest name="Post_CanCreateNewModel" storage="d:\users\steve knipmeyer\documents\github\modelrelief\modelrelief.test\bin\debug\netcoreapp2.0\modelrelief.test.dll" id="f51fcb2d-e7dd-402f-90f5-0c739e877fce"><Execution id="aba0a52f-543b-4446-b1ae-4944d3714b15" /><TestMethod codeBase="D:\Users\Steve Knipmeyer\Documents\GitHub\ModelRelief\ModelRelief.test\bin\Debug\netcoreapp2.0\ModelRelief.Test.dll" adapterTypeName="executor://xunit/VsTestRunner2/netcoreapp" className="ModelRelief.Test.Integration.Models.ModelsBaseIntegrationTests" name="Post_CanCreateNewModel" /></UnitTest><UnitTest name="PostFile_FileTimeStampIsUpdatedAfterFileIsPosted" storage="d:\users\steve knipmeyer\documents\github\modelrelief\modelrelief.test\bin\debug\netcoreapp2.0\modelrelief.test.dll" id="fc7e46c7-9226-4e86-989a-f6d68566d7bc"><Execution id="5d52b957-20e7-440c-a859-808bd6b7bc25" /><TestMethod codeBase="D:\Users\Steve Knipmeyer\Documents\GitHub\ModelRelief\ModelRelief.test\bin\Debug\netcoreapp2.0\ModelRelief.Test.dll" adapterTypeName="executor://xunit/VsTestRunner2/netcoreapp" className="ModelRelief.Test.Integration.Models.ModelsFileIntegrationTests" name="PostFile_FileTimeStampIsUpdatedAfterFileIsPosted" /></UnitTest><UnitTest name="Post_InvalidReferencePropertyReturnsBadRequest" storage="d:\users\steve knipmeyer\documents\github\modelrelief\modelrelief.test\bin\debug\netcoreapp2.0\modelrelief.test.dll" id="d067f01b-7240-492f-9871-3af7d5d5c4fe"><Execution id="5b966951-1364-43c1-8c0e-3cf099ff6752" /><TestMethod codeBase="D:\Users\Steve Knipmeyer\Documents\GitHub\ModelRelief\ModelRelief.test\bin\Debug\netcoreapp2.0\ModelRelief.Test.dll" adapterTypeName="executor://xunit/VsTestRunner2/netcoreapp" className="ModelRelief.Test.Integration.Cameras.CamerasBaseIntegrationTests" name="Post_InvalidReferencePropertyReturnsBadRequest" /></UnitTest><UnitTest name="GetList_ListReturnsCorrectCount" storage="d:\users\steve knipmeyer\documents\github\modelrelief\modelrelief.test\bin\debug\netcoreapp2.0\modelrelief.test.dll" id="c8b9f06a-5901-4995-847a-74988c1c5cd0"><Execution id="3460adbf-4e03-4ed5-af73-5fc462e26719" /><TestMethod codeBase="D:\Users\Steve Knipmeyer\Documents\GitHub\ModelRelief\ModelRelief.test\bin\Debug\netcoreapp2.0\ModelRelief.Test.dll" adapterTypeName="executor://xunit/VsTestRunner2/netcoreapp" className="ModelRelief.Test.Integration.DepthBuffers.DepthBuffersBaseIntegrationTests" name="GetList_ListReturnsCorrectCount" /></UnitTest><UnitTest name="Post_InvalidPropertyValueReturnsBadRequest" storage="d:\users\steve knipmeyer\documents\github\modelrelief\modelrelief.test\bin\debug\netcoreapp2.0\modelrelief.test.dll" id="0385aaf3-7829-429b-858b-a33ed6ed6992"><Execution id="c67a1e5d-a7b5-49b8-93c5-fce3a8d7048a" /><TestMethod codeBase="D:\Users\Steve Knipmeyer\Documents\GitHub\ModelRelief\ModelRelief.test\bin\Debug\netcoreapp2.0\ModelRelief.Test.dll" adapterTypeName="executor://xunit/VsTestRunner2/netcoreapp" className="ModelRelief.Test.Integration.Models.ModelsBaseIntegrationTests" name="Post_InvalidPropertyValueReturnsBadRequest" /></UnitTest><UnitTest name="GetFile_ExistingFileReturnsSuccess" storage="d:\users\steve knipmeyer\documents\github\modelrelief\modelrelief.test\bin\debug\netcoreapp2.0\modelrelief.test.dll" id="c7a459c0-d506-4ce4-bf52-7314ff71e305"><Execution id="1e1907f6-e9b6-4972-9a0e-d6d9da640e79" /><TestMethod codeBase="D:\Users\Steve Knipmeyer\Documents\GitHub\ModelRelief\ModelRelief.test\bin\Debug\netcoreapp2.0\ModelRelief.Test.dll" adapterTypeName="executor://xunit/VsTestRunner2/netcoreapp" className="ModelRelief.Test.Integration.Models.ModelsFileIntegrationTests" name="GetFile_ExistingFileReturnsSuccess" /></UnitTest><UnitTest name="GetList_ListReturnsCorrectCount" storage="d:\users\steve knipmeyer\documents\github\modelrelief\modelrelief.test\bin\debug\netcoreapp2.0\modelrelief.test.dll" id="b6d4a3f3-742a-4a6d-b7a0-6b45a09d37a8"><Execution id="738a627e-2f7e-4fa4-9f7a-c8628d656a2e" /><TestMethod codeBase="D:\Users\Steve Knipmeyer\Documents\GitHub\ModelRelief\ModelRelief.test\bin\Debug\netcoreapp2.0\ModelRelief.Test.dll" adapterTypeName="executor://xunit/VsTestRunner2/netcoreapp" className="ModelRelief.Test.Integration.Meshes.MeshesBaseIntegrationTests" name="GetList_ListReturnsCorrectCount" /></UnitTest><UnitTest name="Put_CanUpdateModel" storage="d:\users\steve knipmeyer\documents\github\modelrelief\modelrelief.test\bin\debug\netcoreapp2.0\modelrelief.test.dll" id="f5809fda-346b-41e4-a76c-01d825c33147"><Execution id="df231582-9cb6-410d-8c67-aa5c420d219d" /><TestMethod codeBase="D:\Users\Steve Knipmeyer\Documents\GitHub\ModelRelief\ModelRelief.test\bin\Debug\netcoreapp2.0\ModelRelief.Test.dll" adapterTypeName="executor://xunit/VsTestRunner2/netcoreapp" className="ModelRelief.Test.Integration.DepthBuffers.DepthBuffersBaseIntegrationTests" name="Put_CanUpdateModel" /></UnitTest><UnitTest name="GetFile_NonExistentFileReturnsNotFound" storage="d:\users\steve knipmeyer\documents\github\modelrelief\modelrelief.test\bin\debug\netcoreapp2.0\modelrelief.test.dll" id="6fe672e7-a702-467b-a0ee-e7a405c72580"><Execution id="7cf39224-26b6-4191-bf42-97755e81f762" /><TestMethod codeBase="D:\Users\Steve Knipmeyer\Documents\GitHub\ModelRelief\ModelRelief.test\bin\Debug\netcoreapp2.0\ModelRelief.Test.dll" adapterTypeName="executor://xunit/VsTestRunner2/netcoreapp" className="ModelRelief.Test.Integration.DepthBuffers.DepthBuffersFileIntegrationTests" name="GetFile_NonExistentFileReturnsNotFound" /></UnitTest><UnitTest name="Patch_InvalidIdPropertyReturnsNotFound" storage="d:\users\steve knipmeyer\documents\github\modelrelief\modelrelief.test\bin\debug\netcoreapp2.0\modelrelief.test.dll" id="a0f71bf1-b4a8-4311-82f8-fd6b33e85f44"><Execution id="cfd382df-b7e5-45af-8624-999a97e49d7d" /><TestMethod codeBase="D:\Users\Steve Knipmeyer\Documents\GitHub\ModelRelief\ModelRelief.test\bin\Debug\netcoreapp2.0\ModelRelief.Test.dll" adapterTypeName="executor://xunit/VsTestRunner2/netcoreapp" className="ModelRelief.Test.Integration.Models.ModelsBaseIntegrationTests" name="Patch_InvalidIdPropertyReturnsNotFound" /></UnitTest><UnitTest name="Patch_InvalidIdPropertyReturnsNotFound" storage="d:\users\steve knipmeyer\documents\github\modelrelief\modelrelief.test\bin\debug\netcoreapp2.0\modelrelief.test.dll" id="6e74d7f4-4f8e-43a8-9c23-59b182327a7e"><Execution id="cba9b06d-5847-4cb9-af40-1de3306ede5e" /><TestMethod codeBase="D:\Users\Steve Knipmeyer\Documents\GitHub\ModelRelief\ModelRelief.test\bin\Debug\netcoreapp2.0\ModelRelief.Test.dll" adapterTypeName="executor://xunit/VsTestRunner2/netcoreapp" className="ModelRelief.Test.Integration.Cameras.CamerasBaseIntegrationTests" name="Patch_InvalidIdPropertyReturnsNotFound" /></UnitTest><UnitTest name="Patch_ValidReferencePropertyUpdatesModel" storage="d:\users\steve knipmeyer\documents\github\modelrelief\modelrelief.test\bin\debug\netcoreapp2.0\modelrelief.test.dll" id="e2993246-5a31-42a9-8f64-224aa0edf500"><Execution id="4bb5d734-2828-4219-9d73-ea96fedb0c89" /><TestMethod codeBase="D:\Users\Steve Knipmeyer\Documents\GitHub\ModelRelief\ModelRelief.test\bin\Debug\netcoreapp2.0\ModelRelief.Test.dll" adapterTypeName="executor://xunit/VsTestRunner2/netcoreapp" className="ModelRelief.Test.Integration.Meshes.MeshesBaseIntegrationTests" name="Patch_ValidReferencePropertyUpdatesModel" /></UnitTest><UnitTest name="Delete_TargetModelIsDeleted" storage="d:\users\steve knipmeyer\documents\github\modelrelief\modelrelief.test\bin\debug\netcoreapp2.0\modelrelief.test.dll" id="a5c6d6bf-2736-4ffa-9b96-4a195938471d"><Execution id="6fbe6f77-de80-4ff1-9f84-18db2f5f904e" /><TestMethod codeBase="D:\Users\Steve Knipmeyer\Documents\GitHub\ModelRelief\ModelRelief.test\bin\Debug\netcoreapp2.0\ModelRelief.Test.dll" adapterTypeName="executor://xunit/VsTestRunner2/netcoreapp" className="ModelRelief.Test.Integration.MeshTransforms.MeshTransformsBaseIntegrationTests" name="Delete_TargetModelIsDeleted" /></UnitTest><UnitTest name="Patch_ValidReferencePropertyUpdatesModel" storage="d:\users\steve knipmeyer\documents\github\modelrelief\modelrelief.test\bin\debug\netcoreapp2.0\modelrelief.test.dll" id="999640dd-fc68-4d48-88b0-a1d5ab905ef2"><Execution id="bd1278f8-eda2-45a9-b293-8a743c357c92" /><TestMethod codeBase="D:\Users\Steve Knipmeyer\Documents\GitHub\ModelRelief\ModelRelief.test\bin\Debug\netcoreapp2.0\ModelRelief.Test.dll" adapterTypeName="executor://xunit/VsTestRunner2/netcoreapp" className="ModelRelief.Test.Integration.DepthBuffers.DepthBuffersBaseIntegrationTests" name="Patch_ValidReferencePropertyUpdatesModel" /></UnitTest><UnitTest name="GetSingle_ValidIdPropertyValueReturnsCorrectModel" storage="d:\users\steve knipmeyer\documents\github\modelrelief\modelrelief.test\bin\debug\netcoreapp2.0\modelrelief.test.dll" id="94ff1ba1-9306-4272-8a4f-96833892c94c"><Execution id="b7fe02af-46c6-4b28-ac8d-c73a3ee4b1df" /><TestMethod codeBase="D:\Users\Steve Knipmeyer\Documents\GitHub\ModelRelief\ModelRelief.test\bin\Debug\netcoreapp2.0\ModelRelief.Test.dll" adapterTypeName="executor://xunit/VsTestRunner2/netcoreapp" className="ModelRelief.Test.Integration.Cameras.CamerasBaseIntegrationTests" name="GetSingle_ValidIdPropertyValueReturnsCorrectModel" /></UnitTest><UnitTest name="Patch_ValidReferencePropertyUpdatesModel" storage="d:\users\steve knipmeyer\documents\github\modelrelief\modelrelief.test\bin\debug\netcoreapp2.0\modelrelief.test.dll" id="cf119adc-2d2a-42b4-994b-6ea5e69149aa"><Execution id="b85707fa-1178-44d6-9e30-d56da0c5d162" /><TestMethod codeBase="D:\Users\Steve Knipmeyer\Documents\GitHub\ModelRelief\ModelRelief.test\bin\Debug\netcoreapp2.0\ModelRelief.Test.dll" adapterTypeName="executor://xunit/VsTestRunner2/netcoreapp" className="ModelRelief.Test.Integration.Cameras.CamerasBaseIntegrationTests" name="Patch_ValidReferencePropertyUpdatesModel" /></UnitTest><UnitTest name="GetFile_NonExistentFileReturnsNotFound" storage="d:\users\steve knipmeyer\documents\github\modelrelief\modelrelief.test\bin\debug\netcoreapp2.0\modelrelief.test.dll" id="de1b598f-86f4-427e-ab80-67da6d28326a"><Execution id="86be3a52-c351-42e5-aa4a-2f8cd0352963" /><TestMethod codeBase="D:\Users\Steve Knipmeyer\Documents\GitHub\ModelRelief\ModelRelief.test\bin\Debug\netcoreapp2.0\ModelRelief.Test.dll" adapterTypeName="executor://xunit/VsTestRunner2/netcoreapp" className="ModelRelief.Test.Integration.Models.ModelsFileIntegrationTests" name="GetFile_NonExistentFileReturnsNotFound" /></UnitTest><UnitTest name="Patch_TargetPropertyIsUpdated" storage="d:\users\steve knipmeyer\documents\github\modelrelief\modelrelief.test\bin\debug\netcoreapp2.0\modelrelief.test.dll" id="4c0b6899-f6c1-40d6-9583-0ab939c488c5"><Execution id="1f63364a-b016-4547-9346-b91b89e428df" /><TestMethod codeBase="D:\Users\Steve Knipmeyer\Documents\GitHub\ModelRelief\ModelRelief.test\bin\Debug\netcoreapp2.0\ModelRelief.Test.dll" adapterTypeName="executor://xunit/VsTestRunner2/netcoreapp" className="ModelRelief.Test.Integration.MeshTransforms.MeshTransformsBaseIntegrationTests" name="Patch_TargetPropertyIsUpdated" /></UnitTest><UnitTest name="Patch_InvalidIdPropertyReturnsNotFound" storage="d:\users\steve knipmeyer\documents\github\modelrelief\modelrelief.test\bin\debug\netcoreapp2.0\modelrelief.test.dll" id="abca81fe-2551-4e7b-9fba-d2ce54bb5f38"><Execution id="07496575-70d1-4255-a8a8-55e85b27feaf" /><TestMethod codeBase="D:\Users\Steve Knipmeyer\Documents\GitHub\ModelRelief\ModelRelief.test\bin\Debug\netcoreapp2.0\ModelRelief.Test.dll" adapterTypeName="executor://xunit/VsTestRunner2/netcoreapp" className="ModelRelief.Test.Integration.DepthBuffers.DepthBuffersBaseIntegrationTests" name="Patch_InvalidIdPropertyReturnsNotFound" /></UnitTest><UnitTest name="Patch_InvalidPropertyNameReturnsBadRequest" storage="d:\users\steve knipmeyer\documents\github\modelrelief\modelrelief.test\bin\debug\netcoreapp2.0\modelrelief.test.dll" id="0e22405c-c6c3-4554-891c-c02c1936cf8a"><Execution id="94db65c3-28b1-4036-a24b-7e863a156a80" /><TestMethod codeBase="D:\Users\Steve Knipmeyer\Documents\GitHub\ModelRelief\ModelRelief.test\bin\Debug\netcoreapp2.0\ModelRelief.Test.dll" adapterTypeName="executor://xunit/VsTestRunner2/netcoreapp" className="ModelRelief.Test.Integration.Models.ModelsBaseIntegrationTests" name="Patch_InvalidPropertyNameReturnsBadRequest" /></UnitTest><UnitTest name="GetList_ListReturnsCorrectCount" storage="d:\users\steve knipmeyer\documents\github\modelrelief\modelrelief.test\bin\debug\netcoreapp2.0\modelrelief.test.dll" id="2f2a8a6a-a3ff-4190-a8a1-94a602f15469"><Execution id="a8b43595-e015-4a64-8142-eabdab7c8a7a" /><TestMethod codeBase="D:\Users\Steve Knipmeyer\Documents\GitHub\ModelRelief\ModelRelief.test\bin\Debug\netcoreapp2.0\ModelRelief.Test.dll" adapterTypeName="executor://xunit/VsTestRunner2/netcoreapp" className="ModelRelief.Test.Integration.Cameras.CamerasBaseIntegrationTests" name="GetList_ListReturnsCorrectCount" /></UnitTest><UnitTest name="Patch_InvalidEnumPropertyValueReturnsBadRequest" storage="d:\users\steve knipmeyer\documents\github\modelrelief\modelrelief.test\bin\debug\netcoreapp2.0\modelrelief.test.dll" id="07875db7-9cfb-40d7-96fb-6bb47d3068cb"><Execution id="517a790f-ced8-46d7-b64f-993062d8f3d2" /><TestMethod codeBase="D:\Users\Steve Knipmeyer\Documents\GitHub\ModelRelief\ModelRelief.test\bin\Debug\netcoreapp2.0\ModelRelief.Test.dll" adapterTypeName="executor://xunit/VsTestRunner2/netcoreapp" className="ModelRelief.Test.Integration.Models.ModelsBaseIntegrationTests" name="Patch_InvalidEnumPropertyValueReturnsBadRequest" /></UnitTest><UnitTest name="Patch_ValidReferencePropertyUpdatesModel" storage="d:\users\steve knipmeyer\documents\github\modelrelief\modelrelief.test\bin\debug\netcoreapp2.0\modelrelief.test.dll" id="aaa9502e-a0af-46e3-ac0c-147904aef0d8"><Execution id="a13ff137-e512-49bf-a246-2dce9b6eff95" /><TestMethod codeBase="D:\Users\Steve Knipmeyer\Documents\GitHub\ModelRelief\ModelRelief.test\bin\Debug\netcoreapp2.0\ModelRelief.Test.dll" adapterTypeName="executor://xunit/VsTestRunner2/netcoreapp" className="ModelRelief.Test.Integration.Projects.ProjectsBaseIntegrationTests" name="Patch_ValidReferencePropertyUpdatesModel" /></UnitTest><UnitTest name="Put_InvalidIdReturnsNotFound" storage="d:\users\steve knipmeyer\documents\github\modelrelief\modelrelief.test\bin\debug\netcoreapp2.0\modelrelief.test.dll" id="81deff84-c1a1-494e-ab81-a4a846d64760"><Execution id="e5d15eb3-fc82-4172-9e3a-bae84ac422d0" /><TestMethod codeBase="D:\Users\Steve Knipmeyer\Documents\GitHub\ModelRelief\ModelRelief.test\bin\Debug\netcoreapp2.0\ModelRelief.Test.dll" adapterTypeName="executor://xunit/VsTestRunner2/netcoreapp" className="ModelRelief.Test.Integration.Cameras.CamerasBaseIntegrationTests" name="Put_InvalidIdReturnsNotFound" /></UnitTest><UnitTest name="Post_InvalidReferencePropertyReturnsBadRequest" storage="d:\users\steve knipmeyer\documents\github\modelrelief\modelrelief.test\bin\debug\netcoreapp2.0\modelrelief.test.dll" id="60148ad9-9055-4292-8454-4be99f192a24"><Execution id="111bd92c-a09e-4e87-9c07-73325c161c0e" /><TestMethod codeBase="D:\Users\Steve Knipmeyer\Documents\GitHub\ModelRelief\ModelRelief.test\bin\Debug\netcoreapp2.0\ModelRelief.Test.dll" adapterTypeName="executor://xunit/VsTestRunner2/netcoreapp" className="ModelRelief.Test.Integration.Models.ModelsBaseIntegrationTests" name="Post_InvalidReferencePropertyReturnsBadRequest" /></UnitTest><UnitTest name="Patch_InvalidIdPropertyReturnsNotFound" storage="d:\users\steve knipmeyer\documents\github\modelrelief\modelrelief.test\bin\debug\netcoreapp2.0\modelrelief.test.dll" id="c12da431-60c5-4057-88ed-bace498f9e16"><Execution id="a3d305b9-34f6-42b1-aa44-5a4cdc173da5" /><TestMethod codeBase="D:\Users\Steve Knipmeyer\Documents\GitHub\ModelRelief\ModelRelief.test\bin\Debug\netcoreapp2.0\ModelRelief.Test.dll" adapterTypeName="executor://xunit/VsTestRunner2/netcoreapp" className="ModelRelief.Test.Integration.MeshTransforms.MeshTransformsBaseIntegrationTests" name="Patch_InvalidIdPropertyReturnsNotFound" /></UnitTest><UnitTest name="FileRequest_MeshGenerateSetsFileIsSynchronized" storage="d:\users\steve knipmeyer\documents\github\modelrelief\modelrelief.test\bin\debug\netcoreapp2.0\modelrelief.test.dll" id="fbfbf7ba-9e59-4a65-9b0f-288dd8ef1a2f"><Execution id="8f6ab2b8-8caa-439e-a9d6-38da14d385c3" /><TestMethod codeBase="D:\Users\Steve Knipmeyer\Documents\GitHub\ModelRelief\ModelRelief.test\bin\Debug\netcoreapp2.0\ModelRelief.Test.dll" adapterTypeName="executor://xunit/VsTestRunner2/netcoreapp" className="ModelRelief.Test.Integration.Meshes.MeshesFileIntegrationTests" name="FileRequest_MeshGenerateSetsFileIsSynchronized" /></UnitTest><UnitTest name="Delete_TargetModelIsDeleted" storage="d:\users\steve knipmeyer\documents\github\modelrelief\modelrelief.test\bin\debug\netcoreapp2.0\modelrelief.test.dll" id="834cb3c1-f245-44bc-be90-0aa88bb1f9ef"><Execution id="2a588fec-21b0-4943-9ff9-dc2e2505337e" /><TestMethod codeBase="D:\Users\Steve Knipmeyer\Documents\GitHub\ModelRelief\ModelRelief.test\bin\Debug\netcoreapp2.0\ModelRelief.Test.dll" adapterTypeName="executor://xunit/VsTestRunner2/netcoreapp" className="ModelRelief.Test.Integration.Meshes.MeshesBaseIntegrationTests" name="Delete_TargetModelIsDeleted" /></UnitTest><UnitTest name="Patch_ValidReferencePropertyUpdatesModel" storage="d:\users\steve knipmeyer\documents\github\modelrelief\modelrelief.test\bin\debug\netcoreapp2.0\modelrelief.test.dll" id="d1a92d2a-80e2-4852-8c9d-ff6ac184ac2e"><Execution id="86f77978-f4d9-42c1-b3a9-9b3645155d6f" /><TestMethod codeBase="D:\Users\Steve Knipmeyer\Documents\GitHub\ModelRelief\ModelRelief.test\bin\Debug\netcoreapp2.0\ModelRelief.Test.dll" adapterTypeName="executor://xunit/VsTestRunner2/netcoreapp" className="ModelRelief.Test.Integration.Models.ModelsBaseIntegrationTests" name="Patch_ValidReferencePropertyUpdatesModel" /></UnitTest><UnitTest name="GetSingle_ValidIdPropertyValueReturnsCorrectModel" storage="d:\users\steve knipmeyer\documents\github\modelrelief\modelrelief.test\bin\debug\netcoreapp2.0\modelrelief.test.dll" id="b4a93b96-40f9-4b2a-addc-ce9803f21531"><Execution id="a69b5e02-9b8f-4ce4-a394-48428e1d49c3" /><TestMethod codeBase="D:\Users\Steve Knipmeyer\Documents\GitHub\ModelRelief\ModelRelief.test\bin\Debug\netcoreapp2.0\ModelRelief.Test.dll" adapterTypeName="executor://xunit/VsTestRunner2/netcoreapp" className="ModelRelief.Test.Integration.MeshTransforms.MeshTransformsBaseIntegrationTests" name="GetSingle_ValidIdPropertyValueReturnsCorrectModel" /></UnitTest><UnitTest name="GetSingle_InvalidIdPropertyValueReturnsNotFound" storage="d:\users\steve knipmeyer\documents\github\modelrelief\modelrelief.test\bin\debug\netcoreapp2.0\modelrelief.test.dll" id="7abc5ef0-e81c-43d6-87d2-c288c4f9fd14"><Execution id="680c17a6-0b0c-49e5-8813-7240c56fdd43" /><TestMethod codeBase="D:\Users\Steve Knipmeyer\Documents\GitHub\ModelRelief\ModelRelief.test\bin\Debug\netcoreapp2.0\ModelRelief.Test.dll" adapterTypeName="executor://xunit/VsTestRunner2/netcoreapp" className="ModelRelief.Test.Integration.Projects.ProjectsBaseIntegrationTests" name="GetSingle_InvalidIdPropertyValueReturnsNotFound" /></UnitTest><UnitTest name="Patch_MultipleInvalidReferencePropertiesReturnsMultipleValidationErrorsAndBadRequest" storage="d:\users\steve knipmeyer\documents\github\modelrelief\modelrelief.test\bin\debug\netcoreapp2.0\modelrelief.test.dll" id="46ff5ba4-e38c-4a3d-b845-92c09a78b9dc"><Execution id="d349bf32-dee3-491e-b832-61c0949afea0" /><TestMethod codeBase="D:\Users\Steve Knipmeyer\Documents\GitHub\ModelRelief\ModelRelief.test\bin\Debug\netcoreapp2.0\ModelRelief.Test.dll" adapterTypeName="executor://xunit/VsTestRunner2/netcoreapp" className="ModelRelief.Test.Integration.Meshes.MeshesBaseIntegrationTests" name="Patch_MultipleInvalidReferencePropertiesReturnsMultipleValidationErrorsAndBadRequest" /></UnitTest><UnitTest name="Patch_InvalidEnumPropertyValueReturnsBadRequest" storage="d:\users\steve knipmeyer\documents\github\modelrelief\modelrelief.test\bin\debug\netcoreapp2.0\modelrelief.test.dll" id="1b140816-595e-43d7-891d-456b88d62257"><Execution id="7a1f6139-3164-49b2-b929-ce5517980126" /><TestMethod codeBase="D:\Users\Steve Knipmeyer\Documents\GitHub\ModelRelief\ModelRelief.test\bin\Debug\netcoreapp2.0\ModelRelief.Test.dll" adapterTypeName="executor://xunit/VsTestRunner2/netcoreapp" className="ModelRelief.Test.Integration.Meshes.MeshesBaseIntegrationTests" name="Patch_InvalidEnumPropertyValueReturnsBadRequest" /></UnitTest><UnitTest name="PostFile_NewFileCanBePosted" storage="d:\users\steve knipmeyer\documents\github\modelrelief\modelrelief.test\bin\debug\netcoreapp2.0\modelrelief.test.dll" id="7c782978-45b3-4250-ac02-b07a749c45e4"><Execution id="b30ac9b0-5d62-49ed-b77c-39248673f4f0" /><TestMethod codeBase="D:\Users\Steve Knipmeyer\Documents\GitHub\ModelRelief\ModelRelief.test\bin\Debug\netcoreapp2.0\ModelRelief.Test.dll" adapterTypeName="executor://xunit/VsTestRunner2/netcoreapp" className="ModelRelief.Test.Integration.Models.ModelsFileIntegrationTests" name="PostFile_NewFileCanBePosted" /></UnitTest><UnitTest name="Post_CanCreateNewModel" storage="d:\users\steve knipmeyer\documents\github\modelrelief\modelrelief.test\bin\debug\netcoreapp2.0\modelrelief.test.dll" id="1b0a553d-22a7-4b56-b44e-0f9d3b98ead7"><Execution id="4bfde404-2b59-43e3-a417-a22b672a2c39" /><TestMethod codeBase="D:\Users\Steve Knipmeyer\Documents\GitHub\ModelRelief\ModelRelief.test\bin\Debug\netcoreapp2.0\ModelRelief.Test.dll" adapterTypeName="executor://xunit/VsTestRunner2/netcoreapp" className="ModelRelief.Test.Integration.Cameras.CamerasBaseIntegrationTests" name="Post_CanCreateNewModel" /></UnitTest><UnitTest name="GetFile_FileCanBeRoundTripped" storage="d:\users\steve knipmeyer\documents\github\modelrelief\modelrelief.test\bin\debug\netcoreapp2.0\modelrelief.test.dll" id="fbf9039e-5a2a-4321-acb6-57ee80e8a02d"><Execution id="f12c8556-83d5-4915-b339-8c5874bb9d6b" /><TestMethod codeBase="D:\Users\Steve Knipmeyer\Documents\GitHub\ModelRelief\ModelRelief.test\bin\Debug\netcoreapp2.0\ModelRelief.Test.dll" adapterTypeName="executor://xunit/VsTestRunner2/netcoreapp" className="ModelRelief.Test.Integration.DepthBuffers.DepthBuffersFileIntegrationTests" name="GetFile_FileCanBeRoundTripped" /></UnitTest><UnitTest name="PutFile_NewFileCanBePut" storage="d:\users\steve knipmeyer\documents\github\modelrelief\modelrelief.test\bin\debug\netcoreapp2.0\modelrelief.test.dll" id="cb9dfea0-a67e-4a6e-b78e-db7ae821d3d6"><Execution id="16f15161-7789-463b-964c-13b952598830" /><TestMethod codeBase="D:\Users\Steve Knipmeyer\Documents\GitHub\ModelRelief\ModelRelief.test\bin\Debug\netcoreapp2.0\ModelRelief.Test.dll" adapterTypeName="executor://xunit/VsTestRunner2/netcoreapp" className="ModelRelief.Test.Integration.Models.ModelsFileIntegrationTests" name="PutFile_NewFileCanBePut" /></UnitTest><UnitTest name="GetSingle_InvalidIdPropertyValueReturnsNotFound" storage="d:\users\steve knipmeyer\documents\github\modelrelief\modelrelief.test\bin\debug\netcoreapp2.0\modelrelief.test.dll" id="2871cc48-6d51-48e8-8856-55c454883f5d"><Execution id="8169c21d-e893-4321-acb3-1f00f1058d05" /><TestMethod codeBase="D:\Users\Steve Knipmeyer\Documents\GitHub\ModelRelief\ModelRelief.test\bin\Debug\netcoreapp2.0\ModelRelief.Test.dll" adapterTypeName="executor://xunit/VsTestRunner2/netcoreapp" className="ModelRelief.Test.Integration.MeshTransforms.MeshTransformsBaseIntegrationTests" name="GetSingle_InvalidIdPropertyValueReturnsNotFound" /></UnitTest><UnitTest name="Post_CanCreateNewModel" storage="d:\users\steve knipmeyer\documents\github\modelrelief\modelrelief.test\bin\debug\netcoreapp2.0\modelrelief.test.dll" id="1c33d9ca-ac49-49e8-846a-fe3b203ec9b3"><Execution id="bb30376d-a8fe-437b-b9b2-7a717d976beb" /><TestMethod codeBase="D:\Users\Steve Knipmeyer\Documents\GitHub\ModelRelief\ModelRelief.test\bin\Debug\netcoreapp2.0\ModelRelief.Test.dll" adapterTypeName="executor://xunit/VsTestRunner2/netcoreapp" className="ModelRelief.Test.Integration.MeshTransforms.MeshTransformsBaseIntegrationTests" name="Post_CanCreateNewModel" /></UnitTest><UnitTest name="Put_CanUpdateModel" storage="d:\users\steve knipmeyer\documents\github\modelrelief\modelrelief.test\bin\debug\netcoreapp2.0\modelrelief.test.dll" id="606e7bef-cdee-4cfe-83f8-4c2b48486abe"><Execution id="928ec724-1bd7-4d36-a885-fc849f027501" /><TestMethod codeBase="D:\Users\Steve Knipmeyer\Documents\GitHub\ModelRelief\ModelRelief.test\bin\Debug\netcoreapp2.0\ModelRelief.Test.dll" adapterTypeName="executor://xunit/VsTestRunner2/netcoreapp" className="ModelRelief.Test.Integration.Projects.ProjectsBaseIntegrationTests" name="Put_CanUpdateModel" /></UnitTest><UnitTest name="Put_InvalidReferencePropertyReturndBadRequest" storage="d:\users\steve knipmeyer\documents\github\modelrelief\modelrelief.test\bin\debug\netcoreapp2.0\modelrelief.test.dll" id="26018a56-8dd7-4c3b-8b6c-d7b601234ad9"><Execution id="a21871e8-a751-4a9d-a76c-94d13a5c6de5" /><TestMethod codeBase="D:\Users\Steve Knipmeyer\Documents\GitHub\ModelRelief\ModelRelief.test\bin\Debug\netcoreapp2.0\ModelRelief.Test.dll" adapterTypeName="executor://xunit/VsTestRunner2/netcoreapp" className="ModelRelief.Test.Integration.DepthBuffers.DepthBuffersBaseIntegrationTests" name="Put_InvalidReferencePropertyReturndBadRequest" /></UnitTest><UnitTest name="PostFile_FileIsSynchronizedIsUpdatedAfterFileIsPosted" storage="d:\users\steve knipmeyer\documents\github\modelrelief\modelrelief.test\bin\debug\netcoreapp2.0\modelrelief.test.dll" id="5bf6bedb-6de8-4ac2-b47b-7d33003849ae"><Execution id="dcede9f4-67a8-43ec-86d2-0d1a03723c75" /><TestMethod codeBase="D:\Users\Steve Knipmeyer\Documents\GitHub\ModelRelief\ModelRelief.test\bin\Debug\netcoreapp2.0\ModelRelief.Test.dll" adapterTypeName="executor://xunit/VsTestRunner2/netcoreapp" className="ModelRelief.Test.Integration.Meshes.MeshesFileIntegrationTests" name="PostFile_FileIsSynchronizedIsUpdatedAfterFileIsPosted" /></UnitTest><UnitTest name="Patch_TargetPropertyIsUpdated" storage="d:\users\steve knipmeyer\documents\github\modelrelief\modelrelief.test\bin\debug\netcoreapp2.0\modelrelief.test.dll" id="36eb8e15-9283-4770-a7f4-87386a6c4be4"><Execution id="4e48f816-e613-43fb-86ff-e2ad365957f2" /><TestMethod codeBase="D:\Users\Steve Knipmeyer\Documents\GitHub\ModelRelief\ModelRelief.test\bin\Debug\netcoreapp2.0\ModelRelief.Test.dll" adapterTypeName="executor://xunit/VsTestRunner2/netcoreapp" className="ModelRelief.Test.Integration.Projects.ProjectsBaseIntegrationTests" name="Patch_TargetPropertyIsUpdated" /></UnitTest><UnitTest name="Post_ValidReferencePropertyCreatesModel" storage="d:\users\steve knipmeyer\documents\github\modelrelief\modelrelief.test\bin\debug\netcoreapp2.0\modelrelief.test.dll" id="0852aeec-50a5-4028-a246-642233c4a49a"><Execution id="055e5ea7-55da-4ddf-a499-d0428ddfadfb" /><TestMethod codeBase="D:\Users\Steve Knipmeyer\Documents\GitHub\ModelRelief\ModelRelief.test\bin\Debug\netcoreapp2.0\ModelRelief.Test.dll" adapterTypeName="executor://xunit/VsTestRunner2/netcoreapp" className="ModelRelief.Test.Integration.Cameras.CamerasBaseIntegrationTests" name="Post_ValidReferencePropertyCreatesModel" /></UnitTest><UnitTest name="Patch_InvalidReferencePropertyReturnsBadRequest" storage="d:\users\steve knipmeyer\documents\github\modelrelief\modelrelief.test\bin\debug\netcoreapp2.0\modelrelief.test.dll" id="ca6c5fc2-04c3-45f6-974e-4067648fe1de"><Execution id="4c9709fa-730e-4638-9ee3-67d1acf59e36" /><TestMethod codeBase="D:\Users\Steve Knipmeyer\Documents\GitHub\ModelRelief\ModelRelief.test\bin\Debug\netcoreapp2.0\ModelRelief.Test.dll" adapterTypeName="executor://xunit/VsTestRunner2/netcoreapp" className="ModelRelief.Test.Integration.MeshTransforms.MeshTransformsBaseIntegrationTests" name="Patch_InvalidReferencePropertyReturnsBadRequest" /></UnitTest><UnitTest name="Put_InvalidIdReturnsNotFound" storage="d:\users\steve knipmeyer\documents\github\modelrelief\modelrelief.test\bin\debug\netcoreapp2.0\modelrelief.test.dll" id="c6ebcee8-2405-4bef-bb33-c65cf71620b9"><Execution id="440cbd57-ba86-4d42-8165-6c604e6294ae" /><TestMethod codeBase="D:\Users\Steve Knipmeyer\Documents\GitHub\ModelRelief\ModelRelief.test\bin\Debug\netcoreapp2.0\ModelRelief.Test.dll" adapterTypeName="executor://xunit/VsTestRunner2/netcoreapp" className="ModelRelief.Test.Integration.Models.ModelsBaseIntegrationTests" name="Put_InvalidIdReturnsNotFound" /></UnitTest><UnitTest name="Post_InvalidReferencePropertyReturnsBadRequest" storage="d:\users\steve knipmeyer\documents\github\modelrelief\modelrelief.test\bin\debug\netcoreapp2.0\modelrelief.test.dll" id="cbe2a7fc-7e93-4c24-980c-5f9f4a394c28"><Execution id="58dd5ecd-c50e-4ec5-b20f-b2f004e227a4" /><TestMethod codeBase="D:\Users\Steve Knipmeyer\Documents\GitHub\ModelRelief\ModelRelief.test\bin\Debug\netcoreapp2.0\ModelRelief.Test.dll" adapterTypeName="executor://xunit/VsTestRunner2/netcoreapp" className="ModelRelief.Test.Integration.Projects.ProjectsBaseIntegrationTests" name="Post_InvalidReferencePropertyReturnsBadRequest" /></UnitTest><UnitTest name="Put_InvalidReferencePropertyReturndBadRequest" storage="d:\users\steve knipmeyer\documents\github\modelrelief\modelrelief.test\bin\debug\netcoreapp2.0\modelrelief.test.dll" id="b5a8371e-0ce2-4ea5-b74b-d32588e764c0"><Execution id="76dc288e-1287-4155-bea6-e7552b4249de" /><TestMethod codeBase="D:\Users\Steve Knipmeyer\Documents\GitHub\ModelRelief\ModelRelief.test\bin\Debug\netcoreapp2.0\ModelRelief.Test.dll" adapterTypeName="executor://xunit/VsTestRunner2/netcoreapp" className="ModelRelief.Test.Integration.Cameras.CamerasBaseIntegrationTests" name="Put_InvalidReferencePropertyReturndBadRequest" /></UnitTest><UnitTest name="Put_ValidReferencePropertyUpdatesModel" storage="d:\users\steve knipmeyer\documents\github\modelrelief\modelrelief.test\bin\debug\netcoreapp2.0\modelrelief.test.dll" id="e4aef673-2b81-4c47-a0cd-baec70f28d96"><Execution id="dc02758b-5f93-4cdd-b377-57385767964b" /><TestMethod codeBase="D:\Users\Steve Knipmeyer\Documents\GitHub\ModelRelief\ModelRelief.test\bin\Debug\netcoreapp2.0\ModelRelief.Test.dll" adapterTypeName="executor://xunit/VsTestRunner2/netcoreapp" className="ModelRelief.Test.Integration.MeshTransforms.MeshTransformsBaseIntegrationTests" name="Put_ValidReferencePropertyUpdatesModel" /></UnitTest><UnitTest name="Put_InvalidIdReturnsNotFound" storage="d:\users\steve knipmeyer\documents\github\modelrelief\modelrelief.test\bin\debug\netcoreapp2.0\modelrelief.test.dll" id="8a2621f9-0b36-4b17-a862-d236e3b644ed"><Execution id="323aa6d9-eda8-4eb9-abfc-1186f47ca727" /><TestMethod codeBase="D:\Users\Steve Knipmeyer\Documents\GitHub\ModelRelief\ModelRelief.test\bin\Debug\netcoreapp2.0\ModelRelief.Test.dll" adapterTypeName="executor://xunit/VsTestRunner2/netcoreapp" className="ModelRelief.Test.Integration.MeshTransforms.MeshTransformsBaseIntegrationTests" name="Put_InvalidIdReturnsNotFound" /></UnitTest><UnitTest name="Put_InvalidReferencePropertyReturndBadRequest" storage="d:\users\steve knipmeyer\documents\github\modelrelief\modelrelief.test\bin\debug\netcoreapp2.0\modelrelief.test.dll" id="2d898184-d3ad-4e2f-868c-eee229375a84"><Execution id="a23cb9ae-c1c0-45c2-a503-3faa1ff989e6" /><TestMethod codeBase="D:\Users\Steve Knipmeyer\Documents\GitHub\ModelRelief\ModelRelief.test\bin\Debug\netcoreapp2.0\ModelRelief.Test.dll" adapterTypeName="executor://xunit/VsTestRunner2/netcoreapp" className="ModelRelief.Test.Integration.Projects.ProjectsBaseIntegrationTests" name="Put_InvalidReferencePropertyReturndBadRequest" /></UnitTest><UnitTest name="Put_CanUpdateModel" storage="d:\users\steve knipmeyer\documents\github\modelrelief\modelrelief.test\bin\debug\netcoreapp2.0\modelrelief.test.dll" id="3bb715dc-ee72-4721-b8eb-85b2d9a2985e"><Execution id="717d7f57-3131-423d-9a7d-55fb5bdcfc46" /><TestMethod codeBase="D:\Users\Steve Knipmeyer\Documents\GitHub\ModelRelief\ModelRelief.test\bin\Debug\netcoreapp2.0\ModelRelief.Test.dll" adapterTypeName="executor://xunit/VsTestRunner2/netcoreapp" className="ModelRelief.Test.Integration.Meshes.MeshesBaseIntegrationTests" name="Put_CanUpdateModel" /></UnitTest><UnitTest name="Post_ValidReferencePropertyCreatesModel" storage="d:\users\steve knipmeyer\documents\github\modelrelief\modelrelief.test\bin\debug\netcoreapp2.0\modelrelief.test.dll" id="941f9d79-1ad6-437d-8a32-d8bd35384138"><Execution id="d1c81250-71c5-4a0c-8d12-29b5447c651d" /><TestMethod codeBase="D:\Users\Steve Knipmeyer\Documents\GitHub\ModelRelief\ModelRelief.test\bin\Debug\netcoreapp2.0\ModelRelief.Test.dll" adapterTypeName="executor://xunit/VsTestRunner2/netcoreapp" className="ModelRelief.Test.Integration.Meshes.MeshesBaseIntegrationTests" name="Post_ValidReferencePropertyCreatesModel" /></UnitTest><UnitTest name="PutFile_NewFileCanBePut" storage="d:\users\steve knipmeyer\documents\github\modelrelief\modelrelief.test\bin\debug\netcoreapp2.0\modelrelief.test.dll" id="9f0fde53-a4d6-4188-bfb0-c13d36149185"><Execution id="7c71fb08-7576-49e8-adc3-dcf886f1b007" /><TestMethod codeBase="D:\Users\Steve Knipmeyer\Documents\GitHub\ModelRelief\ModelRelief.test\bin\Debug\netcoreapp2.0\ModelRelief.Test.dll" adapterTypeName="executor://xunit/VsTestRunner2/netcoreapp" className="ModelRelief.Test.Integration.DepthBuffers.DepthBuffersFileIntegrationTests" name="PutFile_NewFileCanBePut" /></UnitTest><UnitTest name="Post_InvalidReferencePropertyReturnsBadRequest" storage="d:\users\steve knipmeyer\documents\github\modelrelief\modelrelief.test\bin\debug\netcoreapp2.0\modelrelief.test.dll" id="0710a24b-9287-44a8-b36f-0dcef38ab5d6"><Execution id="f655a98a-c6f2-4fda-af69-604b6f154c48" /><TestMethod codeBase="D:\Users\Steve Knipmeyer\Documents\GitHub\ModelRelief\ModelRelief.test\bin\Debug\netcoreapp2.0\ModelRelief.Test.dll" adapterTypeName="executor://xunit/VsTestRunner2/netcoreapp" className="ModelRelief.Test.Integration.Meshes.MeshesBaseIntegrationTests" name="Post_InvalidReferencePropertyReturnsBadRequest" /></UnitTest><UnitTest name="GetList_ListReturnsCorrectCount" storage="d:\users\steve knipmeyer\documents\github\modelrelief\modelrelief.test\bin\debug\netcoreapp2.0\modelrelief.test.dll" id="38543c9f-141f-479b-8b80-4e4e69eb208e"><Execution id="609f1f27-ebfc-4e51-b8e8-bd4b7a86a7c2" /><TestMethod codeBase="D:\Users\Steve Knipmeyer\Documents\GitHub\ModelRelief\ModelRelief.test\bin\Debug\netcoreapp2.0\ModelRelief.Test.dll" adapterTypeName="executor://xunit/VsTestRunner2/netcoreapp" className="ModelRelief.Test.Integration.MeshTransforms.MeshTransformsBaseIntegrationTests" name="GetList_ListReturnsCorrectCount" /></UnitTest><UnitTest name="GetSingle_ValidIdPropertyValueReturnsCorrectModel" storage="d:\users\steve knipmeyer\documents\github\modelrelief\modelrelief.test\bin\debug\netcoreapp2.0\modelrelief.test.dll" id="f66c572c-c0be-439f-8162-7be5e539beb0"><Execution id="36054d3d-d1b5-4f20-a3d0-758b6c73e52e" /><TestMethod codeBase="D:\Users\Steve Knipmeyer\Documents\GitHub\ModelRelief\ModelRelief.test\bin\Debug\netcoreapp2.0\ModelRelief.Test.dll" adapterTypeName="executor://xunit/VsTestRunner2/netcoreapp" className="ModelRelief.Test.Integration.Models.ModelsBaseIntegrationTests" name="GetSingle_ValidIdPropertyValueReturnsCorrectModel" /></UnitTest><UnitTest name="Patch_TargetPropertyIsUpdated" storage="d:\users\steve knipmeyer\documents\github\modelrelief\modelrelief.test\bin\debug\netcoreapp2.0\modelrelief.test.dll" id="15bb1854-7f43-47a3-a340-69087a948bc1"><Execution id="c72a1a95-da70-43e8-aac7-1229393f34af" /><TestMethod codeBase="D:\Users\Steve Knipmeyer\Documents\GitHub\ModelRelief\ModelRelief.test\bin\Debug\netcoreapp2.0\ModelRelief.Test.dll" adapterTypeName="executor://xunit/VsTestRunner2/netcoreapp" className="ModelRelief.Test.Integration.Meshes.MeshesBaseIntegrationTests" name="Patch_TargetPropertyIsUpdated" /></UnitTest><UnitTest name="Patch_MultipleInvalidReferencePropertiesReturnsMultipleValidationErrorsAndBadRequest" storage="d:\users\steve knipmeyer\documents\github\modelrelief\modelrelief.test\bin\debug\netcoreapp2.0\modelrelief.test.dll" id="73e72504-c9e3-4769-aaee-97b170b838eb"><Execution id="da9be133-5c69-465a-a999-3421b5d29276" /><TestMethod codeBase="D:\Users\Steve Knipmeyer\Documents\GitHub\ModelRelief\ModelRelief.test\bin\Debug\netcoreapp2.0\ModelRelief.Test.dll" adapterTypeName="executor://xunit/VsTestRunner2/netcoreapp" className="ModelRelief.Test.Integration.Models.ModelsBaseIntegrationTests" name="Patch_MultipleInvalidReferencePropertiesReturnsMultipleValidationErrorsAndBadRequest" /></UnitTest><UnitTest name="Delete_TargetModelIsDeleted" storage="d:\users\steve knipmeyer\documents\github\modelrelief\modelrelief.test\bin\debug\netcoreapp2.0\modelrelief.test.dll" id="161407d9-0268-47c3-9535-2a8e833a6198"><Execution id="9cebe1cc-5e1f-475f-b897-43a3b5696143" /><TestMethod codeBase="D:\Users\Steve Knipmeyer\Documents\GitHub\ModelRelief\ModelRelief.test\bin\Debug\netcoreapp2.0\ModelRelief.Test.dll" adapterTypeName="executor://xunit/VsTestRunner2/netcoreapp" className="ModelRelief.Test.Integration.Cameras.CamerasBaseIntegrationTests" name="Delete_TargetModelIsDeleted" /></UnitTest><UnitTest name="Patch_InvalidIdPropertyReturnsNotFound" storage="d:\users\steve knipmeyer\documents\github\modelrelief\modelrelief.test\bin\debug\netcoreapp2.0\modelrelief.test.dll" id="b1ee4299-d5e8-4012-8f3b-fcce2948ead1"><Execution id="3c55209f-066c-43ed-89b2-14d5116f48fe" /><TestMethod codeBase="D:\Users\Steve Knipmeyer\Documents\GitHub\ModelRelief\ModelRelief.test\bin\Debug\netcoreapp2.0\ModelRelief.Test.dll" adapterTypeName="executor://xunit/VsTestRunner2/netcoreapp" className="ModelRelief.Test.Integration.Meshes.MeshesBaseIntegrationTests" name="Patch_InvalidIdPropertyReturnsNotFound" /></UnitTest><UnitTest name="LucyCameraFindsAllDependents" storage="d:\users\steve knipmeyer\documents\github\modelrelief\modelrelief.test\bin\debug\netcoreapp2.0\modelrelief.test.dll" id="42d7b73f-373d-4f3a-b143-741887a25848"><Execution id="43fa1552-9bd5-4236-899a-e4e748698ee6" /><TestMethod codeBase="D:\Users\Steve Knipmeyer\Documents\GitHub\ModelRelief\ModelRelief.test\bin\Debug\netcoreapp2.0\ModelRelief.Test.dll" adapterTypeName="executor://xunit/VsTestRunner2/netcoreapp" className="ModelRelief.Test.Unit.DependencyManager.DependencyManagerTests" name="LucyCameraFindsAllDependents" /></UnitTest><UnitTest name="Post_ValidReferencePropertyCreatesModel" storage="d:\users\steve knipmeyer\documents\github\modelrelief\modelrelief.test\bin\debug\netcoreapp2.0\modelrelief.test.dll" id="37fea140-f6d2-4cfc-a4e2-e8737a764b18"><Execution id="94576cb6-6842-4e82-a9b3-4bba127dd365" /><TestMethod codeBase="D:\Users\Steve Knipmeyer\Documents\GitHub\ModelRelief\ModelRelief.test\bin\Debug\netcoreapp2.0\ModelRelief.Test.dll" adapterTypeName="executor://xunit/VsTestRunner2/netcoreapp" className="ModelRelief.Test.Integration.MeshTransforms.MeshTransformsBaseIntegrationTests" name="Post_ValidReferencePropertyCreatesModel" /></UnitTest><UnitTest name="GetFile_ExistingFileReturnsSuccess" storage="d:\users\steve knipmeyer\documents\github\modelrelief\modelrelief.test\bin\debug\netcoreapp2.0\modelrelief.test.dll" id="63ed062e-9496-408c-a566-7e30d18f696b"><Execution id="fd16b9b3-6cbf-4db4-8593-a39dacd32632" /><TestMethod codeBase="D:\Users\Steve Knipmeyer\Documents\GitHub\ModelRelief\ModelRelief.test\bin\Debug\netcoreapp2.0\ModelRelief.Test.dll" adapterTypeName="executor://xunit/VsTestRunner2/netcoreapp" className="ModelRelief.Test.Integration.Meshes.MeshesFileIntegrationTests" name="GetFile_ExistingFileReturnsSuccess" /></UnitTest><UnitTest name="GetSingle_InvalidIdPropertyValueReturnsNotFound" storage="d:\users\steve knipmeyer\documents\github\modelrelief\modelrelief.test\bin\debug\netcoreapp2.0\modelrelief.test.dll" id="890d51e7-80a5-4a09-9d1f-4e49bd90e547"><Execution id="69b53641-2889-4d7b-8b2c-25aff7ae2347" /><TestMethod codeBase="D:\Users\Steve Knipmeyer\Documents\GitHub\ModelRelief\ModelRelief.test\bin\Debug\netcoreapp2.0\ModelRelief.Test.dll" adapterTypeName="executor://xunit/VsTestRunner2/netcoreapp" className="ModelRelief.Test.Integration.DepthBuffers.DepthBuffersBaseIntegrationTests" name="GetSingle_InvalidIdPropertyValueReturnsNotFound" /></UnitTest><UnitTest name="DepthBufferHasExpectedDependentFiles" storage="d:\users\steve knipmeyer\documents\github\modelrelief\modelrelief.test\bin\debug\netcoreapp2.0\modelrelief.test.dll" id="b33cbdba-6e16-4a3b-ab0d-cbec0bfff9d7"><Execution id="ed11577f-59d9-486b-9d36-2b1f186d9de8" /><TestMethod codeBase="D:\Users\Steve Knipmeyer\Documents\GitHub\ModelRelief\ModelRelief.test\bin\Debug\netcoreapp2.0\ModelRelief.Test.dll" adapterTypeName="executor://xunit/VsTestRunner2/netcoreapp" className="ModelRelief.Test.Unit.DependencyManager.DependencyManagerTests" name="DepthBufferHasExpectedDependentFiles" /></UnitTest><UnitTest name="Post_InvalidPropertyValueReturnsBadRequest" storage="d:\users\steve knipmeyer\documents\github\modelrelief\modelrelief.test\bin\debug\netcoreapp2.0\modelrelief.test.dll" id="dbcf5f66-4b39-46a5-bf1a-627858326f21"><Execution id="4f1bf712-3b38-4eae-bc51-3c0f334d9622" /><TestMethod codeBase="D:\Users\Steve Knipmeyer\Documents\GitHub\ModelRelief\ModelRelief.test\bin\Debug\netcoreapp2.0\ModelRelief.Test.dll" adapterTypeName="executor://xunit/VsTestRunner2/netcoreapp" className="ModelRelief.Test.Integration.Cameras.CamerasBaseIntegrationTests" name="Post_InvalidPropertyValueReturnsBadRequest" /></UnitTest><UnitTest name="LucyDepthBufferFindsOneDependent" storage="d:\users\steve knipmeyer\documents\github\modelrelief\modelrelief.test\bin\debug\netcoreapp2.0\modelrelief.test.dll" id="5c4dc6cc-45a9-463e-99d1-8e6132b12d3c"><Execution id="4c08c353-da66-4776-92ff-2d26581c3795" /><TestMethod codeBase="D:\Users\Steve Knipmeyer\Documents\GitHub\ModelRelief\ModelRelief.test\bin\Debug\netcoreapp2.0\ModelRelief.Test.dll" adapterTypeName="executor://xunit/VsTestRunner2/netcoreapp" className="ModelRelief.Test.Unit.DependencyManager.DependencyManagerTests" name="LucyDepthBufferFindsOneDependent" /></UnitTest><UnitTest name="Patch_ValidReferencePropertyUpdatesModel" storage="d:\users\steve knipmeyer\documents\github\modelrelief\modelrelief.test\bin\debug\netcoreapp2.0\modelrelief.test.dll" id="0c4471bc-e69a-4071-b73e-b1de2d4ceed4"><Execution id="dca229e6-8790-4797-9817-41ef8a307ce0" /><TestMethod codeBase="D:\Users\Steve Knipmeyer\Documents\GitHub\ModelRelief\ModelRelief.test\bin\Debug\netcoreapp2.0\ModelRelief.Test.dll" adapterTypeName="executor://xunit/VsTestRunner2/netcoreapp" className="ModelRelief.Test.Integration.MeshTransforms.MeshTransformsBaseIntegrationTests" name="Patch_ValidReferencePropertyUpdatesModel" /></UnitTest><UnitTest name="PostFile_NewFileCanBePosted" storage="d:\users\steve knipmeyer\documents\github\modelrelief\modelrelief.test\bin\debug\netcoreapp2.0\modelrelief.test.dll" id="9452e053-b8ea-4a23-be08-94b91cc8aa98"><Execution id="342a8ff8-df33-417d-a3d9-73195ede7f62" /><TestMethod codeBase="D:\Users\Steve Knipmeyer\Documents\GitHub\ModelRelief\ModelRelief.test\bin\Debug\netcoreapp2.0\ModelRelief.Test.dll" adapterTypeName="executor://xunit/VsTestRunner2/netcoreapp" className="ModelRelief.Test.Integration.Meshes.MeshesFileIntegrationTests" name="PostFile_NewFileCanBePosted" /></UnitTest><UnitTest name="Put_CanUpdateModel" storage="d:\users\steve knipmeyer\documents\github\modelrelief\modelrelief.test\bin\debug\netcoreapp2.0\modelrelief.test.dll" id="07cefbb5-f00e-4dff-8016-f028a2b75068"><Execution id="fa74fe5d-6fba-4f0f-8b59-d4450e361f63" /><TestMethod codeBase="D:\Users\Steve Knipmeyer\Documents\GitHub\ModelRelief\ModelRelief.test\bin\Debug\netcoreapp2.0\ModelRelief.Test.dll" adapterTypeName="executor://xunit/VsTestRunner2/netcoreapp" className="ModelRelief.Test.Integration.Cameras.CamerasBaseIntegrationTests" name="Put_CanUpdateModel" /></UnitTest><UnitTest name="Patch_MultipleInvalidReferencePropertiesReturnsMultipleValidationErrorsAndBadRequest" storage="d:\users\steve knipmeyer\documents\github\modelrelief\modelrelief.test\bin\debug\netcoreapp2.0\modelrelief.test.dll" id="0cfa0cef-40b7-4063-9d2a-cdbddfbafe96"><Execution id="78112ab3-1982-4f98-b702-6096c53b4d15" /><TestMethod codeBase="D:\Users\Steve Knipmeyer\Documents\GitHub\ModelRelief\ModelRelief.test\bin\Debug\netcoreapp2.0\ModelRelief.Test.dll" adapterTypeName="executor://xunit/VsTestRunner2/netcoreapp" className="ModelRelief.Test.Integration.Projects.ProjectsBaseIntegrationTests" name="Patch_MultipleInvalidReferencePropertiesReturnsMultipleValidationErrorsAndBadRequest" /></UnitTest><UnitTest name="CameraHasExpectedDependentFiles" storage="d:\users\steve knipmeyer\documents\github\modelrelief\modelrelief.test\bin\debug\netcoreapp2.0\modelrelief.test.dll" id="91153149-5bd6-4273-bde5-412a393afd9a"><Execution id="344509a8-5aa3-4f4b-9af8-fdbe47b5e740" /><TestMethod codeBase="D:\Users\Steve Knipmeyer\Documents\GitHub\ModelRelief\ModelRelief.test\bin\Debug\netcoreapp2.0\ModelRelief.Test.dll" adapterTypeName="executor://xunit/VsTestRunner2/netcoreapp" className="ModelRelief.Test.Unit.DependencyManager.DependencyManagerTests" name="CameraHasExpectedDependentFiles" /></UnitTest><UnitTest name="Put_InvalidIdReturnsNotFound" storage="d:\users\steve knipmeyer\documents\github\modelrelief\modelrelief.test\bin\debug\netcoreapp2.0\modelrelief.test.dll" id="8f7ae050-ecc1-4581-b33a-e69ba0c4252b"><Execution id="7f3096d9-a96d-4bda-b85c-22152104cf78" /><TestMethod codeBase="D:\Users\Steve Knipmeyer\Documents\GitHub\ModelRelief\ModelRelief.test\bin\Debug\netcoreapp2.0\ModelRelief.Test.dll" adapterTypeName="executor://xunit/VsTestRunner2/netcoreapp" className="ModelRelief.Test.Integration.Projects.ProjectsBaseIntegrationTests" name="Put_InvalidIdReturnsNotFound" /></UnitTest><UnitTest name="Patch_InvalidIdPropertyReturnsNotFound" storage="d:\users\steve knipmeyer\documents\github\modelrelief\modelrelief.test\bin\debug\netcoreapp2.0\modelrelief.test.dll" id="7f57d769-a0a7-4bb7-b866-aed48f91a22a"><Execution id="bba95429-53e6-4009-b8b2-ff5513cacb72" /><TestMethod codeBase="D:\Users\Steve Knipmeyer\Documents\GitHub\ModelRelief\ModelRelief.test\bin\Debug\netcoreapp2.0\ModelRelief.Test.dll" adapterTypeName="executor://xunit/VsTestRunner2/netcoreapp" className="ModelRelief.Test.Integration.Projects.ProjectsBaseIntegrationTests" name="Patch_InvalidIdPropertyReturnsNotFound" /></UnitTest><UnitTest name="Patch_InvalidReferencePropertyReturnsBadRequest" storage="d:\users\steve knipmeyer\documents\github\modelrelief\modelrelief.test\bin\debug\netcoreapp2.0\modelrelief.test.dll" id="de015bb8-3f1f-4850-9119-eb20d1b4589d"><Execution id="7f5997b1-85ec-443d-97c4-85da4bcd603c" /><TestMethod codeBase="D:\Users\Steve Knipmeyer\Documents\GitHub\ModelRelief\ModelRelief.test\bin\Debug\netcoreapp2.0\ModelRelief.Test.dll" adapterTypeName="executor://xunit/VsTestRunner2/netcoreapp" className="ModelRelief.Test.Integration.Projects.ProjectsBaseIntegrationTests" name="Patch_InvalidReferencePropertyReturnsBadRequest" /></UnitTest><UnitTest name="PutFile_FileCanBeUpdated" storage="d:\users\steve knipmeyer\documents\github\modelrelief\modelrelief.test\bin\debug\netcoreapp2.0\modelrelief.test.dll" id="ce9a694a-b156-4185-848d-4615c5d5d727"><Execution id="07331389-3a64-45e4-a06e-0057cb6c2839" /><TestMethod codeBase="D:\Users\Steve Knipmeyer\Documents\GitHub\ModelRelief\ModelRelief.test\bin\Debug\netcoreapp2.0\ModelRelief.Test.dll" adapterTypeName="executor://xunit/VsTestRunner2/netcoreapp" className="ModelRelief.Test.Integration.Meshes.MeshesFileIntegrationTests" name="PutFile_FileCanBeUpdated" /></UnitTest><UnitTest name="Patch_InvalidEnumPropertyValueReturnsBadRequest" storage="d:\users\steve knipmeyer\documents\github\modelrelief\modelrelief.test\bin\debug\netcoreapp2.0\modelrelief.test.dll" id="9fdf6375-e99e-43e6-9b99-8f91eac6e2d6"><Execution id="380946f4-d03c-423d-8ea4-db29d2e2bda7" /><TestMethod codeBase="D:\Users\Steve Knipmeyer\Documents\GitHub\ModelRelief\ModelRelief.test\bin\Debug\netcoreapp2.0\ModelRelief.Test.dll" adapterTypeName="executor://xunit/VsTestRunner2/netcoreapp" className="ModelRelief.Test.Integration.MeshTransforms.MeshTransformsBaseIntegrationTests" name="Patch_InvalidEnumPropertyValueReturnsBadRequest" /></UnitTest><UnitTest name="PostFile_FileIsSynchronizedIsUpdatedAfterFileIsPosted" storage="d:\users\steve knipmeyer\documents\github\modelrelief\modelrelief.test\bin\debug\netcoreapp2.0\modelrelief.test.dll" id="0c9ade45-6755-47d1-aa51-2be70f22da7f"><Execution id="500c8b9f-242c-4d29-9f9d-93fc0f5dd432" /><TestMethod codeBase="D:\Users\Steve Knipmeyer\Documents\GitHub\ModelRelief\ModelRelief.test\bin\Debug\netcoreapp2.0\ModelRelief.Test.dll" adapterTypeName="executor://xunit/VsTestRunner2/netcoreapp" className="ModelRelief.Test.Integration.DepthBuffers.DepthBuffersFileIntegrationTests" name="PostFile_FileIsSynchronizedIsUpdatedAfterFileIsPosted" /></UnitTest><UnitTest name="Patch_InvalidReferencePropertyReturnsBadRequest" storage="d:\users\steve knipmeyer\documents\github\modelrelief\modelrelief.test\bin\debug\netcoreapp2.0\modelrelief.test.dll" id="8cb1b858-c5a7-4cd3-836e-797c7d3a5c0b"><Execution id="4a54a1ab-baf7-4c62-a922-fb1a9cecfae9" /><TestMethod codeBase="D:\Users\Steve Knipmeyer\Documents\GitHub\ModelRelief\ModelRelief.test\bin\Debug\netcoreapp2.0\ModelRelief.Test.dll" adapterTypeName="executor://xunit/VsTestRunner2/netcoreapp" className="ModelRelief.Test.Integration.DepthBuffers.DepthBuffersBaseIntegrationTests" name="Patch_InvalidReferencePropertyReturnsBadRequest" /></UnitTest><UnitTest name="FileRequest_MeshIsInvalidatedAfterDepthBufferFileBecomesUnsynchronized" storage="d:\users\steve knipmeyer\documents\github\modelrelief\modelrelief.test\bin\debug\netcoreapp2.0\modelrelief.test.dll" id="b787c0f5-ad7d-446d-9307-372439e3949c"><Execution id="f5f014f6-f7bd-4fa3-88fe-869073459969" /><TestMethod codeBase="D:\Users\Steve Knipmeyer\Documents\GitHub\ModelRelief\ModelRelief.test\bin\Debug\netcoreapp2.0\ModelRelief.Test.dll" adapterTypeName="executor://xunit/VsTestRunner2/netcoreapp" className="ModelRelief.Test.Integration.Meshes.MeshesFileIntegrationTests" name="FileRequest_MeshIsInvalidatedAfterDepthBufferFileBecomesUnsynchronized" /></UnitTest><UnitTest name="Post_InvalidReferencePropertyReturnsBadRequest" storage="d:\users\steve knipmeyer\documents\github\modelrelief\modelrelief.test\bin\debug\netcoreapp2.0\modelrelief.test.dll" id="e6c47742-9d72-4369-8d67-6aab9fe1b37d"><Execution id="811aca8f-7145-48bd-97ee-51b9ca10ec88" /><TestMethod codeBase="D:\Users\Steve Knipmeyer\Documents\GitHub\ModelRelief\ModelRelief.test\bin\Debug\netcoreapp2.0\ModelRelief.Test.dll" adapterTypeName="executor://xunit/VsTestRunner2/netcoreapp" className="ModelRelief.Test.Integration.DepthBuffers.DepthBuffersBaseIntegrationTests" name="Post_InvalidReferencePropertyReturnsBadRequest" /></UnitTest><UnitTest name="PostFile_FileIsSynchronizedIsUpdatedAfterFileIsPosted" storage="d:\users\steve knipmeyer\documents\github\modelrelief\modelrelief.test\bin\debug\netcoreapp2.0\modelrelief.test.dll" id="888bf5d2-48f6-4f95-b667-344fc87881b1"><Execution id="46fb281c-fb7b-4f9c-871e-fb5b4758040f" /><TestMethod codeBase="D:\Users\Steve Knipmeyer\Documents\GitHub\ModelRelief\ModelRelief.test\bin\Debug\netcoreapp2.0\ModelRelief.Test.dll" adapterTypeName="executor://xunit/VsTestRunner2/netcoreapp" className="ModelRelief.Test.Integration.Models.ModelsFileIntegrationTests" name="PostFile_FileIsSynchronizedIsUpdatedAfterFileIsPosted" /></UnitTest><UnitTest name="Put_ValidReferencePropertyUpdatesModel" storage="d:\users\steve knipmeyer\documents\github\modelrelief\modelrelief.test\bin\debug\netcoreapp2.0\modelrelief.test.dll" id="60a027a8-ccf9-4a2f-86ea-3299c6461401"><Execution id="313a3c82-3ba6-4ec3-bd88-7a8ec2542818" /><TestMethod codeBase="D:\Users\Steve Knipmeyer\Documents\GitHub\ModelRelief\ModelRelief.test\bin\Debug\netcoreapp2.0\ModelRelief.Test.dll" adapterTypeName="executor://xunit/VsTestRunner2/netcoreapp" className="ModelRelief.Test.Integration.DepthBuffers.DepthBuffersBaseIntegrationTests" name="Put_ValidReferencePropertyUpdatesModel" /></UnitTest><UnitTest name="Post_CanCreateNewModel" storage="d:\users\steve knipmeyer\documents\github\modelrelief\modelrelief.test\bin\debug\netcoreapp2.0\modelrelief.test.dll" id="03c3389f-f75a-42f5-8375-8741618bbff2"><Execution id="35ba43a5-3ca4-49c8-b69d-6847225b75b9" /><TestMethod codeBase="D:\Users\Steve Knipmeyer\Documents\GitHub\ModelRelief\ModelRelief.test\bin\Debug\netcoreapp2.0\ModelRelief.Test.dll" adapterTypeName="executor://xunit/VsTestRunner2/netcoreapp" className="ModelRelief.Test.Integration.Projects.ProjectsBaseIntegrationTests" name="Post_CanCreateNewModel" /></UnitTest><UnitTest name="GetSingle_InvalidIdPropertyValueReturnsNotFound" storage="d:\users\steve knipmeyer\documents\github\modelrelief\modelrelief.test\bin\debug\netcoreapp2.0\modelrelief.test.dll" id="c68888ab-14f2-4ff4-89e7-8544efe86268"><Execution id="a36cf0ec-ea92-4de4-86c6-1511a7a8ccf0" /><TestMethod codeBase="D:\Users\Steve Knipmeyer\Documents\GitHub\ModelRelief\ModelRelief.test\bin\Debug\netcoreapp2.0\ModelRelief.Test.dll" adapterTypeName="executor://xunit/VsTestRunner2/netcoreapp" className="ModelRelief.Test.Integration.Meshes.MeshesBaseIntegrationTests" name="GetSingle_InvalidIdPropertyValueReturnsNotFound" /></UnitTest><UnitTest name="Patch_TargetPropertyIsUpdated" storage="d:\users\steve knipmeyer\documents\github\modelrelief\modelrelief.test\bin\debug\netcoreapp2.0\modelrelief.test.dll" id="9f902a2d-b756-47b1-9c8e-0ed26221bcf6"><Execution id="2a43edd4-eafb-48d7-a427-f8b573dfff83" /><TestMethod codeBase="D:\Users\Steve Knipmeyer\Documents\GitHub\ModelRelief\ModelRelief.test\bin\Debug\netcoreapp2.0\ModelRelief.Test.dll" adapterTypeName="executor://xunit/VsTestRunner2/netcoreapp" className="ModelRelief.Test.Integration.DepthBuffers.DepthBuffersBaseIntegrationTests" name="Patch_TargetPropertyIsUpdated" /></UnitTest><UnitTest name="Post_ValidReferencePropertyCreatesModel" storage="d:\users\steve knipmeyer\documents\github\modelrelief\modelrelief.test\bin\debug\netcoreapp2.0\modelrelief.test.dll" id="61226494-458b-4c18-8eac-ca4412c1fdc7"><Execution id="113b782f-3e1d-4e47-9b69-3d1994637f7a" /><TestMethod codeBase="D:\Users\Steve Knipmeyer\Documents\GitHub\ModelRelief\ModelRelief.test\bin\Debug\netcoreapp2.0\ModelRelief.Test.dll" adapterTypeName="executor://xunit/VsTestRunner2/netcoreapp" className="ModelRelief.Test.Integration.DepthBuffers.DepthBuffersBaseIntegrationTests" name="Post_ValidReferencePropertyCreatesModel" /></UnitTest><UnitTest name="LucyModel3dHasTwoDependents" storage="d:\users\steve knipmeyer\documents\github\modelrelief\modelrelief.test\bin\debug\netcoreapp2.0\modelrelief.test.dll" id="b30e6e39-83c3-4326-b2dd-cf544703d1fe"><Execution id="a58621ce-83d3-4744-8d9d-9e734ea48f09" /><TestMethod codeBase="D:\Users\Steve Knipmeyer\Documents\GitHub\ModelRelief\ModelRelief.test\bin\Debug\netcoreapp2.0\ModelRelief.Test.dll" adapterTypeName="executor://xunit/VsTestRunner2/netcoreapp" className="ModelRelief.Test.Unit.DependencyManager.DependencyManagerTests" name="LucyModel3dHasTwoDependents" /></UnitTest><UnitTest name="Patch_InvalidPropertyNameReturnsBadRequest" storage="d:\users\steve knipmeyer\documents\github\modelrelief\modelrelief.test\bin\debug\netcoreapp2.0\modelrelief.test.dll" id="8371fb31-b6e8-40d8-96a1-8e43dbe26d2a"><Execution id="b496a4d4-0f1c-4601-aac0-0d83be3615e4" /><TestMethod codeBase="D:\Users\Steve Knipmeyer\Documents\GitHub\ModelRelief\ModelRelief.test\bin\Debug\netcoreapp2.0\ModelRelief.Test.dll" adapterTypeName="executor://xunit/VsTestRunner2/netcoreapp" className="ModelRelief.Test.Integration.MeshTransforms.MeshTransformsBaseIntegrationTests" name="Patch_InvalidPropertyNameReturnsBadRequest" /></UnitTest><UnitTest name="Patch_InvalidEnumPropertyValueReturnsBadRequest" storage="d:\users\steve knipmeyer\documents\github\modelrelief\modelrelief.test\bin\debug\netcoreapp2.0\modelrelief.test.dll" id="da84ff96-3278-4a50-8fa8-8f378682fc4f"><Execution id="73dda85a-47de-48a7-b447-5aed8e22b7ca" /><TestMethod codeBase="D:\Users\Steve Knipmeyer\Documents\GitHub\ModelRelief\ModelRelief.test\bin\Debug\netcoreapp2.0\ModelRelief.Test.dll" adapterTypeName="executor://xunit/VsTestRunner2/netcoreapp" className="ModelRelief.Test.Integration.Cameras.CamerasBaseIntegrationTests" name="Patch_InvalidEnumPropertyValueReturnsBadRequest" /></UnitTest><UnitTest name="Post_ValidReferencePropertyCreatesModel" storage="d:\users\steve knipmeyer\documents\github\modelrelief\modelrelief.test\bin\debug\netcoreapp2.0\modelrelief.test.dll" id="548e5900-11df-451b-aa86-e9cba591d6ef"><Execution id="c1a6a349-f11c-4240-bedd-75e145d55070" /><TestMethod codeBase="D:\Users\Steve Knipmeyer\Documents\GitHub\ModelRelief\ModelRelief.test\bin\Debug\netcoreapp2.0\ModelRelief.Test.dll" adapterTypeName="executor://xunit/VsTestRunner2/netcoreapp" className="ModelRelief.Test.Integration.Models.ModelsBaseIntegrationTests" name="Post_ValidReferencePropertyCreatesModel" /></UnitTest><UnitTest name="PutFile_FileCanBeUpdated" storage="d:\users\steve knipmeyer\documents\github\modelrelief\modelrelief.test\bin\debug\netcoreapp2.0\modelrelief.test.dll" id="d35825f7-02b9-44cb-bc6a-e1bca96c01ac"><Execution id="318402fc-2a35-4686-9a01-07562deb82b5" /><TestMethod codeBase="D:\Users\Steve Knipmeyer\Documents\GitHub\ModelRelief\ModelRelief.test\bin\Debug\netcoreapp2.0\ModelRelief.Test.dll" adapterTypeName="executor://xunit/VsTestRunner2/netcoreapp" className="ModelRelief.Test.Integration.DepthBuffers.DepthBuffersFileIntegrationTests" name="PutFile_FileCanBeUpdated" /></UnitTest><UnitTest name="Post_InvalidPropertyValueReturnsBadRequest" storage="d:\users\steve knipmeyer\documents\github\modelrelief\modelrelief.test\bin\debug\netcoreapp2.0\modelrelief.test.dll" id="197d37f8-ebe7-4f42-9d01-dd29e1767368"><Execution id="4628837d-410e-44b5-9b26-c83571cebd07" /><TestMethod codeBase="D:\Users\Steve Knipmeyer\Documents\GitHub\ModelRelief\ModelRelief.test\bin\Debug\netcoreapp2.0\ModelRelief.Test.dll" adapterTypeName="executor://xunit/VsTestRunner2/netcoreapp" className="ModelRelief.Test.Integration.DepthBuffers.DepthBuffersBaseIntegrationTests" name="Post_InvalidPropertyValueReturnsBadRequest" /></UnitTest><UnitTest name="Post_InvalidPropertyValueReturnsBadRequest" storage="d:\users\steve knipmeyer\documents\github\modelrelief\modelrelief.test\bin\debug\netcoreapp2.0\modelrelief.test.dll" id="3e7dc2d9-bacb-4994-b215-07b747803854"><Execution id="5ad0f991-ab9c-4683-be1a-63c3c23c6c08" /><TestMethod codeBase="D:\Users\Steve Knipmeyer\Documents\GitHub\ModelRelief\ModelRelief.test\bin\Debug\netcoreapp2.0\ModelRelief.Test.dll" adapterTypeName="executor://xunit/VsTestRunner2/netcoreapp" className="ModelRelief.Test.Integration.MeshTransforms.MeshTransformsBaseIntegrationTests" name="Post_InvalidPropertyValueReturnsBadRequest" /></UnitTest><UnitTest name="Put_ValidReferencePropertyUpdatesModel" storage="d:\users\steve knipmeyer\documents\github\modelrelief\modelrelief.test\bin\debug\netcoreapp2.0\modelrelief.test.dll" id="50f7cf95-c8f6-4c95-93d7-45f6cc9af9dc"><Execution id="ace17512-6c6e-4a2b-906d-dd27e2beea49" /><TestMethod codeBase="D:\Users\Steve Knipmeyer\Documents\GitHub\ModelRelief\ModelRelief.test\bin\Debug\netcoreapp2.0\ModelRelief.Test.dll" adapterTypeName="executor://xunit/VsTestRunner2/netcoreapp" className="ModelRelief.Test.Integration.Meshes.MeshesBaseIntegrationTests" name="Put_ValidReferencePropertyUpdatesModel" /></UnitTest><UnitTest name="Put_InvalidReferencePropertyReturndBadRequest" storage="d:\users\steve knipmeyer\documents\github\modelrelief\modelrelief.test\bin\debug\netcoreapp2.0\modelrelief.test.dll" id="34dc50a0-c013-46d6-a846-620fcf1715a5"><Execution id="767cb617-166b-4463-aa26-4000ee1fd2f1" /><TestMethod codeBase="D:\Users\Steve Knipmeyer\Documents\GitHub\ModelRelief\ModelRelief.test\bin\Debug\netcoreapp2.0\ModelRelief.Test.dll" adapterTypeName="executor://xunit/VsTestRunner2/netcoreapp" className="ModelRelief.Test.Integration.Models.ModelsBaseIntegrationTests" name="Put_InvalidReferencePropertyReturndBadRequest" /></UnitTest><UnitTest name="Put_InvalidReferencePropertyReturndBadRequest" storage="d:\users\steve knipmeyer\documents\github\modelrelief\modelrelief.test\bin\debug\netcoreapp2.0\modelrelief.test.dll" id="a2c58d14-2fad-4526-99db-f50ad05888ff"><Execution id="735ecb3b-7b54-4170-827e-eafe288ac8c1" /><TestMethod codeBase="D:\Users\Steve Knipmeyer\Documents\GitHub\ModelRelief\ModelRelief.test\bin\Debug\netcoreapp2.0\ModelRelief.Test.dll" adapterTypeName="executor://xunit/VsTestRunner2/netcoreapp" className="ModelRelief.Test.Integration.Meshes.MeshesBaseIntegrationTests" name="Put_InvalidReferencePropertyReturndBadRequest" /></UnitTest><UnitTest name="FileRequest_FileCanBeReadAfterRename" storage="d:\users\steve knipmeyer\documents\github\modelrelief\modelrelief.test\bin\debug\netcoreapp2.0\modelrelief.test.dll" id="d13bc089-90a1-4ba1-a5cf-30a82c61ca77"><Execution id="91d1d067-1bc7-4f5f-abef-0a2b9469c16e" /><TestMethod codeBase="D:\Users\Steve Knipmeyer\Documents\GitHub\ModelRelief\ModelRelief.test\bin\Debug\netcoreapp2.0\ModelRelief.Test.dll" adapterTypeName="executor://xunit/VsTestRunner2/netcoreapp" className="ModelRelief.Test.Integration.Meshes.MeshesFileIntegrationTests" name="FileRequest_FileCanBeReadAfterRename" /></UnitTest><UnitTest name="GetSingle_InvalidIdPropertyValueReturnsNotFound" storage="d:\users\steve knipmeyer\documents\github\modelrelief\modelrelief.test\bin\debug\netcoreapp2.0\modelrelief.test.dll" id="f8437ab3-fcc8-40db-885c-503f7405ad6a"><Execution id="fb530dd8-fb84-43bc-8f35-8c4fff141f93" /><TestMethod codeBase="D:\Users\Steve Knipmeyer\Documents\GitHub\ModelRelief\ModelRelief.test\bin\Debug\netcoreapp2.0\ModelRelief.Test.dll" adapterTypeName="executor://xunit/VsTestRunner2/netcoreapp" className="ModelRelief.Test.Integration.Models.ModelsBaseIntegrationTests" name="GetSingle_InvalidIdPropertyValueReturnsNotFound" /></UnitTest><UnitTest name="FileRequest_DepthBufferIsInvalidatedAfterCameraDependencyPropertyChange" storage="d:\users\steve knipmeyer\documents\github\modelrelief\modelrelief.test\bin\debug\netcoreapp2.0\modelrelief.test.dll" id="b9c28fc4-b0d8-4b11-8e56-952d9c1524ae"><Execution id="651842d9-2181-434d-bd2c-e0049f68b602" /><TestMethod codeBase="D:\Users\Steve Knipmeyer\Documents\GitHub\ModelRelief\ModelRelief.test\bin\Debug\netcoreapp2.0\ModelRelief.Test.dll" adapterTypeName="executor://xunit/VsTestRunner2/netcoreapp" className="ModelRelief.Test.Integration.DepthBuffers.DepthBuffersFileIntegrationTests" name="FileRequest_DepthBufferIsInvalidatedAfterCameraDependencyPropertyChange" /></UnitTest><UnitTest name="Patch_TargetPropertyIsUpdated" storage="d:\users\steve knipmeyer\documents\github\modelrelief\modelrelief.test\bin\debug\netcoreapp2.0\modelrelief.test.dll" id="44e1c880-80e7-464b-8300-b0d7b275e83e"><Execution id="bc92840a-6abd-43a1-8623-b53dea40fe5b" /><TestMethod codeBase="D:\Users\Steve Knipmeyer\Documents\GitHub\ModelRelief\ModelRelief.test\bin\Debug\netcoreapp2.0\ModelRelief.Test.dll" adapterTypeName="executor://xunit/VsTestRunner2/netcoreapp" className="ModelRelief.Test.Integration.Models.ModelsBaseIntegrationTests" name="Patch_TargetPropertyIsUpdated" /></UnitTest><UnitTest name="Delete_TargetModelIsDeleted" storage="d:\users\steve knipmeyer\documents\github\modelrelief\modelrelief.test\bin\debug\netcoreapp2.0\modelrelief.test.dll" id="8eb58350-d7de-4598-a405-fe772217a151"><Execution id="4c368fa7-bcf5-4842-9bd9-917e11a42396" /><TestMethod codeBase="D:\Users\Steve Knipmeyer\Documents\GitHub\ModelRelief\ModelRelief.test\bin\Debug\netcoreapp2.0\ModelRelief.Test.dll" adapterTypeName="executor://xunit/VsTestRunner2/netcoreapp" className="ModelRelief.Test.Integration.Models.ModelsBaseIntegrationTests" name="Delete_TargetModelIsDeleted" /></UnitTest><UnitTest name="Put_ValidReferencePropertyUpdatesModel" storage="d:\users\steve knipmeyer\documents\github\modelrelief\modelrelief.test\bin\debug\netcoreapp2.0\modelrelief.test.dll" id="3bf30bf0-211c-4bb6-b5aa-3390267d8ec5"><Execution id="2d6ad370-9461-4fb9-b763-1a6ce8d2c290" /><TestMethod codeBase="D:\Users\Steve Knipmeyer\Documents\GitHub\ModelRelief\ModelRelief.test\bin\Debug\netcoreapp2.0\ModelRelief.Test.dll" adapterTypeName="executor://xunit/VsTestRunner2/netcoreapp" className="ModelRelief.Test.Integration.Projects.ProjectsBaseIntegrationTests" name="Put_ValidReferencePropertyUpdatesModel" /></UnitTest><UnitTest name="Patch_InvalidReferencePropertyReturnsBadRequest" storage="d:\users\steve knipmeyer\documents\github\modelrelief\modelrelief.test\bin\debug\netcoreapp2.0\modelrelief.test.dll" id="8bff578d-8cdb-442c-aba6-03537012c343"><Execution id="37211605-44ed-4af5-9eae-7a7160e5e310" /><TestMethod codeBase="D:\Users\Steve Knipmeyer\Documents\GitHub\ModelRelief\ModelRelief.test\bin\Debug\netcoreapp2.0\ModelRelief.Test.dll" adapterTypeName="executor://xunit/VsTestRunner2/netcoreapp" className="ModelRelief.Test.Integration.Meshes.MeshesBaseIntegrationTests" name="Patch_InvalidReferencePropertyReturnsBadRequest" /></UnitTest><UnitTest name="PostFile_NewFileCanBePosted" storage="d:\users\steve knipmeyer\documents\github\modelrelief\modelrelief.test\bin\debug\netcoreapp2.0\modelrelief.test.dll" id="2f0a3f20-cb6e-4e06-bb1c-7f67e4f596ff"><Execution id="8abd3476-eeba-4e42-aedf-271820f3e7de" /><TestMethod codeBase="D:\Users\Steve Knipmeyer\Documents\GitHub\ModelRelief\ModelRelief.test\bin\Debug\netcoreapp2.0\ModelRelief.Test.dll" adapterTypeName="executor://xunit/VsTestRunner2/netcoreapp" className="ModelRelief.Test.Integration.DepthBuffers.DepthBuffersFileIntegrationTests" name="PostFile_NewFileCanBePosted" /></UnitTest><UnitTest name="PutFile_NewFileCanBePut" storage="d:\users\steve knipmeyer\documents\github\modelrelief\modelrelief.test\bin\debug\netcoreapp2.0\modelrelief.test.dll" id="4eeda80b-c932-4abf-94c5-25754bdd70d5"><Execution id="8383f9b3-f343-45fc-8e23-c11d36faee46" /><TestMethod codeBase="D:\Users\Steve Knipmeyer\Documents\GitHub\ModelRelief\ModelRelief.test\bin\Debug\netcoreapp2.0\ModelRelief.Test.dll" adapterTypeName="executor://xunit/VsTestRunner2/netcoreapp" className="ModelRelief.Test.Integration.Meshes.MeshesFileIntegrationTests" name="PutFile_NewFileCanBePut" /></UnitTest><UnitTest name="Patch_MultipleInvalidReferencePropertiesReturnsMultipleValidationErrorsAndBadRequest" storage="d:\users\steve knipmeyer\documents\github\modelrelief\modelrelief.test\bin\debug\netcoreapp2.0\modelrelief.test.dll" id="f1399f0b-112b-4751-ab70-ba518430cfb8"><Execution id="5f19d204-d461-4392-a96f-23f1d31846d3" /><TestMethod codeBase="D:\Users\Steve Knipmeyer\Documents\GitHub\ModelRelief\ModelRelief.test\bin\Debug\netcoreapp2.0\ModelRelief.Test.dll" adapterTypeName="executor://xunit/VsTestRunner2/netcoreapp" className="ModelRelief.Test.Integration.MeshTransforms.MeshTransformsBaseIntegrationTests" name="Patch_MultipleInvalidReferencePropertiesReturnsMultipleValidationErrorsAndBadRequest" /></UnitTest><UnitTest name="GetFile_NonExistentFileReturnsNotFound" storage="d:\users\steve knipmeyer\documents\github\modelrelief\modelrelief.test\bin\debug\netcoreapp2.0\modelrelief.test.dll" id="6457eb08-e86b-48d6-ba2b-dcfef344fcb0"><Execution id="c3fcea5d-279e-4c08-be07-0a36b3766fb1" /><TestMethod codeBase="D:\Users\Steve Knipmeyer\Documents\GitHub\ModelRelief\ModelRelief.test\bin\Debug\netcoreapp2.0\ModelRelief.Test.dll" adapterTypeName="executor://xunit/VsTestRunner2/netcoreapp" className="ModelRelief.Test.Integration.Meshes.MeshesFileIntegrationTests" name="GetFile_NonExistentFileReturnsNotFound" /></UnitTest><UnitTest name="Post_CanCreateNewModel" storage="d:\users\steve knipmeyer\documents\github\modelrelief\modelrelief.test\bin\debug\netcoreapp2.0\modelrelief.test.dll" id="be10f11a-a4f6-466f-a9f0-0463dbb46fe2"><Execution id="40287fbf-baa4-426c-9793-29e4dc42cc3d" /><TestMethod codeBase="D:\Users\Steve Knipmeyer\Documents\GitHub\ModelRelief\ModelRelief.test\bin\Debug\netcoreapp2.0\ModelRelief.Test.dll" adapterTypeName="executor://xunit/VsTestRunner2/netcoreapp" className="ModelRelief.Test.Integration.Meshes.MeshesBaseIntegrationTests" name="Post_CanCreateNewModel" /></UnitTest><UnitTest name="Patch_TargetPropertyIsUpdated" storage="d:\users\steve knipmeyer\documents\github\modelrelief\modelrelief.test\bin\debug\netcoreapp2.0\modelrelief.test.dll" id="99d935f8-1b24-4e22-8369-ac24cdf9858b"><Execution id="c2a37cc7-4581-4607-a6ed-940e8d820060" /><TestMethod codeBase="D:\Users\Steve Knipmeyer\Documents\GitHub\ModelRelief\ModelRelief.test\bin\Debug\netcoreapp2.0\ModelRelief.Test.dll" adapterTypeName="executor://xunit/VsTestRunner2/netcoreapp" className="ModelRelief.Test.Integration.Cameras.CamerasBaseIntegrationTests" name="Patch_TargetPropertyIsUpdated" /></UnitTest><UnitTest name="Delete_TargetModelIsDeleted" storage="d:\users\steve knipmeyer\documents\github\modelrelief\modelrelief.test\bin\debug\netcoreapp2.0\modelrelief.test.dll" id="09a08f7b-2ab5-41c0-96e6-66156c21b990"><Execution id="60a392da-42fe-4e3d-8228-570846ca0d81" /><TestMethod codeBase="D:\Users\Steve Knipmeyer\Documents\GitHub\ModelRelief\ModelRelief.test\bin\Debug\netcoreapp2.0\ModelRelief.Test.dll" adapterTypeName="executor://xunit/VsTestRunner2/netcoreapp" className="ModelRelief.Test.Integration.Projects.ProjectsBaseIntegrationTests" name="Delete_TargetModelIsDeleted" /></UnitTest><UnitTest name="Delete_TargetModelIsDeleted" storage="d:\users\steve knipmeyer\documents\github\modelrelief\modelrelief.test\bin\debug\netcoreapp2.0\modelrelief.test.dll" id="3c20c6f0-3dc8-435b-9212-58e9ff906111"><Execution id="c08abb67-0358-47ec-87a7-72aea7c38ba7" /><TestMethod codeBase="D:\Users\Steve Knipmeyer\Documents\GitHub\ModelRelief\ModelRelief.test\bin\Debug\netcoreapp2.0\ModelRelief.Test.dll" adapterTypeName="executor://xunit/VsTestRunner2/netcoreapp" className="ModelRelief.Test.Integration.DepthBuffers.DepthBuffersBaseIntegrationTests" name="Delete_TargetModelIsDeleted" /></UnitTest><UnitTest name="Put_ValidReferencePropertyUpdatesModel" storage="d:\users\steve knipmeyer\documents\github\modelrelief\modelrelief.test\bin\debug\netcoreapp2.0\modelrelief.test.dll" id="0357fdb9-b43b-4431-93ad-f0f9d3e184af"><Execution id="31803e28-6ad4-4e91-8892-61328ba625e5" /><TestMethod codeBase="D:\Users\Steve Knipmeyer\Documents\GitHub\ModelRelief\ModelRelief.test\bin\Debug\netcoreapp2.0\ModelRelief.Test.dll" adapterTypeName="executor://xunit/VsTestRunner2/netcoreapp" className="ModelRelief.Test.Integration.Models.ModelsBaseIntegrationTests" name="Put_ValidReferencePropertyUpdatesModel" /></UnitTest><UnitTest name="Patch_InvalidEnumPropertyValueReturnsBadRequest" storage="d:\users\steve knipmeyer\documents\github\modelrelief\modelrelief.test\bin\debug\netcoreapp2.0\modelrelief.test.dll" id="3058a578-afe1-4f16-b698-0fecd78a5b3e"><Execution id="3c385898-077a-488d-8e2f-1395406a8098" /><TestMethod codeBase="D:\Users\Steve Knipmeyer\Documents\GitHub\ModelRelief\ModelRelief.test\bin\Debug\netcoreapp2.0\ModelRelief.Test.dll" adapterTypeName="executor://xunit/VsTestRunner2/netcoreapp" className="ModelRelief.Test.Integration.DepthBuffers.DepthBuffersBaseIntegrationTests" name="Patch_InvalidEnumPropertyValueReturnsBadRequest" /></UnitTest><UnitTest name="Put_InvalidReferencePropertyReturndBadRequest" storage="d:\users\steve knipmeyer\documents\github\modelrelief\modelrelief.test\bin\debug\netcoreapp2.0\modelrelief.test.dll" id="396fa849-8b01-4891-ae4a-9d27e5237ac2"><Execution id="0ce2069f-9af8-443f-bf50-308306fd4a39" /><TestMethod codeBase="D:\Users\Steve Knipmeyer\Documents\GitHub\ModelRelief\ModelRelief.test\bin\Debug\netcoreapp2.0\ModelRelief.Test.dll" adapterTypeName="executor://xunit/VsTestRunner2/netcoreapp" className="ModelRelief.Test.Integration.MeshTransforms.MeshTransformsBaseIntegrationTests" name="Put_InvalidReferencePropertyReturndBadRequest" /></UnitTest></TestDefinitions><TestEntries><TestEntry testId="d067f01b-7240-492f-9871-3af7d5d5c4fe" executionId="5b966951-1364-43c1-8c0e-3cf099ff6752" testListId="8c84fa94-04c1-424b-9868-57a2d4851a1d" /><TestEntry testId="dbcf5f66-4b39-46a5-bf1a-627858326f21" executionId="4f1bf712-3b38-4eae-bc51-3c0f334d9622" testListId="8c84fa94-04c1-424b-9868-57a2d4851a1d" /><TestEntry testId="2f0a3f20-cb6e-4e06-bb1c-7f67e4f596ff" executionId="8abd3476-eeba-4e42-aedf-271820f3e7de" testListId="8c84fa94-04c1-424b-9868-57a2d4851a1d" /><TestEntry testId="0385aaf3-7829-429b-858b-a33ed6ed6992" executionId="c67a1e5d-a7b5-49b8-93c5-fce3a8d7048a" testListId="8c84fa94-04c1-424b-9868-57a2d4851a1d" /><TestEntry testId="5c4dc6cc-45a9-463e-99d1-8e6132b12d3c" executionId="4c08c353-da66-4776-92ff-2d26581c3795" testListId="8c84fa94-04c1-424b-9868-57a2d4851a1d" /><TestEntry testId="b787c0f5-ad7d-446d-9307-372439e3949c" executionId="f5f014f6-f7bd-4fa3-88fe-869073459969" testListId="8c84fa94-04c1-424b-9868-57a2d4851a1d" /><TestEntry testId="8a2621f9-0b36-4b17-a862-d236e3b644ed" executionId="323aa6d9-eda8-4eb9-abfc-1186f47ca727" testListId="8c84fa94-04c1-424b-9868-57a2d4851a1d" /><TestEntry testId="aaa9502e-a0af-46e3-ac0c-147904aef0d8" executionId="a13ff137-e512-49bf-a246-2dce9b6eff95" testListId="8c84fa94-04c1-424b-9868-57a2d4851a1d" /><TestEntry testId="37fea140-f6d2-4cfc-a4e2-e8737a764b18" executionId="94576cb6-6842-4e82-a9b3-4bba127dd365" testListId="8c84fa94-04c1-424b-9868-57a2d4851a1d" /><TestEntry testId="1c33d9ca-ac49-49e8-846a-fe3b203ec9b3" executionId="bb30376d-a8fe-437b-b9b2-7a717d976beb" testListId="8c84fa94-04c1-424b-9868-57a2d4851a1d" /><TestEntry testId="f8437ab3-fcc8-40db-885c-503f7405ad6a" executionId="fb530dd8-fb84-43bc-8f35-8c4fff141f93" testListId="8c84fa94-04c1-424b-9868-57a2d4851a1d" /><TestEntry testId="890d51e7-80a5-4a09-9d1f-4e49bd90e547" executionId="69b53641-2889-4d7b-8b2c-25aff7ae2347" testListId="8c84fa94-04c1-424b-9868-57a2d4851a1d" /><TestEntry testId="de1b598f-86f4-427e-ab80-67da6d28326a" executionId="86be3a52-c351-42e5-aa4a-2f8cd0352963" testListId="8c84fa94-04c1-424b-9868-57a2d4851a1d" /><TestEntry testId="8f7ae050-ecc1-4581-b33a-e69ba0c4252b" executionId="7f3096d9-a96d-4bda-b85c-22152104cf78" testListId="8c84fa94-04c1-424b-9868-57a2d4851a1d" /><TestEntry testId="3bb715dc-ee72-4721-b8eb-85b2d9a2985e" executionId="717d7f57-3131-423d-9a7d-55fb5bdcfc46" testListId="8c84fa94-04c1-424b-9868-57a2d4851a1d" /><TestEntry testId="e6c47742-9d72-4369-8d67-6aab9fe1b37d" executionId="811aca8f-7145-48bd-97ee-51b9ca10ec88" testListId="8c84fa94-04c1-424b-9868-57a2d4851a1d" /><TestEntry testId="3c2e1e37-87ed-4352-b245-1390bf82e751" executionId="0aa45ab6-ab70-4efb-8a4c-944f8c6b6282" testListId="8c84fa94-04c1-424b-9868-57a2d4851a1d" /><TestEntry testId="6a4f4e1d-2b2d-4925-ac05-8355c9fa5cb7" executionId="90bf961c-a18e-4ad4-b8e7-966c08a714d0" testListId="8c84fa94-04c1-424b-9868-57a2d4851a1d" /><TestEntry testId="8e583f2c-c832-43f9-bec7-da115d5eb310" executionId="8a90506c-dd34-4b84-8de5-fff8a42568fa" testListId="8c84fa94-04c1-424b-9868-57a2d4851a1d" /><TestEntry testId="44e1c880-80e7-464b-8300-b0d7b275e83e" executionId="bc92840a-6abd-43a1-8623-b53dea40fe5b" testListId="8c84fa94-04c1-424b-9868-57a2d4851a1d" /><TestEntry testId="da84ff96-3278-4a50-8fa8-8f378682fc4f" executionId="73dda85a-47de-48a7-b447-5aed8e22b7ca" testListId="8c84fa94-04c1-424b-9868-57a2d4851a1d" /><TestEntry testId="4a977633-7b8c-4953-a15a-8cd9a1ee6608" executionId="fbabc354-2fa7-41c5-8757-a9e67308ac71" testListId="8c84fa94-04c1-424b-9868-57a2d4851a1d" /><TestEntry testId="8bff578d-8cdb-442c-aba6-03537012c343" executionId="37211605-44ed-4af5-9eae-7a7160e5e310" testListId="8c84fa94-04c1-424b-9868-57a2d4851a1d" /><TestEntry testId="7f57d769-a0a7-4bb7-b866-aed48f91a22a" executionId="bba95429-53e6-4009-b8b2-ff5513cacb72" testListId="8c84fa94-04c1-424b-9868-57a2d4851a1d" /><TestEntry testId="63ed062e-9496-408c-a566-7e30d18f696b" executionId="fd16b9b3-6cbf-4db4-8593-a39dacd32632" testListId="8c84fa94-04c1-424b-9868-57a2d4851a1d" /><TestEntry testId="941f9d79-1ad6-437d-8a32-d8bd35384138" executionId="d1c81250-71c5-4a0c-8d12-29b5447c651d" testListId="8c84fa94-04c1-424b-9868-57a2d4851a1d" /><TestEntry testId="4c0b6899-f6c1-40d6-9583-0ab939c488c5" executionId="1f63364a-b016-4547-9346-b91b89e428df" testListId="8c84fa94-04c1-424b-9868-57a2d4851a1d" /><TestEntry testId="9fdf6375-e99e-43e6-9b99-8f91eac6e2d6" executionId="380946f4-d03c-423d-8ea4-db29d2e2bda7" testListId="8c84fa94-04c1-424b-9868-57a2d4851a1d" /><TestEntry testId="36eb8e15-9283-4770-a7f4-87386a6c4be4" executionId="4e48f816-e613-43fb-86ff-e2ad365957f2" testListId="8c84fa94-04c1-424b-9868-57a2d4851a1d" /><TestEntry testId="9f902a2d-b756-47b1-9c8e-0ed26221bcf6" executionId="2a43edd4-eafb-48d7-a427-f8b573dfff83" testListId="8c84fa94-04c1-424b-9868-57a2d4851a1d" /><TestEntry testId="606e7bef-cdee-4cfe-83f8-4c2b48486abe" executionId="928ec724-1bd7-4d36-a885-fc849f027501" testListId="8c84fa94-04c1-424b-9868-57a2d4851a1d" /><TestEntry testId="52a9cbcc-666c-4ee9-ae65-e0df7c9653b5" executionId="778fcb20-f778-4d50-a5e2-b682ace31a99" testListId="8c84fa94-04c1-424b-9868-57a2d4851a1d" /><TestEntry testId="7be4e908-ff85-4433-a41e-6c708f1945ef" executionId="6b6221ce-c70d-4545-b793-dfcc08330b1d" testListId="8c84fa94-04c1-424b-9868-57a2d4851a1d" /><TestEntry testId="ca6c5fc2-04c3-45f6-974e-4067648fe1de" executionId="4c9709fa-730e-4638-9ee3-67d1acf59e36" testListId="8c84fa94-04c1-424b-9868-57a2d4851a1d" /><TestEntry testId="2f2a8a6a-a3ff-4190-a8a1-94a602f15469" executionId="a8b43595-e015-4a64-8142-eabdab7c8a7a" testListId="8c84fa94-04c1-424b-9868-57a2d4851a1d" /><TestEntry testId="0de6c01e-0cfc-4356-8e48-394237767cc0" executionId="0b46a4bf-b014-47fd-ad97-ce969d46ba24" testListId="8c84fa94-04c1-424b-9868-57a2d4851a1d" /><TestEntry testId="a2c58d14-2fad-4526-99db-f50ad05888ff" executionId="735ecb3b-7b54-4170-827e-eafe288ac8c1" testListId="8c84fa94-04c1-424b-9868-57a2d4851a1d" /><TestEntry testId="834cb3c1-f245-44bc-be90-0aa88bb1f9ef" executionId="2a588fec-21b0-4943-9ff9-dc2e2505337e" testListId="8c84fa94-04c1-424b-9868-57a2d4851a1d" /><TestEntry testId="e5876801-a57f-4bbc-845c-1e343b32ca37" executionId="092fc0d1-8185-4f04-9bc7-a1a72b2e2c15" testListId="8c84fa94-04c1-424b-9868-57a2d4851a1d" /><TestEntry testId="8cb1b858-c5a7-4cd3-836e-797c7d3a5c0b" executionId="4a54a1ab-baf7-4c62-a922-fb1a9cecfae9" testListId="8c84fa94-04c1-424b-9868-57a2d4851a1d" /><TestEntry testId="0e3e979a-a097-40e8-9197-d392f13dbd94" executionId="ad6fb287-5a12-4855-9425-e427cfe25c93" testListId="8c84fa94-04c1-424b-9868-57a2d4851a1d" /><TestEntry testId="548e5900-11df-451b-aa86-e9cba591d6ef" executionId="c1a6a349-f11c-4240-bedd-75e145d55070" testListId="8c84fa94-04c1-424b-9868-57a2d4851a1d" /><TestEntry testId="3d28e5c5-d102-41d6-bd47-a14852433aa0" executionId="e60b8516-1a21-49ce-9de0-29bfcd44c8dc" testListId="8c84fa94-04c1-424b-9868-57a2d4851a1d" /><TestEntry testId="a0f71bf1-b4a8-4311-82f8-fd6b33e85f44" executionId="cfd382df-b7e5-45af-8624-999a97e49d7d" testListId="8c84fa94-04c1-424b-9868-57a2d4851a1d" /><TestEntry testId="d13bc089-90a1-4ba1-a5cf-30a82c61ca77" executionId="91d1d067-1bc7-4f5f-abef-0a2b9469c16e" testListId="8c84fa94-04c1-424b-9868-57a2d4851a1d" /><TestEntry testId="60a027a8-ccf9-4a2f-86ea-3299c6461401" executionId="313a3c82-3ba6-4ec3-bd88-7a8ec2542818" testListId="8c84fa94-04c1-424b-9868-57a2d4851a1d" /><TestEntry testId="7c782978-45b3-4250-ac02-b07a749c45e4" executionId="b30ac9b0-5d62-49ed-b77c-39248673f4f0" testListId="8c84fa94-04c1-424b-9868-57a2d4851a1d" /><TestEntry testId="5aad3846-9747-4161-b40f-35c9927ab745" executionId="b36d459c-44ff-4d09-ae6a-3347d8a43cbd" testListId="8c84fa94-04c1-424b-9868-57a2d4851a1d" /><TestEntry testId="3c20c6f0-3dc8-435b-9212-58e9ff906111" executionId="c08abb67-0358-47ec-87a7-72aea7c38ba7" testListId="8c84fa94-04c1-424b-9868-57a2d4851a1d" /><TestEntry testId="d1a92d2a-80e2-4852-8c9d-ff6ac184ac2e" executionId="86f77978-f4d9-42c1-b3a9-9b3645155d6f" testListId="8c84fa94-04c1-424b-9868-57a2d4851a1d" /><TestEntry testId="61226494-458b-4c18-8eac-ca4412c1fdc7" executionId="113b782f-3e1d-4e47-9b69-3d1994637f7a" testListId="8c84fa94-04c1-424b-9868-57a2d4851a1d" /><TestEntry testId="4eeda80b-c932-4abf-94c5-25754bdd70d5" executionId="8383f9b3-f343-45fc-8e23-c11d36faee46" testListId="8c84fa94-04c1-424b-9868-57a2d4851a1d" /><TestEntry testId="7f3ca25e-83b4-4cd2-ae16-154a3137cc37" executionId="803fa2a8-fa23-488f-b597-519154eb1fad" testListId="8c84fa94-04c1-424b-9868-57a2d4851a1d" /><TestEntry testId="2e40afce-1ea3-4a11-948f-5ad14b8d66ef" executionId="8c4d245e-4ab7-4591-9311-0fde5f9d3356" testListId="8c84fa94-04c1-424b-9868-57a2d4851a1d" /><TestEntry testId="1c761c49-367c-4922-959f-dd092a684334" executionId="564ec815-ffca-4c83-a295-bb860ba32f28" testListId="8c84fa94-04c1-424b-9868-57a2d4851a1d" /><TestEntry testId="de015bb8-3f1f-4850-9119-eb20d1b4589d" executionId="7f5997b1-85ec-443d-97c4-85da4bcd603c" testListId="8c84fa94-04c1-424b-9868-57a2d4851a1d" /><TestEntry testId="2c2cfe99-599e-4ea5-b06d-18bd039c60a2" executionId="83f2d0f9-4fb0-4d8c-babb-021ca8be983c" testListId="8c84fa94-04c1-424b-9868-57a2d4851a1d" /><TestEntry testId="5df06534-4895-4a53-8bd2-348295131124" executionId="7168d7fa-9775-437c-b410-2bdeebd13005" testListId="8c84fa94-04c1-424b-9868-57a2d4851a1d" /><TestEntry testId="94ff1ba1-9306-4272-8a4f-96833892c94c" executionId="b7fe02af-46c6-4b28-ac8d-c73a3ee4b1df" testListId="8c84fa94-04c1-424b-9868-57a2d4851a1d" /><TestEntry testId="7a947cf5-0c21-4e2d-9a20-9499d56b7290" executionId="32bd073f-fdb3-4f55-81c6-eb76a740c3c0" testListId="8c84fa94-04c1-424b-9868-57a2d4851a1d" /><TestEntry testId="e4c25fdb-2b85-47fb-9d17-4c435500a69d" executionId="c84f998c-9834-4b26-9088-5270d5705807" testListId="8c84fa94-04c1-424b-9868-57a2d4851a1d" /><TestEntry testId="f51fcb2d-e7dd-402f-90f5-0c739e877fce" executionId="aba0a52f-543b-4446-b1ae-4944d3714b15" testListId="8c84fa94-04c1-424b-9868-57a2d4851a1d" /><TestEntry testId="f66c572c-c0be-439f-8162-7be5e539beb0" executionId="36054d3d-d1b5-4f20-a3d0-758b6c73e52e" testListId="8c84fa94-04c1-424b-9868-57a2d4851a1d" /><TestEntry testId="b4a93b96-40f9-4b2a-addc-ce9803f21531" executionId="a69b5e02-9b8f-4ce4-a394-48428e1d49c3" testListId="8c84fa94-04c1-424b-9868-57a2d4851a1d" /><TestEntry testId="81deff84-c1a1-494e-ab81-a4a846d64760" executionId="e5d15eb3-fc82-4172-9e3a-bae84ac422d0" testListId="8c84fa94-04c1-424b-9868-57a2d4851a1d" /><TestEntry testId="92c4d435-57d9-4c6a-a446-e5cc2b50b5ce" executionId="9ce7a348-15a9-45a0-9a03-1ff93285d5f5" testListId="8c84fa94-04c1-424b-9868-57a2d4851a1d" /><TestEntry testId="447e148a-ae3b-4b73-806a-72d6218bc50d" executionId="7a7455f0-5026-4026-9302-2261cf00d491" testListId="8c84fa94-04c1-424b-9868-57a2d4851a1d" /><TestEntry testId="b1ee4299-d5e8-4012-8f3b-fcce2948ead1" executionId="3c55209f-066c-43ed-89b2-14d5116f48fe" testListId="8c84fa94-04c1-424b-9868-57a2d4851a1d" /><TestEntry testId="9452e053-b8ea-4a23-be08-94b91cc8aa98" executionId="342a8ff8-df33-417d-a3d9-73195ede7f62" testListId="8c84fa94-04c1-424b-9868-57a2d4851a1d" /><TestEntry testId="6e74d7f4-4f8e-43a8-9c23-59b182327a7e" executionId="cba9b06d-5847-4cb9-af40-1de3306ede5e" testListId="8c84fa94-04c1-424b-9868-57a2d4851a1d" /><TestEntry testId="b5a8371e-0ce2-4ea5-b74b-d32588e764c0" executionId="76dc288e-1287-4155-bea6-e7552b4249de" testListId="8c84fa94-04c1-424b-9868-57a2d4851a1d" /><TestEntry testId="15bb1854-7f43-47a3-a340-69087a948bc1" executionId="c72a1a95-da70-43e8-aac7-1229393f34af" testListId="8c84fa94-04c1-424b-9868-57a2d4851a1d" /><TestEntry testId="8371fb31-b6e8-40d8-96a1-8e43dbe26d2a" executionId="b496a4d4-0f1c-4601-aac0-0d83be3615e4" testListId="8c84fa94-04c1-424b-9868-57a2d4851a1d" /><TestEntry testId="ff7a30b1-ce21-46ad-baac-b0084e2400f5" executionId="86f77f58-071e-4018-ace4-a701d785f8b2" testListId="8c84fa94-04c1-424b-9868-57a2d4851a1d" /><TestEntry testId="34dc50a0-c013-46d6-a846-620fcf1715a5" executionId="767cb617-166b-4463-aa26-4000ee1fd2f1" testListId="8c84fa94-04c1-424b-9868-57a2d4851a1d" /><TestEntry testId="6fe672e7-a702-467b-a0ee-e7a405c72580" executionId="7cf39224-26b6-4191-bf42-97755e81f762" testListId="8c84fa94-04c1-424b-9868-57a2d4851a1d" /><TestEntry testId="0e22405c-c6c3-4554-891c-c02c1936cf8a" executionId="94db65c3-28b1-4036-a24b-7e863a156a80" testListId="8c84fa94-04c1-424b-9868-57a2d4851a1d" /><TestEntry testId="b6d4a3f3-742a-4a6d-b7a0-6b45a09d37a8" executionId="738a627e-2f7e-4fa4-9f7a-c8628d656a2e" testListId="8c84fa94-04c1-424b-9868-57a2d4851a1d" /><TestEntry testId="fbf9039e-5a2a-4321-acb6-57ee80e8a02d" executionId="f12c8556-83d5-4915-b339-8c5874bb9d6b" testListId="8c84fa94-04c1-424b-9868-57a2d4851a1d" /><TestEntry testId="26018a56-8dd7-4c3b-8b6c-d7b601234ad9" executionId="a21871e8-a751-4a9d-a76c-94d13a5c6de5" testListId="8c84fa94-04c1-424b-9868-57a2d4851a1d" /><TestEntry testId="ae00939a-a1bb-4cb8-8c43-8095a60d73f0" executionId="8924a512-c870-46e7-9e0f-fba1abd263f3" testListId="8c84fa94-04c1-424b-9868-57a2d4851a1d" /><TestEntry testId="0357fdb9-b43b-4431-93ad-f0f9d3e184af" executionId="31803e28-6ad4-4e91-8892-61328ba625e5" testListId="8c84fa94-04c1-424b-9868-57a2d4851a1d" /><TestEntry testId="42e60144-40de-4f06-9aa3-2557a4570538" executionId="9da10fa9-5272-49bd-82d3-ab0cb33183d7" testListId="8c84fa94-04c1-424b-9868-57a2d4851a1d" /><TestEntry testId="2d898184-d3ad-4e2f-868c-eee229375a84" executionId="a23cb9ae-c1c0-45c2-a503-3faa1ff989e6" testListId="8c84fa94-04c1-424b-9868-57a2d4851a1d" /><TestEntry testId="8eb58350-d7de-4598-a405-fe772217a151" executionId="4c368fa7-bcf5-4842-9bd9-917e11a42396" testListId="8c84fa94-04c1-424b-9868-57a2d4851a1d" /><TestEntry testId="7abc5ef0-e81c-43d6-87d2-c288c4f9fd14" executionId="680c17a6-0b0c-49e5-8813-7240c56fdd43" testListId="8c84fa94-04c1-424b-9868-57a2d4851a1d" /><TestEntry testId="0710a24b-9287-44a8-b36f-0dcef38ab5d6" executionId="f655a98a-c6f2-4fda-af69-604b6f154c48" testListId="8c84fa94-04c1-424b-9868-57a2d4851a1d" /><TestEntry testId="1b140816-595e-43d7-891d-456b88d62257" executionId="7a1f6139-3164-49b2-b929-ce5517980126" testListId="8c84fa94-04c1-424b-9868-57a2d4851a1d" /><TestEntry testId="f5809fda-346b-41e4-a76c-01d825c33147" executionId="df231582-9cb6-410d-8c67-aa5c420d219d" testListId="8c84fa94-04c1-424b-9868-57a2d4851a1d" /><TestEntry testId="2871cc48-6d51-48e8-8856-55c454883f5d" executionId="8169c21d-e893-4321-acb3-1f00f1058d05" testListId="8c84fa94-04c1-424b-9868-57a2d4851a1d" /><TestEntry testId="09287abf-ac18-4b80-9b4a-8053262ca3df" executionId="374dc750-716d-4b1c-b1a4-d1dc721a1f7a" testListId="8c84fa94-04c1-424b-9868-57a2d4851a1d" /><TestEntry testId="f1399f0b-112b-4751-ab70-ba518430cfb8" executionId="5f19d204-d461-4392-a96f-23f1d31846d3" testListId="8c84fa94-04c1-424b-9868-57a2d4851a1d" /><TestEntry testId="b4755352-32b6-4188-973e-57b1ce705314" executionId="8694facd-df8f-4963-9c66-32569a2d25c1" testListId="8c84fa94-04c1-424b-9868-57a2d4851a1d" /><TestEntry testId="0c9ade45-6755-47d1-aa51-2be70f22da7f" executionId="500c8b9f-242c-4d29-9f9d-93fc0f5dd432" testListId="8c84fa94-04c1-424b-9868-57a2d4851a1d" /><TestEntry testId="9031c8bf-8cd3-4b70-a01f-fff4562fe944" executionId="2815a82d-0f79-4871-ae40-85c5f4e755f3" testListId="8c84fa94-04c1-424b-9868-57a2d4851a1d" /><TestEntry testId="73e72504-c9e3-4769-aaee-97b170b838eb" executionId="da9be133-5c69-465a-a999-3421b5d29276" testListId="8c84fa94-04c1-424b-9868-57a2d4851a1d" /><TestEntry testId="3bf30bf0-211c-4bb6-b5aa-3390267d8ec5" executionId="2d6ad370-9461-4fb9-b763-1a6ce8d2c290" testListId="8c84fa94-04c1-424b-9868-57a2d4851a1d" /><TestEntry testId="07cefbb5-f00e-4dff-8016-f028a2b75068" executionId="fa74fe5d-6fba-4f0f-8b59-d4450e361f63" testListId="8c84fa94-04c1-424b-9868-57a2d4851a1d" /><TestEntry testId="e4aef673-2b81-4c47-a0cd-baec70f28d96" executionId="dc02758b-5f93-4cdd-b377-57385767964b" testListId="8c84fa94-04c1-424b-9868-57a2d4851a1d" /><TestEntry testId="888bf5d2-48f6-4f95-b667-344fc87881b1" executionId="46fb281c-fb7b-4f9c-871e-fb5b4758040f" testListId="8c84fa94-04c1-424b-9868-57a2d4851a1d" /><TestEntry testId="6457eb08-e86b-48d6-ba2b-dcfef344fcb0" executionId="c3fcea5d-279e-4c08-be07-0a36b3766fb1" testListId="8c84fa94-04c1-424b-9868-57a2d4851a1d" /><TestEntry testId="b9c28fc4-b0d8-4b11-8e56-952d9c1524ae" executionId="651842d9-2181-434d-bd2c-e0049f68b602" testListId="8c84fa94-04c1-424b-9868-57a2d4851a1d" /><TestEntry testId="ce9a694a-b156-4185-848d-4615c5d5d727" executionId="07331389-3a64-45e4-a06e-0057cb6c2839" testListId="8c84fa94-04c1-424b-9868-57a2d4851a1d" /><TestEntry testId="91153149-5bd6-4273-bde5-412a393afd9a" executionId="344509a8-5aa3-4f4b-9af8-fdbe47b5e740" testListId="8c84fa94-04c1-424b-9868-57a2d4851a1d" /><TestEntry testId="92b440e6-9006-489e-889e-133e3bafb940" executionId="323c02c2-f54a-4112-911c-e34913d8d35e" testListId="8c84fa94-04c1-424b-9868-57a2d4851a1d" /><TestEntry testId="a5c6d6bf-2736-4ffa-9b96-4a195938471d" executionId="6fbe6f77-de80-4ff1-9f84-18db2f5f904e" testListId="8c84fa94-04c1-424b-9868-57a2d4851a1d" /><TestEntry testId="21261a4a-00b1-4bbb-917b-f056adb1ef85" executionId="4b4c8667-b82f-4da6-a9f9-d85a758c52ee" testListId="8c84fa94-04c1-424b-9868-57a2d4851a1d" /><TestEntry testId="3058a578-afe1-4f16-b698-0fecd78a5b3e" executionId="3c385898-077a-488d-8e2f-1395406a8098" testListId="8c84fa94-04c1-424b-9868-57a2d4851a1d" /><TestEntry testId="fc7e46c7-9226-4e86-989a-f6d68566d7bc" executionId="5d52b957-20e7-440c-a859-808bd6b7bc25" testListId="8c84fa94-04c1-424b-9868-57a2d4851a1d" /><TestEntry testId="5bf6bedb-6de8-4ac2-b47b-7d33003849ae" executionId="dcede9f4-67a8-43ec-86d2-0d1a03723c75" testListId="8c84fa94-04c1-424b-9868-57a2d4851a1d" /><TestEntry testId="cd2a93ed-4a92-4a97-a0c7-fcb028fb4477" executionId="8f66c009-102c-41ed-89bb-b324cf048f42" testListId="8c84fa94-04c1-424b-9868-57a2d4851a1d" /><TestEntry testId="03c3389f-f75a-42f5-8375-8741618bbff2" executionId="35ba43a5-3ca4-49c8-b69d-6847225b75b9" testListId="8c84fa94-04c1-424b-9868-57a2d4851a1d" /><TestEntry testId="9d57a3f1-8b96-44bd-85e7-59c7cf119d32" executionId="7f5a1110-deef-42d6-a902-4dbdd31126eb" testListId="8c84fa94-04c1-424b-9868-57a2d4851a1d" /><TestEntry testId="999640dd-fc68-4d48-88b0-a1d5ab905ef2" executionId="bd1278f8-eda2-45a9-b293-8a743c357c92" testListId="8c84fa94-04c1-424b-9868-57a2d4851a1d" /><TestEntry testId="b441f8c4-1656-4898-821f-c4c337c6c325" executionId="2a86c798-9b06-4f1b-9f40-c450ebf2a411" testListId="8c84fa94-04c1-424b-9868-57a2d4851a1d" /><TestEntry testId="07875db7-9cfb-40d7-96fb-6bb47d3068cb" executionId="517a790f-ced8-46d7-b64f-993062d8f3d2" testListId="8c84fa94-04c1-424b-9868-57a2d4851a1d" /><TestEntry testId="e2993246-5a31-42a9-8f64-224aa0edf500" executionId="4bb5d734-2828-4219-9d73-ea96fedb0c89" testListId="8c84fa94-04c1-424b-9868-57a2d4851a1d" /><TestEntry testId="c8b9f06a-5901-4995-847a-74988c1c5cd0" executionId="3460adbf-4e03-4ed5-af73-5fc462e26719" testListId="8c84fa94-04c1-424b-9868-57a2d4851a1d" /><TestEntry testId="38543c9f-141f-479b-8b80-4e4e69eb208e" executionId="609f1f27-ebfc-4e51-b8e8-bd4b7a86a7c2" testListId="8c84fa94-04c1-424b-9868-57a2d4851a1d" /><TestEntry testId="c12da431-60c5-4057-88ed-bace498f9e16" executionId="a3d305b9-34f6-42b1-aa44-5a4cdc173da5" testListId="8c84fa94-04c1-424b-9868-57a2d4851a1d" /><TestEntry testId="6001cbc7-5197-4f75-8377-608aae087528" executionId="e4606cb4-850a-4830-8465-141c9f82720f" testListId="8c84fa94-04c1-424b-9868-57a2d4851a1d" /><TestEntry testId="d35825f7-02b9-44cb-bc6a-e1bca96c01ac" executionId="318402fc-2a35-4686-9a01-07562deb82b5" testListId="8c84fa94-04c1-424b-9868-57a2d4851a1d" /><TestEntry testId="197d37f8-ebe7-4f42-9d01-dd29e1767368" executionId="4628837d-410e-44b5-9b26-c83571cebd07" testListId="8c84fa94-04c1-424b-9868-57a2d4851a1d" /><TestEntry testId="be10f11a-a4f6-466f-a9f0-0463dbb46fe2" executionId="40287fbf-baa4-426c-9793-29e4dc42cc3d" testListId="8c84fa94-04c1-424b-9868-57a2d4851a1d" /><TestEntry testId="09a08f7b-2ab5-41c0-96e6-66156c21b990" executionId="60a392da-42fe-4e3d-8228-570846ca0d81" testListId="8c84fa94-04c1-424b-9868-57a2d4851a1d" /><TestEntry testId="b93737aa-ef24-47c1-8574-ffb7867fcfe3" executionId="e3b5dccf-3a46-4e94-bb57-14bee2f79c61" testListId="8c84fa94-04c1-424b-9868-57a2d4851a1d" /><TestEntry testId="0852aeec-50a5-4028-a246-642233c4a49a" executionId="055e5ea7-55da-4ddf-a499-d0428ddfadfb" testListId="8c84fa94-04c1-424b-9868-57a2d4851a1d" /><TestEntry testId="abca81fe-2551-4e7b-9fba-d2ce54bb5f38" executionId="07496575-70d1-4255-a8a8-55e85b27feaf" testListId="8c84fa94-04c1-424b-9868-57a2d4851a1d" /><TestEntry testId="b30e6e39-83c3-4326-b2dd-cf544703d1fe" executionId="a58621ce-83d3-4744-8d9d-9e734ea48f09" testListId="8c84fa94-04c1-424b-9868-57a2d4851a1d" /><TestEntry testId="3e7dc2d9-bacb-4994-b215-07b747803854" executionId="5ad0f991-ab9c-4683-be1a-63c3c23c6c08" testListId="8c84fa94-04c1-424b-9868-57a2d4851a1d" /><TestEntry testId="0cfa0cef-40b7-4063-9d2a-cdbddfbafe96" executionId="78112ab3-1982-4f98-b702-6096c53b4d15" testListId="8c84fa94-04c1-424b-9868-57a2d4851a1d" /><TestEntry testId="243efa45-d3fd-497c-aba8-0efa1cefbe6f" executionId="0a1ac92a-15dd-473e-9233-cc9bfdb10ceb" testListId="8c84fa94-04c1-424b-9868-57a2d4851a1d" /><TestEntry testId="b33cbdba-6e16-4a3b-ab0d-cbec0bfff9d7" executionId="ed11577f-59d9-486b-9d36-2b1f186d9de8" testListId="8c84fa94-04c1-424b-9868-57a2d4851a1d" /><TestEntry testId="cbe2a7fc-7e93-4c24-980c-5f9f4a394c28" executionId="58dd5ecd-c50e-4ec5-b20f-b2f004e227a4" testListId="8c84fa94-04c1-424b-9868-57a2d4851a1d" /><TestEntry testId="c6ebcee8-2405-4bef-bb33-c65cf71620b9" executionId="440cbd57-ba86-4d42-8165-6c604e6294ae" testListId="8c84fa94-04c1-424b-9868-57a2d4851a1d" /><TestEntry testId="99d935f8-1b24-4e22-8369-ac24cdf9858b" executionId="c2a37cc7-4581-4607-a6ed-940e8d820060" testListId="8c84fa94-04c1-424b-9868-57a2d4851a1d" /><TestEntry testId="fbfbf7ba-9e59-4a65-9b0f-288dd8ef1a2f" executionId="8f6ab2b8-8caa-439e-a9d6-38da14d385c3" testListId="8c84fa94-04c1-424b-9868-57a2d4851a1d" /><TestEntry testId="396fa849-8b01-4891-ae4a-9d27e5237ac2" executionId="0ce2069f-9af8-443f-bf50-308306fd4a39" testListId="8c84fa94-04c1-424b-9868-57a2d4851a1d" /><TestEntry testId="0c4471bc-e69a-4071-b73e-b1de2d4ceed4" executionId="dca229e6-8790-4797-9817-41ef8a307ce0" testListId="8c84fa94-04c1-424b-9868-57a2d4851a1d" /><TestEntry testId="cf119adc-2d2a-42b4-994b-6ea5e69149aa" executionId="b85707fa-1178-44d6-9e30-d56da0c5d162" testListId="8c84fa94-04c1-424b-9868-57a2d4851a1d" /><TestEntry testId="161407d9-0268-47c3-9535-2a8e833a6198" executionId="9cebe1cc-5e1f-475f-b897-43a3b5696143" testListId="8c84fa94-04c1-424b-9868-57a2d4851a1d" /><TestEntry testId="1b0a553d-22a7-4b56-b44e-0f9d3b98ead7" executionId="4bfde404-2b59-43e3-a417-a22b672a2c39" testListId="8c84fa94-04c1-424b-9868-57a2d4851a1d" /><TestEntry testId="9f0fde53-a4d6-4188-bfb0-c13d36149185" executionId="7c71fb08-7576-49e8-adc3-dcf886f1b007" testListId="8c84fa94-04c1-424b-9868-57a2d4851a1d" /><TestEntry testId="c7a459c0-d506-4ce4-bf52-7314ff71e305" executionId="1e1907f6-e9b6-4972-9a0e-d6d9da640e79" testListId="8c84fa94-04c1-424b-9868-57a2d4851a1d" /><TestEntry testId="60148ad9-9055-4292-8454-4be99f192a24" executionId="111bd92c-a09e-4e87-9c07-73325c161c0e" testListId="8c84fa94-04c1-424b-9868-57a2d4851a1d" /><TestEntry testId="42d7b73f-373d-4f3a-b143-741887a25848" executionId="43fa1552-9bd5-4236-899a-e4e748698ee6" testListId="8c84fa94-04c1-424b-9868-57a2d4851a1d" /><TestEntry testId="14887c75-5c5e-4a29-8f1c-74dee666f82e" executionId="4ccbae74-861b-4b5e-b149-b01d222d4732" testListId="8c84fa94-04c1-424b-9868-57a2d4851a1d" /><TestEntry testId="50f7cf95-c8f6-4c95-93d7-45f6cc9af9dc" executionId="ace17512-6c6e-4a2b-906d-dd27e2beea49" testListId="8c84fa94-04c1-424b-9868-57a2d4851a1d" /><TestEntry testId="cb9dfea0-a67e-4a6e-b78e-db7ae821d3d6" executionId="16f15161-7789-463b-964c-13b952598830" testListId="8c84fa94-04c1-424b-9868-57a2d4851a1d" /><TestEntry testId="46ff5ba4-e38c-4a3d-b845-92c09a78b9dc" executionId="d349bf32-dee3-491e-b832-61c0949afea0" testListId="8c84fa94-04c1-424b-9868-57a2d4851a1d" /><TestEntry testId="c7e651ad-eca2-49fe-a18d-df82cf10bc6e" executionId="3280a7bf-e6eb-48dc-9da4-0cb8897d5e4f" testListId="8c84fa94-04c1-424b-9868-57a2d4851a1d" /><TestEntry testId="c68888ab-14f2-4ff4-89e7-8544efe86268" executionId="a36cf0ec-ea92-4de4-86c6-1511a7a8ccf0" testListId="8c84fa94-04c1-424b-9868-57a2d4851a1d" /></TestEntries><TestLists><TestList name="Results Not in a List" id="8c84fa94-04c1-424b-9868-57a2d4851a1d" /><TestList name="All Loaded Results" id="19431567-8539-422a-85d7-44ee4e166bda" /></TestLists><ResultSummary outcome="Completed"><Counters total="152" executed="152" passed="152" failed="0" error="0" timeout="0" aborted="0" inconclusive="0" passedButRunAborted="0" notRunnable="0" notExecuted="0" disconnected="0" warning="0" completed="0" inProgress="0" pending="0" /><Output><StdOut>[xUnit.net 00:00:01.1062029]   Discovering: ModelRelief.Test[xUnit.net 00:00:01.2101928]   Discovered:  ModelRelief.Test[xUnit.net 00:00:01.2153286]   Starting:    ModelRelief.Test[xUnit.net 00:00:18.6392714]   Finished:    ModelRelief.Test</StdOut></Output></ResultSummary></TestRun>